2018-01-02 16:37:00,454 - INFO - Beginning execution of phydms in directory /fh/fast/bloom_j/computational_notebooks/skhilton/2017/divergence_timing_manuscript/analysis/HA/branch_lengths

2018-01-02 16:37:00,454 - INFO - Progress is being logged to bootstrap/hybrid_high_0_1_randomized_ExpCM_hybrid_high_0_1_prefs_log.log

2018-01-02 16:37:00,454 - INFO - Version information:
	Time and date: Tue Jan  2 16:36:59 2018
	Platform: Linux-3.13.0-68-generic-x86_64-with-debian-jessie-sid
	Python version: 3.6.0 |Continuum Analytics, Inc.| (default, Dec 23 2016, 12:22:00)  [GCC 4.4.7 20120313 (Red Hat 4.4.7-1)]
	phydms version: 2.2.0
	Bio version: 1.69
	cython version: 0.25.2
	numpy version: 1.13.3
	scipy version: 0.19.0
	matplotlib version: 2.1.0
	natsort version: 5.0.2
	sympy version: 1.0
	six version: 1.11.0
	pandas version: 0.21.0
	pyvolve version: 0.8.4
	statsmodels version: 0.8.0
	weblogolib version: 3.5.0
	PyPDF2 version: 1.26.0

2018-01-02 16:37:00,455 - INFO - Parsed the following arguments:
	alignment = bootstrap/hybrid_high_0_1.fasta
	tree = bootstrap/hybrid_high_0_1_RAxML_tree.newick
	model = ('ExpCM', 'bootstrap/hybrid_high_0_1_prefs.csv')
	outprefix = bootstrap/hybrid_high_0_1_randomized_ExpCM_hybrid_high_0_1_prefs
	brlen = optimize
	gammaomega = False
	gammabeta = False
	omegabysite = False
	omegabysite_fixsyn = False
	diffprefsbysite = False
	diffprefsprior = ('invquadratic', 150.0, 0.5)
	fitphi = False
	randprefs = True
	avgprefs = False
	divpressure = None
	ncpus = 4
	fitprefsmethod = 2
	ncats = 4
	minbrlen = 1e-06
	minpref = 0.002
	seed = 1
	initparams = None
	profile = False
	opt_details = False
	nograd = False

2018-01-02 16:37:00,455 - INFO - Random number seed: 1

2018-01-02 16:37:00,455 - INFO - Reading alignment from bootstrap/hybrid_high_0_1.fasta
2018-01-02 16:37:01,121 - INFO - Read 87 aligned sequences from bootstrap/hybrid_high_0_1.fasta, each consisting of 552 codons.

2018-01-02 16:37:01,121 - INFO - The model will be an ExpCM informed by site-specific amino-acid preferences in bootstrap/hybrid_high_0_1_prefs.csv
2018-01-02 16:37:01,121 - INFO - Preferences will be randomized across sites.
2018-01-02 16:37:02,379 - INFO - Successfully read site-specific amino-acid preferences for all 552 sites.

2018-01-02 16:37:02,382 - INFO - Nucleotide frequency parameters phi will be set so stationary state matches alignment nucleotide frequencies of A = 0.347, C = 0.184, G = 0.240, T = 0.229

2018-01-02 16:37:04,465 - INFO - Reading tree from bootstrap/hybrid_high_0_1_RAxML_tree.newick
2018-01-02 16:37:04,470 - INFO - Tree has 87 tips.
2018-01-02 16:37:04,508 - INFO - Adjusted 1 branch lengths up to minbrlen 1e-06

2018-01-02 16:37:04,508 - INFO - Initializing TreeLikelihood..
2018-01-02 16:37:47,632 - INFO - TreeLikelihood initialized.
2018-01-02 16:37:47,633 - INFO - Maximizing log likelihood (initially -60924.42).
2018-01-02 16:37:47,633 - INFO - Branch lengths will be optimized individually.
2018-01-02 17:51:09,865 - INFO - Maximization complete:
	Step 1: optimized parameters, loglik went from -60924.42 to -53680.43 (22 iterations, 33 function evals)
	Step 2: optimized branches, loglik went from -53680.43 to -53636.45 (76 iterations, 82 function evals)
	Step 3: optimized parameters, loglik went from -53636.45 to -53633.12 (4 iterations, 9 function evals)
	Step 4: optimized branches, loglik went from -53633.12 to -53631.72 (41 iterations, 48 function evals)
	Step 5: optimized parameters, loglik went from -53631.72 to -53631.41 (3 iterations, 7 function evals)
	Step 6: optimized branches, loglik went from -53631.41 to -53631.41 (1 iterations, 5 function evals)
2018-01-02 17:51:09,866 - INFO - Optimized log likelihood is -53631.41.
2018-01-02 17:51:09,867 - INFO - Writing log likelihood to bootstrap/hybrid_high_0_1_randomized_ExpCM_hybrid_high_0_1_prefs_loglikelihood.txt
2018-01-02 17:51:09,871 - INFO - Model parameters after optimization:
	beta = 0.120761
	kappa = 3.40634
	omega = 0.0732357
	phiA = 0.356194
	phiC = 0.171479
	phiG = 0.237171
2018-01-02 17:51:09,872 - INFO - Writing model parameters to bootstrap/hybrid_high_0_1_randomized_ExpCM_hybrid_high_0_1_prefs_modelparams.txt
2018-01-02 17:51:09,876 - INFO - Writing the optimized tree to bootstrap/hybrid_high_0_1_randomized_ExpCM_hybrid_high_0_1_prefs_tree.newick

2018-01-02 17:51:09,888 - INFO - Successful completion of phydms
