2018-01-02 12:21:13,258 - INFO - Beginning execution of phydms in directory /fh/fast/bloom_j/computational_notebooks/skhilton/2017/divergence_timing_manuscript/analysis/HA/branch_lengths

2018-01-02 12:21:13,259 - INFO - Progress is being logged to bootstrap/hybrid_high_0_0_averaged_ExpCM_hybrid_high_0_0_prefs_log.log

2018-01-02 12:21:13,259 - INFO - Version information:
	Time and date: Tue Jan  2 12:21:12 2018
	Platform: Linux-3.13.0-68-generic-x86_64-with-debian-jessie-sid
	Python version: 3.6.0 |Continuum Analytics, Inc.| (default, Dec 23 2016, 12:22:00)  [GCC 4.4.7 20120313 (Red Hat 4.4.7-1)]
	phydms version: 2.2.0
	Bio version: 1.69
	cython version: 0.25.2
	numpy version: 1.13.3
	scipy version: 0.19.0
	matplotlib version: 2.1.0
	natsort version: 5.0.2
	sympy version: 1.0
	six version: 1.11.0
	pandas version: 0.21.0
	pyvolve version: 0.8.4
	statsmodels version: 0.8.0
	weblogolib version: 3.5.0
	PyPDF2 version: 1.26.0

2018-01-02 12:21:13,259 - INFO - Parsed the following arguments:
	alignment = bootstrap/hybrid_high_0_0.fasta
	tree = bootstrap/hybrid_high_0_0_RAxML_tree.newick
	model = ('ExpCM', 'bootstrap/hybrid_high_0_0_prefs.csv')
	outprefix = bootstrap/hybrid_high_0_0_averaged_ExpCM_hybrid_high_0_0_prefs
	brlen = optimize
	gammaomega = False
	gammabeta = False
	omegabysite = False
	omegabysite_fixsyn = False
	diffprefsbysite = False
	diffprefsprior = ('invquadratic', 150.0, 0.5)
	fitphi = False
	randprefs = False
	avgprefs = True
	divpressure = None
	ncpus = 4
	fitprefsmethod = 2
	ncats = 4
	minbrlen = 1e-06
	minpref = 0.002
	seed = 1
	initparams = None
	profile = False
	opt_details = False
	nograd = False

2018-01-02 12:21:13,259 - INFO - Random number seed: 1

2018-01-02 12:21:13,259 - INFO - Reading alignment from bootstrap/hybrid_high_0_0.fasta
2018-01-02 12:21:13,996 - INFO - Read 87 aligned sequences from bootstrap/hybrid_high_0_0.fasta, each consisting of 552 codons.

2018-01-02 12:21:13,997 - INFO - The model will be an ExpCM informed by site-specific amino-acid preferences in bootstrap/hybrid_high_0_0_prefs.csv
2018-01-02 12:21:13,997 - INFO - Preferences will be averaged across sites.
2018-01-02 12:21:15,540 - INFO - Successfully read site-specific amino-acid preferences for all 552 sites.

2018-01-02 12:21:15,550 - INFO - Nucleotide frequency parameters phi will be set so stationary state matches alignment nucleotide frequencies of A = 0.336, C = 0.197, G = 0.232, T = 0.235

2018-01-02 12:21:19,718 - INFO - Reading tree from bootstrap/hybrid_high_0_0_RAxML_tree.newick
2018-01-02 12:21:19,724 - INFO - Tree has 87 tips.
2018-01-02 12:21:19,763 - INFO - Adjusted 1 branch lengths up to minbrlen 1e-06

2018-01-02 12:21:19,763 - INFO - Initializing TreeLikelihood..
2018-01-02 12:22:20,407 - INFO - TreeLikelihood initialized.
2018-01-02 12:22:20,408 - INFO - Maximizing log likelihood (initially -61438.90).
2018-01-02 12:22:20,408 - INFO - Branch lengths will be optimized individually.
2018-01-02 13:39:21,694 - INFO - Maximization complete:
	Step 1: optimized parameters, loglik went from -61438.90 to -54127.59 (21 iterations, 30 function evals)
	Step 2: optimized branches, loglik went from -54127.59 to -54079.05 (118 iterations, 124 function evals)
	Step 3: optimized parameters, loglik went from -54079.05 to -54078.25 (4 iterations, 10 function evals)
	Step 4: optimized branches, loglik went from -54078.25 to -54078.24 (1 iterations, 4 function evals)
2018-01-02 13:39:21,742 - INFO - Optimized log likelihood is -54078.24.
2018-01-02 13:39:21,742 - INFO - Writing log likelihood to bootstrap/hybrid_high_0_0_averaged_ExpCM_hybrid_high_0_0_prefs_loglikelihood.txt
2018-01-02 13:39:21,748 - INFO - Model parameters after optimization:
	beta = 1.23471
	kappa = 3.30495
	omega = 0.0766579
	phiA = 0.354886
	phiC = 0.185678
	phiG = 0.236748
2018-01-02 13:39:21,749 - INFO - Writing model parameters to bootstrap/hybrid_high_0_0_averaged_ExpCM_hybrid_high_0_0_prefs_modelparams.txt
2018-01-02 13:39:21,756 - INFO - Writing the optimized tree to bootstrap/hybrid_high_0_0_averaged_ExpCM_hybrid_high_0_0_prefs_tree.newick

2018-01-02 13:39:21,768 - INFO - Successful completion of phydms
