2018-01-02 16:35:59,506 - INFO - Beginning execution of phydms_comprehensive in directory /fh/fast/bloom_j/computational_notebooks/skhilton/2017/divergence_timing_manuscript/analysis/HA/branch_lengths

2018-01-02 16:35:59,507 - INFO - Progress is being logged to bootstrap/hybrid_high_0_1.log

2018-01-02 16:35:59,507 - INFO - Version information:
	Time and date: Tue Jan  2 16:35:57 2018
	Platform: Linux-3.13.0-68-generic-x86_64-with-debian-jessie-sid
	Python version: 3.6.0 |Continuum Analytics, Inc.| (default, Dec 23 2016, 12:22:00)  [GCC 4.4.7 20120313 (Red Hat 4.4.7-1)]
	phydms version: 2.2.0
	Bio version: 1.69
	cython version: 0.25.2
	numpy version: 1.13.3
	scipy version: 0.19.0
	matplotlib version: 2.1.0
	natsort version: 5.0.2
	sympy version: 1.0
	six version: 1.11.0
	pandas version: 0.21.0
	pyvolve version: 0.8.4
	statsmodels version: 0.8.0
	weblogolib version: 3.5.0
	PyPDF2 version: 1.26.0

2018-01-02 16:35:59,507 - INFO - Parsed the following command-line arguments:
	outprefix = bootstrap/hybrid_high_0_1_
	alignment = bootstrap/hybrid_high_0_1.fasta
	prefsfiles = ['bootstrap/hybrid_high_0_1_prefs.csv']
	raxml = raxml
	tree = None
	ncpus = -1
	brlen = optimize
	omegabysite = False
	diffprefsbysite = False
	gammaomega = True
	gammabeta = False
	noavgprefs = False
	randprefs = True

2018-01-02 16:35:59,508 - INFO - Checking that the alignment bootstrap/hybrid_high_0_1.fasta is valid...
2018-01-02 16:36:00,107 - INFO - Valid alignment specifying 87 sequences of length 1656.

2018-01-02 16:36:00,107 - INFO - Tree not specified.
2018-01-02 16:36:00,120 - INFO - Inferring tree with RAxML using command raxml
2018-01-02 16:36:51,437 - INFO - RAxML inferred tree is now named bootstrap/hybrid_high_0_1_RAxML_tree.newick
2018-01-02 16:36:51,461 - INFO - Starting analysis to optimize tree in bootstrap/hybrid_high_0_1_RAxML_tree.newick using model YNGKP_M0. The command is: phydms bootstrap/hybrid_high_0_1.fasta bootstrap/hybrid_high_0_1_RAxML_tree.newick YNGKP_M0 bootstrap/hybrid_high_0_1_YNGKP_M0 --brlen optimize --ncpus 1

2018-01-02 16:36:51,462 - INFO - Starting analysis to optimize tree in bootstrap/hybrid_high_0_1_RAxML_tree.newick using model YNGKP_M5. The command is: phydms bootstrap/hybrid_high_0_1.fasta bootstrap/hybrid_high_0_1_RAxML_tree.newick YNGKP_M5 bootstrap/hybrid_high_0_1_YNGKP_M5 --brlen optimize --ncpus 1

2018-01-02 16:36:51,462 - INFO - Starting analysis to optimize tree in bootstrap/hybrid_high_0_1_RAxML_tree.newick using model ExpCM_hybrid_high_0_1_prefs. The command is: phydms bootstrap/hybrid_high_0_1.fasta bootstrap/hybrid_high_0_1_RAxML_tree.newick ExpCM_bootstrap/hybrid_high_0_1_prefs.csv bootstrap/hybrid_high_0_1_ExpCM_hybrid_high_0_1_prefs --brlen optimize --ncpus 4

2018-01-02 16:36:51,462 - INFO - Starting analysis to optimize tree in bootstrap/hybrid_high_0_1_RAxML_tree.newick using model ExpCM_hybrid_high_0_1_prefs_gammaomega. The command is: phydms bootstrap/hybrid_high_0_1.fasta bootstrap/hybrid_high_0_1_RAxML_tree.newick ExpCM_bootstrap/hybrid_high_0_1_prefs.csv bootstrap/hybrid_high_0_1_ExpCM_hybrid_high_0_1_prefs_gammaomega --brlen optimize --gammaomega --ncpus 4

2018-01-02 16:36:51,462 - INFO - Starting analysis to optimize tree in bootstrap/hybrid_high_0_1_RAxML_tree.newick using model averaged_ExpCM_hybrid_high_0_1_prefs. The command is: phydms bootstrap/hybrid_high_0_1.fasta bootstrap/hybrid_high_0_1_RAxML_tree.newick ExpCM_bootstrap/hybrid_high_0_1_prefs.csv bootstrap/hybrid_high_0_1_averaged_ExpCM_hybrid_high_0_1_prefs --brlen optimize --avgprefs --ncpus 4

2018-01-02 16:36:51,462 - INFO - Starting analysis to optimize tree in bootstrap/hybrid_high_0_1_RAxML_tree.newick using model averaged_ExpCM_hybrid_high_0_1_prefs_gammaomega. The command is: phydms bootstrap/hybrid_high_0_1.fasta bootstrap/hybrid_high_0_1_RAxML_tree.newick ExpCM_bootstrap/hybrid_high_0_1_prefs.csv bootstrap/hybrid_high_0_1_averaged_ExpCM_hybrid_high_0_1_prefs_gammaomega --brlen optimize --gammaomega --avgprefs --ncpus 4

2018-01-02 16:36:51,463 - INFO - Starting analysis to optimize tree in bootstrap/hybrid_high_0_1_RAxML_tree.newick using model randomized_ExpCM_hybrid_high_0_1_prefs. The command is: phydms bootstrap/hybrid_high_0_1.fasta bootstrap/hybrid_high_0_1_RAxML_tree.newick ExpCM_bootstrap/hybrid_high_0_1_prefs.csv bootstrap/hybrid_high_0_1_randomized_ExpCM_hybrid_high_0_1_prefs --brlen optimize --randprefs --ncpus 4

2018-01-02 16:36:51,463 - INFO - Starting analysis to optimize tree in bootstrap/hybrid_high_0_1_RAxML_tree.newick using model randomized_ExpCM_hybrid_high_0_1_prefs_gammaomega. The command is: phydms bootstrap/hybrid_high_0_1.fasta bootstrap/hybrid_high_0_1_RAxML_tree.newick ExpCM_bootstrap/hybrid_high_0_1_prefs.csv bootstrap/hybrid_high_0_1_randomized_ExpCM_hybrid_high_0_1_prefs_gammaomega --brlen optimize --gammaomega --randprefs --ncpus 4

2018-01-02 17:03:44,406 - INFO - Analysis completed for YNGKP_M0
2018-01-02 17:03:44,408 - INFO - Found expected output file bootstrap/hybrid_high_0_1_YNGKP_M0_log.log
2018-01-02 17:03:44,409 - INFO - Found expected output file bootstrap/hybrid_high_0_1_YNGKP_M0_tree.newick
2018-01-02 17:03:44,409 - INFO - Found expected output file bootstrap/hybrid_high_0_1_YNGKP_M0_loglikelihood.txt
2018-01-02 17:03:44,409 - INFO - Found expected output file bootstrap/hybrid_high_0_1_YNGKP_M0_modelparams.txt
2018-01-02 17:03:44,409 - INFO - Analysis successful for YNGKP_M0

2018-01-02 17:49:26,668 - INFO - Analysis completed for averaged_ExpCM_hybrid_high_0_1_prefs
2018-01-02 17:49:26,670 - INFO - Found expected output file bootstrap/hybrid_high_0_1_averaged_ExpCM_hybrid_high_0_1_prefs_log.log
2018-01-02 17:49:26,670 - INFO - Found expected output file bootstrap/hybrid_high_0_1_averaged_ExpCM_hybrid_high_0_1_prefs_tree.newick
2018-01-02 17:49:26,670 - INFO - Found expected output file bootstrap/hybrid_high_0_1_averaged_ExpCM_hybrid_high_0_1_prefs_loglikelihood.txt
2018-01-02 17:49:26,671 - INFO - Found expected output file bootstrap/hybrid_high_0_1_averaged_ExpCM_hybrid_high_0_1_prefs_modelparams.txt
2018-01-02 17:49:26,671 - INFO - Analysis successful for averaged_ExpCM_hybrid_high_0_1_prefs

2018-01-02 17:51:10,795 - INFO - Analysis completed for randomized_ExpCM_hybrid_high_0_1_prefs
2018-01-02 17:51:10,796 - INFO - Found expected output file bootstrap/hybrid_high_0_1_randomized_ExpCM_hybrid_high_0_1_prefs_log.log
2018-01-02 17:51:10,797 - INFO - Found expected output file bootstrap/hybrid_high_0_1_randomized_ExpCM_hybrid_high_0_1_prefs_tree.newick
2018-01-02 17:51:10,797 - INFO - Found expected output file bootstrap/hybrid_high_0_1_randomized_ExpCM_hybrid_high_0_1_prefs_loglikelihood.txt
2018-01-02 17:51:10,797 - INFO - Found expected output file bootstrap/hybrid_high_0_1_randomized_ExpCM_hybrid_high_0_1_prefs_modelparams.txt
2018-01-02 17:51:10,797 - INFO - Analysis successful for randomized_ExpCM_hybrid_high_0_1_prefs

2018-01-02 18:48:45,876 - INFO - Analysis completed for ExpCM_hybrid_high_0_1_prefs
2018-01-02 18:48:45,878 - INFO - Found expected output file bootstrap/hybrid_high_0_1_ExpCM_hybrid_high_0_1_prefs_log.log
2018-01-02 18:48:45,878 - INFO - Found expected output file bootstrap/hybrid_high_0_1_ExpCM_hybrid_high_0_1_prefs_tree.newick
2018-01-02 18:48:45,878 - INFO - Found expected output file bootstrap/hybrid_high_0_1_ExpCM_hybrid_high_0_1_prefs_loglikelihood.txt
2018-01-02 18:48:45,878 - INFO - Found expected output file bootstrap/hybrid_high_0_1_ExpCM_hybrid_high_0_1_prefs_modelparams.txt
2018-01-02 18:48:45,879 - INFO - Analysis successful for ExpCM_hybrid_high_0_1_prefs

2018-01-02 19:45:22,939 - INFO - Analysis completed for YNGKP_M5
2018-01-02 19:45:22,942 - INFO - Found expected output file bootstrap/hybrid_high_0_1_YNGKP_M5_log.log
2018-01-02 19:45:22,942 - INFO - Found expected output file bootstrap/hybrid_high_0_1_YNGKP_M5_tree.newick
2018-01-02 19:45:22,942 - INFO - Found expected output file bootstrap/hybrid_high_0_1_YNGKP_M5_loglikelihood.txt
2018-01-02 19:45:22,942 - INFO - Found expected output file bootstrap/hybrid_high_0_1_YNGKP_M5_modelparams.txt
2018-01-02 19:45:22,943 - INFO - Analysis successful for YNGKP_M5

2018-01-02 22:21:33,919 - INFO - Analysis completed for randomized_ExpCM_hybrid_high_0_1_prefs_gammaomega
2018-01-02 22:21:33,922 - INFO - Found expected output file bootstrap/hybrid_high_0_1_randomized_ExpCM_hybrid_high_0_1_prefs_gammaomega_log.log
2018-01-02 22:21:33,923 - INFO - Found expected output file bootstrap/hybrid_high_0_1_randomized_ExpCM_hybrid_high_0_1_prefs_gammaomega_tree.newick
2018-01-02 22:21:33,923 - INFO - Found expected output file bootstrap/hybrid_high_0_1_randomized_ExpCM_hybrid_high_0_1_prefs_gammaomega_loglikelihood.txt
2018-01-02 22:21:33,923 - INFO - Found expected output file bootstrap/hybrid_high_0_1_randomized_ExpCM_hybrid_high_0_1_prefs_gammaomega_modelparams.txt
2018-01-02 22:21:33,923 - INFO - Analysis successful for randomized_ExpCM_hybrid_high_0_1_prefs_gammaomega

2018-01-02 23:02:34,776 - INFO - Analysis completed for averaged_ExpCM_hybrid_high_0_1_prefs_gammaomega
2018-01-02 23:02:34,779 - INFO - Found expected output file bootstrap/hybrid_high_0_1_averaged_ExpCM_hybrid_high_0_1_prefs_gammaomega_log.log
2018-01-02 23:02:34,779 - INFO - Found expected output file bootstrap/hybrid_high_0_1_averaged_ExpCM_hybrid_high_0_1_prefs_gammaomega_tree.newick
2018-01-02 23:02:34,780 - INFO - Found expected output file bootstrap/hybrid_high_0_1_averaged_ExpCM_hybrid_high_0_1_prefs_gammaomega_loglikelihood.txt
2018-01-02 23:02:34,780 - INFO - Found expected output file bootstrap/hybrid_high_0_1_averaged_ExpCM_hybrid_high_0_1_prefs_gammaomega_modelparams.txt
2018-01-02 23:02:34,780 - INFO - Analysis successful for averaged_ExpCM_hybrid_high_0_1_prefs_gammaomega

2018-01-03 01:47:33,228 - INFO - Analysis completed for ExpCM_hybrid_high_0_1_prefs_gammaomega
2018-01-03 01:47:33,232 - INFO - Found expected output file bootstrap/hybrid_high_0_1_ExpCM_hybrid_high_0_1_prefs_gammaomega_log.log
2018-01-03 01:47:33,232 - INFO - Found expected output file bootstrap/hybrid_high_0_1_ExpCM_hybrid_high_0_1_prefs_gammaomega_tree.newick
2018-01-03 01:47:33,232 - INFO - Found expected output file bootstrap/hybrid_high_0_1_ExpCM_hybrid_high_0_1_prefs_gammaomega_loglikelihood.txt
2018-01-03 01:47:33,232 - INFO - Found expected output file bootstrap/hybrid_high_0_1_ExpCM_hybrid_high_0_1_prefs_gammaomega_modelparams.txt
2018-01-03 01:47:33,232 - INFO - Analysis successful for ExpCM_hybrid_high_0_1_prefs_gammaomega

2018-01-03 01:47:34,285 - INFO - Successful completion of phydms_comprehensive
