2018-01-02 12:21:16,846 - INFO - Beginning execution of phydms in directory /fh/fast/bloom_j/computational_notebooks/skhilton/2017/divergence_timing_manuscript/analysis/HA/branch_lengths

2018-01-02 12:21:16,846 - INFO - Progress is being logged to bootstrap/hybrid_high_0_0_randomized_ExpCM_hybrid_high_0_0_prefs_gammaomega_log.log

2018-01-02 12:21:16,846 - INFO - Version information:
	Time and date: Tue Jan  2 12:21:15 2018
	Platform: Linux-3.13.0-68-generic-x86_64-with-debian-jessie-sid
	Python version: 3.6.0 |Continuum Analytics, Inc.| (default, Dec 23 2016, 12:22:00)  [GCC 4.4.7 20120313 (Red Hat 4.4.7-1)]
	phydms version: 2.2.0
	Bio version: 1.69
	cython version: 0.25.2
	numpy version: 1.13.3
	scipy version: 0.19.0
	matplotlib version: 2.1.0
	natsort version: 5.0.2
	sympy version: 1.0
	six version: 1.11.0
	pandas version: 0.21.0
	pyvolve version: 0.8.4
	statsmodels version: 0.8.0
	weblogolib version: 3.5.0
	PyPDF2 version: 1.26.0

2018-01-02 12:21:16,847 - INFO - Parsed the following arguments:
	alignment = bootstrap/hybrid_high_0_0.fasta
	tree = bootstrap/hybrid_high_0_0_RAxML_tree.newick
	model = ('ExpCM', 'bootstrap/hybrid_high_0_0_prefs.csv')
	outprefix = bootstrap/hybrid_high_0_0_randomized_ExpCM_hybrid_high_0_0_prefs_gammaomega
	brlen = optimize
	gammaomega = True
	gammabeta = False
	omegabysite = False
	omegabysite_fixsyn = False
	diffprefsbysite = False
	diffprefsprior = ('invquadratic', 150.0, 0.5)
	fitphi = False
	randprefs = True
	avgprefs = False
	divpressure = None
	ncpus = 4
	fitprefsmethod = 2
	ncats = 4
	minbrlen = 1e-06
	minpref = 0.002
	seed = 1
	initparams = None
	profile = False
	opt_details = False
	nograd = False

2018-01-02 12:21:16,847 - INFO - Random number seed: 1

2018-01-02 12:21:16,847 - INFO - Reading alignment from bootstrap/hybrid_high_0_0.fasta
2018-01-02 12:21:18,169 - INFO - Read 87 aligned sequences from bootstrap/hybrid_high_0_0.fasta, each consisting of 552 codons.

2018-01-02 12:21:18,174 - INFO - The model will be an ExpCM informed by site-specific amino-acid preferences in bootstrap/hybrid_high_0_0_prefs.csv
2018-01-02 12:21:18,175 - INFO - Preferences will be randomized across sites.
2018-01-02 12:21:21,358 - INFO - Successfully read site-specific amino-acid preferences for all 552 sites.

2018-01-02 12:21:21,361 - INFO - Nucleotide frequency parameters phi will be set so stationary state matches alignment nucleotide frequencies of A = 0.336, C = 0.197, G = 0.232, T = 0.235

2018-01-02 12:21:25,455 - INFO - Omega will be drawn from 4 gamma-distributed categories.

2018-01-02 12:21:41,817 - INFO - Reading tree from bootstrap/hybrid_high_0_0_RAxML_tree.newick
2018-01-02 12:21:41,823 - INFO - Tree has 87 tips.
2018-01-02 12:21:41,861 - INFO - Adjusted 1 branch lengths up to minbrlen 1e-06

2018-01-02 12:21:41,862 - INFO - Initializing TreeLikelihood..
2018-01-02 12:24:46,869 - INFO - TreeLikelihood initialized.
2018-01-02 12:24:46,870 - INFO - Maximizing log likelihood (initially -59804.58).
2018-01-02 12:24:46,870 - INFO - Branch lengths will be optimized individually.
2018-01-02 18:59:16,502 - INFO - Maximization complete:
	Step 1: optimized parameters, loglik went from -59804.58 to -52705.90 (18 iterations, 25 function evals)
	Step 2: optimized branches, loglik went from -52705.90 to -52625.97 (188 iterations, 199 function evals)
	Step 3: optimized parameters, loglik went from -52625.97 to -52616.78 (7 iterations, 11 function evals)
	Step 4: optimized branches, loglik went from -52616.78 to -52615.55 (46 iterations, 49 function evals)
	Step 5: optimized parameters, loglik went from -52615.55 to -52615.41 (4 iterations, 7 function evals)
	Step 6: optimized branches, loglik went from -52615.41 to -52615.41 (1 iterations, 4 function evals)
2018-01-02 18:59:16,503 - INFO - Optimized log likelihood is -52615.41.
2018-01-02 18:59:16,503 - INFO - Writing log likelihood to bootstrap/hybrid_high_0_0_randomized_ExpCM_hybrid_high_0_0_prefs_gammaomega_loglikelihood.txt
2018-01-02 18:59:16,509 - INFO - Model parameters after optimization:
	alpha_omega = 0.628081
	beta = 0.109226
	beta_omega = 7.0119
	kappa = 3.64102
	phiA = 0.345519
	phiC = 0.184529
	phiG = 0.230015
2018-01-02 18:59:16,509 - INFO - Writing model parameters to bootstrap/hybrid_high_0_0_randomized_ExpCM_hybrid_high_0_0_prefs_gammaomega_modelparams.txt
2018-01-02 18:59:16,514 - INFO - Writing the optimized tree to bootstrap/hybrid_high_0_0_randomized_ExpCM_hybrid_high_0_0_prefs_gammaomega_tree.newick

2018-01-02 18:59:16,525 - INFO - Successful completion of phydms
