2018-01-02 16:36:55,412 - INFO - Beginning execution of phydms in directory /fh/fast/bloom_j/computational_notebooks/skhilton/2017/divergence_timing_manuscript/analysis/HA/branch_lengths

2018-01-02 16:36:55,413 - INFO - Progress is being logged to bootstrap/hybrid_high_0_1_YNGKP_M5_log.log

2018-01-02 16:36:55,413 - INFO - Version information:
	Time and date: Tue Jan  2 16:36:54 2018
	Platform: Linux-3.13.0-68-generic-x86_64-with-debian-jessie-sid
	Python version: 3.6.0 |Continuum Analytics, Inc.| (default, Dec 23 2016, 12:22:00)  [GCC 4.4.7 20120313 (Red Hat 4.4.7-1)]
	phydms version: 2.2.0
	Bio version: 1.69
	cython version: 0.25.2
	numpy version: 1.13.3
	scipy version: 0.19.0
	matplotlib version: 2.1.0
	natsort version: 5.0.2
	sympy version: 1.0
	six version: 1.11.0
	pandas version: 0.21.0
	pyvolve version: 0.8.4
	statsmodels version: 0.8.0
	weblogolib version: 3.5.0
	PyPDF2 version: 1.26.0

2018-01-02 16:36:55,413 - INFO - Parsed the following arguments:
	alignment = bootstrap/hybrid_high_0_1.fasta
	tree = bootstrap/hybrid_high_0_1_RAxML_tree.newick
	model = YNGKP_M5
	outprefix = bootstrap/hybrid_high_0_1_YNGKP_M5
	brlen = optimize
	gammaomega = False
	gammabeta = False
	omegabysite = False
	omegabysite_fixsyn = False
	diffprefsbysite = False
	diffprefsprior = ('invquadratic', 150.0, 0.5)
	fitphi = False
	randprefs = False
	avgprefs = False
	divpressure = None
	ncpus = 1
	fitprefsmethod = 2
	ncats = 4
	minbrlen = 1e-06
	minpref = 0.002
	seed = 1
	initparams = None
	profile = False
	opt_details = False
	nograd = False

2018-01-02 16:36:55,413 - INFO - Random number seed: 1

2018-01-02 16:36:55,413 - INFO - Reading alignment from bootstrap/hybrid_high_0_1.fasta
2018-01-02 16:36:56,072 - INFO - Read 87 aligned sequences from bootstrap/hybrid_high_0_1.fasta, each consisting of 552 codons.

2018-01-02 16:36:56,073 - INFO - Codon substitution model with be M5 version of YNGKP (Yang, Nielsen, Goldman, & Pederson. Genetics. 155:431-449).
2018-01-02 16:36:56,123 - INFO - For this YNGKP_M5 model, omega will be drawn from 4 gamma-distributed categories.
2018-01-02 16:36:56,135 - INFO - Reading tree from bootstrap/hybrid_high_0_1_RAxML_tree.newick
2018-01-02 16:36:56,140 - INFO - Tree has 87 tips.
2018-01-02 16:36:56,207 - INFO - Adjusted 1 branch lengths up to minbrlen 1e-06

2018-01-02 16:36:56,210 - INFO - Initializing TreeLikelihood..
2018-01-02 16:37:16,866 - INFO - TreeLikelihood initialized.
2018-01-02 16:37:16,867 - INFO - Maximizing log likelihood (initially -59734.41).
2018-01-02 16:37:16,867 - INFO - Branch lengths will be optimized individually.
2018-01-02 19:45:21,712 - INFO - Maximization complete:
	Step 1: optimized parameters, loglik went from -59734.41 to -52656.70 (17 iterations, 23 function evals)
	Step 2: optimized branches, loglik went from -52656.70 to -52540.16 (199 iterations, 215 function evals)
	Step 3: optimized parameters, loglik went from -52540.16 to -52526.21 (8 iterations, 12 function evals)
	Step 4: optimized branches, loglik went from -52526.21 to -52524.16 (79 iterations, 89 function evals)
	Step 5: optimized parameters, loglik went from -52524.16 to -52523.92 (3 iterations, 8 function evals)
	Step 6: optimized branches, loglik went from -52523.92 to -52523.92 (1 iterations, 4 function evals)
2018-01-02 19:45:21,761 - INFO - Optimized log likelihood is -52523.92.
2018-01-02 19:45:21,762 - INFO - Writing log likelihood to bootstrap/hybrid_high_0_1_YNGKP_M5_loglikelihood.txt
2018-01-02 19:45:21,773 - INFO - Model parameters after optimization:
	alpha_omega = 0.701422
	beta_omega = 9.37285
	kappa = 3.1676
	phi0A = 0.349211
	phi0C = 0.13847
	phi0G = 0.276822
	phi1A = 0.38864
	phi1C = 0.16864
	phi1G = 0.216181
	phi2A = 0.331999
	phi2C = 0.206836
	phi2G = 0.214454
2018-01-02 19:45:21,773 - INFO - Writing model parameters to bootstrap/hybrid_high_0_1_YNGKP_M5_modelparams.txt
2018-01-02 19:45:21,779 - INFO - Writing the optimized tree to bootstrap/hybrid_high_0_1_YNGKP_M5_tree.newick

2018-01-02 19:45:21,789 - INFO - Successful completion of phydms
