2018-01-02 12:21:12,272 - INFO - Beginning execution of phydms in directory /fh/fast/bloom_j/computational_notebooks/skhilton/2017/divergence_timing_manuscript/analysis/HA/branch_lengths

2018-01-02 12:21:12,272 - INFO - Progress is being logged to bootstrap/hybrid_high_0_0_ExpCM_hybrid_high_0_0_prefs_gammaomega_log.log

2018-01-02 12:21:12,272 - INFO - Version information:
	Time and date: Tue Jan  2 12:21:11 2018
	Platform: Linux-3.13.0-68-generic-x86_64-with-debian-jessie-sid
	Python version: 3.6.0 |Continuum Analytics, Inc.| (default, Dec 23 2016, 12:22:00)  [GCC 4.4.7 20120313 (Red Hat 4.4.7-1)]
	phydms version: 2.2.0
	Bio version: 1.69
	cython version: 0.25.2
	numpy version: 1.13.3
	scipy version: 0.19.0
	matplotlib version: 2.1.0
	natsort version: 5.0.2
	sympy version: 1.0
	six version: 1.11.0
	pandas version: 0.21.0
	pyvolve version: 0.8.4
	statsmodels version: 0.8.0
	weblogolib version: 3.5.0
	PyPDF2 version: 1.26.0

2018-01-02 12:21:12,272 - INFO - Parsed the following arguments:
	alignment = bootstrap/hybrid_high_0_0.fasta
	tree = bootstrap/hybrid_high_0_0_RAxML_tree.newick
	model = ('ExpCM', 'bootstrap/hybrid_high_0_0_prefs.csv')
	outprefix = bootstrap/hybrid_high_0_0_ExpCM_hybrid_high_0_0_prefs_gammaomega
	brlen = optimize
	gammaomega = True
	gammabeta = False
	omegabysite = False
	omegabysite_fixsyn = False
	diffprefsbysite = False
	diffprefsprior = ('invquadratic', 150.0, 0.5)
	fitphi = False
	randprefs = False
	avgprefs = False
	divpressure = None
	ncpus = 4
	fitprefsmethod = 2
	ncats = 4
	minbrlen = 1e-06
	minpref = 0.002
	seed = 1
	initparams = None
	profile = False
	opt_details = False
	nograd = False

2018-01-02 12:21:12,272 - INFO - Random number seed: 1

2018-01-02 12:21:12,272 - INFO - Reading alignment from bootstrap/hybrid_high_0_0.fasta
2018-01-02 12:21:12,923 - INFO - Read 87 aligned sequences from bootstrap/hybrid_high_0_0.fasta, each consisting of 552 codons.

2018-01-02 12:21:12,924 - INFO - The model will be an ExpCM informed by site-specific amino-acid preferences in bootstrap/hybrid_high_0_0_prefs.csv
2018-01-02 12:21:14,407 - INFO - Successfully read site-specific amino-acid preferences for all 552 sites.

2018-01-02 12:21:14,410 - INFO - Nucleotide frequency parameters phi will be set so stationary state matches alignment nucleotide frequencies of A = 0.336, C = 0.197, G = 0.232, T = 0.235

2018-01-02 12:21:18,239 - INFO - Omega will be drawn from 4 gamma-distributed categories.

2018-01-02 12:21:36,513 - INFO - Reading tree from bootstrap/hybrid_high_0_0_RAxML_tree.newick
2018-01-02 12:21:36,520 - INFO - Tree has 87 tips.
2018-01-02 12:21:36,560 - INFO - Adjusted 1 branch lengths up to minbrlen 1e-06

2018-01-02 12:21:36,560 - INFO - Initializing TreeLikelihood..
2018-01-02 12:25:19,083 - INFO - TreeLikelihood initialized.
2018-01-02 12:25:19,084 - INFO - Maximizing log likelihood (initially -57634.25).
2018-01-02 12:25:19,084 - INFO - Branch lengths will be optimized individually.
2018-01-02 23:08:50,535 - INFO - Maximization complete:
	Step 1: optimized parameters, loglik went from -57634.25 to -50655.71 (22 iterations, 29 function evals)
	Step 2: optimized branches, loglik went from -50655.71 to -50464.96 (364 iterations, 377 function evals)
	Step 3: optimized parameters, loglik went from -50464.96 to -50442.55 (7 iterations, 10 function evals)
	Step 4: optimized branches, loglik went from -50442.55 to -50437.60 (109 iterations, 117 function evals)
	Step 5: optimized parameters, loglik went from -50437.60 to -50436.92 (6 iterations, 9 function evals)
	Step 6: optimized branches, loglik went from -50436.92 to -50436.77 (9 iterations, 13 function evals)
	Step 7: optimized parameters, loglik went from -50436.77 to -50436.72 (3 iterations, 5 function evals)
	Step 8: optimized branches, loglik went from -50436.72 to -50436.26 (6 iterations, 9 function evals)
	Step 9: optimized parameters, loglik went from -50436.26 to -50436.20 (3 iterations, 5 function evals)
	Step 10: optimized branches, loglik went from -50436.20 to -50436.20 (1 iterations, 4 function evals)
2018-01-02 23:08:50,577 - INFO - Optimized log likelihood is -50436.20.
2018-01-02 23:08:50,578 - INFO - Writing log likelihood to bootstrap/hybrid_high_0_0_ExpCM_hybrid_high_0_0_prefs_gammaomega_loglikelihood.txt
2018-01-02 23:08:50,590 - INFO - Model parameters after optimization:
	alpha_omega = 1.43386
	beta = 1.6984
	beta_omega =     10
	kappa = 3.93251
	phiA = 0.369165
	phiC = 0.184552
	phiG = 0.234028
2018-01-02 23:08:50,591 - INFO - Writing model parameters to bootstrap/hybrid_high_0_0_ExpCM_hybrid_high_0_0_prefs_gammaomega_modelparams.txt
2018-01-02 23:08:50,599 - INFO - Writing the optimized tree to bootstrap/hybrid_high_0_0_ExpCM_hybrid_high_0_0_prefs_gammaomega_tree.newick

2018-01-02 23:08:50,629 - INFO - Successful completion of phydms
