2018-01-02 16:36:56,354 - INFO - Beginning execution of phydms in directory /fh/fast/bloom_j/computational_notebooks/skhilton/2017/divergence_timing_manuscript/analysis/HA/branch_lengths

2018-01-02 16:36:56,355 - INFO - Progress is being logged to bootstrap/hybrid_high_0_1_ExpCM_hybrid_high_0_1_prefs_log.log

2018-01-02 16:36:56,355 - INFO - Version information:
	Time and date: Tue Jan  2 16:36:55 2018
	Platform: Linux-3.13.0-68-generic-x86_64-with-debian-jessie-sid
	Python version: 3.6.0 |Continuum Analytics, Inc.| (default, Dec 23 2016, 12:22:00)  [GCC 4.4.7 20120313 (Red Hat 4.4.7-1)]
	phydms version: 2.2.0
	Bio version: 1.69
	cython version: 0.25.2
	numpy version: 1.13.3
	scipy version: 0.19.0
	matplotlib version: 2.1.0
	natsort version: 5.0.2
	sympy version: 1.0
	six version: 1.11.0
	pandas version: 0.21.0
	pyvolve version: 0.8.4
	statsmodels version: 0.8.0
	weblogolib version: 3.5.0
	PyPDF2 version: 1.26.0

2018-01-02 16:36:56,355 - INFO - Parsed the following arguments:
	alignment = bootstrap/hybrid_high_0_1.fasta
	tree = bootstrap/hybrid_high_0_1_RAxML_tree.newick
	model = ('ExpCM', 'bootstrap/hybrid_high_0_1_prefs.csv')
	outprefix = bootstrap/hybrid_high_0_1_ExpCM_hybrid_high_0_1_prefs
	brlen = optimize
	gammaomega = False
	gammabeta = False
	omegabysite = False
	omegabysite_fixsyn = False
	diffprefsbysite = False
	diffprefsprior = ('invquadratic', 150.0, 0.5)
	fitphi = False
	randprefs = False
	avgprefs = False
	divpressure = None
	ncpus = 4
	fitprefsmethod = 2
	ncats = 4
	minbrlen = 1e-06
	minpref = 0.002
	seed = 1
	initparams = None
	profile = False
	opt_details = False
	nograd = False

2018-01-02 16:36:56,355 - INFO - Random number seed: 1

2018-01-02 16:36:56,355 - INFO - Reading alignment from bootstrap/hybrid_high_0_1.fasta
2018-01-02 16:36:56,974 - INFO - Read 87 aligned sequences from bootstrap/hybrid_high_0_1.fasta, each consisting of 552 codons.

2018-01-02 16:36:56,974 - INFO - The model will be an ExpCM informed by site-specific amino-acid preferences in bootstrap/hybrid_high_0_1_prefs.csv
2018-01-02 16:36:58,283 - INFO - Successfully read site-specific amino-acid preferences for all 552 sites.

2018-01-02 16:36:58,285 - INFO - Nucleotide frequency parameters phi will be set so stationary state matches alignment nucleotide frequencies of A = 0.347, C = 0.184, G = 0.240, T = 0.229

2018-01-02 16:37:00,133 - INFO - Reading tree from bootstrap/hybrid_high_0_1_RAxML_tree.newick
2018-01-02 16:37:00,139 - INFO - Tree has 87 tips.
2018-01-02 16:37:00,175 - INFO - Adjusted 1 branch lengths up to minbrlen 1e-06

2018-01-02 16:37:00,176 - INFO - Initializing TreeLikelihood..
2018-01-02 16:37:45,246 - INFO - TreeLikelihood initialized.
2018-01-02 16:37:45,247 - INFO - Maximizing log likelihood (initially -57977.45).
2018-01-02 16:37:45,247 - INFO - Branch lengths will be optimized individually.
2018-01-02 18:48:45,008 - INFO - Maximization complete:
	Step 1: optimized parameters, loglik went from -57977.45 to -50663.70 (23 iterations, 30 function evals)
	Step 2: optimized branches, loglik went from -50663.70 to -50573.37 (114 iterations, 127 function evals)
	Step 3: optimized parameters, loglik went from -50573.37 to -50560.42 (10 iterations, 15 function evals)
	Step 4: optimized branches, loglik went from -50560.42 to -50552.61 (147 iterations, 162 function evals)
	Step 5: optimized parameters, loglik went from -50552.61 to -50550.87 (7 iterations, 13 function evals)
	Step 6: optimized branches, loglik went from -50550.87 to -50550.21 (17 iterations, 25 function evals)
	Step 7: optimized parameters, loglik went from -50550.21 to -50550.07 (3 iterations, 7 function evals)
	Step 8: optimized branches, loglik went from -50550.07 to -50550.07 (1 iterations, 5 function evals)
2018-01-02 18:48:45,055 - INFO - Optimized log likelihood is -50550.07.
2018-01-02 18:48:45,055 - INFO - Writing log likelihood to bootstrap/hybrid_high_0_1_ExpCM_hybrid_high_0_1_prefs_loglikelihood.txt
2018-01-02 18:48:45,060 - INFO - Model parameters after optimization:
	beta = 1.7761
	kappa = 3.59436
	omega = 0.137144
	phiA = 0.376644
	phiC = 0.174305
	phiG = 0.237733
2018-01-02 18:48:45,061 - INFO - Writing model parameters to bootstrap/hybrid_high_0_1_ExpCM_hybrid_high_0_1_prefs_modelparams.txt
2018-01-02 18:48:45,066 - INFO - Writing the optimized tree to bootstrap/hybrid_high_0_1_ExpCM_hybrid_high_0_1_prefs_tree.newick

2018-01-02 18:48:45,077 - INFO - Successful completion of phydms
