2018-01-02 16:36:55,287 - INFO - Beginning execution of phydms in directory /fh/fast/bloom_j/computational_notebooks/skhilton/2017/divergence_timing_manuscript/analysis/HA/branch_lengths

2018-01-02 16:36:55,287 - INFO - Progress is being logged to bootstrap/hybrid_high_0_1_YNGKP_M0_log.log

2018-01-02 16:36:55,288 - INFO - Version information:
	Time and date: Tue Jan  2 16:36:53 2018
	Platform: Linux-3.13.0-68-generic-x86_64-with-debian-jessie-sid
	Python version: 3.6.0 |Continuum Analytics, Inc.| (default, Dec 23 2016, 12:22:00)  [GCC 4.4.7 20120313 (Red Hat 4.4.7-1)]
	phydms version: 2.2.0
	Bio version: 1.69
	cython version: 0.25.2
	numpy version: 1.13.3
	scipy version: 0.19.0
	matplotlib version: 2.1.0
	natsort version: 5.0.2
	sympy version: 1.0
	six version: 1.11.0
	pandas version: 0.21.0
	pyvolve version: 0.8.4
	statsmodels version: 0.8.0
	weblogolib version: 3.5.0
	PyPDF2 version: 1.26.0

2018-01-02 16:36:55,288 - INFO - Parsed the following arguments:
	alignment = bootstrap/hybrid_high_0_1.fasta
	tree = bootstrap/hybrid_high_0_1_RAxML_tree.newick
	model = YNGKP_M0
	outprefix = bootstrap/hybrid_high_0_1_YNGKP_M0
	brlen = optimize
	gammaomega = False
	gammabeta = False
	omegabysite = False
	omegabysite_fixsyn = False
	diffprefsbysite = False
	diffprefsprior = ('invquadratic', 150.0, 0.5)
	fitphi = False
	randprefs = False
	avgprefs = False
	divpressure = None
	ncpus = 1
	fitprefsmethod = 2
	ncats = 4
	minbrlen = 1e-06
	minpref = 0.002
	seed = 1
	initparams = None
	profile = False
	opt_details = False
	nograd = False

2018-01-02 16:36:55,288 - INFO - Random number seed: 1

2018-01-02 16:36:55,288 - INFO - Reading alignment from bootstrap/hybrid_high_0_1.fasta
2018-01-02 16:36:55,972 - INFO - Read 87 aligned sequences from bootstrap/hybrid_high_0_1.fasta, each consisting of 552 codons.

2018-01-02 16:36:55,973 - INFO - Codon substitution model with be M0 version of YNGKP (Yang, Nielsen, Goldman, & Pederson. Genetics. 155:431-449).
2018-01-02 16:36:56,048 - INFO - Reading tree from bootstrap/hybrid_high_0_1_RAxML_tree.newick
2018-01-02 16:36:56,054 - INFO - Tree has 87 tips.
2018-01-02 16:36:56,094 - INFO - Adjusted 1 branch lengths up to minbrlen 1e-06

2018-01-02 16:36:56,094 - INFO - Initializing TreeLikelihood..
2018-01-02 16:37:01,063 - INFO - TreeLikelihood initialized.
2018-01-02 16:37:01,064 - INFO - Maximizing log likelihood (initially -61134.74).
2018-01-02 16:37:01,064 - INFO - Branch lengths will be optimized individually.
2018-01-02 17:03:43,493 - INFO - Maximization complete:
	Step 1: optimized parameters, loglik went from -61134.74 to -53948.47 (20 iterations, 34 function evals)
	Step 2: optimized branches, loglik went from -53948.47 to -53891.92 (133 iterations, 141 function evals)
	Step 3: optimized parameters, loglik went from -53891.92 to -53886.50 (4 iterations, 9 function evals)
	Step 4: optimized branches, loglik went from -53886.50 to -53886.50 (1 iterations, 4 function evals)
2018-01-02 17:03:43,539 - INFO - Optimized log likelihood is -53886.50.
2018-01-02 17:03:43,540 - INFO - Writing log likelihood to bootstrap/hybrid_high_0_1_YNGKP_M0_loglikelihood.txt
2018-01-02 17:03:43,560 - INFO - Model parameters after optimization:
	kappa = 2.9077
	omega = 0.065038
	phi0A = 0.349211
	phi0C = 0.13847
	phi0G = 0.276822
	phi1A = 0.38864
	phi1C = 0.16864
	phi1G = 0.216181
	phi2A = 0.331999
	phi2C = 0.206836
	phi2G = 0.214454
2018-01-02 17:03:43,561 - INFO - Writing model parameters to bootstrap/hybrid_high_0_1_YNGKP_M0_modelparams.txt
2018-01-02 17:03:43,564 - INFO - Writing the optimized tree to bootstrap/hybrid_high_0_1_YNGKP_M0_tree.newick

2018-01-02 17:03:43,575 - INFO - Successful completion of phydms
