2018-01-02 12:21:11,382 - INFO - Beginning execution of phydms in directory /fh/fast/bloom_j/computational_notebooks/skhilton/2017/divergence_timing_manuscript/analysis/HA/branch_lengths

2018-01-02 12:21:11,382 - INFO - Progress is being logged to bootstrap/hybrid_high_0_0_ExpCM_hybrid_high_0_0_prefs_log.log

2018-01-02 12:21:11,382 - INFO - Version information:
	Time and date: Tue Jan  2 12:21:10 2018
	Platform: Linux-3.13.0-68-generic-x86_64-with-debian-jessie-sid
	Python version: 3.6.0 |Continuum Analytics, Inc.| (default, Dec 23 2016, 12:22:00)  [GCC 4.4.7 20120313 (Red Hat 4.4.7-1)]
	phydms version: 2.2.0
	Bio version: 1.69
	cython version: 0.25.2
	numpy version: 1.13.3
	scipy version: 0.19.0
	matplotlib version: 2.1.0
	natsort version: 5.0.2
	sympy version: 1.0
	six version: 1.11.0
	pandas version: 0.21.0
	pyvolve version: 0.8.4
	statsmodels version: 0.8.0
	weblogolib version: 3.5.0
	PyPDF2 version: 1.26.0

2018-01-02 12:21:11,383 - INFO - Parsed the following arguments:
	alignment = bootstrap/hybrid_high_0_0.fasta
	tree = bootstrap/hybrid_high_0_0_RAxML_tree.newick
	model = ('ExpCM', 'bootstrap/hybrid_high_0_0_prefs.csv')
	outprefix = bootstrap/hybrid_high_0_0_ExpCM_hybrid_high_0_0_prefs
	brlen = optimize
	gammaomega = False
	gammabeta = False
	omegabysite = False
	omegabysite_fixsyn = False
	diffprefsbysite = False
	diffprefsprior = ('invquadratic', 150.0, 0.5)
	fitphi = False
	randprefs = False
	avgprefs = False
	divpressure = None
	ncpus = 4
	fitprefsmethod = 2
	ncats = 4
	minbrlen = 1e-06
	minpref = 0.002
	seed = 1
	initparams = None
	profile = False
	opt_details = False
	nograd = False

2018-01-02 12:21:11,383 - INFO - Random number seed: 1

2018-01-02 12:21:11,383 - INFO - Reading alignment from bootstrap/hybrid_high_0_0.fasta
2018-01-02 12:21:12,077 - INFO - Read 87 aligned sequences from bootstrap/hybrid_high_0_0.fasta, each consisting of 552 codons.

2018-01-02 12:21:12,078 - INFO - The model will be an ExpCM informed by site-specific amino-acid preferences in bootstrap/hybrid_high_0_0_prefs.csv
2018-01-02 12:21:13,472 - INFO - Successfully read site-specific amino-acid preferences for all 552 sites.

2018-01-02 12:21:13,474 - INFO - Nucleotide frequency parameters phi will be set so stationary state matches alignment nucleotide frequencies of A = 0.336, C = 0.197, G = 0.232, T = 0.235

2018-01-02 12:21:16,119 - INFO - Reading tree from bootstrap/hybrid_high_0_0_RAxML_tree.newick
2018-01-02 12:21:16,126 - INFO - Tree has 87 tips.
2018-01-02 12:21:16,195 - INFO - Adjusted 1 branch lengths up to minbrlen 1e-06

2018-01-02 12:21:16,197 - INFO - Initializing TreeLikelihood..
2018-01-02 12:22:12,592 - INFO - TreeLikelihood initialized.
2018-01-02 12:22:12,593 - INFO - Maximizing log likelihood (initially -58491.26).
2018-01-02 12:22:12,593 - INFO - Branch lengths will be optimized individually.
2018-01-02 14:33:25,725 - INFO - Maximization complete:
	Step 1: optimized parameters, loglik went from -58491.26 to -51034.53 (18 iterations, 25 function evals)
	Step 2: optimized branches, loglik went from -51034.53 to -50937.57 (254 iterations, 264 function evals)
	Step 3: optimized parameters, loglik went from -50937.57 to -50926.27 (11 iterations, 16 function evals)
	Step 4: optimized branches, loglik went from -50926.27 to -50922.40 (61 iterations, 67 function evals)
	Step 5: optimized parameters, loglik went from -50922.40 to -50921.16 (7 iterations, 13 function evals)
	Step 6: optimized branches, loglik went from -50921.16 to -50921.16 (1 iterations, 4 function evals)
2018-01-02 14:33:25,774 - INFO - Optimized log likelihood is -50921.16.
2018-01-02 14:33:25,774 - INFO - Writing log likelihood to bootstrap/hybrid_high_0_0_ExpCM_hybrid_high_0_0_prefs_loglikelihood.txt
2018-01-02 14:33:25,779 - INFO - Model parameters after optimization:
	beta = 1.77339
	kappa = 3.61249
	omega = 0.145651
	phiA = 0.37057
	phiC = 0.184323
	phiG = 0.233781
2018-01-02 14:33:25,780 - INFO - Writing model parameters to bootstrap/hybrid_high_0_0_ExpCM_hybrid_high_0_0_prefs_modelparams.txt
2018-01-02 14:33:25,783 - INFO - Writing the optimized tree to bootstrap/hybrid_high_0_0_ExpCM_hybrid_high_0_0_prefs_tree.newick

2018-01-02 14:33:25,794 - INFO - Successful completion of phydms
