2018-01-02 12:19:57,722 - INFO - Beginning execution of phydms_comprehensive in directory /fh/fast/bloom_j/computational_notebooks/skhilton/2017/divergence_timing_manuscript/analysis/HA/branch_lengths

2018-01-02 12:19:57,723 - INFO - Progress is being logged to bootstrap/hybrid_high_0_0.log

2018-01-02 12:19:57,723 - INFO - Version information:
	Time and date: Tue Jan  2 12:19:55 2018
	Platform: Linux-3.13.0-68-generic-x86_64-with-debian-jessie-sid
	Python version: 3.6.0 |Continuum Analytics, Inc.| (default, Dec 23 2016, 12:22:00)  [GCC 4.4.7 20120313 (Red Hat 4.4.7-1)]
	phydms version: 2.2.0
	Bio version: 1.69
	cython version: 0.25.2
	numpy version: 1.13.3
	scipy version: 0.19.0
	matplotlib version: 2.1.0
	natsort version: 5.0.2
	sympy version: 1.0
	six version: 1.11.0
	pandas version: 0.21.0
	pyvolve version: 0.8.4
	statsmodels version: 0.8.0
	weblogolib version: 3.5.0
	PyPDF2 version: 1.26.0

2018-01-02 12:19:57,723 - INFO - Parsed the following command-line arguments:
	outprefix = bootstrap/hybrid_high_0_0_
	alignment = bootstrap/hybrid_high_0_0.fasta
	prefsfiles = ['bootstrap/hybrid_high_0_0_prefs.csv']
	raxml = raxml
	tree = None
	ncpus = -1
	brlen = optimize
	omegabysite = False
	diffprefsbysite = False
	gammaomega = True
	gammabeta = False
	noavgprefs = False
	randprefs = True

2018-01-02 12:19:57,724 - INFO - Checking that the alignment bootstrap/hybrid_high_0_0.fasta is valid...
2018-01-02 12:19:58,404 - INFO - Valid alignment specifying 87 sequences of length 1656.

2018-01-02 12:19:58,404 - INFO - Tree not specified.
2018-01-02 12:19:58,416 - INFO - Inferring tree with RAxML using command raxml
2018-01-02 12:21:06,278 - INFO - RAxML inferred tree is now named bootstrap/hybrid_high_0_0_RAxML_tree.newick
2018-01-02 12:21:06,303 - INFO - Starting analysis to optimize tree in bootstrap/hybrid_high_0_0_RAxML_tree.newick using model YNGKP_M0. The command is: phydms bootstrap/hybrid_high_0_0.fasta bootstrap/hybrid_high_0_0_RAxML_tree.newick YNGKP_M0 bootstrap/hybrid_high_0_0_YNGKP_M0 --brlen optimize --ncpus 1

2018-01-02 12:21:06,303 - INFO - Starting analysis to optimize tree in bootstrap/hybrid_high_0_0_RAxML_tree.newick using model YNGKP_M5. The command is: phydms bootstrap/hybrid_high_0_0.fasta bootstrap/hybrid_high_0_0_RAxML_tree.newick YNGKP_M5 bootstrap/hybrid_high_0_0_YNGKP_M5 --brlen optimize --ncpus 1

2018-01-02 12:21:06,304 - INFO - Starting analysis to optimize tree in bootstrap/hybrid_high_0_0_RAxML_tree.newick using model ExpCM_hybrid_high_0_0_prefs. The command is: phydms bootstrap/hybrid_high_0_0.fasta bootstrap/hybrid_high_0_0_RAxML_tree.newick ExpCM_bootstrap/hybrid_high_0_0_prefs.csv bootstrap/hybrid_high_0_0_ExpCM_hybrid_high_0_0_prefs --brlen optimize --ncpus 4

2018-01-02 12:21:06,304 - INFO - Starting analysis to optimize tree in bootstrap/hybrid_high_0_0_RAxML_tree.newick using model ExpCM_hybrid_high_0_0_prefs_gammaomega. The command is: phydms bootstrap/hybrid_high_0_0.fasta bootstrap/hybrid_high_0_0_RAxML_tree.newick ExpCM_bootstrap/hybrid_high_0_0_prefs.csv bootstrap/hybrid_high_0_0_ExpCM_hybrid_high_0_0_prefs_gammaomega --brlen optimize --gammaomega --ncpus 4

2018-01-02 12:21:06,304 - INFO - Starting analysis to optimize tree in bootstrap/hybrid_high_0_0_RAxML_tree.newick using model averaged_ExpCM_hybrid_high_0_0_prefs. The command is: phydms bootstrap/hybrid_high_0_0.fasta bootstrap/hybrid_high_0_0_RAxML_tree.newick ExpCM_bootstrap/hybrid_high_0_0_prefs.csv bootstrap/hybrid_high_0_0_averaged_ExpCM_hybrid_high_0_0_prefs --brlen optimize --avgprefs --ncpus 4

2018-01-02 12:21:06,304 - INFO - Starting analysis to optimize tree in bootstrap/hybrid_high_0_0_RAxML_tree.newick using model averaged_ExpCM_hybrid_high_0_0_prefs_gammaomega. The command is: phydms bootstrap/hybrid_high_0_0.fasta bootstrap/hybrid_high_0_0_RAxML_tree.newick ExpCM_bootstrap/hybrid_high_0_0_prefs.csv bootstrap/hybrid_high_0_0_averaged_ExpCM_hybrid_high_0_0_prefs_gammaomega --brlen optimize --gammaomega --avgprefs --ncpus 4

2018-01-02 12:21:06,305 - INFO - Starting analysis to optimize tree in bootstrap/hybrid_high_0_0_RAxML_tree.newick using model randomized_ExpCM_hybrid_high_0_0_prefs. The command is: phydms bootstrap/hybrid_high_0_0.fasta bootstrap/hybrid_high_0_0_RAxML_tree.newick ExpCM_bootstrap/hybrid_high_0_0_prefs.csv bootstrap/hybrid_high_0_0_randomized_ExpCM_hybrid_high_0_0_prefs --brlen optimize --randprefs --ncpus 4

2018-01-02 12:21:06,305 - INFO - Starting analysis to optimize tree in bootstrap/hybrid_high_0_0_RAxML_tree.newick using model randomized_ExpCM_hybrid_high_0_0_prefs_gammaomega. The command is: phydms bootstrap/hybrid_high_0_0.fasta bootstrap/hybrid_high_0_0_RAxML_tree.newick ExpCM_bootstrap/hybrid_high_0_0_prefs.csv bootstrap/hybrid_high_0_0_randomized_ExpCM_hybrid_high_0_0_prefs_gammaomega --brlen optimize --gammaomega --randprefs --ncpus 4

2018-01-02 12:56:25,538 - INFO - Analysis completed for YNGKP_M0
2018-01-02 12:56:25,540 - INFO - Found expected output file bootstrap/hybrid_high_0_0_YNGKP_M0_log.log
2018-01-02 12:56:25,540 - INFO - Found expected output file bootstrap/hybrid_high_0_0_YNGKP_M0_tree.newick
2018-01-02 12:56:25,540 - INFO - Found expected output file bootstrap/hybrid_high_0_0_YNGKP_M0_loglikelihood.txt
2018-01-02 12:56:25,541 - INFO - Found expected output file bootstrap/hybrid_high_0_0_YNGKP_M0_modelparams.txt
2018-01-02 12:56:25,541 - INFO - Analysis successful for YNGKP_M0

2018-01-02 13:30:06,490 - INFO - Analysis completed for randomized_ExpCM_hybrid_high_0_0_prefs
2018-01-02 13:30:06,491 - INFO - Found expected output file bootstrap/hybrid_high_0_0_randomized_ExpCM_hybrid_high_0_0_prefs_log.log
2018-01-02 13:30:06,491 - INFO - Found expected output file bootstrap/hybrid_high_0_0_randomized_ExpCM_hybrid_high_0_0_prefs_tree.newick
2018-01-02 13:30:06,491 - INFO - Found expected output file bootstrap/hybrid_high_0_0_randomized_ExpCM_hybrid_high_0_0_prefs_loglikelihood.txt
2018-01-02 13:30:06,491 - INFO - Found expected output file bootstrap/hybrid_high_0_0_randomized_ExpCM_hybrid_high_0_0_prefs_modelparams.txt
2018-01-02 13:30:06,491 - INFO - Analysis successful for randomized_ExpCM_hybrid_high_0_0_prefs

2018-01-02 13:39:23,045 - INFO - Analysis completed for averaged_ExpCM_hybrid_high_0_0_prefs
2018-01-02 13:39:23,047 - INFO - Found expected output file bootstrap/hybrid_high_0_0_averaged_ExpCM_hybrid_high_0_0_prefs_log.log
2018-01-02 13:39:23,047 - INFO - Found expected output file bootstrap/hybrid_high_0_0_averaged_ExpCM_hybrid_high_0_0_prefs_tree.newick
2018-01-02 13:39:23,048 - INFO - Found expected output file bootstrap/hybrid_high_0_0_averaged_ExpCM_hybrid_high_0_0_prefs_loglikelihood.txt
2018-01-02 13:39:23,048 - INFO - Found expected output file bootstrap/hybrid_high_0_0_averaged_ExpCM_hybrid_high_0_0_prefs_modelparams.txt
2018-01-02 13:39:23,048 - INFO - Analysis successful for averaged_ExpCM_hybrid_high_0_0_prefs

2018-01-02 14:33:27,053 - INFO - Analysis completed for ExpCM_hybrid_high_0_0_prefs
2018-01-02 14:33:27,057 - INFO - Found expected output file bootstrap/hybrid_high_0_0_ExpCM_hybrid_high_0_0_prefs_log.log
2018-01-02 14:33:27,058 - INFO - Found expected output file bootstrap/hybrid_high_0_0_ExpCM_hybrid_high_0_0_prefs_tree.newick
2018-01-02 14:33:27,058 - INFO - Found expected output file bootstrap/hybrid_high_0_0_ExpCM_hybrid_high_0_0_prefs_loglikelihood.txt
2018-01-02 14:33:27,058 - INFO - Found expected output file bootstrap/hybrid_high_0_0_ExpCM_hybrid_high_0_0_prefs_modelparams.txt
2018-01-02 14:33:27,058 - INFO - Analysis successful for ExpCM_hybrid_high_0_0_prefs

2018-01-02 16:21:54,183 - INFO - Analysis completed for YNGKP_M5
2018-01-02 16:21:54,186 - INFO - Found expected output file bootstrap/hybrid_high_0_0_YNGKP_M5_log.log
2018-01-02 16:21:54,187 - INFO - Found expected output file bootstrap/hybrid_high_0_0_YNGKP_M5_tree.newick
2018-01-02 16:21:54,187 - INFO - Found expected output file bootstrap/hybrid_high_0_0_YNGKP_M5_loglikelihood.txt
2018-01-02 16:21:54,187 - INFO - Found expected output file bootstrap/hybrid_high_0_0_YNGKP_M5_modelparams.txt
2018-01-02 16:21:54,187 - INFO - Analysis successful for YNGKP_M5

2018-01-02 18:59:19,408 - INFO - Analysis completed for randomized_ExpCM_hybrid_high_0_0_prefs_gammaomega
2018-01-02 18:59:19,420 - INFO - Found expected output file bootstrap/hybrid_high_0_0_randomized_ExpCM_hybrid_high_0_0_prefs_gammaomega_log.log
2018-01-02 18:59:19,420 - INFO - Found expected output file bootstrap/hybrid_high_0_0_randomized_ExpCM_hybrid_high_0_0_prefs_gammaomega_tree.newick
2018-01-02 18:59:19,420 - INFO - Found expected output file bootstrap/hybrid_high_0_0_randomized_ExpCM_hybrid_high_0_0_prefs_gammaomega_loglikelihood.txt
2018-01-02 18:59:19,420 - INFO - Found expected output file bootstrap/hybrid_high_0_0_randomized_ExpCM_hybrid_high_0_0_prefs_gammaomega_modelparams.txt
2018-01-02 18:59:19,420 - INFO - Analysis successful for randomized_ExpCM_hybrid_high_0_0_prefs_gammaomega

2018-01-02 19:22:52,792 - INFO - Analysis completed for averaged_ExpCM_hybrid_high_0_0_prefs_gammaomega
2018-01-02 19:22:52,795 - INFO - Found expected output file bootstrap/hybrid_high_0_0_averaged_ExpCM_hybrid_high_0_0_prefs_gammaomega_log.log
2018-01-02 19:22:52,796 - INFO - Found expected output file bootstrap/hybrid_high_0_0_averaged_ExpCM_hybrid_high_0_0_prefs_gammaomega_tree.newick
2018-01-02 19:22:52,797 - INFO - Found expected output file bootstrap/hybrid_high_0_0_averaged_ExpCM_hybrid_high_0_0_prefs_gammaomega_loglikelihood.txt
2018-01-02 19:22:52,797 - INFO - Found expected output file bootstrap/hybrid_high_0_0_averaged_ExpCM_hybrid_high_0_0_prefs_gammaomega_modelparams.txt
2018-01-02 19:22:52,797 - INFO - Analysis successful for averaged_ExpCM_hybrid_high_0_0_prefs_gammaomega

2018-01-02 23:08:54,829 - INFO - Analysis completed for ExpCM_hybrid_high_0_0_prefs_gammaomega
2018-01-02 23:08:54,836 - INFO - Found expected output file bootstrap/hybrid_high_0_0_ExpCM_hybrid_high_0_0_prefs_gammaomega_log.log
2018-01-02 23:08:54,838 - INFO - Found expected output file bootstrap/hybrid_high_0_0_ExpCM_hybrid_high_0_0_prefs_gammaomega_tree.newick
2018-01-02 23:08:54,838 - INFO - Found expected output file bootstrap/hybrid_high_0_0_ExpCM_hybrid_high_0_0_prefs_gammaomega_loglikelihood.txt
2018-01-02 23:08:54,839 - INFO - Found expected output file bootstrap/hybrid_high_0_0_ExpCM_hybrid_high_0_0_prefs_gammaomega_modelparams.txt
2018-01-02 23:08:54,839 - INFO - Analysis successful for ExpCM_hybrid_high_0_0_prefs_gammaomega

2018-01-02 23:08:55,901 - INFO - Successful completion of phydms_comprehensive
