2018-01-02 16:36:58,314 - INFO - Beginning execution of phydms in directory /fh/fast/bloom_j/computational_notebooks/skhilton/2017/divergence_timing_manuscript/analysis/HA/branch_lengths

2018-01-02 16:36:58,315 - INFO - Progress is being logged to bootstrap/hybrid_high_0_1_averaged_ExpCM_hybrid_high_0_1_prefs_log.log

2018-01-02 16:36:58,315 - INFO - Version information:
	Time and date: Tue Jan  2 16:36:57 2018
	Platform: Linux-3.13.0-68-generic-x86_64-with-debian-jessie-sid
	Python version: 3.6.0 |Continuum Analytics, Inc.| (default, Dec 23 2016, 12:22:00)  [GCC 4.4.7 20120313 (Red Hat 4.4.7-1)]
	phydms version: 2.2.0
	Bio version: 1.69
	cython version: 0.25.2
	numpy version: 1.13.3
	scipy version: 0.19.0
	matplotlib version: 2.1.0
	natsort version: 5.0.2
	sympy version: 1.0
	six version: 1.11.0
	pandas version: 0.21.0
	pyvolve version: 0.8.4
	statsmodels version: 0.8.0
	weblogolib version: 3.5.0
	PyPDF2 version: 1.26.0

2018-01-02 16:36:58,315 - INFO - Parsed the following arguments:
	alignment = bootstrap/hybrid_high_0_1.fasta
	tree = bootstrap/hybrid_high_0_1_RAxML_tree.newick
	model = ('ExpCM', 'bootstrap/hybrid_high_0_1_prefs.csv')
	outprefix = bootstrap/hybrid_high_0_1_averaged_ExpCM_hybrid_high_0_1_prefs
	brlen = optimize
	gammaomega = False
	gammabeta = False
	omegabysite = False
	omegabysite_fixsyn = False
	diffprefsbysite = False
	diffprefsprior = ('invquadratic', 150.0, 0.5)
	fitphi = False
	randprefs = False
	avgprefs = True
	divpressure = None
	ncpus = 4
	fitprefsmethod = 2
	ncats = 4
	minbrlen = 1e-06
	minpref = 0.002
	seed = 1
	initparams = None
	profile = False
	opt_details = False
	nograd = False

2018-01-02 16:36:58,315 - INFO - Random number seed: 1

2018-01-02 16:36:58,315 - INFO - Reading alignment from bootstrap/hybrid_high_0_1.fasta
2018-01-02 16:36:58,942 - INFO - Read 87 aligned sequences from bootstrap/hybrid_high_0_1.fasta, each consisting of 552 codons.

2018-01-02 16:36:58,943 - INFO - The model will be an ExpCM informed by site-specific amino-acid preferences in bootstrap/hybrid_high_0_1_prefs.csv
2018-01-02 16:36:58,943 - INFO - Preferences will be averaged across sites.
2018-01-02 16:37:00,236 - INFO - Successfully read site-specific amino-acid preferences for all 552 sites.

2018-01-02 16:37:00,239 - INFO - Nucleotide frequency parameters phi will be set so stationary state matches alignment nucleotide frequencies of A = 0.347, C = 0.184, G = 0.240, T = 0.229

2018-01-02 16:37:01,761 - INFO - Reading tree from bootstrap/hybrid_high_0_1_RAxML_tree.newick
2018-01-02 16:37:01,766 - INFO - Tree has 87 tips.
2018-01-02 16:37:01,803 - INFO - Adjusted 1 branch lengths up to minbrlen 1e-06

2018-01-02 16:37:01,803 - INFO - Initializing TreeLikelihood..
2018-01-02 16:37:45,434 - INFO - TreeLikelihood initialized.
2018-01-02 16:37:45,435 - INFO - Maximizing log likelihood (initially -60906.55).
2018-01-02 16:37:45,435 - INFO - Branch lengths will be optimized individually.
2018-01-02 17:49:25,772 - INFO - Maximization complete:
	Step 1: optimized parameters, loglik went from -60906.55 to -53630.70 (17 iterations, 26 function evals)
	Step 2: optimized branches, loglik went from -53630.70 to -53586.50 (119 iterations, 125 function evals)
	Step 3: optimized parameters, loglik went from -53586.50 to -53583.57 (4 iterations, 8 function evals)
	Step 4: optimized branches, loglik went from -53583.57 to -53582.60 (16 iterations, 22 function evals)
	Step 5: optimized parameters, loglik went from -53582.60 to -53581.99 (3 iterations, 7 function evals)
	Step 6: optimized branches, loglik went from -53581.99 to -53581.98 (1 iterations, 4 function evals)
2018-01-02 17:49:25,821 - INFO - Optimized log likelihood is -53581.98.
2018-01-02 17:49:25,822 - INFO - Writing log likelihood to bootstrap/hybrid_high_0_1_averaged_ExpCM_hybrid_high_0_1_prefs_loglikelihood.txt
2018-01-02 17:49:25,829 - INFO - Model parameters after optimization:
	beta = 1.1064
	kappa = 3.38663
	omega = 0.0726869
	phiA = 0.361283
	phiC = 0.17487
	phiG = 0.239675
2018-01-02 17:49:25,830 - INFO - Writing model parameters to bootstrap/hybrid_high_0_1_averaged_ExpCM_hybrid_high_0_1_prefs_modelparams.txt
2018-01-02 17:49:25,833 - INFO - Writing the optimized tree to bootstrap/hybrid_high_0_1_averaged_ExpCM_hybrid_high_0_1_prefs_tree.newick

2018-01-02 17:49:25,844 - INFO - Successful completion of phydms
