2018-01-02 16:37:01,412 - INFO - Beginning execution of phydms in directory /fh/fast/bloom_j/computational_notebooks/skhilton/2017/divergence_timing_manuscript/analysis/HA/branch_lengths

2018-01-02 16:37:01,412 - INFO - Progress is being logged to bootstrap/hybrid_high_0_1_randomized_ExpCM_hybrid_high_0_1_prefs_gammaomega_log.log

2018-01-02 16:37:01,412 - INFO - Version information:
	Time and date: Tue Jan  2 16:37:00 2018
	Platform: Linux-3.13.0-68-generic-x86_64-with-debian-jessie-sid
	Python version: 3.6.0 |Continuum Analytics, Inc.| (default, Dec 23 2016, 12:22:00)  [GCC 4.4.7 20120313 (Red Hat 4.4.7-1)]
	phydms version: 2.2.0
	Bio version: 1.69
	cython version: 0.25.2
	numpy version: 1.13.3
	scipy version: 0.19.0
	matplotlib version: 2.1.0
	natsort version: 5.0.2
	sympy version: 1.0
	six version: 1.11.0
	pandas version: 0.21.0
	pyvolve version: 0.8.4
	statsmodels version: 0.8.0
	weblogolib version: 3.5.0
	PyPDF2 version: 1.26.0

2018-01-02 16:37:01,412 - INFO - Parsed the following arguments:
	alignment = bootstrap/hybrid_high_0_1.fasta
	tree = bootstrap/hybrid_high_0_1_RAxML_tree.newick
	model = ('ExpCM', 'bootstrap/hybrid_high_0_1_prefs.csv')
	outprefix = bootstrap/hybrid_high_0_1_randomized_ExpCM_hybrid_high_0_1_prefs_gammaomega
	brlen = optimize
	gammaomega = True
	gammabeta = False
	omegabysite = False
	omegabysite_fixsyn = False
	diffprefsbysite = False
	diffprefsprior = ('invquadratic', 150.0, 0.5)
	fitphi = False
	randprefs = True
	avgprefs = False
	divpressure = None
	ncpus = 4
	fitprefsmethod = 2
	ncats = 4
	minbrlen = 1e-06
	minpref = 0.002
	seed = 1
	initparams = None
	profile = False
	opt_details = False
	nograd = False

2018-01-02 16:37:01,412 - INFO - Random number seed: 1

2018-01-02 16:37:01,412 - INFO - Reading alignment from bootstrap/hybrid_high_0_1.fasta
2018-01-02 16:37:02,060 - INFO - Read 87 aligned sequences from bootstrap/hybrid_high_0_1.fasta, each consisting of 552 codons.

2018-01-02 16:37:02,061 - INFO - The model will be an ExpCM informed by site-specific amino-acid preferences in bootstrap/hybrid_high_0_1_prefs.csv
2018-01-02 16:37:02,061 - INFO - Preferences will be randomized across sites.
2018-01-02 16:37:04,055 - INFO - Successfully read site-specific amino-acid preferences for all 552 sites.

2018-01-02 16:37:04,057 - INFO - Nucleotide frequency parameters phi will be set so stationary state matches alignment nucleotide frequencies of A = 0.347, C = 0.184, G = 0.240, T = 0.229

2018-01-02 16:37:07,134 - INFO - Omega will be drawn from 4 gamma-distributed categories.

2018-01-02 16:37:15,066 - INFO - Reading tree from bootstrap/hybrid_high_0_1_RAxML_tree.newick
2018-01-02 16:37:15,070 - INFO - Tree has 87 tips.
2018-01-02 16:37:15,106 - INFO - Adjusted 1 branch lengths up to minbrlen 1e-06

2018-01-02 16:37:15,107 - INFO - Initializing TreeLikelihood..
2018-01-02 16:40:07,722 - INFO - TreeLikelihood initialized.
2018-01-02 16:40:07,723 - INFO - Maximizing log likelihood (initially -59328.21).
2018-01-02 16:40:07,723 - INFO - Branch lengths will be optimized individually.
2018-01-02 22:21:31,186 - INFO - Maximization complete:
	Step 1: optimized parameters, loglik went from -59328.21 to -52297.23 (22 iterations, 33 function evals)
	Step 2: optimized branches, loglik went from -52297.23 to -52202.01 (193 iterations, 216 function evals)
	Step 3: optimized parameters, loglik went from -52202.01 to -52190.16 (7 iterations, 11 function evals)
	Step 4: optimized branches, loglik went from -52190.16 to -52190.16 (1 iterations, 5 function evals)
2018-01-02 22:21:31,238 - INFO - Optimized log likelihood is -52190.16.
2018-01-02 22:21:31,238 - INFO - Writing log likelihood to bootstrap/hybrid_high_0_1_randomized_ExpCM_hybrid_high_0_1_prefs_gammaomega_loglikelihood.txt
2018-01-02 22:21:31,246 - INFO - Model parameters after optimization:
	alpha_omega = 0.680314
	beta = 0.0887931
	beta_omega = 7.92973
	kappa = 3.66886
	phiA = 0.356239
	phiC = 0.1713
	phiG = 0.236923
2018-01-02 22:21:31,246 - INFO - Writing model parameters to bootstrap/hybrid_high_0_1_randomized_ExpCM_hybrid_high_0_1_prefs_gammaomega_modelparams.txt
2018-01-02 22:21:31,249 - INFO - Writing the optimized tree to bootstrap/hybrid_high_0_1_randomized_ExpCM_hybrid_high_0_1_prefs_gammaomega_tree.newick

2018-01-02 22:21:31,262 - INFO - Successful completion of phydms
