2018-01-02 12:21:10,618 - INFO - Beginning execution of phydms in directory /fh/fast/bloom_j/computational_notebooks/skhilton/2017/divergence_timing_manuscript/analysis/HA/branch_lengths

2018-01-02 12:21:10,619 - INFO - Progress is being logged to bootstrap/hybrid_high_0_0_YNGKP_M5_log.log

2018-01-02 12:21:10,619 - INFO - Version information:
	Time and date: Tue Jan  2 12:21:09 2018
	Platform: Linux-3.13.0-68-generic-x86_64-with-debian-jessie-sid
	Python version: 3.6.0 |Continuum Analytics, Inc.| (default, Dec 23 2016, 12:22:00)  [GCC 4.4.7 20120313 (Red Hat 4.4.7-1)]
	phydms version: 2.2.0
	Bio version: 1.69
	cython version: 0.25.2
	numpy version: 1.13.3
	scipy version: 0.19.0
	matplotlib version: 2.1.0
	natsort version: 5.0.2
	sympy version: 1.0
	six version: 1.11.0
	pandas version: 0.21.0
	pyvolve version: 0.8.4
	statsmodels version: 0.8.0
	weblogolib version: 3.5.0
	PyPDF2 version: 1.26.0

2018-01-02 12:21:10,619 - INFO - Parsed the following arguments:
	alignment = bootstrap/hybrid_high_0_0.fasta
	tree = bootstrap/hybrid_high_0_0_RAxML_tree.newick
	model = YNGKP_M5
	outprefix = bootstrap/hybrid_high_0_0_YNGKP_M5
	brlen = optimize
	gammaomega = False
	gammabeta = False
	omegabysite = False
	omegabysite_fixsyn = False
	diffprefsbysite = False
	diffprefsprior = ('invquadratic', 150.0, 0.5)
	fitphi = False
	randprefs = False
	avgprefs = False
	divpressure = None
	ncpus = 1
	fitprefsmethod = 2
	ncats = 4
	minbrlen = 1e-06
	minpref = 0.002
	seed = 1
	initparams = None
	profile = False
	opt_details = False
	nograd = False

2018-01-02 12:21:10,619 - INFO - Random number seed: 1

2018-01-02 12:21:10,619 - INFO - Reading alignment from bootstrap/hybrid_high_0_0.fasta
2018-01-02 12:21:11,313 - INFO - Read 87 aligned sequences from bootstrap/hybrid_high_0_0.fasta, each consisting of 552 codons.

2018-01-02 12:21:11,313 - INFO - Codon substitution model with be M5 version of YNGKP (Yang, Nielsen, Goldman, & Pederson. Genetics. 155:431-449).
2018-01-02 12:21:11,365 - INFO - For this YNGKP_M5 model, omega will be drawn from 4 gamma-distributed categories.
2018-01-02 12:21:11,377 - INFO - Reading tree from bootstrap/hybrid_high_0_0_RAxML_tree.newick
2018-01-02 12:21:11,384 - INFO - Tree has 87 tips.
2018-01-02 12:21:11,422 - INFO - Adjusted 1 branch lengths up to minbrlen 1e-06

2018-01-02 12:21:11,422 - INFO - Initializing TreeLikelihood..
2018-01-02 12:21:45,429 - INFO - TreeLikelihood initialized.
2018-01-02 12:21:45,431 - INFO - Maximizing log likelihood (initially -60176.28).
2018-01-02 12:21:45,431 - INFO - Branch lengths will be optimized individually.
2018-01-02 16:21:53,103 - INFO - Maximization complete:
	Step 1: optimized parameters, loglik went from -60176.28 to -53042.79 (18 iterations, 24 function evals)
	Step 2: optimized branches, loglik went from -53042.79 to -52949.56 (203 iterations, 209 function evals)
	Step 3: optimized parameters, loglik went from -52949.56 to -52938.53 (8 iterations, 12 function evals)
	Step 4: optimized branches, loglik went from -52938.53 to -52936.12 (91 iterations, 97 function evals)
	Step 5: optimized parameters, loglik went from -52936.12 to -52935.73 (3 iterations, 7 function evals)
	Step 6: optimized branches, loglik went from -52935.73 to -52935.66 (7 iterations, 10 function evals)
	Step 7: optimized parameters, loglik went from -52935.66 to -52935.64 (3 iterations, 5 function evals)
	Step 8: optimized branches, loglik went from -52935.64 to -52935.62 (3 iterations, 5 function evals)
	Step 9: optimized parameters, loglik went from -52935.62 to -52935.62 (1 iterations, 3 function evals)
2018-01-02 16:21:53,147 - INFO - Optimized log likelihood is -52935.62.
2018-01-02 16:21:53,147 - INFO - Writing log likelihood to bootstrap/hybrid_high_0_0_YNGKP_M5_loglikelihood.txt
2018-01-02 16:21:53,154 - INFO - Model parameters after optimization:
	alpha_omega = 0.631638
	beta_omega = 7.77597
	kappa = 3.25399
	phi0A = 0.339063
	phi0C = 0.142799
	phi0G = 0.286719
	phi1A = 0.361371
	phi1C = 0.193233
	phi1G = 0.195646
	phi2A = 0.335476
	phi2C = 0.220064
	phi2G = 0.202919
2018-01-02 16:21:53,155 - INFO - Writing model parameters to bootstrap/hybrid_high_0_0_YNGKP_M5_modelparams.txt
2018-01-02 16:21:53,158 - INFO - Writing the optimized tree to bootstrap/hybrid_high_0_0_YNGKP_M5_tree.newick

2018-01-02 16:21:53,169 - INFO - Successful completion of phydms
