2018-01-02 12:21:15,826 - INFO - Beginning execution of phydms in directory /fh/fast/bloom_j/computational_notebooks/skhilton/2017/divergence_timing_manuscript/analysis/HA/branch_lengths

2018-01-02 12:21:15,826 - INFO - Progress is being logged to bootstrap/hybrid_high_0_0_randomized_ExpCM_hybrid_high_0_0_prefs_log.log

2018-01-02 12:21:15,826 - INFO - Version information:
	Time and date: Tue Jan  2 12:21:14 2018
	Platform: Linux-3.13.0-68-generic-x86_64-with-debian-jessie-sid
	Python version: 3.6.0 |Continuum Analytics, Inc.| (default, Dec 23 2016, 12:22:00)  [GCC 4.4.7 20120313 (Red Hat 4.4.7-1)]
	phydms version: 2.2.0
	Bio version: 1.69
	cython version: 0.25.2
	numpy version: 1.13.3
	scipy version: 0.19.0
	matplotlib version: 2.1.0
	natsort version: 5.0.2
	sympy version: 1.0
	six version: 1.11.0
	pandas version: 0.21.0
	pyvolve version: 0.8.4
	statsmodels version: 0.8.0
	weblogolib version: 3.5.0
	PyPDF2 version: 1.26.0

2018-01-02 12:21:15,827 - INFO - Parsed the following arguments:
	alignment = bootstrap/hybrid_high_0_0.fasta
	tree = bootstrap/hybrid_high_0_0_RAxML_tree.newick
	model = ('ExpCM', 'bootstrap/hybrid_high_0_0_prefs.csv')
	outprefix = bootstrap/hybrid_high_0_0_randomized_ExpCM_hybrid_high_0_0_prefs
	brlen = optimize
	gammaomega = False
	gammabeta = False
	omegabysite = False
	omegabysite_fixsyn = False
	diffprefsbysite = False
	diffprefsprior = ('invquadratic', 150.0, 0.5)
	fitphi = False
	randprefs = True
	avgprefs = False
	divpressure = None
	ncpus = 4
	fitprefsmethod = 2
	ncats = 4
	minbrlen = 1e-06
	minpref = 0.002
	seed = 1
	initparams = None
	profile = False
	opt_details = False
	nograd = False

2018-01-02 12:21:15,827 - INFO - Random number seed: 1

2018-01-02 12:21:15,827 - INFO - Reading alignment from bootstrap/hybrid_high_0_0.fasta
2018-01-02 12:21:16,492 - INFO - Read 87 aligned sequences from bootstrap/hybrid_high_0_0.fasta, each consisting of 552 codons.

2018-01-02 12:21:16,492 - INFO - The model will be an ExpCM informed by site-specific amino-acid preferences in bootstrap/hybrid_high_0_0_prefs.csv
2018-01-02 12:21:16,492 - INFO - Preferences will be randomized across sites.
2018-01-02 12:21:17,797 - INFO - Successfully read site-specific amino-acid preferences for all 552 sites.

2018-01-02 12:21:17,800 - INFO - Nucleotide frequency parameters phi will be set so stationary state matches alignment nucleotide frequencies of A = 0.336, C = 0.197, G = 0.232, T = 0.235

2018-01-02 12:21:21,331 - INFO - Reading tree from bootstrap/hybrid_high_0_0_RAxML_tree.newick
2018-01-02 12:21:21,373 - INFO - Tree has 87 tips.
2018-01-02 12:21:21,462 - INFO - Adjusted 1 branch lengths up to minbrlen 1e-06

2018-01-02 12:21:21,463 - INFO - Initializing TreeLikelihood..
2018-01-02 12:22:15,690 - INFO - TreeLikelihood initialized.
2018-01-02 12:22:15,691 - INFO - Maximizing log likelihood (initially -61492.73).
2018-01-02 12:22:15,691 - INFO - Branch lengths will be optimized individually.
2018-01-02 13:30:05,635 - INFO - Maximization complete:
	Step 1: optimized parameters, loglik went from -61492.73 to -54210.27 (20 iterations, 34 function evals)
	Step 2: optimized branches, loglik went from -54210.27 to -54161.69 (110 iterations, 116 function evals)
	Step 3: optimized parameters, loglik went from -54161.69 to -54160.78 (4 iterations, 9 function evals)
	Step 4: optimized branches, loglik went from -54160.78 to -54160.78 (1 iterations, 4 function evals)
2018-01-02 13:30:05,722 - INFO - Optimized log likelihood is -54160.78.
2018-01-02 13:30:05,722 - INFO - Writing log likelihood to bootstrap/hybrid_high_0_0_randomized_ExpCM_hybrid_high_0_0_prefs_loglikelihood.txt
2018-01-02 13:30:05,737 - INFO - Model parameters after optimization:
	beta = 0.105046
	kappa = 3.32288
	omega = 0.0763073
	phiA = 0.345516
	phiC = 0.184511
	phiG = 0.229971
2018-01-02 13:30:05,737 - INFO - Writing model parameters to bootstrap/hybrid_high_0_0_randomized_ExpCM_hybrid_high_0_0_prefs_modelparams.txt
2018-01-02 13:30:05,741 - INFO - Writing the optimized tree to bootstrap/hybrid_high_0_0_randomized_ExpCM_hybrid_high_0_0_prefs_tree.newick

2018-01-02 13:30:05,750 - INFO - Successful completion of phydms
