2018-01-02 23:17:58,753 - INFO - Beginning execution of phydms in directory /fh/fast/bloom_j/computational_notebooks/skhilton/2017/divergence_timing_manuscript/analysis/HA/branch_lengths

2018-01-02 23:17:58,754 - INFO - Progress is being logged to bootstrap/Perth_high_0_0_averaged_ExpCM_Perth_high_0_0_prefs_gammaomega_log.log

2018-01-02 23:17:58,754 - INFO - Version information:
	Time and date: Tue Jan  2 23:17:57 2018
	Platform: Linux-3.13.0-68-generic-x86_64-with-debian-jessie-sid
	Python version: 3.6.0 |Continuum Analytics, Inc.| (default, Dec 23 2016, 12:22:00)  [GCC 4.4.7 20120313 (Red Hat 4.4.7-1)]
	phydms version: 2.2.0
	Bio version: 1.69
	cython version: 0.25.2
	numpy version: 1.13.3
	scipy version: 0.19.0
	matplotlib version: 2.1.0
	natsort version: 5.0.2
	sympy version: 1.0
	six version: 1.11.0
	pandas version: 0.21.0
	pyvolve version: 0.8.4
	statsmodels version: 0.8.0
	weblogolib version: 3.5.0
	PyPDF2 version: 1.26.0

2018-01-02 23:17:58,754 - INFO - Parsed the following arguments:
	alignment = bootstrap/Perth_high_0_0.fasta
	tree = bootstrap/Perth_high_0_0_RAxML_tree.newick
	model = ('ExpCM', 'bootstrap/Perth_high_0_0_prefs.csv')
	outprefix = bootstrap/Perth_high_0_0_averaged_ExpCM_Perth_high_0_0_prefs_gammaomega
	brlen = optimize
	gammaomega = True
	gammabeta = False
	omegabysite = False
	omegabysite_fixsyn = False
	diffprefsbysite = False
	diffprefsprior = ('invquadratic', 150.0, 0.5)
	fitphi = False
	randprefs = False
	avgprefs = True
	divpressure = None
	ncpus = 4
	fitprefsmethod = 2
	ncats = 4
	minbrlen = 1e-06
	minpref = 0.002
	seed = 1
	initparams = None
	profile = False
	opt_details = False
	nograd = False

2018-01-02 23:17:58,754 - INFO - Random number seed: 1

2018-01-02 23:17:58,754 - INFO - Reading alignment from bootstrap/Perth_high_0_0.fasta
2018-01-02 23:17:59,457 - INFO - Read 87 aligned sequences from bootstrap/Perth_high_0_0.fasta, each consisting of 565 codons.

2018-01-02 23:17:59,457 - INFO - The model will be an ExpCM informed by site-specific amino-acid preferences in bootstrap/Perth_high_0_0_prefs.csv
2018-01-02 23:17:59,457 - INFO - Preferences will be averaged across sites.
2018-01-02 23:18:00,691 - INFO - Successfully read site-specific amino-acid preferences for all 565 sites.

2018-01-02 23:18:00,693 - INFO - Nucleotide frequency parameters phi will be set so stationary state matches alignment nucleotide frequencies of A = 0.346, C = 0.187, G = 0.235, T = 0.232

2018-01-02 23:18:03,081 - INFO - Omega will be drawn from 4 gamma-distributed categories.

2018-01-02 23:18:11,211 - INFO - Reading tree from bootstrap/Perth_high_0_0_RAxML_tree.newick
2018-01-02 23:18:11,221 - INFO - Tree has 87 tips.
2018-01-02 23:18:11,256 - INFO - Adjusted 1 branch lengths up to minbrlen 1e-06

2018-01-02 23:18:11,256 - INFO - Initializing TreeLikelihood..
2018-01-02 23:21:03,319 - INFO - TreeLikelihood initialized.
2018-01-02 23:21:03,320 - INFO - Maximizing log likelihood (initially -60602.80).
2018-01-02 23:21:03,320 - INFO - Branch lengths will be optimized individually.
2018-01-03 04:11:39,892 - INFO - Maximization complete:
	Step 1: optimized parameters, loglik went from -60602.80 to -53476.40 (21 iterations, 29 function evals)
	Step 2: optimized branches, loglik went from -53476.40 to -53390.60 (208 iterations, 227 function evals)
	Step 3: optimized parameters, loglik went from -53390.60 to -53379.52 (7 iterations, 12 function evals)
	Step 4: optimized branches, loglik went from -53379.52 to -53379.52 (1 iterations, 5 function evals)
2018-01-03 04:11:39,932 - INFO - Optimized log likelihood is -53379.52.
2018-01-03 04:11:39,932 - INFO - Writing log likelihood to bootstrap/Perth_high_0_0_averaged_ExpCM_Perth_high_0_0_prefs_gammaomega_loglikelihood.txt
2018-01-03 04:11:39,959 - INFO - Model parameters after optimization:
	alpha_omega = 0.651575
	beta = 1.65675
	beta_omega = 7.3158
	kappa = 3.71854
	phiA = 0.35689
	phiC = 0.178399
	phiG = 0.245022
2018-01-03 04:11:39,959 - INFO - Writing model parameters to bootstrap/Perth_high_0_0_averaged_ExpCM_Perth_high_0_0_prefs_gammaomega_modelparams.txt
2018-01-03 04:11:39,963 - INFO - Writing the optimized tree to bootstrap/Perth_high_0_0_averaged_ExpCM_Perth_high_0_0_prefs_gammaomega_tree.newick

2018-01-03 04:11:39,976 - INFO - Successful completion of phydms
