2018-01-02 10:28:54,701 - INFO - Beginning execution of phydms in directory /fh/fast/bloom_j/computational_notebooks/skhilton/2017/divergence_timing_manuscript/analysis/HA/branch_lengths

2018-01-02 10:28:54,701 - INFO - Progress is being logged to bootstrap/Perth_high_0_1_YNGKP_M0_log.log

2018-01-02 10:28:54,701 - INFO - Version information:
	Time and date: Tue Jan  2 10:28:52 2018
	Platform: Linux-3.13.0-68-generic-x86_64-with-debian-jessie-sid
	Python version: 3.6.0 |Continuum Analytics, Inc.| (default, Dec 23 2016, 12:22:00)  [GCC 4.4.7 20120313 (Red Hat 4.4.7-1)]
	phydms version: 2.2.0
	Bio version: 1.69
	cython version: 0.25.2
	numpy version: 1.13.3
	scipy version: 0.19.0
	matplotlib version: 2.1.0
	natsort version: 5.0.2
	sympy version: 1.0
	six version: 1.11.0
	pandas version: 0.21.0
	pyvolve version: 0.8.4
	statsmodels version: 0.8.0
	weblogolib version: 3.5.0
	PyPDF2 version: 1.26.0

2018-01-02 10:28:54,701 - INFO - Parsed the following arguments:
	alignment = bootstrap/Perth_high_0_1.fasta
	tree = bootstrap/Perth_high_0_1_RAxML_tree.newick
	model = YNGKP_M0
	outprefix = bootstrap/Perth_high_0_1_YNGKP_M0
	brlen = optimize
	gammaomega = False
	gammabeta = False
	omegabysite = False
	omegabysite_fixsyn = False
	diffprefsbysite = False
	diffprefsprior = ('invquadratic', 150.0, 0.5)
	fitphi = False
	randprefs = False
	avgprefs = False
	divpressure = None
	ncpus = 1
	fitprefsmethod = 2
	ncats = 4
	minbrlen = 1e-06
	minpref = 0.002
	seed = 1
	initparams = None
	profile = False
	opt_details = False
	nograd = False

2018-01-02 10:28:54,701 - INFO - Random number seed: 1

2018-01-02 10:28:54,702 - INFO - Reading alignment from bootstrap/Perth_high_0_1.fasta
2018-01-02 10:28:55,466 - INFO - Read 87 aligned sequences from bootstrap/Perth_high_0_1.fasta, each consisting of 565 codons.

2018-01-02 10:28:55,467 - INFO - Codon substitution model with be M0 version of YNGKP (Yang, Nielsen, Goldman, & Pederson. Genetics. 155:431-449).
2018-01-02 10:28:55,579 - INFO - Reading tree from bootstrap/Perth_high_0_1_RAxML_tree.newick
2018-01-02 10:28:55,585 - INFO - Tree has 87 tips.
2018-01-02 10:28:55,653 - INFO - Adjusted 1 branch lengths up to minbrlen 1e-06

2018-01-02 10:28:55,653 - INFO - Initializing TreeLikelihood..
2018-01-02 10:29:07,346 - INFO - TreeLikelihood initialized.
2018-01-02 10:29:07,363 - INFO - Maximizing log likelihood (initially -61710.82).
2018-01-02 10:29:07,365 - INFO - Branch lengths will be optimized individually.
2018-01-02 11:17:22,113 - INFO - Maximization complete:
	Step 1: optimized parameters, loglik went from -61710.82 to -54460.02 (18 iterations, 34 function evals)
	Step 2: optimized branches, loglik went from -54460.02 to -54413.58 (105 iterations, 115 function evals)
	Step 3: optimized parameters, loglik went from -54413.58 to -54407.88 (4 iterations, 9 function evals)
	Step 4: optimized branches, loglik went from -54407.88 to -54405.63 (41 iterations, 49 function evals)
	Step 5: optimized parameters, loglik went from -54405.63 to -54404.89 (4 iterations, 7 function evals)
	Step 6: optimized branches, loglik went from -54404.89 to -54404.88 (1 iterations, 4 function evals)
2018-01-02 11:17:22,155 - INFO - Optimized log likelihood is -54404.88.
2018-01-02 11:17:22,155 - INFO - Writing log likelihood to bootstrap/Perth_high_0_1_YNGKP_M0_loglikelihood.txt
2018-01-02 11:17:22,165 - INFO - Model parameters after optimization:
	kappa = 3.01067
	omega = 0.0637785
	phi0A = 0.336586
	phi0C = 0.153151
	phi0G = 0.271397
	phi1A = 0.37272
	phi1C = 0.187415
	phi1G = 0.198209
	phi2A = 0.346892
	phi2C = 0.206071
	phi2G = 0.195907
2018-01-02 11:17:22,166 - INFO - Writing model parameters to bootstrap/Perth_high_0_1_YNGKP_M0_modelparams.txt
2018-01-02 11:17:22,173 - INFO - Writing the optimized tree to bootstrap/Perth_high_0_1_YNGKP_M0_tree.newick

2018-01-02 11:17:22,185 - INFO - Successful completion of phydms
