2018-01-02 10:28:59,479 - INFO - Beginning execution of phydms in directory /fh/fast/bloom_j/computational_notebooks/skhilton/2017/divergence_timing_manuscript/analysis/HA/branch_lengths

2018-01-02 10:28:59,480 - INFO - Progress is being logged to bootstrap/Perth_high_0_1_averaged_ExpCM_Perth_high_0_1_prefs_gammaomega_log.log

2018-01-02 10:28:59,480 - INFO - Version information:
	Time and date: Tue Jan  2 10:28:58 2018
	Platform: Linux-3.13.0-68-generic-x86_64-with-debian-jessie-sid
	Python version: 3.6.0 |Continuum Analytics, Inc.| (default, Dec 23 2016, 12:22:00)  [GCC 4.4.7 20120313 (Red Hat 4.4.7-1)]
	phydms version: 2.2.0
	Bio version: 1.69
	cython version: 0.25.2
	numpy version: 1.13.3
	scipy version: 0.19.0
	matplotlib version: 2.1.0
	natsort version: 5.0.2
	sympy version: 1.0
	six version: 1.11.0
	pandas version: 0.21.0
	pyvolve version: 0.8.4
	statsmodels version: 0.8.0
	weblogolib version: 3.5.0
	PyPDF2 version: 1.26.0

2018-01-02 10:28:59,480 - INFO - Parsed the following arguments:
	alignment = bootstrap/Perth_high_0_1.fasta
	tree = bootstrap/Perth_high_0_1_RAxML_tree.newick
	model = ('ExpCM', 'bootstrap/Perth_high_0_1_prefs.csv')
	outprefix = bootstrap/Perth_high_0_1_averaged_ExpCM_Perth_high_0_1_prefs_gammaomega
	brlen = optimize
	gammaomega = True
	gammabeta = False
	omegabysite = False
	omegabysite_fixsyn = False
	diffprefsbysite = False
	diffprefsprior = ('invquadratic', 150.0, 0.5)
	fitphi = False
	randprefs = False
	avgprefs = True
	divpressure = None
	ncpus = 4
	fitprefsmethod = 2
	ncats = 4
	minbrlen = 1e-06
	minpref = 0.002
	seed = 1
	initparams = None
	profile = False
	opt_details = False
	nograd = False

2018-01-02 10:28:59,480 - INFO - Random number seed: 1

2018-01-02 10:28:59,481 - INFO - Reading alignment from bootstrap/Perth_high_0_1.fasta
2018-01-02 10:29:00,263 - INFO - Read 87 aligned sequences from bootstrap/Perth_high_0_1.fasta, each consisting of 565 codons.

2018-01-02 10:29:00,263 - INFO - The model will be an ExpCM informed by site-specific amino-acid preferences in bootstrap/Perth_high_0_1_prefs.csv
2018-01-02 10:29:00,264 - INFO - Preferences will be averaged across sites.
2018-01-02 10:29:02,741 - INFO - Successfully read site-specific amino-acid preferences for all 565 sites.

2018-01-02 10:29:02,745 - INFO - Nucleotide frequency parameters phi will be set so stationary state matches alignment nucleotide frequencies of A = 0.342, C = 0.195, G = 0.225, T = 0.238

2018-01-02 10:29:12,478 - INFO - Omega will be drawn from 4 gamma-distributed categories.

2018-01-02 10:29:51,612 - INFO - Reading tree from bootstrap/Perth_high_0_1_RAxML_tree.newick
2018-01-02 10:29:51,620 - INFO - Tree has 87 tips.
2018-01-02 10:29:51,658 - INFO - Adjusted 1 branch lengths up to minbrlen 1e-06

2018-01-02 10:29:51,658 - INFO - Initializing TreeLikelihood..
2018-01-02 10:33:46,520 - INFO - TreeLikelihood initialized.
2018-01-02 10:33:46,523 - INFO - Maximizing log likelihood (initially -59984.95).
2018-01-02 10:33:46,524 - INFO - Branch lengths will be optimized individually.
2018-01-02 16:12:49,688 - INFO - Maximization complete:
	Step 1: optimized parameters, loglik went from -59984.95 to -52701.62 (28 iterations, 40 function evals)
	Step 2: optimized branches, loglik went from -52701.62 to -52591.74 (144 iterations, 160 function evals)
	Step 3: optimized parameters, loglik went from -52591.74 to -52578.72 (8 iterations, 12 function evals)
	Step 4: optimized branches, loglik went from -52578.72 to -52578.72 (1 iterations, 4 function evals)
2018-01-02 16:12:49,731 - INFO - Optimized log likelihood is -52578.72.
2018-01-02 16:12:49,731 - INFO - Writing log likelihood to bootstrap/Perth_high_0_1_averaged_ExpCM_Perth_high_0_1_prefs_gammaomega_loglikelihood.txt
2018-01-02 16:12:49,745 - INFO - Model parameters after optimization:
	alpha_omega = 0.623387
	beta = 1.39821
	beta_omega = 7.17651
	kappa = 3.70495
	phiA = 0.354476
	phiC = 0.185733
	phiG = 0.230274
2018-01-02 16:12:49,745 - INFO - Writing model parameters to bootstrap/Perth_high_0_1_averaged_ExpCM_Perth_high_0_1_prefs_gammaomega_modelparams.txt
2018-01-02 16:12:49,751 - INFO - Writing the optimized tree to bootstrap/Perth_high_0_1_averaged_ExpCM_Perth_high_0_1_prefs_gammaomega_tree.newick

2018-01-02 16:12:49,765 - INFO - Successful completion of phydms
