2018-01-03 00:23:40,568 - INFO - Beginning execution of phydms in directory /fh/fast/bloom_j/computational_notebooks/skhilton/2017/divergence_timing_manuscript/analysis/HA/branch_lengths

2018-01-03 00:23:40,568 - INFO - Progress is being logged to bootstrap/Perth_low_0_0_YNGKP_M0_log.log

2018-01-03 00:23:40,568 - INFO - Version information:
	Time and date: Wed Jan  3 00:23:39 2018
	Platform: Linux-3.13.0-68-generic-x86_64-with-debian-jessie-sid
	Python version: 3.6.0 |Continuum Analytics, Inc.| (default, Dec 23 2016, 12:22:00)  [GCC 4.4.7 20120313 (Red Hat 4.4.7-1)]
	phydms version: 2.2.0
	Bio version: 1.69
	cython version: 0.25.2
	numpy version: 1.13.3
	scipy version: 0.19.0
	matplotlib version: 2.1.0
	natsort version: 5.0.2
	sympy version: 1.0
	six version: 1.11.0
	pandas version: 0.21.0
	pyvolve version: 0.8.4
	statsmodels version: 0.8.0
	weblogolib version: 3.5.0
	PyPDF2 version: 1.26.0

2018-01-03 00:23:40,569 - INFO - Parsed the following arguments:
	alignment = bootstrap/Perth_low_0_0.fasta
	tree = bootstrap/Perth_low_0_0_RAxML_tree.newick
	model = YNGKP_M0
	outprefix = bootstrap/Perth_low_0_0_YNGKP_M0
	brlen = optimize
	gammaomega = False
	gammabeta = False
	omegabysite = False
	omegabysite_fixsyn = False
	diffprefsbysite = False
	diffprefsprior = ('invquadratic', 150.0, 0.5)
	fitphi = False
	randprefs = False
	avgprefs = False
	divpressure = None
	ncpus = 1
	fitprefsmethod = 2
	ncats = 4
	minbrlen = 1e-06
	minpref = 0.002
	seed = 1
	initparams = None
	profile = False
	opt_details = False
	nograd = False

2018-01-03 00:23:40,569 - INFO - Random number seed: 1

2018-01-03 00:23:40,569 - INFO - Reading alignment from bootstrap/Perth_low_0_0.fasta
2018-01-03 00:23:40,842 - INFO - Read 34 aligned sequences from bootstrap/Perth_low_0_0.fasta, each consisting of 565 codons.

2018-01-03 00:23:40,842 - INFO - Codon substitution model with be M0 version of YNGKP (Yang, Nielsen, Goldman, & Pederson. Genetics. 155:431-449).
2018-01-03 00:23:40,876 - INFO - Reading tree from bootstrap/Perth_low_0_0_RAxML_tree.newick
2018-01-03 00:23:40,880 - INFO - Tree has 34 tips.
2018-01-03 00:23:40,890 - INFO - Adjusted 1 branch lengths up to minbrlen 1e-06

2018-01-03 00:23:40,890 - INFO - Initializing TreeLikelihood..
2018-01-03 00:23:42,672 - INFO - TreeLikelihood initialized.
2018-01-03 00:23:42,672 - INFO - Maximizing log likelihood (initially -24527.94).
2018-01-03 00:23:42,673 - INFO - Branch lengths will be optimized individually.
2018-01-03 00:30:20,991 - INFO - Maximization complete:
	Step 1: optimized parameters, loglik went from -24527.94 to -21652.86 (19 iterations, 30 function evals)
	Step 2: optimized branches, loglik went from -21652.86 to -21630.43 (110 iterations, 122 function evals)
	Step 3: optimized parameters, loglik went from -21630.43 to -21630.26 (3 iterations, 7 function evals)
	Step 4: optimized branches, loglik went from -21630.26 to -21630.25 (3 iterations, 6 function evals)
2018-01-03 00:30:21,059 - INFO - Optimized log likelihood is -21630.25.
2018-01-03 00:30:21,060 - INFO - Writing log likelihood to bootstrap/Perth_low_0_0_YNGKP_M0_loglikelihood.txt
2018-01-03 00:30:21,069 - INFO - Model parameters after optimization:
	kappa = 2.97598
	omega = 0.0566976
	phi0A = 0.337855
	phi0C = 0.152708
	phi0G = 0.275583
	phi1A = 0.384692
	phi1C = 0.184361
	phi1G = 0.202204
	phi2A = 0.331614
	phi2C = 0.222747
	phi2G = 0.199399
2018-01-03 00:30:21,069 - INFO - Writing model parameters to bootstrap/Perth_low_0_0_YNGKP_M0_modelparams.txt
2018-01-03 00:30:21,077 - INFO - Writing the optimized tree to bootstrap/Perth_low_0_0_YNGKP_M0_tree.newick

2018-01-03 00:30:21,085 - INFO - Successful completion of phydms
