2018-01-02 10:27:43,773 - INFO - Beginning execution of phydms_comprehensive in directory /fh/fast/bloom_j/computational_notebooks/skhilton/2017/divergence_timing_manuscript/analysis/HA/branch_lengths

2018-01-02 10:27:43,773 - INFO - Progress is being logged to bootstrap/Perth_intermediate_0_0.log

2018-01-02 10:27:43,773 - INFO - Version information:
	Time and date: Tue Jan  2 10:27:37 2018
	Platform: Linux-3.13.0-68-generic-x86_64-with-debian-jessie-sid
	Python version: 3.6.0 |Continuum Analytics, Inc.| (default, Dec 23 2016, 12:22:00)  [GCC 4.4.7 20120313 (Red Hat 4.4.7-1)]
	phydms version: 2.2.0
	Bio version: 1.69
	cython version: 0.25.2
	numpy version: 1.13.3
	scipy version: 0.19.0
	matplotlib version: 2.1.0
	natsort version: 5.0.2
	sympy version: 1.0
	six version: 1.11.0
	pandas version: 0.21.0
	pyvolve version: 0.8.4
	statsmodels version: 0.8.0
	weblogolib version: 3.5.0
	PyPDF2 version: 1.26.0

2018-01-02 10:27:43,774 - INFO - Parsed the following command-line arguments:
	outprefix = bootstrap/Perth_intermediate_0_0_
	alignment = bootstrap/Perth_intermediate_0_0.fasta
	prefsfiles = ['bootstrap/Perth_intermediate_0_0_prefs.csv']
	raxml = raxml
	tree = None
	ncpus = -1
	brlen = optimize
	omegabysite = False
	diffprefsbysite = False
	gammaomega = True
	gammabeta = False
	noavgprefs = False
	randprefs = True

2018-01-02 10:27:43,774 - INFO - Checking that the alignment bootstrap/Perth_intermediate_0_0.fasta is valid...
2018-01-02 10:27:44,229 - INFO - Valid alignment specifying 59 sequences of length 1695.

2018-01-02 10:27:44,229 - INFO - Tree not specified.
2018-01-02 10:27:44,274 - INFO - Inferring tree with RAxML using command raxml
2018-01-02 10:28:19,992 - INFO - RAxML inferred tree is now named bootstrap/Perth_intermediate_0_0_RAxML_tree.newick
2018-01-02 10:28:20,015 - INFO - Starting analysis to optimize tree in bootstrap/Perth_intermediate_0_0_RAxML_tree.newick using model YNGKP_M0. The command is: phydms bootstrap/Perth_intermediate_0_0.fasta bootstrap/Perth_intermediate_0_0_RAxML_tree.newick YNGKP_M0 bootstrap/Perth_intermediate_0_0_YNGKP_M0 --brlen optimize --ncpus 1

2018-01-02 10:28:20,016 - INFO - Starting analysis to optimize tree in bootstrap/Perth_intermediate_0_0_RAxML_tree.newick using model YNGKP_M5. The command is: phydms bootstrap/Perth_intermediate_0_0.fasta bootstrap/Perth_intermediate_0_0_RAxML_tree.newick YNGKP_M5 bootstrap/Perth_intermediate_0_0_YNGKP_M5 --brlen optimize --ncpus 1

2018-01-02 10:28:20,016 - INFO - Starting analysis to optimize tree in bootstrap/Perth_intermediate_0_0_RAxML_tree.newick using model ExpCM_Perth_intermediate_0_0_prefs. The command is: phydms bootstrap/Perth_intermediate_0_0.fasta bootstrap/Perth_intermediate_0_0_RAxML_tree.newick ExpCM_bootstrap/Perth_intermediate_0_0_prefs.csv bootstrap/Perth_intermediate_0_0_ExpCM_Perth_intermediate_0_0_prefs --brlen optimize --ncpus 4

2018-01-02 10:28:20,017 - INFO - Starting analysis to optimize tree in bootstrap/Perth_intermediate_0_0_RAxML_tree.newick using model ExpCM_Perth_intermediate_0_0_prefs_gammaomega. The command is: phydms bootstrap/Perth_intermediate_0_0.fasta bootstrap/Perth_intermediate_0_0_RAxML_tree.newick ExpCM_bootstrap/Perth_intermediate_0_0_prefs.csv bootstrap/Perth_intermediate_0_0_ExpCM_Perth_intermediate_0_0_prefs_gammaomega --brlen optimize --gammaomega --ncpus 4

2018-01-02 10:28:20,017 - INFO - Starting analysis to optimize tree in bootstrap/Perth_intermediate_0_0_RAxML_tree.newick using model averaged_ExpCM_Perth_intermediate_0_0_prefs. The command is: phydms bootstrap/Perth_intermediate_0_0.fasta bootstrap/Perth_intermediate_0_0_RAxML_tree.newick ExpCM_bootstrap/Perth_intermediate_0_0_prefs.csv bootstrap/Perth_intermediate_0_0_averaged_ExpCM_Perth_intermediate_0_0_prefs --brlen optimize --avgprefs --ncpus 4

2018-01-02 10:28:20,017 - INFO - Starting analysis to optimize tree in bootstrap/Perth_intermediate_0_0_RAxML_tree.newick using model averaged_ExpCM_Perth_intermediate_0_0_prefs_gammaomega. The command is: phydms bootstrap/Perth_intermediate_0_0.fasta bootstrap/Perth_intermediate_0_0_RAxML_tree.newick ExpCM_bootstrap/Perth_intermediate_0_0_prefs.csv bootstrap/Perth_intermediate_0_0_averaged_ExpCM_Perth_intermediate_0_0_prefs_gammaomega --brlen optimize --gammaomega --avgprefs --ncpus 4

2018-01-02 10:28:20,017 - INFO - Starting analysis to optimize tree in bootstrap/Perth_intermediate_0_0_RAxML_tree.newick using model randomized_ExpCM_Perth_intermediate_0_0_prefs. The command is: phydms bootstrap/Perth_intermediate_0_0.fasta bootstrap/Perth_intermediate_0_0_RAxML_tree.newick ExpCM_bootstrap/Perth_intermediate_0_0_prefs.csv bootstrap/Perth_intermediate_0_0_randomized_ExpCM_Perth_intermediate_0_0_prefs --brlen optimize --randprefs --ncpus 4

2018-01-02 10:28:20,017 - INFO - Starting analysis to optimize tree in bootstrap/Perth_intermediate_0_0_RAxML_tree.newick using model randomized_ExpCM_Perth_intermediate_0_0_prefs_gammaomega. The command is: phydms bootstrap/Perth_intermediate_0_0.fasta bootstrap/Perth_intermediate_0_0_RAxML_tree.newick ExpCM_bootstrap/Perth_intermediate_0_0_prefs.csv bootstrap/Perth_intermediate_0_0_randomized_ExpCM_Perth_intermediate_0_0_prefs_gammaomega --brlen optimize --gammaomega --randprefs --ncpus 4

2018-01-02 11:11:41,465 - INFO - Analysis completed for YNGKP_M0
2018-01-02 11:11:41,468 - INFO - Found expected output file bootstrap/Perth_intermediate_0_0_YNGKP_M0_log.log
2018-01-02 11:11:41,468 - INFO - Found expected output file bootstrap/Perth_intermediate_0_0_YNGKP_M0_tree.newick
2018-01-02 11:11:41,468 - INFO - Found expected output file bootstrap/Perth_intermediate_0_0_YNGKP_M0_loglikelihood.txt
2018-01-02 11:11:41,469 - INFO - Found expected output file bootstrap/Perth_intermediate_0_0_YNGKP_M0_modelparams.txt
2018-01-02 11:11:41,469 - INFO - Analysis successful for YNGKP_M0

2018-01-02 11:32:09,869 - INFO - Analysis completed for averaged_ExpCM_Perth_intermediate_0_0_prefs
2018-01-02 11:32:09,871 - INFO - Found expected output file bootstrap/Perth_intermediate_0_0_averaged_ExpCM_Perth_intermediate_0_0_prefs_log.log
2018-01-02 11:32:09,871 - INFO - Found expected output file bootstrap/Perth_intermediate_0_0_averaged_ExpCM_Perth_intermediate_0_0_prefs_tree.newick
2018-01-02 11:32:09,873 - INFO - Found expected output file bootstrap/Perth_intermediate_0_0_averaged_ExpCM_Perth_intermediate_0_0_prefs_loglikelihood.txt
2018-01-02 11:32:09,874 - INFO - Found expected output file bootstrap/Perth_intermediate_0_0_averaged_ExpCM_Perth_intermediate_0_0_prefs_modelparams.txt
2018-01-02 11:32:09,874 - INFO - Analysis successful for averaged_ExpCM_Perth_intermediate_0_0_prefs

2018-01-02 11:53:30,301 - INFO - Analysis completed for randomized_ExpCM_Perth_intermediate_0_0_prefs
2018-01-02 11:53:30,303 - INFO - Found expected output file bootstrap/Perth_intermediate_0_0_randomized_ExpCM_Perth_intermediate_0_0_prefs_log.log
2018-01-02 11:53:30,304 - INFO - Found expected output file bootstrap/Perth_intermediate_0_0_randomized_ExpCM_Perth_intermediate_0_0_prefs_tree.newick
2018-01-02 11:53:30,304 - INFO - Found expected output file bootstrap/Perth_intermediate_0_0_randomized_ExpCM_Perth_intermediate_0_0_prefs_loglikelihood.txt
2018-01-02 11:53:30,304 - INFO - Found expected output file bootstrap/Perth_intermediate_0_0_randomized_ExpCM_Perth_intermediate_0_0_prefs_modelparams.txt
2018-01-02 11:53:30,304 - INFO - Analysis successful for randomized_ExpCM_Perth_intermediate_0_0_prefs

2018-01-02 12:06:05,153 - INFO - Analysis completed for ExpCM_Perth_intermediate_0_0_prefs
2018-01-02 12:06:05,155 - INFO - Found expected output file bootstrap/Perth_intermediate_0_0_ExpCM_Perth_intermediate_0_0_prefs_log.log
2018-01-02 12:06:05,155 - INFO - Found expected output file bootstrap/Perth_intermediate_0_0_ExpCM_Perth_intermediate_0_0_prefs_tree.newick
2018-01-02 12:06:05,155 - INFO - Found expected output file bootstrap/Perth_intermediate_0_0_ExpCM_Perth_intermediate_0_0_prefs_loglikelihood.txt
2018-01-02 12:06:05,155 - INFO - Found expected output file bootstrap/Perth_intermediate_0_0_ExpCM_Perth_intermediate_0_0_prefs_modelparams.txt
2018-01-02 12:06:05,156 - INFO - Analysis successful for ExpCM_Perth_intermediate_0_0_prefs

2018-01-02 14:07:16,223 - INFO - Analysis completed for YNGKP_M5
2018-01-02 14:07:16,226 - INFO - Found expected output file bootstrap/Perth_intermediate_0_0_YNGKP_M5_log.log
2018-01-02 14:07:16,226 - INFO - Found expected output file bootstrap/Perth_intermediate_0_0_YNGKP_M5_tree.newick
2018-01-02 14:07:16,226 - INFO - Found expected output file bootstrap/Perth_intermediate_0_0_YNGKP_M5_loglikelihood.txt
2018-01-02 14:07:16,226 - INFO - Found expected output file bootstrap/Perth_intermediate_0_0_YNGKP_M5_modelparams.txt
2018-01-02 14:07:16,227 - INFO - Analysis successful for YNGKP_M5

2018-01-02 15:44:43,667 - INFO - Analysis completed for averaged_ExpCM_Perth_intermediate_0_0_prefs_gammaomega
2018-01-02 15:44:43,669 - INFO - Found expected output file bootstrap/Perth_intermediate_0_0_averaged_ExpCM_Perth_intermediate_0_0_prefs_gammaomega_log.log
2018-01-02 15:44:43,669 - INFO - Found expected output file bootstrap/Perth_intermediate_0_0_averaged_ExpCM_Perth_intermediate_0_0_prefs_gammaomega_tree.newick
2018-01-02 15:44:43,669 - INFO - Found expected output file bootstrap/Perth_intermediate_0_0_averaged_ExpCM_Perth_intermediate_0_0_prefs_gammaomega_loglikelihood.txt
2018-01-02 15:44:43,670 - INFO - Found expected output file bootstrap/Perth_intermediate_0_0_averaged_ExpCM_Perth_intermediate_0_0_prefs_gammaomega_modelparams.txt
2018-01-02 15:44:43,670 - INFO - Analysis successful for averaged_ExpCM_Perth_intermediate_0_0_prefs_gammaomega

2018-01-02 15:59:11,483 - INFO - Analysis completed for randomized_ExpCM_Perth_intermediate_0_0_prefs_gammaomega
2018-01-02 15:59:11,485 - INFO - Found expected output file bootstrap/Perth_intermediate_0_0_randomized_ExpCM_Perth_intermediate_0_0_prefs_gammaomega_log.log
2018-01-02 15:59:11,485 - INFO - Found expected output file bootstrap/Perth_intermediate_0_0_randomized_ExpCM_Perth_intermediate_0_0_prefs_gammaomega_tree.newick
2018-01-02 15:59:11,485 - INFO - Found expected output file bootstrap/Perth_intermediate_0_0_randomized_ExpCM_Perth_intermediate_0_0_prefs_gammaomega_loglikelihood.txt
2018-01-02 15:59:11,486 - INFO - Found expected output file bootstrap/Perth_intermediate_0_0_randomized_ExpCM_Perth_intermediate_0_0_prefs_gammaomega_modelparams.txt
2018-01-02 15:59:11,486 - INFO - Analysis successful for randomized_ExpCM_Perth_intermediate_0_0_prefs_gammaomega

2018-01-02 18:57:23,708 - INFO - Analysis completed for ExpCM_Perth_intermediate_0_0_prefs_gammaomega
2018-01-02 18:57:23,711 - INFO - Found expected output file bootstrap/Perth_intermediate_0_0_ExpCM_Perth_intermediate_0_0_prefs_gammaomega_log.log
2018-01-02 18:57:23,712 - INFO - Found expected output file bootstrap/Perth_intermediate_0_0_ExpCM_Perth_intermediate_0_0_prefs_gammaomega_tree.newick
2018-01-02 18:57:23,713 - INFO - Found expected output file bootstrap/Perth_intermediate_0_0_ExpCM_Perth_intermediate_0_0_prefs_gammaomega_loglikelihood.txt
2018-01-02 18:57:23,713 - INFO - Found expected output file bootstrap/Perth_intermediate_0_0_ExpCM_Perth_intermediate_0_0_prefs_gammaomega_modelparams.txt
2018-01-02 18:57:23,713 - INFO - Analysis successful for ExpCM_Perth_intermediate_0_0_prefs_gammaomega

2018-01-02 18:57:24,748 - INFO - Successful completion of phydms_comprehensive
