2018-01-02 10:29:00,416 - INFO - Beginning execution of phydms in directory /fh/fast/bloom_j/computational_notebooks/skhilton/2017/divergence_timing_manuscript/analysis/HA/branch_lengths

2018-01-02 10:29:00,416 - INFO - Progress is being logged to bootstrap/Perth_high_0_1_randomized_ExpCM_Perth_high_0_1_prefs_log.log

2018-01-02 10:29:00,416 - INFO - Version information:
	Time and date: Tue Jan  2 10:28:58 2018
	Platform: Linux-3.13.0-68-generic-x86_64-with-debian-jessie-sid
	Python version: 3.6.0 |Continuum Analytics, Inc.| (default, Dec 23 2016, 12:22:00)  [GCC 4.4.7 20120313 (Red Hat 4.4.7-1)]
	phydms version: 2.2.0
	Bio version: 1.69
	cython version: 0.25.2
	numpy version: 1.13.3
	scipy version: 0.19.0
	matplotlib version: 2.1.0
	natsort version: 5.0.2
	sympy version: 1.0
	six version: 1.11.0
	pandas version: 0.21.0
	pyvolve version: 0.8.4
	statsmodels version: 0.8.0
	weblogolib version: 3.5.0
	PyPDF2 version: 1.26.0

2018-01-02 10:29:00,417 - INFO - Parsed the following arguments:
	alignment = bootstrap/Perth_high_0_1.fasta
	tree = bootstrap/Perth_high_0_1_RAxML_tree.newick
	model = ('ExpCM', 'bootstrap/Perth_high_0_1_prefs.csv')
	outprefix = bootstrap/Perth_high_0_1_randomized_ExpCM_Perth_high_0_1_prefs
	brlen = optimize
	gammaomega = False
	gammabeta = False
	omegabysite = False
	omegabysite_fixsyn = False
	diffprefsbysite = False
	diffprefsprior = ('invquadratic', 150.0, 0.5)
	fitphi = False
	randprefs = True
	avgprefs = False
	divpressure = None
	ncpus = 4
	fitprefsmethod = 2
	ncats = 4
	minbrlen = 1e-06
	minpref = 0.002
	seed = 1
	initparams = None
	profile = False
	opt_details = False
	nograd = False

2018-01-02 10:29:00,417 - INFO - Random number seed: 1

2018-01-02 10:29:00,417 - INFO - Reading alignment from bootstrap/Perth_high_0_1.fasta
2018-01-02 10:29:01,960 - INFO - Read 87 aligned sequences from bootstrap/Perth_high_0_1.fasta, each consisting of 565 codons.

2018-01-02 10:29:01,961 - INFO - The model will be an ExpCM informed by site-specific amino-acid preferences in bootstrap/Perth_high_0_1_prefs.csv
2018-01-02 10:29:01,961 - INFO - Preferences will be randomized across sites.
2018-01-02 10:29:06,155 - INFO - Successfully read site-specific amino-acid preferences for all 565 sites.

2018-01-02 10:29:06,170 - INFO - Nucleotide frequency parameters phi will be set so stationary state matches alignment nucleotide frequencies of A = 0.342, C = 0.195, G = 0.225, T = 0.238

2018-01-02 10:29:17,989 - INFO - Reading tree from bootstrap/Perth_high_0_1_RAxML_tree.newick
2018-01-02 10:29:18,002 - INFO - Tree has 87 tips.
2018-01-02 10:29:18,122 - INFO - Adjusted 1 branch lengths up to minbrlen 1e-06

2018-01-02 10:29:18,124 - INFO - Initializing TreeLikelihood..
2018-01-02 10:30:38,635 - INFO - TreeLikelihood initialized.
2018-01-02 10:30:38,636 - INFO - Maximizing log likelihood (initially -61659.77).
2018-01-02 10:30:38,636 - INFO - Branch lengths will be optimized individually.
2018-01-02 11:58:29,870 - INFO - Maximization complete:
	Step 1: optimized parameters, loglik went from -61659.77 to -54234.43 (22 iterations, 34 function evals)
	Step 2: optimized branches, loglik went from -54234.43 to -54196.58 (98 iterations, 104 function evals)
	Step 3: optimized parameters, loglik went from -54196.58 to -54192.48 (9 iterations, 14 function evals)
	Step 4: optimized branches, loglik went from -54192.48 to -54192.48 (1 iterations, 5 function evals)
2018-01-02 11:58:29,871 - INFO - Optimized log likelihood is -54192.48.
2018-01-02 11:58:29,871 - INFO - Writing log likelihood to bootstrap/Perth_high_0_1_randomized_ExpCM_Perth_high_0_1_prefs_loglikelihood.txt
2018-01-02 11:58:29,876 - INFO - Model parameters after optimization:
	beta = 1.1e-05
	kappa = 3.34602
	omega = 0.0733375
	phiA = 0.351815
	phiC = 0.181489
	phiG = 0.222457
2018-01-02 11:58:29,876 - INFO - Writing model parameters to bootstrap/Perth_high_0_1_randomized_ExpCM_Perth_high_0_1_prefs_modelparams.txt
2018-01-02 11:58:29,880 - INFO - Writing the optimized tree to bootstrap/Perth_high_0_1_randomized_ExpCM_Perth_high_0_1_prefs_tree.newick

2018-01-02 11:58:29,888 - INFO - Successful completion of phydms
