2018-01-02 20:25:19,398 - INFO - Beginning execution of phydms in directory /fh/fast/bloom_j/computational_notebooks/skhilton/2017/divergence_timing_manuscript/analysis/HA/branch_lengths

2018-01-02 20:25:19,399 - INFO - Progress is being logged to bootstrap/Perth_low_0_1_averaged_ExpCM_Perth_low_0_1_prefs_gammaomega_log.log

2018-01-02 20:25:19,399 - INFO - Version information:
	Time and date: Tue Jan  2 20:25:18 2018
	Platform: Linux-3.13.0-68-generic-x86_64-with-debian-jessie-sid
	Python version: 3.6.0 |Continuum Analytics, Inc.| (default, Dec 23 2016, 12:22:00)  [GCC 4.4.7 20120313 (Red Hat 4.4.7-1)]
	phydms version: 2.2.0
	Bio version: 1.69
	cython version: 0.25.2
	numpy version: 1.13.3
	scipy version: 0.19.0
	matplotlib version: 2.1.0
	natsort version: 5.0.2
	sympy version: 1.0
	six version: 1.11.0
	pandas version: 0.21.0
	pyvolve version: 0.8.4
	statsmodels version: 0.8.0
	weblogolib version: 3.5.0
	PyPDF2 version: 1.26.0

2018-01-02 20:25:19,399 - INFO - Parsed the following arguments:
	alignment = bootstrap/Perth_low_0_1.fasta
	tree = bootstrap/Perth_low_0_1_RAxML_tree.newick
	model = ('ExpCM', 'bootstrap/Perth_low_0_1_prefs.csv')
	outprefix = bootstrap/Perth_low_0_1_averaged_ExpCM_Perth_low_0_1_prefs_gammaomega
	brlen = optimize
	gammaomega = True
	gammabeta = False
	omegabysite = False
	omegabysite_fixsyn = False
	diffprefsbysite = False
	diffprefsprior = ('invquadratic', 150.0, 0.5)
	fitphi = False
	randprefs = False
	avgprefs = True
	divpressure = None
	ncpus = 4
	fitprefsmethod = 2
	ncats = 4
	minbrlen = 1e-06
	minpref = 0.002
	seed = 1
	initparams = None
	profile = False
	opt_details = False
	nograd = False

2018-01-02 20:25:19,399 - INFO - Random number seed: 1

2018-01-02 20:25:19,399 - INFO - Reading alignment from bootstrap/Perth_low_0_1.fasta
2018-01-02 20:25:19,677 - INFO - Read 34 aligned sequences from bootstrap/Perth_low_0_1.fasta, each consisting of 565 codons.

2018-01-02 20:25:19,677 - INFO - The model will be an ExpCM informed by site-specific amino-acid preferences in bootstrap/Perth_low_0_1_prefs.csv
2018-01-02 20:25:19,677 - INFO - Preferences will be averaged across sites.
2018-01-02 20:25:21,033 - INFO - Successfully read site-specific amino-acid preferences for all 565 sites.

2018-01-02 20:25:21,034 - INFO - Nucleotide frequency parameters phi will be set so stationary state matches alignment nucleotide frequencies of A = 0.334, C = 0.207, G = 0.224, T = 0.236

2018-01-02 20:25:23,798 - INFO - Omega will be drawn from 4 gamma-distributed categories.

2018-01-02 20:25:37,645 - INFO - Reading tree from bootstrap/Perth_low_0_1_RAxML_tree.newick
2018-01-02 20:25:37,649 - INFO - Tree has 34 tips.
2018-01-02 20:25:37,661 - INFO - Adjusted 1 branch lengths up to minbrlen 1e-06

2018-01-02 20:25:37,662 - INFO - Initializing TreeLikelihood..
2018-01-02 20:26:51,447 - INFO - TreeLikelihood initialized.
2018-01-02 20:26:51,447 - INFO - Maximizing log likelihood (initially -23733.73).
2018-01-02 20:26:51,447 - INFO - Branch lengths will be optimized individually.
2018-01-03 00:15:57,600 - INFO - Maximization complete:
	Step 1: optimized parameters, loglik went from -23733.73 to -20765.80 (22 iterations, 29 function evals)
	Step 2: optimized branches, loglik went from -20765.80 to -20718.67 (397 iterations, 426 function evals)
	Step 3: optimized parameters, loglik went from -20718.67 to -20711.13 (9 iterations, 14 function evals)
	Step 4: optimized branches, loglik went from -20711.13 to -20709.86 (90 iterations, 103 function evals)
	Step 5: optimized parameters, loglik went from -20709.86 to -20709.60 (6 iterations, 10 function evals)
	Step 6: optimized branches, loglik went from -20709.60 to -20709.60 (1 iterations, 4 function evals)
2018-01-03 00:15:57,642 - INFO - Optimized log likelihood is -20709.60.
2018-01-03 00:15:57,642 - INFO - Writing log likelihood to bootstrap/Perth_low_0_1_averaged_ExpCM_Perth_low_0_1_prefs_gammaomega_loglikelihood.txt
2018-01-03 00:15:57,653 - INFO - Model parameters after optimization:
	alpha_omega = 0.436803
	beta = 1.4874
	beta_omega = 6.12454
	kappa = 4.04525
	phiA = 0.34507
	phiC = 0.198658
	phiG = 0.229685
2018-01-03 00:15:57,653 - INFO - Writing model parameters to bootstrap/Perth_low_0_1_averaged_ExpCM_Perth_low_0_1_prefs_gammaomega_modelparams.txt
2018-01-03 00:15:57,658 - INFO - Writing the optimized tree to bootstrap/Perth_low_0_1_averaged_ExpCM_Perth_low_0_1_prefs_gammaomega_tree.newick

2018-01-03 00:15:57,667 - INFO - Successful completion of phydms
