2018-01-02 10:28:56,205 - INFO - Beginning execution of phydms in directory /fh/fast/bloom_j/computational_notebooks/skhilton/2017/divergence_timing_manuscript/analysis/HA/branch_lengths

2018-01-02 10:28:56,206 - INFO - Progress is being logged to bootstrap/Perth_high_0_1_ExpCM_Perth_high_0_1_prefs_log.log

2018-01-02 10:28:56,206 - INFO - Version information:
	Time and date: Tue Jan  2 10:28:54 2018
	Platform: Linux-3.13.0-68-generic-x86_64-with-debian-jessie-sid
	Python version: 3.6.0 |Continuum Analytics, Inc.| (default, Dec 23 2016, 12:22:00)  [GCC 4.4.7 20120313 (Red Hat 4.4.7-1)]
	phydms version: 2.2.0
	Bio version: 1.69
	cython version: 0.25.2
	numpy version: 1.13.3
	scipy version: 0.19.0
	matplotlib version: 2.1.0
	natsort version: 5.0.2
	sympy version: 1.0
	six version: 1.11.0
	pandas version: 0.21.0
	pyvolve version: 0.8.4
	statsmodels version: 0.8.0
	weblogolib version: 3.5.0
	PyPDF2 version: 1.26.0

2018-01-02 10:28:56,206 - INFO - Parsed the following arguments:
	alignment = bootstrap/Perth_high_0_1.fasta
	tree = bootstrap/Perth_high_0_1_RAxML_tree.newick
	model = ('ExpCM', 'bootstrap/Perth_high_0_1_prefs.csv')
	outprefix = bootstrap/Perth_high_0_1_ExpCM_Perth_high_0_1_prefs
	brlen = optimize
	gammaomega = False
	gammabeta = False
	omegabysite = False
	omegabysite_fixsyn = False
	diffprefsbysite = False
	diffprefsprior = ('invquadratic', 150.0, 0.5)
	fitphi = False
	randprefs = False
	avgprefs = False
	divpressure = None
	ncpus = 4
	fitprefsmethod = 2
	ncats = 4
	minbrlen = 1e-06
	minpref = 0.002
	seed = 1
	initparams = None
	profile = False
	opt_details = False
	nograd = False

2018-01-02 10:28:56,206 - INFO - Random number seed: 1

2018-01-02 10:28:56,206 - INFO - Reading alignment from bootstrap/Perth_high_0_1.fasta
2018-01-02 10:28:57,019 - INFO - Read 87 aligned sequences from bootstrap/Perth_high_0_1.fasta, each consisting of 565 codons.

2018-01-02 10:28:57,019 - INFO - The model will be an ExpCM informed by site-specific amino-acid preferences in bootstrap/Perth_high_0_1_prefs.csv
2018-01-02 10:28:58,780 - INFO - Successfully read site-specific amino-acid preferences for all 565 sites.

2018-01-02 10:28:58,783 - INFO - Nucleotide frequency parameters phi will be set so stationary state matches alignment nucleotide frequencies of A = 0.342, C = 0.195, G = 0.225, T = 0.238

2018-01-02 10:29:01,912 - INFO - Reading tree from bootstrap/Perth_high_0_1_RAxML_tree.newick
2018-01-02 10:29:01,929 - INFO - Tree has 87 tips.
2018-01-02 10:29:02,012 - INFO - Adjusted 1 branch lengths up to minbrlen 1e-06

2018-01-02 10:29:02,013 - INFO - Initializing TreeLikelihood..
2018-01-02 10:30:31,055 - INFO - TreeLikelihood initialized.
2018-01-02 10:30:31,289 - INFO - Maximizing log likelihood (initially -58973.57).
2018-01-02 10:30:31,289 - INFO - Branch lengths will be optimized individually.
2018-01-02 12:44:53,851 - INFO - Maximization complete:
	Step 1: optimized parameters, loglik went from -58973.57 to -52109.50 (20 iterations, 28 function evals)
	Step 2: optimized branches, loglik went from -52109.50 to -51996.34 (252 iterations, 279 function evals)
	Step 3: optimized parameters, loglik went from -51996.34 to -51987.36 (5 iterations, 9 function evals)
	Step 4: optimized branches, loglik went from -51987.36 to -51987.35 (1 iterations, 5 function evals)
2018-01-02 12:44:53,893 - INFO - Optimized log likelihood is -51987.35.
2018-01-02 12:44:53,894 - INFO - Writing log likelihood to bootstrap/Perth_high_0_1_ExpCM_Perth_high_0_1_prefs_loglikelihood.txt
2018-01-02 12:44:53,902 - INFO - Model parameters after optimization:
	beta = 1.45611
	kappa = 3.5175
	omega = 0.116959
	phiA = 0.360459
	phiC = 0.1858
	phiG = 0.227128
2018-01-02 12:44:53,903 - INFO - Writing model parameters to bootstrap/Perth_high_0_1_ExpCM_Perth_high_0_1_prefs_modelparams.txt
2018-01-02 12:44:53,909 - INFO - Writing the optimized tree to bootstrap/Perth_high_0_1_ExpCM_Perth_high_0_1_prefs_tree.newick

2018-01-02 12:44:53,920 - INFO - Successful completion of phydms
