2018-01-02 10:28:58,424 - INFO - Beginning execution of phydms in directory /fh/fast/bloom_j/computational_notebooks/skhilton/2017/divergence_timing_manuscript/analysis/HA/branch_lengths

2018-01-02 10:28:58,424 - INFO - Progress is being logged to bootstrap/Perth_high_0_1_averaged_ExpCM_Perth_high_0_1_prefs_log.log

2018-01-02 10:28:58,424 - INFO - Version information:
	Time and date: Tue Jan  2 10:28:56 2018
	Platform: Linux-3.13.0-68-generic-x86_64-with-debian-jessie-sid
	Python version: 3.6.0 |Continuum Analytics, Inc.| (default, Dec 23 2016, 12:22:00)  [GCC 4.4.7 20120313 (Red Hat 4.4.7-1)]
	phydms version: 2.2.0
	Bio version: 1.69
	cython version: 0.25.2
	numpy version: 1.13.3
	scipy version: 0.19.0
	matplotlib version: 2.1.0
	natsort version: 5.0.2
	sympy version: 1.0
	six version: 1.11.0
	pandas version: 0.21.0
	pyvolve version: 0.8.4
	statsmodels version: 0.8.0
	weblogolib version: 3.5.0
	PyPDF2 version: 1.26.0

2018-01-02 10:28:58,425 - INFO - Parsed the following arguments:
	alignment = bootstrap/Perth_high_0_1.fasta
	tree = bootstrap/Perth_high_0_1_RAxML_tree.newick
	model = ('ExpCM', 'bootstrap/Perth_high_0_1_prefs.csv')
	outprefix = bootstrap/Perth_high_0_1_averaged_ExpCM_Perth_high_0_1_prefs
	brlen = optimize
	gammaomega = False
	gammabeta = False
	omegabysite = False
	omegabysite_fixsyn = False
	diffprefsbysite = False
	diffprefsprior = ('invquadratic', 150.0, 0.5)
	fitphi = False
	randprefs = False
	avgprefs = True
	divpressure = None
	ncpus = 4
	fitprefsmethod = 2
	ncats = 4
	minbrlen = 1e-06
	minpref = 0.002
	seed = 1
	initparams = None
	profile = False
	opt_details = False
	nograd = False

2018-01-02 10:28:58,425 - INFO - Random number seed: 1

2018-01-02 10:28:58,425 - INFO - Reading alignment from bootstrap/Perth_high_0_1.fasta
2018-01-02 10:28:59,122 - INFO - Read 87 aligned sequences from bootstrap/Perth_high_0_1.fasta, each consisting of 565 codons.

2018-01-02 10:28:59,123 - INFO - The model will be an ExpCM informed by site-specific amino-acid preferences in bootstrap/Perth_high_0_1_prefs.csv
2018-01-02 10:28:59,123 - INFO - Preferences will be averaged across sites.
2018-01-02 10:29:02,435 - INFO - Successfully read site-specific amino-acid preferences for all 565 sites.

2018-01-02 10:29:02,446 - INFO - Nucleotide frequency parameters phi will be set so stationary state matches alignment nucleotide frequencies of A = 0.342, C = 0.195, G = 0.225, T = 0.238

2018-01-02 10:29:13,853 - INFO - Reading tree from bootstrap/Perth_high_0_1_RAxML_tree.newick
2018-01-02 10:29:13,891 - INFO - Tree has 87 tips.
2018-01-02 10:29:14,127 - INFO - Adjusted 1 branch lengths up to minbrlen 1e-06

2018-01-02 10:29:14,127 - INFO - Initializing TreeLikelihood..
2018-01-02 10:30:42,691 - INFO - TreeLikelihood initialized.
2018-01-02 10:30:42,694 - INFO - Maximizing log likelihood (initially -61506.19).
2018-01-02 10:30:42,694 - INFO - Branch lengths will be optimized individually.
2018-01-02 11:59:34,285 - INFO - Maximization complete:
	Step 1: optimized parameters, loglik went from -61506.19 to -54204.01 (14 iterations, 24 function evals)
	Step 2: optimized branches, loglik went from -54204.01 to -54164.97 (127 iterations, 140 function evals)
	Step 3: optimized parameters, loglik went from -54164.97 to -54161.82 (4 iterations, 8 function evals)
	Step 4: optimized branches, loglik went from -54161.82 to -54161.82 (1 iterations, 5 function evals)
2018-01-02 11:59:34,286 - INFO - Optimized log likelihood is -54161.82.
2018-01-02 11:59:34,286 - INFO - Writing log likelihood to bootstrap/Perth_high_0_1_averaged_ExpCM_Perth_high_0_1_prefs_loglikelihood.txt
2018-01-02 11:59:34,292 - INFO - Model parameters after optimization:
	beta = 0.991085
	kappa = 3.37664
	omega = 0.0742075
	phiA = 0.353478
	phiC = 0.184687
	phiG = 0.228235
2018-01-02 11:59:34,292 - INFO - Writing model parameters to bootstrap/Perth_high_0_1_averaged_ExpCM_Perth_high_0_1_prefs_modelparams.txt
2018-01-02 11:59:34,295 - INFO - Writing the optimized tree to bootstrap/Perth_high_0_1_averaged_ExpCM_Perth_high_0_1_prefs_tree.newick

2018-01-02 11:59:34,305 - INFO - Successful completion of phydms
