2018-01-02 20:25:15,206 - INFO - Beginning execution of phydms in directory /fh/fast/bloom_j/computational_notebooks/skhilton/2017/divergence_timing_manuscript/analysis/HA/branch_lengths

2018-01-02 20:25:15,206 - INFO - Progress is being logged to bootstrap/Perth_low_0_1_YNGKP_M5_log.log

2018-01-02 20:25:15,206 - INFO - Version information:
	Time and date: Tue Jan  2 20:25:14 2018
	Platform: Linux-3.13.0-68-generic-x86_64-with-debian-jessie-sid
	Python version: 3.6.0 |Continuum Analytics, Inc.| (default, Dec 23 2016, 12:22:00)  [GCC 4.4.7 20120313 (Red Hat 4.4.7-1)]
	phydms version: 2.2.0
	Bio version: 1.69
	cython version: 0.25.2
	numpy version: 1.13.3
	scipy version: 0.19.0
	matplotlib version: 2.1.0
	natsort version: 5.0.2
	sympy version: 1.0
	six version: 1.11.0
	pandas version: 0.21.0
	pyvolve version: 0.8.4
	statsmodels version: 0.8.0
	weblogolib version: 3.5.0
	PyPDF2 version: 1.26.0

2018-01-02 20:25:15,207 - INFO - Parsed the following arguments:
	alignment = bootstrap/Perth_low_0_1.fasta
	tree = bootstrap/Perth_low_0_1_RAxML_tree.newick
	model = YNGKP_M5
	outprefix = bootstrap/Perth_low_0_1_YNGKP_M5
	brlen = optimize
	gammaomega = False
	gammabeta = False
	omegabysite = False
	omegabysite_fixsyn = False
	diffprefsbysite = False
	diffprefsprior = ('invquadratic', 150.0, 0.5)
	fitphi = False
	randprefs = False
	avgprefs = False
	divpressure = None
	ncpus = 1
	fitprefsmethod = 2
	ncats = 4
	minbrlen = 1e-06
	minpref = 0.002
	seed = 1
	initparams = None
	profile = False
	opt_details = False
	nograd = False

2018-01-02 20:25:15,207 - INFO - Random number seed: 1

2018-01-02 20:25:15,207 - INFO - Reading alignment from bootstrap/Perth_low_0_1.fasta
2018-01-02 20:25:15,494 - INFO - Read 34 aligned sequences from bootstrap/Perth_low_0_1.fasta, each consisting of 565 codons.

2018-01-02 20:25:15,494 - INFO - Codon substitution model with be M5 version of YNGKP (Yang, Nielsen, Goldman, & Pederson. Genetics. 155:431-449).
2018-01-02 20:25:15,528 - INFO - For this YNGKP_M5 model, omega will be drawn from 4 gamma-distributed categories.
2018-01-02 20:25:15,540 - INFO - Reading tree from bootstrap/Perth_low_0_1_RAxML_tree.newick
2018-01-02 20:25:15,542 - INFO - Tree has 34 tips.
2018-01-02 20:25:15,550 - INFO - Adjusted 1 branch lengths up to minbrlen 1e-06

2018-01-02 20:25:15,550 - INFO - Initializing TreeLikelihood..
2018-01-02 20:25:25,139 - INFO - TreeLikelihood initialized.
2018-01-02 20:25:25,151 - INFO - Maximizing log likelihood (initially -23904.72).
2018-01-02 20:25:25,152 - INFO - Branch lengths will be optimized individually.
2018-01-02 22:03:07,505 - INFO - Maximization complete:
	Step 1: optimized parameters, loglik went from -23904.72 to -20958.73 (18 iterations, 23 function evals)
	Step 2: optimized branches, loglik went from -20958.73 to -20906.05 (329 iterations, 356 function evals)
	Step 3: optimized parameters, loglik went from -20906.05 to -20897.03 (12 iterations, 17 function evals)
	Step 4: optimized branches, loglik went from -20897.03 to -20896.58 (13 iterations, 17 function evals)
	Step 5: optimized parameters, loglik went from -20896.58 to -20896.26 (7 iterations, 10 function evals)
	Step 6: optimized branches, loglik went from -20896.26 to -20895.97 (3 iterations, 7 function evals)
	Step 7: optimized parameters, loglik went from -20895.97 to -20895.75 (4 iterations, 6 function evals)
	Step 8: optimized branches, loglik went from -20895.75 to -20895.58 (2 iterations, 5 function evals)
	Step 9: optimized parameters, loglik went from -20895.58 to -20895.43 (8 iterations, 10 function evals)
	Step 10: optimized branches, loglik went from -20895.43 to -20895.29 (2 iterations, 6 function evals)
	Step 11: optimized parameters, loglik went from -20895.29 to -20895.19 (4 iterations, 6 function evals)
	Step 12: optimized branches, loglik went from -20895.19 to -20895.09 (2 iterations, 5 function evals)
	Step 13: optimized parameters, loglik went from -20895.09 to -20895.02 (4 iterations, 6 function evals)
	Step 14: optimized branches, loglik went from -20895.02 to -20894.95 (2 iterations, 6 function evals)
	Step 15: optimized parameters, loglik went from -20894.95 to -20894.86 (7 iterations, 9 function evals)
	Step 16: optimized branches, loglik went from -20894.86 to -20894.79 (2 iterations, 5 function evals)
	Step 17: optimized parameters, loglik went from -20894.79 to -20894.74 (4 iterations, 6 function evals)
	Step 18: optimized branches, loglik went from -20894.74 to -20894.68 (2 iterations, 6 function evals)
	Step 19: optimized parameters, loglik went from -20894.68 to -20894.64 (6 iterations, 9 function evals)
	Step 20: optimized branches, loglik went from -20894.64 to -20894.59 (3 iterations, 6 function evals)
	Step 21: optimized parameters, loglik went from -20894.59 to -20894.55 (5 iterations, 7 function evals)
	Step 22: optimized branches, loglik went from -20894.55 to -20894.44 (16 iterations, 19 function evals)
	Step 23: optimized parameters, loglik went from -20894.44 to -20894.40 (8 iterations, 10 function evals)
	Step 24: optimized branches, loglik went from -20894.40 to -20894.35 (3 iterations, 7 function evals)
	Step 25: optimized parameters, loglik went from -20894.35 to -20894.33 (4 iterations, 6 function evals)
	Step 26: optimized branches, loglik went from -20894.33 to -20894.33 (1 iterations, 4 function evals)
2018-01-02 22:03:07,548 - INFO - Optimized log likelihood is -20894.33.
2018-01-02 22:03:07,548 - INFO - Writing log likelihood to bootstrap/Perth_low_0_1_YNGKP_M5_loglikelihood.txt
2018-01-02 22:03:07,569 - INFO - Model parameters after optimization:
	alpha_omega = 0.452168
	beta_omega = 7.11463
	kappa = 3.73004
	phi0A = 0.356969
	phi0C = 0.157941
	phi0G = 0.273652
	phi1A = 0.344332
	phi1C = 0.199028
	phi1G = 0.206985
	phi2A = 0.323707
	phi2C = 0.230974
	phi2G = 0.184435
2018-01-02 22:03:07,569 - INFO - Writing model parameters to bootstrap/Perth_low_0_1_YNGKP_M5_modelparams.txt
2018-01-02 22:03:07,573 - INFO - Writing the optimized tree to bootstrap/Perth_low_0_1_YNGKP_M5_tree.newick

2018-01-02 22:03:07,581 - INFO - Successful completion of phydms
