2018-01-02 10:28:55,014 - INFO - Beginning execution of phydms in directory /fh/fast/bloom_j/computational_notebooks/skhilton/2017/divergence_timing_manuscript/analysis/HA/branch_lengths

2018-01-02 10:28:55,014 - INFO - Progress is being logged to bootstrap/Perth_high_0_1_YNGKP_M5_log.log

2018-01-02 10:28:55,014 - INFO - Version information:
	Time and date: Tue Jan  2 10:28:53 2018
	Platform: Linux-3.13.0-68-generic-x86_64-with-debian-jessie-sid
	Python version: 3.6.0 |Continuum Analytics, Inc.| (default, Dec 23 2016, 12:22:00)  [GCC 4.4.7 20120313 (Red Hat 4.4.7-1)]
	phydms version: 2.2.0
	Bio version: 1.69
	cython version: 0.25.2
	numpy version: 1.13.3
	scipy version: 0.19.0
	matplotlib version: 2.1.0
	natsort version: 5.0.2
	sympy version: 1.0
	six version: 1.11.0
	pandas version: 0.21.0
	pyvolve version: 0.8.4
	statsmodels version: 0.8.0
	weblogolib version: 3.5.0
	PyPDF2 version: 1.26.0

2018-01-02 10:28:55,014 - INFO - Parsed the following arguments:
	alignment = bootstrap/Perth_high_0_1.fasta
	tree = bootstrap/Perth_high_0_1_RAxML_tree.newick
	model = YNGKP_M5
	outprefix = bootstrap/Perth_high_0_1_YNGKP_M5
	brlen = optimize
	gammaomega = False
	gammabeta = False
	omegabysite = False
	omegabysite_fixsyn = False
	diffprefsbysite = False
	diffprefsprior = ('invquadratic', 150.0, 0.5)
	fitphi = False
	randprefs = False
	avgprefs = False
	divpressure = None
	ncpus = 1
	fitprefsmethod = 2
	ncats = 4
	minbrlen = 1e-06
	minpref = 0.002
	seed = 1
	initparams = None
	profile = False
	opt_details = False
	nograd = False

2018-01-02 10:28:55,014 - INFO - Random number seed: 1

2018-01-02 10:28:55,014 - INFO - Reading alignment from bootstrap/Perth_high_0_1.fasta
2018-01-02 10:28:55,737 - INFO - Read 87 aligned sequences from bootstrap/Perth_high_0_1.fasta, each consisting of 565 codons.

2018-01-02 10:28:55,738 - INFO - Codon substitution model with be M5 version of YNGKP (Yang, Nielsen, Goldman, & Pederson. Genetics. 155:431-449).
2018-01-02 10:28:55,865 - INFO - For this YNGKP_M5 model, omega will be drawn from 4 gamma-distributed categories.
2018-01-02 10:28:55,927 - INFO - Reading tree from bootstrap/Perth_high_0_1_RAxML_tree.newick
2018-01-02 10:28:55,933 - INFO - Tree has 87 tips.
2018-01-02 10:28:55,969 - INFO - Adjusted 1 branch lengths up to minbrlen 1e-06

2018-01-02 10:28:55,969 - INFO - Initializing TreeLikelihood..
2018-01-02 10:29:57,949 - INFO - TreeLikelihood initialized.
2018-01-02 10:29:57,950 - INFO - Maximizing log likelihood (initially -60242.32).
2018-01-02 10:29:57,950 - INFO - Branch lengths will be optimized individually.
2018-01-02 15:36:12,180 - INFO - Maximization complete:
	Step 1: optimized parameters, loglik went from -60242.32 to -53079.74 (23 iterations, 28 function evals)
	Step 2: optimized branches, loglik went from -53079.74 to -52953.36 (181 iterations, 198 function evals)
	Step 3: optimized parameters, loglik went from -52953.36 to -52940.13 (8 iterations, 13 function evals)
	Step 4: optimized branches, loglik went from -52940.13 to -52936.21 (129 iterations, 145 function evals)
	Step 5: optimized parameters, loglik went from -52936.21 to -52935.77 (3 iterations, 7 function evals)
	Step 6: optimized branches, loglik went from -52935.77 to -52935.63 (11 iterations, 15 function evals)
	Step 7: optimized parameters, loglik went from -52935.63 to -52935.59 (3 iterations, 6 function evals)
	Step 8: optimized branches, loglik went from -52935.59 to -52935.58 (1 iterations, 4 function evals)
2018-01-02 15:36:12,220 - INFO - Optimized log likelihood is -52935.58.
2018-01-02 15:36:12,220 - INFO - Writing log likelihood to bootstrap/Perth_high_0_1_YNGKP_M5_loglikelihood.txt
2018-01-02 15:36:12,229 - INFO - Model parameters after optimization:
	alpha_omega = 0.629583
	beta_omega = 8.50784
	kappa = 3.29718
	phi0A = 0.336586
	phi0C = 0.153151
	phi0G = 0.271397
	phi1A = 0.37272
	phi1C = 0.187415
	phi1G = 0.198209
	phi2A = 0.346892
	phi2C = 0.206071
	phi2G = 0.195907
2018-01-02 15:36:12,229 - INFO - Writing model parameters to bootstrap/Perth_high_0_1_YNGKP_M5_modelparams.txt
2018-01-02 15:36:12,238 - INFO - Writing the optimized tree to bootstrap/Perth_high_0_1_YNGKP_M5_tree.newick

2018-01-02 15:36:12,250 - INFO - Successful completion of phydms
