2018-01-02 23:09:54,838 - INFO - Beginning execution of phydms in directory /fh/fast/bloom_j/computational_notebooks/skhilton/2017/divergence_timing_manuscript/analysis/HA/branch_lengths

2018-01-02 23:09:54,839 - INFO - Progress is being logged to bootstrap/Perth_intermediate_0_1_averaged_ExpCM_Perth_intermediate_0_1_prefs_log.log

2018-01-02 23:09:54,840 - INFO - Version information:
	Time and date: Tue Jan  2 23:09:53 2018
	Platform: Linux-3.13.0-68-generic-x86_64-with-debian-jessie-sid
	Python version: 3.6.0 |Continuum Analytics, Inc.| (default, Dec 23 2016, 12:22:00)  [GCC 4.4.7 20120313 (Red Hat 4.4.7-1)]
	phydms version: 2.2.0
	Bio version: 1.69
	cython version: 0.25.2
	numpy version: 1.13.3
	scipy version: 0.19.0
	matplotlib version: 2.1.0
	natsort version: 5.0.2
	sympy version: 1.0
	six version: 1.11.0
	pandas version: 0.21.0
	pyvolve version: 0.8.4
	statsmodels version: 0.8.0
	weblogolib version: 3.5.0
	PyPDF2 version: 1.26.0

2018-01-02 23:09:54,840 - INFO - Parsed the following arguments:
	alignment = bootstrap/Perth_intermediate_0_1.fasta
	tree = bootstrap/Perth_intermediate_0_1_RAxML_tree.newick
	model = ('ExpCM', 'bootstrap/Perth_intermediate_0_1_prefs.csv')
	outprefix = bootstrap/Perth_intermediate_0_1_averaged_ExpCM_Perth_intermediate_0_1_prefs
	brlen = optimize
	gammaomega = False
	gammabeta = False
	omegabysite = False
	omegabysite_fixsyn = False
	diffprefsbysite = False
	diffprefsprior = ('invquadratic', 150.0, 0.5)
	fitphi = False
	randprefs = False
	avgprefs = True
	divpressure = None
	ncpus = 4
	fitprefsmethod = 2
	ncats = 4
	minbrlen = 1e-06
	minpref = 0.002
	seed = 1
	initparams = None
	profile = False
	opt_details = False
	nograd = False

2018-01-02 23:09:54,840 - INFO - Random number seed: 1

2018-01-02 23:09:54,840 - INFO - Reading alignment from bootstrap/Perth_intermediate_0_1.fasta
2018-01-02 23:09:55,379 - INFO - Read 59 aligned sequences from bootstrap/Perth_intermediate_0_1.fasta, each consisting of 565 codons.

2018-01-02 23:09:55,380 - INFO - The model will be an ExpCM informed by site-specific amino-acid preferences in bootstrap/Perth_intermediate_0_1_prefs.csv
2018-01-02 23:09:55,380 - INFO - Preferences will be averaged across sites.
2018-01-02 23:09:56,684 - INFO - Successfully read site-specific amino-acid preferences for all 565 sites.

2018-01-02 23:09:56,686 - INFO - Nucleotide frequency parameters phi will be set so stationary state matches alignment nucleotide frequencies of A = 0.338, C = 0.199, G = 0.226, T = 0.237

2018-01-02 23:09:59,637 - INFO - Reading tree from bootstrap/Perth_intermediate_0_1_RAxML_tree.newick
2018-01-02 23:09:59,642 - INFO - Tree has 59 tips.
2018-01-02 23:09:59,661 - INFO - Adjusted 1 branch lengths up to minbrlen 1e-06

2018-01-02 23:09:59,661 - INFO - Initializing TreeLikelihood..
2018-01-02 23:10:31,720 - INFO - TreeLikelihood initialized.
2018-01-02 23:10:31,721 - INFO - Maximizing log likelihood (initially -43373.41).
2018-01-02 23:10:31,721 - INFO - Branch lengths will be optimized individually.
2018-01-03 00:29:11,452 - INFO - Maximization complete:
	Step 1: optimized parameters, loglik went from -43373.41 to -38104.28 (14 iterations, 28 function evals)
	Step 2: optimized branches, loglik went from -38104.28 to -38070.74 (110 iterations, 116 function evals)
	Step 3: optimized parameters, loglik went from -38070.74 to -38068.09 (4 iterations, 9 function evals)
	Step 4: optimized branches, loglik went from -38068.09 to -38066.97 (44 iterations, 52 function evals)
	Step 5: optimized parameters, loglik went from -38066.97 to -38066.52 (4 iterations, 7 function evals)
	Step 6: optimized branches, loglik went from -38066.52 to -38066.35 (14 iterations, 18 function evals)
	Step 7: optimized parameters, loglik went from -38066.35 to -38065.97 (9 iterations, 15 function evals)
	Step 8: optimized branches, loglik went from -38065.97 to -38065.76 (16 iterations, 21 function evals)
	Step 9: optimized parameters, loglik went from -38065.76 to -38065.63 (5 iterations, 13 function evals)
	Step 10: optimized branches, loglik went from -38065.63 to -38065.26 (16 iterations, 22 function evals)
	Step 11: optimized parameters, loglik went from -38065.26 to -38065.12 (4 iterations, 7 function evals)
	Step 12: optimized branches, loglik went from -38065.12 to -38065.12 (1 iterations, 4 function evals)
2018-01-03 00:29:11,495 - INFO - Optimized log likelihood is -38065.12.
2018-01-03 00:29:11,495 - INFO - Writing log likelihood to bootstrap/Perth_intermediate_0_1_averaged_ExpCM_Perth_intermediate_0_1_prefs_loglikelihood.txt
2018-01-03 00:29:11,503 - INFO - Model parameters after optimization:
	beta = 0.882709
	kappa = 3.47801
	omega = 0.0594485
	phiA = 0.348662
	phiC = 0.188369
	phiG = 0.228917
2018-01-03 00:29:11,504 - INFO - Writing model parameters to bootstrap/Perth_intermediate_0_1_averaged_ExpCM_Perth_intermediate_0_1_prefs_modelparams.txt
2018-01-03 00:29:11,511 - INFO - Writing the optimized tree to bootstrap/Perth_intermediate_0_1_averaged_ExpCM_Perth_intermediate_0_1_prefs_tree.newick

2018-01-03 00:29:11,523 - INFO - Successful completion of phydms
