2018-01-02 10:27:43,771 - INFO - Beginning execution of phydms_comprehensive in directory /fh/fast/bloom_j/computational_notebooks/skhilton/2017/divergence_timing_manuscript/analysis/HA/branch_lengths

2018-01-02 10:27:43,772 - INFO - Progress is being logged to bootstrap/Perth_high_0_1.log

2018-01-02 10:27:43,772 - INFO - Version information:
	Time and date: Tue Jan  2 10:27:37 2018
	Platform: Linux-3.13.0-68-generic-x86_64-with-debian-jessie-sid
	Python version: 3.6.0 |Continuum Analytics, Inc.| (default, Dec 23 2016, 12:22:00)  [GCC 4.4.7 20120313 (Red Hat 4.4.7-1)]
	phydms version: 2.2.0
	Bio version: 1.69
	cython version: 0.25.2
	numpy version: 1.13.3
	scipy version: 0.19.0
	matplotlib version: 2.1.0
	natsort version: 5.0.2
	sympy version: 1.0
	six version: 1.11.0
	pandas version: 0.21.0
	pyvolve version: 0.8.4
	statsmodels version: 0.8.0
	weblogolib version: 3.5.0
	PyPDF2 version: 1.26.0

2018-01-02 10:27:43,772 - INFO - Parsed the following command-line arguments:
	outprefix = bootstrap/Perth_high_0_1_
	alignment = bootstrap/Perth_high_0_1.fasta
	prefsfiles = ['bootstrap/Perth_high_0_1_prefs.csv']
	raxml = raxml
	tree = None
	ncpus = -1
	brlen = optimize
	omegabysite = False
	diffprefsbysite = False
	gammaomega = True
	gammabeta = False
	noavgprefs = False
	randprefs = True

2018-01-02 10:27:43,773 - INFO - Checking that the alignment bootstrap/Perth_high_0_1.fasta is valid...
2018-01-02 10:27:44,467 - INFO - Valid alignment specifying 87 sequences of length 1695.

2018-01-02 10:27:44,468 - INFO - Tree not specified.
2018-01-02 10:27:44,479 - INFO - Inferring tree with RAxML using command raxml
2018-01-02 10:28:50,422 - INFO - RAxML inferred tree is now named bootstrap/Perth_high_0_1_RAxML_tree.newick
2018-01-02 10:28:50,438 - INFO - Starting analysis to optimize tree in bootstrap/Perth_high_0_1_RAxML_tree.newick using model YNGKP_M0. The command is: phydms bootstrap/Perth_high_0_1.fasta bootstrap/Perth_high_0_1_RAxML_tree.newick YNGKP_M0 bootstrap/Perth_high_0_1_YNGKP_M0 --brlen optimize --ncpus 1

2018-01-02 10:28:50,439 - INFO - Starting analysis to optimize tree in bootstrap/Perth_high_0_1_RAxML_tree.newick using model YNGKP_M5. The command is: phydms bootstrap/Perth_high_0_1.fasta bootstrap/Perth_high_0_1_RAxML_tree.newick YNGKP_M5 bootstrap/Perth_high_0_1_YNGKP_M5 --brlen optimize --ncpus 1

2018-01-02 10:28:50,439 - INFO - Starting analysis to optimize tree in bootstrap/Perth_high_0_1_RAxML_tree.newick using model ExpCM_Perth_high_0_1_prefs. The command is: phydms bootstrap/Perth_high_0_1.fasta bootstrap/Perth_high_0_1_RAxML_tree.newick ExpCM_bootstrap/Perth_high_0_1_prefs.csv bootstrap/Perth_high_0_1_ExpCM_Perth_high_0_1_prefs --brlen optimize --ncpus 4

2018-01-02 10:28:50,440 - INFO - Starting analysis to optimize tree in bootstrap/Perth_high_0_1_RAxML_tree.newick using model ExpCM_Perth_high_0_1_prefs_gammaomega. The command is: phydms bootstrap/Perth_high_0_1.fasta bootstrap/Perth_high_0_1_RAxML_tree.newick ExpCM_bootstrap/Perth_high_0_1_prefs.csv bootstrap/Perth_high_0_1_ExpCM_Perth_high_0_1_prefs_gammaomega --brlen optimize --gammaomega --ncpus 4

2018-01-02 10:28:50,440 - INFO - Starting analysis to optimize tree in bootstrap/Perth_high_0_1_RAxML_tree.newick using model averaged_ExpCM_Perth_high_0_1_prefs. The command is: phydms bootstrap/Perth_high_0_1.fasta bootstrap/Perth_high_0_1_RAxML_tree.newick ExpCM_bootstrap/Perth_high_0_1_prefs.csv bootstrap/Perth_high_0_1_averaged_ExpCM_Perth_high_0_1_prefs --brlen optimize --avgprefs --ncpus 4

2018-01-02 10:28:50,440 - INFO - Starting analysis to optimize tree in bootstrap/Perth_high_0_1_RAxML_tree.newick using model averaged_ExpCM_Perth_high_0_1_prefs_gammaomega. The command is: phydms bootstrap/Perth_high_0_1.fasta bootstrap/Perth_high_0_1_RAxML_tree.newick ExpCM_bootstrap/Perth_high_0_1_prefs.csv bootstrap/Perth_high_0_1_averaged_ExpCM_Perth_high_0_1_prefs_gammaomega --brlen optimize --gammaomega --avgprefs --ncpus 4

2018-01-02 10:28:50,440 - INFO - Starting analysis to optimize tree in bootstrap/Perth_high_0_1_RAxML_tree.newick using model randomized_ExpCM_Perth_high_0_1_prefs. The command is: phydms bootstrap/Perth_high_0_1.fasta bootstrap/Perth_high_0_1_RAxML_tree.newick ExpCM_bootstrap/Perth_high_0_1_prefs.csv bootstrap/Perth_high_0_1_randomized_ExpCM_Perth_high_0_1_prefs --brlen optimize --randprefs --ncpus 4

2018-01-02 10:28:50,440 - INFO - Starting analysis to optimize tree in bootstrap/Perth_high_0_1_RAxML_tree.newick using model randomized_ExpCM_Perth_high_0_1_prefs_gammaomega. The command is: phydms bootstrap/Perth_high_0_1.fasta bootstrap/Perth_high_0_1_RAxML_tree.newick ExpCM_bootstrap/Perth_high_0_1_prefs.csv bootstrap/Perth_high_0_1_randomized_ExpCM_Perth_high_0_1_prefs_gammaomega --brlen optimize --gammaomega --randprefs --ncpus 4

2018-01-02 11:17:22,926 - INFO - Analysis completed for YNGKP_M0
2018-01-02 11:17:22,928 - INFO - Found expected output file bootstrap/Perth_high_0_1_YNGKP_M0_log.log
2018-01-02 11:17:22,929 - INFO - Found expected output file bootstrap/Perth_high_0_1_YNGKP_M0_tree.newick
2018-01-02 11:17:22,929 - INFO - Found expected output file bootstrap/Perth_high_0_1_YNGKP_M0_loglikelihood.txt
2018-01-02 11:17:22,929 - INFO - Found expected output file bootstrap/Perth_high_0_1_YNGKP_M0_modelparams.txt
2018-01-02 11:17:22,929 - INFO - Analysis successful for YNGKP_M0

2018-01-02 11:58:30,672 - INFO - Analysis completed for randomized_ExpCM_Perth_high_0_1_prefs
2018-01-02 11:58:30,674 - INFO - Found expected output file bootstrap/Perth_high_0_1_randomized_ExpCM_Perth_high_0_1_prefs_log.log
2018-01-02 11:58:30,674 - INFO - Found expected output file bootstrap/Perth_high_0_1_randomized_ExpCM_Perth_high_0_1_prefs_tree.newick
2018-01-02 11:58:30,674 - INFO - Found expected output file bootstrap/Perth_high_0_1_randomized_ExpCM_Perth_high_0_1_prefs_loglikelihood.txt
2018-01-02 11:58:30,674 - INFO - Found expected output file bootstrap/Perth_high_0_1_randomized_ExpCM_Perth_high_0_1_prefs_modelparams.txt
2018-01-02 11:58:30,674 - INFO - Analysis successful for randomized_ExpCM_Perth_high_0_1_prefs

2018-01-02 11:59:35,738 - INFO - Analysis completed for averaged_ExpCM_Perth_high_0_1_prefs
2018-01-02 11:59:35,739 - INFO - Found expected output file bootstrap/Perth_high_0_1_averaged_ExpCM_Perth_high_0_1_prefs_log.log
2018-01-02 11:59:35,740 - INFO - Found expected output file bootstrap/Perth_high_0_1_averaged_ExpCM_Perth_high_0_1_prefs_tree.newick
2018-01-02 11:59:35,740 - INFO - Found expected output file bootstrap/Perth_high_0_1_averaged_ExpCM_Perth_high_0_1_prefs_loglikelihood.txt
2018-01-02 11:59:35,740 - INFO - Found expected output file bootstrap/Perth_high_0_1_averaged_ExpCM_Perth_high_0_1_prefs_modelparams.txt
2018-01-02 11:59:35,740 - INFO - Analysis successful for averaged_ExpCM_Perth_high_0_1_prefs

2018-01-02 12:44:55,537 - INFO - Analysis completed for ExpCM_Perth_high_0_1_prefs
2018-01-02 12:44:55,539 - INFO - Found expected output file bootstrap/Perth_high_0_1_ExpCM_Perth_high_0_1_prefs_log.log
2018-01-02 12:44:55,539 - INFO - Found expected output file bootstrap/Perth_high_0_1_ExpCM_Perth_high_0_1_prefs_tree.newick
2018-01-02 12:44:55,539 - INFO - Found expected output file bootstrap/Perth_high_0_1_ExpCM_Perth_high_0_1_prefs_loglikelihood.txt
2018-01-02 12:44:55,539 - INFO - Found expected output file bootstrap/Perth_high_0_1_ExpCM_Perth_high_0_1_prefs_modelparams.txt
2018-01-02 12:44:55,540 - INFO - Analysis successful for ExpCM_Perth_high_0_1_prefs

2018-01-02 15:36:13,268 - INFO - Analysis completed for YNGKP_M5
2018-01-02 15:36:13,271 - INFO - Found expected output file bootstrap/Perth_high_0_1_YNGKP_M5_log.log
2018-01-02 15:36:13,271 - INFO - Found expected output file bootstrap/Perth_high_0_1_YNGKP_M5_tree.newick
2018-01-02 15:36:13,271 - INFO - Found expected output file bootstrap/Perth_high_0_1_YNGKP_M5_loglikelihood.txt
2018-01-02 15:36:13,271 - INFO - Found expected output file bootstrap/Perth_high_0_1_YNGKP_M5_modelparams.txt
2018-01-02 15:36:13,271 - INFO - Analysis successful for YNGKP_M5

2018-01-02 16:12:52,369 - INFO - Analysis completed for averaged_ExpCM_Perth_high_0_1_prefs_gammaomega
2018-01-02 16:12:52,372 - INFO - Found expected output file bootstrap/Perth_high_0_1_averaged_ExpCM_Perth_high_0_1_prefs_gammaomega_log.log
2018-01-02 16:12:52,372 - INFO - Found expected output file bootstrap/Perth_high_0_1_averaged_ExpCM_Perth_high_0_1_prefs_gammaomega_tree.newick
2018-01-02 16:12:52,372 - INFO - Found expected output file bootstrap/Perth_high_0_1_averaged_ExpCM_Perth_high_0_1_prefs_gammaomega_loglikelihood.txt
2018-01-02 16:12:52,373 - INFO - Found expected output file bootstrap/Perth_high_0_1_averaged_ExpCM_Perth_high_0_1_prefs_gammaomega_modelparams.txt
2018-01-02 16:12:52,373 - INFO - Analysis successful for averaged_ExpCM_Perth_high_0_1_prefs_gammaomega

2018-01-02 16:37:06,778 - INFO - Analysis completed for randomized_ExpCM_Perth_high_0_1_prefs_gammaomega
2018-01-02 16:37:06,781 - INFO - Found expected output file bootstrap/Perth_high_0_1_randomized_ExpCM_Perth_high_0_1_prefs_gammaomega_log.log
2018-01-02 16:37:06,781 - INFO - Found expected output file bootstrap/Perth_high_0_1_randomized_ExpCM_Perth_high_0_1_prefs_gammaomega_tree.newick
2018-01-02 16:37:06,781 - INFO - Found expected output file bootstrap/Perth_high_0_1_randomized_ExpCM_Perth_high_0_1_prefs_gammaomega_loglikelihood.txt
2018-01-02 16:37:06,781 - INFO - Found expected output file bootstrap/Perth_high_0_1_randomized_ExpCM_Perth_high_0_1_prefs_gammaomega_modelparams.txt
2018-01-02 16:37:06,781 - INFO - Analysis successful for randomized_ExpCM_Perth_high_0_1_prefs_gammaomega

2018-01-02 20:24:43,851 - INFO - Analysis completed for ExpCM_Perth_high_0_1_prefs_gammaomega
2018-01-02 20:24:43,854 - INFO - Found expected output file bootstrap/Perth_high_0_1_ExpCM_Perth_high_0_1_prefs_gammaomega_log.log
2018-01-02 20:24:43,855 - INFO - Found expected output file bootstrap/Perth_high_0_1_ExpCM_Perth_high_0_1_prefs_gammaomega_tree.newick
2018-01-02 20:24:43,855 - INFO - Found expected output file bootstrap/Perth_high_0_1_ExpCM_Perth_high_0_1_prefs_gammaomega_loglikelihood.txt
2018-01-02 20:24:43,856 - INFO - Found expected output file bootstrap/Perth_high_0_1_ExpCM_Perth_high_0_1_prefs_gammaomega_modelparams.txt
2018-01-02 20:24:43,856 - INFO - Analysis successful for ExpCM_Perth_high_0_1_prefs_gammaomega

2018-01-02 20:24:44,907 - INFO - Successful completion of phydms_comprehensive
