2018-01-02 23:09:52,771 - INFO - Beginning execution of phydms in directory /fh/fast/bloom_j/computational_notebooks/skhilton/2017/divergence_timing_manuscript/analysis/HA/branch_lengths

2018-01-02 23:09:52,771 - INFO - Progress is being logged to bootstrap/Perth_intermediate_0_1_ExpCM_Perth_intermediate_0_1_prefs_log.log

2018-01-02 23:09:52,771 - INFO - Version information:
	Time and date: Tue Jan  2 23:09:51 2018
	Platform: Linux-3.13.0-68-generic-x86_64-with-debian-jessie-sid
	Python version: 3.6.0 |Continuum Analytics, Inc.| (default, Dec 23 2016, 12:22:00)  [GCC 4.4.7 20120313 (Red Hat 4.4.7-1)]
	phydms version: 2.2.0
	Bio version: 1.69
	cython version: 0.25.2
	numpy version: 1.13.3
	scipy version: 0.19.0
	matplotlib version: 2.1.0
	natsort version: 5.0.2
	sympy version: 1.0
	six version: 1.11.0
	pandas version: 0.21.0
	pyvolve version: 0.8.4
	statsmodels version: 0.8.0
	weblogolib version: 3.5.0
	PyPDF2 version: 1.26.0

2018-01-02 23:09:52,771 - INFO - Parsed the following arguments:
	alignment = bootstrap/Perth_intermediate_0_1.fasta
	tree = bootstrap/Perth_intermediate_0_1_RAxML_tree.newick
	model = ('ExpCM', 'bootstrap/Perth_intermediate_0_1_prefs.csv')
	outprefix = bootstrap/Perth_intermediate_0_1_ExpCM_Perth_intermediate_0_1_prefs
	brlen = optimize
	gammaomega = False
	gammabeta = False
	omegabysite = False
	omegabysite_fixsyn = False
	diffprefsbysite = False
	diffprefsprior = ('invquadratic', 150.0, 0.5)
	fitphi = False
	randprefs = False
	avgprefs = False
	divpressure = None
	ncpus = 4
	fitprefsmethod = 2
	ncats = 4
	minbrlen = 1e-06
	minpref = 0.002
	seed = 1
	initparams = None
	profile = False
	opt_details = False
	nograd = False

2018-01-02 23:09:52,772 - INFO - Random number seed: 1

2018-01-02 23:09:52,772 - INFO - Reading alignment from bootstrap/Perth_intermediate_0_1.fasta
2018-01-02 23:09:53,250 - INFO - Read 59 aligned sequences from bootstrap/Perth_intermediate_0_1.fasta, each consisting of 565 codons.

2018-01-02 23:09:53,251 - INFO - The model will be an ExpCM informed by site-specific amino-acid preferences in bootstrap/Perth_intermediate_0_1_prefs.csv
2018-01-02 23:09:54,506 - INFO - Successfully read site-specific amino-acid preferences for all 565 sites.

2018-01-02 23:09:54,508 - INFO - Nucleotide frequency parameters phi will be set so stationary state matches alignment nucleotide frequencies of A = 0.338, C = 0.199, G = 0.226, T = 0.237

2018-01-02 23:09:55,959 - INFO - Reading tree from bootstrap/Perth_intermediate_0_1_RAxML_tree.newick
2018-01-02 23:09:55,964 - INFO - Tree has 59 tips.
2018-01-02 23:09:55,983 - INFO - Adjusted 1 branch lengths up to minbrlen 1e-06

2018-01-02 23:09:55,983 - INFO - Initializing TreeLikelihood..
2018-01-02 23:10:31,269 - INFO - TreeLikelihood initialized.
2018-01-02 23:10:31,270 - INFO - Maximizing log likelihood (initially -41260.49).
2018-01-02 23:10:31,270 - INFO - Branch lengths will be optimized individually.
2018-01-03 00:31:53,592 - INFO - Maximization complete:
	Step 1: optimized parameters, loglik went from -41260.49 to -36382.33 (25 iterations, 32 function evals)
	Step 2: optimized branches, loglik went from -36382.33 to -36293.50 (197 iterations, 218 function evals)
	Step 3: optimized parameters, loglik went from -36293.50 to -36285.16 (13 iterations, 19 function evals)
	Step 4: optimized branches, loglik went from -36285.16 to -36281.82 (55 iterations, 62 function evals)
	Step 5: optimized parameters, loglik went from -36281.82 to -36280.54 (8 iterations, 14 function evals)
	Step 6: optimized branches, loglik went from -36280.54 to -36280.54 (1 iterations, 5 function evals)
2018-01-03 00:31:53,633 - INFO - Optimized log likelihood is -36280.54.
2018-01-03 00:31:53,634 - INFO - Writing log likelihood to bootstrap/Perth_intermediate_0_1_ExpCM_Perth_intermediate_0_1_prefs_loglikelihood.txt
2018-01-03 00:31:53,642 - INFO - Model parameters after optimization:
	beta = 1.50425
	kappa = 3.67104
	omega = 0.0996263
	phiA = 0.355793
	phiC = 0.19032
	phiG = 0.228416
2018-01-03 00:31:53,643 - INFO - Writing model parameters to bootstrap/Perth_intermediate_0_1_ExpCM_Perth_intermediate_0_1_prefs_modelparams.txt
2018-01-03 00:31:53,650 - INFO - Writing the optimized tree to bootstrap/Perth_intermediate_0_1_ExpCM_Perth_intermediate_0_1_prefs_tree.newick

2018-01-03 00:31:53,660 - INFO - Successful completion of phydms
