2018-01-02 23:17:55,259 - INFO - Beginning execution of phydms in directory /fh/fast/bloom_j/computational_notebooks/skhilton/2017/divergence_timing_manuscript/analysis/HA/branch_lengths

2018-01-02 23:17:55,259 - INFO - Progress is being logged to bootstrap/Perth_high_0_0_YNGKP_M0_log.log

2018-01-02 23:17:55,259 - INFO - Version information:
	Time and date: Tue Jan  2 23:17:53 2018
	Platform: Linux-3.13.0-68-generic-x86_64-with-debian-jessie-sid
	Python version: 3.6.0 |Continuum Analytics, Inc.| (default, Dec 23 2016, 12:22:00)  [GCC 4.4.7 20120313 (Red Hat 4.4.7-1)]
	phydms version: 2.2.0
	Bio version: 1.69
	cython version: 0.25.2
	numpy version: 1.13.3
	scipy version: 0.19.0
	matplotlib version: 2.1.0
	natsort version: 5.0.2
	sympy version: 1.0
	six version: 1.11.0
	pandas version: 0.21.0
	pyvolve version: 0.8.4
	statsmodels version: 0.8.0
	weblogolib version: 3.5.0
	PyPDF2 version: 1.26.0

2018-01-02 23:17:55,259 - INFO - Parsed the following arguments:
	alignment = bootstrap/Perth_high_0_0.fasta
	tree = bootstrap/Perth_high_0_0_RAxML_tree.newick
	model = YNGKP_M0
	outprefix = bootstrap/Perth_high_0_0_YNGKP_M0
	brlen = optimize
	gammaomega = False
	gammabeta = False
	omegabysite = False
	omegabysite_fixsyn = False
	diffprefsbysite = False
	diffprefsprior = ('invquadratic', 150.0, 0.5)
	fitphi = False
	randprefs = False
	avgprefs = False
	divpressure = None
	ncpus = 1
	fitprefsmethod = 2
	ncats = 4
	minbrlen = 1e-06
	minpref = 0.002
	seed = 1
	initparams = None
	profile = False
	opt_details = False
	nograd = False

2018-01-02 23:17:55,259 - INFO - Random number seed: 1

2018-01-02 23:17:55,259 - INFO - Reading alignment from bootstrap/Perth_high_0_0.fasta
2018-01-02 23:17:55,965 - INFO - Read 87 aligned sequences from bootstrap/Perth_high_0_0.fasta, each consisting of 565 codons.

2018-01-02 23:17:55,965 - INFO - Codon substitution model with be M0 version of YNGKP (Yang, Nielsen, Goldman, & Pederson. Genetics. 155:431-449).
2018-01-02 23:17:56,047 - INFO - Reading tree from bootstrap/Perth_high_0_0_RAxML_tree.newick
2018-01-02 23:17:56,051 - INFO - Tree has 87 tips.
2018-01-02 23:17:56,084 - INFO - Adjusted 1 branch lengths up to minbrlen 1e-06

2018-01-02 23:17:56,084 - INFO - Initializing TreeLikelihood..
2018-01-02 23:18:00,808 - INFO - TreeLikelihood initialized.
2018-01-02 23:18:00,810 - INFO - Maximizing log likelihood (initially -62469.64).
2018-01-02 23:18:00,810 - INFO - Branch lengths will be optimized individually.
2018-01-02 23:39:27,308 - INFO - Maximization complete:
	Step 1: optimized parameters, loglik went from -62469.64 to -55475.64 (15 iterations, 26 function evals)
	Step 2: optimized branches, loglik went from -55475.64 to -55438.44 (130 iterations, 138 function evals)
	Step 3: optimized parameters, loglik went from -55438.44 to -55434.84 (4 iterations, 9 function evals)
	Step 4: optimized branches, loglik went from -55434.84 to -55434.84 (1 iterations, 4 function evals)
2018-01-02 23:39:27,349 - INFO - Optimized log likelihood is -55434.84.
2018-01-02 23:39:27,349 - INFO - Writing log likelihood to bootstrap/Perth_high_0_0_YNGKP_M0_loglikelihood.txt
2018-01-02 23:39:27,361 - INFO - Model parameters after optimization:
	kappa = 2.86444
	omega = 0.0688634
	phi0A = 0.333822
	phi0C = 0.140402
	phi0G = 0.277935
	phi1A = 0.394456
	phi1C = 0.173172
	phi1G = 0.209785
	phi2A = 0.339962
	phi2C = 0.20729
	phi2G = 0.204983
2018-01-02 23:39:27,361 - INFO - Writing model parameters to bootstrap/Perth_high_0_0_YNGKP_M0_modelparams.txt
2018-01-02 23:39:27,367 - INFO - Writing the optimized tree to bootstrap/Perth_high_0_0_YNGKP_M0_tree.newick

2018-01-02 23:39:27,375 - INFO - Successful completion of phydms
