2018-01-02 20:25:20,344 - INFO - Beginning execution of phydms in directory /fh/fast/bloom_j/computational_notebooks/skhilton/2017/divergence_timing_manuscript/analysis/HA/branch_lengths

2018-01-02 20:25:20,344 - INFO - Progress is being logged to bootstrap/Perth_low_0_1_randomized_ExpCM_Perth_low_0_1_prefs_log.log

2018-01-02 20:25:20,345 - INFO - Version information:
	Time and date: Tue Jan  2 20:25:19 2018
	Platform: Linux-3.13.0-68-generic-x86_64-with-debian-jessie-sid
	Python version: 3.6.0 |Continuum Analytics, Inc.| (default, Dec 23 2016, 12:22:00)  [GCC 4.4.7 20120313 (Red Hat 4.4.7-1)]
	phydms version: 2.2.0
	Bio version: 1.69
	cython version: 0.25.2
	numpy version: 1.13.3
	scipy version: 0.19.0
	matplotlib version: 2.1.0
	natsort version: 5.0.2
	sympy version: 1.0
	six version: 1.11.0
	pandas version: 0.21.0
	pyvolve version: 0.8.4
	statsmodels version: 0.8.0
	weblogolib version: 3.5.0
	PyPDF2 version: 1.26.0

2018-01-02 20:25:20,345 - INFO - Parsed the following arguments:
	alignment = bootstrap/Perth_low_0_1.fasta
	tree = bootstrap/Perth_low_0_1_RAxML_tree.newick
	model = ('ExpCM', 'bootstrap/Perth_low_0_1_prefs.csv')
	outprefix = bootstrap/Perth_low_0_1_randomized_ExpCM_Perth_low_0_1_prefs
	brlen = optimize
	gammaomega = False
	gammabeta = False
	omegabysite = False
	omegabysite_fixsyn = False
	diffprefsbysite = False
	diffprefsprior = ('invquadratic', 150.0, 0.5)
	fitphi = False
	randprefs = True
	avgprefs = False
	divpressure = None
	ncpus = 4
	fitprefsmethod = 2
	ncats = 4
	minbrlen = 1e-06
	minpref = 0.002
	seed = 1
	initparams = None
	profile = False
	opt_details = False
	nograd = False

2018-01-02 20:25:20,345 - INFO - Random number seed: 1

2018-01-02 20:25:20,345 - INFO - Reading alignment from bootstrap/Perth_low_0_1.fasta
2018-01-02 20:25:20,620 - INFO - Read 34 aligned sequences from bootstrap/Perth_low_0_1.fasta, each consisting of 565 codons.

2018-01-02 20:25:20,620 - INFO - The model will be an ExpCM informed by site-specific amino-acid preferences in bootstrap/Perth_low_0_1_prefs.csv
2018-01-02 20:25:20,621 - INFO - Preferences will be randomized across sites.
2018-01-02 20:25:22,662 - INFO - Successfully read site-specific amino-acid preferences for all 565 sites.

2018-01-02 20:25:22,669 - INFO - Nucleotide frequency parameters phi will be set so stationary state matches alignment nucleotide frequencies of A = 0.334, C = 0.207, G = 0.224, T = 0.236

2018-01-02 20:25:26,495 - INFO - Reading tree from bootstrap/Perth_low_0_1_RAxML_tree.newick
2018-01-02 20:25:26,521 - INFO - Tree has 34 tips.
2018-01-02 20:25:26,529 - INFO - Adjusted 1 branch lengths up to minbrlen 1e-06

2018-01-02 20:25:26,543 - INFO - Initializing TreeLikelihood..
2018-01-02 20:25:49,510 - INFO - TreeLikelihood initialized.
2018-01-02 20:25:49,511 - INFO - Maximizing log likelihood (initially -24670.61).
2018-01-02 20:25:49,511 - INFO - Branch lengths will be optimized individually.
2018-01-02 20:51:41,400 - INFO - Maximization complete:
	Step 1: optimized parameters, loglik went from -24670.61 to -21354.02 (20 iterations, 29 function evals)
	Step 2: optimized branches, loglik went from -21354.02 to -21326.80 (144 iterations, 161 function evals)
	Step 3: optimized parameters, loglik went from -21326.80 to -21326.71 (3 iterations, 7 function evals)
	Step 4: optimized branches, loglik went from -21326.71 to -21326.71 (1 iterations, 4 function evals)
2018-01-02 20:51:41,401 - INFO - Optimized log likelihood is -21326.71.
2018-01-02 20:51:41,401 - INFO - Writing log likelihood to bootstrap/Perth_low_0_1_randomized_ExpCM_Perth_low_0_1_prefs_loglikelihood.txt
2018-01-02 20:51:41,405 - INFO - Model parameters after optimization:
	beta = 1.1e-05
	kappa = 3.51474
	omega = 0.0579401
	phiA = 0.343316
	phiC = 0.19305
	phiG = 0.22159
2018-01-02 20:51:41,405 - INFO - Writing model parameters to bootstrap/Perth_low_0_1_randomized_ExpCM_Perth_low_0_1_prefs_modelparams.txt
2018-01-02 20:51:41,408 - INFO - Writing the optimized tree to bootstrap/Perth_low_0_1_randomized_ExpCM_Perth_low_0_1_prefs_tree.newick

2018-01-02 20:51:41,413 - INFO - Successful completion of phydms
