2018-01-02 10:28:28,447 - INFO - Beginning execution of phydms in directory /fh/fast/bloom_j/computational_notebooks/skhilton/2017/divergence_timing_manuscript/analysis/HA/branch_lengths

2018-01-02 10:28:28,447 - INFO - Progress is being logged to bootstrap/Perth_intermediate_0_0_averaged_ExpCM_Perth_intermediate_0_0_prefs_gammaomega_log.log

2018-01-02 10:28:28,447 - INFO - Version information:
	Time and date: Tue Jan  2 10:28:27 2018
	Platform: Linux-3.13.0-68-generic-x86_64-with-debian-jessie-sid
	Python version: 3.6.0 |Continuum Analytics, Inc.| (default, Dec 23 2016, 12:22:00)  [GCC 4.4.7 20120313 (Red Hat 4.4.7-1)]
	phydms version: 2.2.0
	Bio version: 1.69
	cython version: 0.25.2
	numpy version: 1.13.3
	scipy version: 0.19.0
	matplotlib version: 2.1.0
	natsort version: 5.0.2
	sympy version: 1.0
	six version: 1.11.0
	pandas version: 0.21.0
	pyvolve version: 0.8.4
	statsmodels version: 0.8.0
	weblogolib version: 3.5.0
	PyPDF2 version: 1.26.0

2018-01-02 10:28:28,447 - INFO - Parsed the following arguments:
	alignment = bootstrap/Perth_intermediate_0_0.fasta
	tree = bootstrap/Perth_intermediate_0_0_RAxML_tree.newick
	model = ('ExpCM', 'bootstrap/Perth_intermediate_0_0_prefs.csv')
	outprefix = bootstrap/Perth_intermediate_0_0_averaged_ExpCM_Perth_intermediate_0_0_prefs_gammaomega
	brlen = optimize
	gammaomega = True
	gammabeta = False
	omegabysite = False
	omegabysite_fixsyn = False
	diffprefsbysite = False
	diffprefsprior = ('invquadratic', 150.0, 0.5)
	fitphi = False
	randprefs = False
	avgprefs = True
	divpressure = None
	ncpus = 4
	fitprefsmethod = 2
	ncats = 4
	minbrlen = 1e-06
	minpref = 0.002
	seed = 1
	initparams = None
	profile = False
	opt_details = False
	nograd = False

2018-01-02 10:28:28,447 - INFO - Random number seed: 1

2018-01-02 10:28:28,447 - INFO - Reading alignment from bootstrap/Perth_intermediate_0_0.fasta
2018-01-02 10:28:28,968 - INFO - Read 59 aligned sequences from bootstrap/Perth_intermediate_0_0.fasta, each consisting of 565 codons.

2018-01-02 10:28:28,968 - INFO - The model will be an ExpCM informed by site-specific amino-acid preferences in bootstrap/Perth_intermediate_0_0_prefs.csv
2018-01-02 10:28:28,968 - INFO - Preferences will be averaged across sites.
2018-01-02 10:28:30,651 - INFO - Successfully read site-specific amino-acid preferences for all 565 sites.

2018-01-02 10:28:30,653 - INFO - Nucleotide frequency parameters phi will be set so stationary state matches alignment nucleotide frequencies of A = 0.343, C = 0.191, G = 0.233, T = 0.232

2018-01-02 10:28:35,137 - INFO - Omega will be drawn from 4 gamma-distributed categories.

2018-01-02 10:28:55,749 - INFO - Reading tree from bootstrap/Perth_intermediate_0_0_RAxML_tree.newick
2018-01-02 10:28:55,754 - INFO - Tree has 59 tips.
2018-01-02 10:28:55,776 - INFO - Adjusted 1 branch lengths up to minbrlen 1e-06

2018-01-02 10:28:55,777 - INFO - Initializing TreeLikelihood..
2018-01-02 10:31:51,649 - INFO - TreeLikelihood initialized.
2018-01-02 10:31:51,651 - INFO - Maximizing log likelihood (initially -42581.00).
2018-01-02 10:31:51,651 - INFO - Branch lengths will be optimized individually.
2018-01-02 15:44:40,713 - INFO - Maximization complete:
	Step 1: optimized parameters, loglik went from -42581.00 to -37545.98 (17 iterations, 24 function evals)
	Step 2: optimized branches, loglik went from -37545.98 to -37475.53 (286 iterations, 311 function evals)
	Step 3: optimized parameters, loglik went from -37475.53 to -37465.30 (8 iterations, 12 function evals)
	Step 4: optimized branches, loglik went from -37465.30 to -37465.30 (1 iterations, 5 function evals)
2018-01-02 15:44:40,714 - INFO - Optimized log likelihood is -37465.30.
2018-01-02 15:44:40,714 - INFO - Writing log likelihood to bootstrap/Perth_intermediate_0_0_averaged_ExpCM_Perth_intermediate_0_0_prefs_gammaomega_loglikelihood.txt
2018-01-02 15:44:40,725 - INFO - Model parameters after optimization:
	alpha_omega = 0.635548
	beta = 1.59727
	beta_omega = 7.96952
	kappa = 3.77735
	phiA = 0.353945
	phiC = 0.183009
	phiG = 0.242933
2018-01-02 15:44:40,725 - INFO - Writing model parameters to bootstrap/Perth_intermediate_0_0_averaged_ExpCM_Perth_intermediate_0_0_prefs_gammaomega_modelparams.txt
2018-01-02 15:44:40,729 - INFO - Writing the optimized tree to bootstrap/Perth_intermediate_0_0_averaged_ExpCM_Perth_intermediate_0_0_prefs_gammaomega_tree.newick

2018-01-02 15:44:40,740 - INFO - Successful completion of phydms
