2018-01-02 20:25:01,054 - INFO - Beginning execution of phydms_comprehensive in directory /fh/fast/bloom_j/computational_notebooks/skhilton/2017/divergence_timing_manuscript/analysis/HA/branch_lengths

2018-01-02 20:25:01,055 - INFO - Progress is being logged to bootstrap/Perth_low_0_1.log

2018-01-02 20:25:01,055 - INFO - Version information:
	Time and date: Tue Jan  2 20:24:58 2018
	Platform: Linux-3.13.0-68-generic-x86_64-with-debian-jessie-sid
	Python version: 3.6.0 |Continuum Analytics, Inc.| (default, Dec 23 2016, 12:22:00)  [GCC 4.4.7 20120313 (Red Hat 4.4.7-1)]
	phydms version: 2.2.0
	Bio version: 1.69
	cython version: 0.25.2
	numpy version: 1.13.3
	scipy version: 0.19.0
	matplotlib version: 2.1.0
	natsort version: 5.0.2
	sympy version: 1.0
	six version: 1.11.0
	pandas version: 0.21.0
	pyvolve version: 0.8.4
	statsmodels version: 0.8.0
	weblogolib version: 3.5.0
	PyPDF2 version: 1.26.0

2018-01-02 20:25:01,055 - INFO - Parsed the following command-line arguments:
	outprefix = bootstrap/Perth_low_0_1_
	alignment = bootstrap/Perth_low_0_1.fasta
	prefsfiles = ['bootstrap/Perth_low_0_1_prefs.csv']
	raxml = raxml
	tree = None
	ncpus = -1
	brlen = optimize
	omegabysite = False
	diffprefsbysite = False
	gammaomega = True
	gammabeta = False
	noavgprefs = False
	randprefs = True

2018-01-02 20:25:01,055 - INFO - Checking that the alignment bootstrap/Perth_low_0_1.fasta is valid...
2018-01-02 20:25:01,320 - INFO - Valid alignment specifying 34 sequences of length 1695.

2018-01-02 20:25:01,321 - INFO - Tree not specified.
2018-01-02 20:25:01,335 - INFO - Inferring tree with RAxML using command raxml
2018-01-02 20:25:11,308 - INFO - RAxML inferred tree is now named bootstrap/Perth_low_0_1_RAxML_tree.newick
2018-01-02 20:25:11,324 - INFO - Starting analysis to optimize tree in bootstrap/Perth_low_0_1_RAxML_tree.newick using model YNGKP_M0. The command is: phydms bootstrap/Perth_low_0_1.fasta bootstrap/Perth_low_0_1_RAxML_tree.newick YNGKP_M0 bootstrap/Perth_low_0_1_YNGKP_M0 --brlen optimize --ncpus 1

2018-01-02 20:25:11,325 - INFO - Starting analysis to optimize tree in bootstrap/Perth_low_0_1_RAxML_tree.newick using model YNGKP_M5. The command is: phydms bootstrap/Perth_low_0_1.fasta bootstrap/Perth_low_0_1_RAxML_tree.newick YNGKP_M5 bootstrap/Perth_low_0_1_YNGKP_M5 --brlen optimize --ncpus 1

2018-01-02 20:25:11,325 - INFO - Starting analysis to optimize tree in bootstrap/Perth_low_0_1_RAxML_tree.newick using model ExpCM_Perth_low_0_1_prefs. The command is: phydms bootstrap/Perth_low_0_1.fasta bootstrap/Perth_low_0_1_RAxML_tree.newick ExpCM_bootstrap/Perth_low_0_1_prefs.csv bootstrap/Perth_low_0_1_ExpCM_Perth_low_0_1_prefs --brlen optimize --ncpus 4

2018-01-02 20:25:11,326 - INFO - Starting analysis to optimize tree in bootstrap/Perth_low_0_1_RAxML_tree.newick using model ExpCM_Perth_low_0_1_prefs_gammaomega. The command is: phydms bootstrap/Perth_low_0_1.fasta bootstrap/Perth_low_0_1_RAxML_tree.newick ExpCM_bootstrap/Perth_low_0_1_prefs.csv bootstrap/Perth_low_0_1_ExpCM_Perth_low_0_1_prefs_gammaomega --brlen optimize --gammaomega --ncpus 4

2018-01-02 20:25:11,326 - INFO - Starting analysis to optimize tree in bootstrap/Perth_low_0_1_RAxML_tree.newick using model averaged_ExpCM_Perth_low_0_1_prefs. The command is: phydms bootstrap/Perth_low_0_1.fasta bootstrap/Perth_low_0_1_RAxML_tree.newick ExpCM_bootstrap/Perth_low_0_1_prefs.csv bootstrap/Perth_low_0_1_averaged_ExpCM_Perth_low_0_1_prefs --brlen optimize --avgprefs --ncpus 4

2018-01-02 20:25:11,326 - INFO - Starting analysis to optimize tree in bootstrap/Perth_low_0_1_RAxML_tree.newick using model averaged_ExpCM_Perth_low_0_1_prefs_gammaomega. The command is: phydms bootstrap/Perth_low_0_1.fasta bootstrap/Perth_low_0_1_RAxML_tree.newick ExpCM_bootstrap/Perth_low_0_1_prefs.csv bootstrap/Perth_low_0_1_averaged_ExpCM_Perth_low_0_1_prefs_gammaomega --brlen optimize --gammaomega --avgprefs --ncpus 4

2018-01-02 20:25:11,326 - INFO - Starting analysis to optimize tree in bootstrap/Perth_low_0_1_RAxML_tree.newick using model randomized_ExpCM_Perth_low_0_1_prefs. The command is: phydms bootstrap/Perth_low_0_1.fasta bootstrap/Perth_low_0_1_RAxML_tree.newick ExpCM_bootstrap/Perth_low_0_1_prefs.csv bootstrap/Perth_low_0_1_randomized_ExpCM_Perth_low_0_1_prefs --brlen optimize --randprefs --ncpus 4

2018-01-02 20:25:11,326 - INFO - Starting analysis to optimize tree in bootstrap/Perth_low_0_1_RAxML_tree.newick using model randomized_ExpCM_Perth_low_0_1_prefs_gammaomega. The command is: phydms bootstrap/Perth_low_0_1.fasta bootstrap/Perth_low_0_1_RAxML_tree.newick ExpCM_bootstrap/Perth_low_0_1_prefs.csv bootstrap/Perth_low_0_1_randomized_ExpCM_Perth_low_0_1_prefs_gammaomega --brlen optimize --gammaomega --randprefs --ncpus 4

2018-01-02 20:35:02,065 - INFO - Analysis completed for YNGKP_M0
2018-01-02 20:35:02,067 - INFO - Found expected output file bootstrap/Perth_low_0_1_YNGKP_M0_log.log
2018-01-02 20:35:02,067 - INFO - Found expected output file bootstrap/Perth_low_0_1_YNGKP_M0_tree.newick
2018-01-02 20:35:02,067 - INFO - Found expected output file bootstrap/Perth_low_0_1_YNGKP_M0_loglikelihood.txt
2018-01-02 20:35:02,067 - INFO - Found expected output file bootstrap/Perth_low_0_1_YNGKP_M0_modelparams.txt
2018-01-02 20:35:02,067 - INFO - Analysis successful for YNGKP_M0

2018-01-02 20:51:42,267 - INFO - Analysis completed for randomized_ExpCM_Perth_low_0_1_prefs
2018-01-02 20:51:42,270 - INFO - Found expected output file bootstrap/Perth_low_0_1_randomized_ExpCM_Perth_low_0_1_prefs_log.log
2018-01-02 20:51:42,270 - INFO - Found expected output file bootstrap/Perth_low_0_1_randomized_ExpCM_Perth_low_0_1_prefs_tree.newick
2018-01-02 20:51:42,270 - INFO - Found expected output file bootstrap/Perth_low_0_1_randomized_ExpCM_Perth_low_0_1_prefs_loglikelihood.txt
2018-01-02 20:51:42,270 - INFO - Found expected output file bootstrap/Perth_low_0_1_randomized_ExpCM_Perth_low_0_1_prefs_modelparams.txt
2018-01-02 20:51:42,271 - INFO - Analysis successful for randomized_ExpCM_Perth_low_0_1_prefs

2018-01-02 20:52:22,318 - INFO - Analysis completed for averaged_ExpCM_Perth_low_0_1_prefs
2018-01-02 20:52:22,320 - INFO - Found expected output file bootstrap/Perth_low_0_1_averaged_ExpCM_Perth_low_0_1_prefs_log.log
2018-01-02 20:52:22,321 - INFO - Found expected output file bootstrap/Perth_low_0_1_averaged_ExpCM_Perth_low_0_1_prefs_tree.newick
2018-01-02 20:52:22,321 - INFO - Found expected output file bootstrap/Perth_low_0_1_averaged_ExpCM_Perth_low_0_1_prefs_loglikelihood.txt
2018-01-02 20:52:22,321 - INFO - Found expected output file bootstrap/Perth_low_0_1_averaged_ExpCM_Perth_low_0_1_prefs_modelparams.txt
2018-01-02 20:52:22,321 - INFO - Analysis successful for averaged_ExpCM_Perth_low_0_1_prefs

2018-01-02 20:59:57,848 - INFO - Analysis completed for ExpCM_Perth_low_0_1_prefs
2018-01-02 20:59:57,850 - INFO - Found expected output file bootstrap/Perth_low_0_1_ExpCM_Perth_low_0_1_prefs_log.log
2018-01-02 20:59:57,851 - INFO - Found expected output file bootstrap/Perth_low_0_1_ExpCM_Perth_low_0_1_prefs_tree.newick
2018-01-02 20:59:57,851 - INFO - Found expected output file bootstrap/Perth_low_0_1_ExpCM_Perth_low_0_1_prefs_loglikelihood.txt
2018-01-02 20:59:57,851 - INFO - Found expected output file bootstrap/Perth_low_0_1_ExpCM_Perth_low_0_1_prefs_modelparams.txt
2018-01-02 20:59:57,851 - INFO - Analysis successful for ExpCM_Perth_low_0_1_prefs

2018-01-02 22:03:08,341 - INFO - Analysis completed for YNGKP_M5
2018-01-02 22:03:08,344 - INFO - Found expected output file bootstrap/Perth_low_0_1_YNGKP_M5_log.log
2018-01-02 22:03:08,345 - INFO - Found expected output file bootstrap/Perth_low_0_1_YNGKP_M5_tree.newick
2018-01-02 22:03:08,345 - INFO - Found expected output file bootstrap/Perth_low_0_1_YNGKP_M5_loglikelihood.txt
2018-01-02 22:03:08,345 - INFO - Found expected output file bootstrap/Perth_low_0_1_YNGKP_M5_modelparams.txt
2018-01-02 22:03:08,345 - INFO - Analysis successful for YNGKP_M5

2018-01-02 23:07:08,877 - INFO - Analysis completed for randomized_ExpCM_Perth_low_0_1_prefs_gammaomega
2018-01-02 23:07:08,880 - INFO - Found expected output file bootstrap/Perth_low_0_1_randomized_ExpCM_Perth_low_0_1_prefs_gammaomega_log.log
2018-01-02 23:07:08,880 - INFO - Found expected output file bootstrap/Perth_low_0_1_randomized_ExpCM_Perth_low_0_1_prefs_gammaomega_tree.newick
2018-01-02 23:07:08,881 - INFO - Found expected output file bootstrap/Perth_low_0_1_randomized_ExpCM_Perth_low_0_1_prefs_gammaomega_loglikelihood.txt
2018-01-02 23:07:08,881 - INFO - Found expected output file bootstrap/Perth_low_0_1_randomized_ExpCM_Perth_low_0_1_prefs_gammaomega_modelparams.txt
2018-01-02 23:07:08,881 - INFO - Analysis successful for randomized_ExpCM_Perth_low_0_1_prefs_gammaomega

2018-01-03 00:15:59,733 - INFO - Analysis completed for averaged_ExpCM_Perth_low_0_1_prefs_gammaomega
2018-01-03 00:15:59,737 - INFO - Found expected output file bootstrap/Perth_low_0_1_averaged_ExpCM_Perth_low_0_1_prefs_gammaomega_log.log
2018-01-03 00:15:59,738 - INFO - Found expected output file bootstrap/Perth_low_0_1_averaged_ExpCM_Perth_low_0_1_prefs_gammaomega_tree.newick
2018-01-03 00:15:59,739 - INFO - Found expected output file bootstrap/Perth_low_0_1_averaged_ExpCM_Perth_low_0_1_prefs_gammaomega_loglikelihood.txt
2018-01-03 00:15:59,739 - INFO - Found expected output file bootstrap/Perth_low_0_1_averaged_ExpCM_Perth_low_0_1_prefs_gammaomega_modelparams.txt
2018-01-03 00:15:59,740 - INFO - Analysis successful for averaged_ExpCM_Perth_low_0_1_prefs_gammaomega

2018-01-03 00:22:50,223 - INFO - Analysis completed for ExpCM_Perth_low_0_1_prefs_gammaomega
2018-01-03 00:22:50,225 - INFO - Found expected output file bootstrap/Perth_low_0_1_ExpCM_Perth_low_0_1_prefs_gammaomega_log.log
2018-01-03 00:22:50,225 - INFO - Found expected output file bootstrap/Perth_low_0_1_ExpCM_Perth_low_0_1_prefs_gammaomega_tree.newick
2018-01-03 00:22:50,226 - INFO - Found expected output file bootstrap/Perth_low_0_1_ExpCM_Perth_low_0_1_prefs_gammaomega_loglikelihood.txt
2018-01-03 00:22:50,226 - INFO - Found expected output file bootstrap/Perth_low_0_1_ExpCM_Perth_low_0_1_prefs_gammaomega_modelparams.txt
2018-01-03 00:22:50,226 - INFO - Analysis successful for ExpCM_Perth_low_0_1_prefs_gammaomega

2018-01-03 00:22:51,309 - INFO - Successful completion of phydms_comprehensive
