2018-01-02 10:28:24,215 - INFO - Beginning execution of phydms in directory /fh/fast/bloom_j/computational_notebooks/skhilton/2017/divergence_timing_manuscript/analysis/HA/branch_lengths

2018-01-02 10:28:24,215 - INFO - Progress is being logged to bootstrap/Perth_intermediate_0_0_YNGKP_M0_log.log

2018-01-02 10:28:24,215 - INFO - Version information:
	Time and date: Tue Jan  2 10:28:22 2018
	Platform: Linux-3.13.0-68-generic-x86_64-with-debian-jessie-sid
	Python version: 3.6.0 |Continuum Analytics, Inc.| (default, Dec 23 2016, 12:22:00)  [GCC 4.4.7 20120313 (Red Hat 4.4.7-1)]
	phydms version: 2.2.0
	Bio version: 1.69
	cython version: 0.25.2
	numpy version: 1.13.3
	scipy version: 0.19.0
	matplotlib version: 2.1.0
	natsort version: 5.0.2
	sympy version: 1.0
	six version: 1.11.0
	pandas version: 0.21.0
	pyvolve version: 0.8.4
	statsmodels version: 0.8.0
	weblogolib version: 3.5.0
	PyPDF2 version: 1.26.0

2018-01-02 10:28:24,215 - INFO - Parsed the following arguments:
	alignment = bootstrap/Perth_intermediate_0_0.fasta
	tree = bootstrap/Perth_intermediate_0_0_RAxML_tree.newick
	model = YNGKP_M0
	outprefix = bootstrap/Perth_intermediate_0_0_YNGKP_M0
	brlen = optimize
	gammaomega = False
	gammabeta = False
	omegabysite = False
	omegabysite_fixsyn = False
	diffprefsbysite = False
	diffprefsprior = ('invquadratic', 150.0, 0.5)
	fitphi = False
	randprefs = False
	avgprefs = False
	divpressure = None
	ncpus = 1
	fitprefsmethod = 2
	ncats = 4
	minbrlen = 1e-06
	minpref = 0.002
	seed = 1
	initparams = None
	profile = False
	opt_details = False
	nograd = False

2018-01-02 10:28:24,215 - INFO - Random number seed: 1

2018-01-02 10:28:24,216 - INFO - Reading alignment from bootstrap/Perth_intermediate_0_0.fasta
2018-01-02 10:28:24,705 - INFO - Read 59 aligned sequences from bootstrap/Perth_intermediate_0_0.fasta, each consisting of 565 codons.

2018-01-02 10:28:24,705 - INFO - Codon substitution model with be M0 version of YNGKP (Yang, Nielsen, Goldman, & Pederson. Genetics. 155:431-449).
2018-01-02 10:28:24,781 - INFO - Reading tree from bootstrap/Perth_intermediate_0_0_RAxML_tree.newick
2018-01-02 10:28:24,790 - INFO - Tree has 59 tips.
2018-01-02 10:28:24,833 - INFO - Adjusted 1 branch lengths up to minbrlen 1e-06

2018-01-02 10:28:24,833 - INFO - Initializing TreeLikelihood..
2018-01-02 10:28:29,213 - INFO - TreeLikelihood initialized.
2018-01-02 10:28:29,218 - INFO - Maximizing log likelihood (initially -43878.47).
2018-01-02 10:28:29,218 - INFO - Branch lengths will be optimized individually.
2018-01-02 11:11:40,815 - INFO - Maximization complete:
	Step 1: optimized parameters, loglik went from -43878.47 to -38822.32 (11 iterations, 25 function evals)
	Step 2: optimized branches, loglik went from -38822.32 to -38788.88 (179 iterations, 200 function evals)
	Step 3: optimized parameters, loglik went from -38788.88 to -38782.97 (4 iterations, 9 function evals)
	Step 4: optimized branches, loglik went from -38782.97 to -38780.95 (45 iterations, 53 function evals)
	Step 5: optimized parameters, loglik went from -38780.95 to -38780.36 (4 iterations, 8 function evals)
	Step 6: optimized branches, loglik went from -38780.36 to -38780.36 (1 iterations, 4 function evals)
2018-01-02 11:11:40,817 - INFO - Optimized log likelihood is -38780.36.
2018-01-02 11:11:40,817 - INFO - Writing log likelihood to bootstrap/Perth_intermediate_0_0_YNGKP_M0_loglikelihood.txt
2018-01-02 11:11:40,824 - INFO - Model parameters after optimization:
	kappa = 2.8727
	omega = 0.0557165
	phi0A = 0.339212
	phi0C = 0.143146
	phi0G = 0.276596
	phi1A = 0.387061
	phi1C = 0.175563
	phi1G = 0.214666
	phi2A = 0.333099
	phi2C = 0.216511
	phi2G = 0.197737
2018-01-02 11:11:40,824 - INFO - Writing model parameters to bootstrap/Perth_intermediate_0_0_YNGKP_M0_modelparams.txt
2018-01-02 11:11:40,830 - INFO - Writing the optimized tree to bootstrap/Perth_intermediate_0_0_YNGKP_M0_tree.newick

2018-01-02 11:11:40,838 - INFO - Successful completion of phydms
