2018-01-02 10:28:57,464 - INFO - Beginning execution of phydms in directory /fh/fast/bloom_j/computational_notebooks/skhilton/2017/divergence_timing_manuscript/analysis/HA/branch_lengths

2018-01-02 10:28:57,465 - INFO - Progress is being logged to bootstrap/Perth_high_0_1_ExpCM_Perth_high_0_1_prefs_gammaomega_log.log

2018-01-02 10:28:57,465 - INFO - Version information:
	Time and date: Tue Jan  2 10:28:55 2018
	Platform: Linux-3.13.0-68-generic-x86_64-with-debian-jessie-sid
	Python version: 3.6.0 |Continuum Analytics, Inc.| (default, Dec 23 2016, 12:22:00)  [GCC 4.4.7 20120313 (Red Hat 4.4.7-1)]
	phydms version: 2.2.0
	Bio version: 1.69
	cython version: 0.25.2
	numpy version: 1.13.3
	scipy version: 0.19.0
	matplotlib version: 2.1.0
	natsort version: 5.0.2
	sympy version: 1.0
	six version: 1.11.0
	pandas version: 0.21.0
	pyvolve version: 0.8.4
	statsmodels version: 0.8.0
	weblogolib version: 3.5.0
	PyPDF2 version: 1.26.0

2018-01-02 10:28:57,465 - INFO - Parsed the following arguments:
	alignment = bootstrap/Perth_high_0_1.fasta
	tree = bootstrap/Perth_high_0_1_RAxML_tree.newick
	model = ('ExpCM', 'bootstrap/Perth_high_0_1_prefs.csv')
	outprefix = bootstrap/Perth_high_0_1_ExpCM_Perth_high_0_1_prefs_gammaomega
	brlen = optimize
	gammaomega = True
	gammabeta = False
	omegabysite = False
	omegabysite_fixsyn = False
	diffprefsbysite = False
	diffprefsprior = ('invquadratic', 150.0, 0.5)
	fitphi = False
	randprefs = False
	avgprefs = False
	divpressure = None
	ncpus = 4
	fitprefsmethod = 2
	ncats = 4
	minbrlen = 1e-06
	minpref = 0.002
	seed = 1
	initparams = None
	profile = False
	opt_details = False
	nograd = False

2018-01-02 10:28:57,465 - INFO - Random number seed: 1

2018-01-02 10:28:57,465 - INFO - Reading alignment from bootstrap/Perth_high_0_1.fasta
2018-01-02 10:28:58,225 - INFO - Read 87 aligned sequences from bootstrap/Perth_high_0_1.fasta, each consisting of 565 codons.

2018-01-02 10:28:58,226 - INFO - The model will be an ExpCM informed by site-specific amino-acid preferences in bootstrap/Perth_high_0_1_prefs.csv
2018-01-02 10:29:00,068 - INFO - Successfully read site-specific amino-acid preferences for all 565 sites.

2018-01-02 10:29:00,071 - INFO - Nucleotide frequency parameters phi will be set so stationary state matches alignment nucleotide frequencies of A = 0.342, C = 0.195, G = 0.225, T = 0.238

2018-01-02 10:29:05,575 - INFO - Omega will be drawn from 4 gamma-distributed categories.

2018-01-02 10:29:43,296 - INFO - Reading tree from bootstrap/Perth_high_0_1_RAxML_tree.newick
2018-01-02 10:29:43,305 - INFO - Tree has 87 tips.
2018-01-02 10:29:43,366 - INFO - Adjusted 1 branch lengths up to minbrlen 1e-06

2018-01-02 10:29:43,368 - INFO - Initializing TreeLikelihood..
2018-01-02 10:33:39,470 - INFO - TreeLikelihood initialized.
2018-01-02 10:33:39,475 - INFO - Maximizing log likelihood (initially -58124.37).
2018-01-02 10:33:39,476 - INFO - Branch lengths will be optimized individually.
2018-01-02 20:24:38,420 - INFO - Maximization complete:
	Step 1: optimized parameters, loglik went from -58124.37 to -51491.93 (21 iterations, 28 function evals)
	Step 2: optimized branches, loglik went from -51491.93 to -51297.45 (362 iterations, 407 function evals)
	Step 3: optimized parameters, loglik went from -51297.45 to -51272.79 (16 iterations, 19 function evals)
	Step 4: optimized branches, loglik went from -51272.79 to -51272.78 (1 iterations, 5 function evals)
2018-01-02 20:24:38,422 - INFO - Optimized log likelihood is -51272.78.
2018-01-02 20:24:38,422 - INFO - Writing log likelihood to bootstrap/Perth_high_0_1_ExpCM_Perth_high_0_1_prefs_gammaomega_loglikelihood.txt
2018-01-02 20:24:38,428 - INFO - Model parameters after optimization:
	alpha_omega = 0.997255
	beta = 1.30969
	beta_omega = 8.36979
	kappa = 3.83001
	phiA = 0.358481
	phiC = 0.185613
	phiG = 0.227707
2018-01-02 20:24:38,428 - INFO - Writing model parameters to bootstrap/Perth_high_0_1_ExpCM_Perth_high_0_1_prefs_gammaomega_modelparams.txt
2018-01-02 20:24:38,432 - INFO - Writing the optimized tree to bootstrap/Perth_high_0_1_ExpCM_Perth_high_0_1_prefs_gammaomega_tree.newick

2018-01-02 20:24:38,444 - INFO - Successful completion of phydms
