2018-01-02 20:25:14,082 - INFO - Beginning execution of phydms in directory /fh/fast/bloom_j/computational_notebooks/skhilton/2017/divergence_timing_manuscript/analysis/HA/branch_lengths

2018-01-02 20:25:14,082 - INFO - Progress is being logged to bootstrap/Perth_low_0_1_YNGKP_M0_log.log

2018-01-02 20:25:14,082 - INFO - Version information:
	Time and date: Tue Jan  2 20:25:12 2018
	Platform: Linux-3.13.0-68-generic-x86_64-with-debian-jessie-sid
	Python version: 3.6.0 |Continuum Analytics, Inc.| (default, Dec 23 2016, 12:22:00)  [GCC 4.4.7 20120313 (Red Hat 4.4.7-1)]
	phydms version: 2.2.0
	Bio version: 1.69
	cython version: 0.25.2
	numpy version: 1.13.3
	scipy version: 0.19.0
	matplotlib version: 2.1.0
	natsort version: 5.0.2
	sympy version: 1.0
	six version: 1.11.0
	pandas version: 0.21.0
	pyvolve version: 0.8.4
	statsmodels version: 0.8.0
	weblogolib version: 3.5.0
	PyPDF2 version: 1.26.0

2018-01-02 20:25:14,082 - INFO - Parsed the following arguments:
	alignment = bootstrap/Perth_low_0_1.fasta
	tree = bootstrap/Perth_low_0_1_RAxML_tree.newick
	model = YNGKP_M0
	outprefix = bootstrap/Perth_low_0_1_YNGKP_M0
	brlen = optimize
	gammaomega = False
	gammabeta = False
	omegabysite = False
	omegabysite_fixsyn = False
	diffprefsbysite = False
	diffprefsprior = ('invquadratic', 150.0, 0.5)
	fitphi = False
	randprefs = False
	avgprefs = False
	divpressure = None
	ncpus = 1
	fitprefsmethod = 2
	ncats = 4
	minbrlen = 1e-06
	minpref = 0.002
	seed = 1
	initparams = None
	profile = False
	opt_details = False
	nograd = False

2018-01-02 20:25:14,082 - INFO - Random number seed: 1

2018-01-02 20:25:14,082 - INFO - Reading alignment from bootstrap/Perth_low_0_1.fasta
2018-01-02 20:25:14,364 - INFO - Read 34 aligned sequences from bootstrap/Perth_low_0_1.fasta, each consisting of 565 codons.

2018-01-02 20:25:14,364 - INFO - Codon substitution model with be M0 version of YNGKP (Yang, Nielsen, Goldman, & Pederson. Genetics. 155:431-449).
2018-01-02 20:25:14,399 - INFO - Reading tree from bootstrap/Perth_low_0_1_RAxML_tree.newick
2018-01-02 20:25:14,403 - INFO - Tree has 34 tips.
2018-01-02 20:25:14,410 - INFO - Adjusted 1 branch lengths up to minbrlen 1e-06

2018-01-02 20:25:14,410 - INFO - Initializing TreeLikelihood..
2018-01-02 20:25:16,521 - INFO - TreeLikelihood initialized.
2018-01-02 20:25:16,522 - INFO - Maximizing log likelihood (initially -24538.40).
2018-01-02 20:25:16,522 - INFO - Branch lengths will be optimized individually.
2018-01-02 20:35:01,468 - INFO - Maximization complete:
	Step 1: optimized parameters, loglik went from -24538.40 to -21490.64 (20 iterations, 30 function evals)
	Step 2: optimized branches, loglik went from -21490.64 to -21460.82 (138 iterations, 150 function evals)
	Step 3: optimized parameters, loglik went from -21460.82 to -21460.15 (4 iterations, 9 function evals)
	Step 4: optimized branches, loglik went from -21460.15 to -21460.03 (2 iterations, 5 function evals)
	Step 5: optimized parameters, loglik went from -21460.03 to -21459.92 (6 iterations, 14 function evals)
	Step 6: optimized branches, loglik went from -21459.92 to -21459.91 (1 iterations, 4 function evals)
2018-01-02 20:35:01,509 - INFO - Optimized log likelihood is -21459.91.
2018-01-02 20:35:01,509 - INFO - Writing log likelihood to bootstrap/Perth_low_0_1_YNGKP_M0_loglikelihood.txt
2018-01-02 20:35:01,515 - INFO - Model parameters after optimization:
	kappa = 3.21123
	omega = 0.051233
	phi0A = 0.356969
	phi0C = 0.157941
	phi0G = 0.273652
	phi1A = 0.344332
	phi1C = 0.199028
	phi1G = 0.206985
	phi2A = 0.323707
	phi2C = 0.230974
	phi2G = 0.184435
2018-01-02 20:35:01,516 - INFO - Writing model parameters to bootstrap/Perth_low_0_1_YNGKP_M0_modelparams.txt
2018-01-02 20:35:01,520 - INFO - Writing the optimized tree to bootstrap/Perth_low_0_1_YNGKP_M0_tree.newick

2018-01-02 20:35:01,531 - INFO - Successful completion of phydms
