2018-01-02 10:28:24,213 - INFO - Beginning execution of phydms in directory /fh/fast/bloom_j/computational_notebooks/skhilton/2017/divergence_timing_manuscript/analysis/HA/branch_lengths

2018-01-02 10:28:24,213 - INFO - Progress is being logged to bootstrap/Perth_intermediate_0_0_YNGKP_M5_log.log

2018-01-02 10:28:24,214 - INFO - Version information:
	Time and date: Tue Jan  2 10:28:22 2018
	Platform: Linux-3.13.0-68-generic-x86_64-with-debian-jessie-sid
	Python version: 3.6.0 |Continuum Analytics, Inc.| (default, Dec 23 2016, 12:22:00)  [GCC 4.4.7 20120313 (Red Hat 4.4.7-1)]
	phydms version: 2.2.0
	Bio version: 1.69
	cython version: 0.25.2
	numpy version: 1.13.3
	scipy version: 0.19.0
	matplotlib version: 2.1.0
	natsort version: 5.0.2
	sympy version: 1.0
	six version: 1.11.0
	pandas version: 0.21.0
	pyvolve version: 0.8.4
	statsmodels version: 0.8.0
	weblogolib version: 3.5.0
	PyPDF2 version: 1.26.0

2018-01-02 10:28:24,214 - INFO - Parsed the following arguments:
	alignment = bootstrap/Perth_intermediate_0_0.fasta
	tree = bootstrap/Perth_intermediate_0_0_RAxML_tree.newick
	model = YNGKP_M5
	outprefix = bootstrap/Perth_intermediate_0_0_YNGKP_M5
	brlen = optimize
	gammaomega = False
	gammabeta = False
	omegabysite = False
	omegabysite_fixsyn = False
	diffprefsbysite = False
	diffprefsprior = ('invquadratic', 150.0, 0.5)
	fitphi = False
	randprefs = False
	avgprefs = False
	divpressure = None
	ncpus = 1
	fitprefsmethod = 2
	ncats = 4
	minbrlen = 1e-06
	minpref = 0.002
	seed = 1
	initparams = None
	profile = False
	opt_details = False
	nograd = False

2018-01-02 10:28:24,214 - INFO - Random number seed: 1

2018-01-02 10:28:24,214 - INFO - Reading alignment from bootstrap/Perth_intermediate_0_0.fasta
2018-01-02 10:28:24,710 - INFO - Read 59 aligned sequences from bootstrap/Perth_intermediate_0_0.fasta, each consisting of 565 codons.

2018-01-02 10:28:24,710 - INFO - Codon substitution model with be M5 version of YNGKP (Yang, Nielsen, Goldman, & Pederson. Genetics. 155:431-449).
2018-01-02 10:28:24,764 - INFO - For this YNGKP_M5 model, omega will be drawn from 4 gamma-distributed categories.
2018-01-02 10:28:24,777 - INFO - Reading tree from bootstrap/Perth_intermediate_0_0_RAxML_tree.newick
2018-01-02 10:28:24,782 - INFO - Tree has 59 tips.
2018-01-02 10:28:24,810 - INFO - Adjusted 1 branch lengths up to minbrlen 1e-06

2018-01-02 10:28:24,811 - INFO - Initializing TreeLikelihood..
2018-01-02 10:28:51,837 - INFO - TreeLikelihood initialized.
2018-01-02 10:28:51,848 - INFO - Maximizing log likelihood (initially -42833.02).
2018-01-02 10:28:51,848 - INFO - Branch lengths will be optimized individually.
2018-01-02 14:07:15,229 - INFO - Maximization complete:
	Step 1: optimized parameters, loglik went from -42833.02 to -37904.48 (18 iterations, 24 function evals)
	Step 2: optimized branches, loglik went from -37904.48 to -37824.19 (257 iterations, 288 function evals)
	Step 3: optimized parameters, loglik went from -37824.19 to -37811.87 (8 iterations, 12 function evals)
	Step 4: optimized branches, loglik went from -37811.87 to -37809.25 (124 iterations, 139 function evals)
	Step 5: optimized parameters, loglik went from -37809.25 to -37808.88 (9 iterations, 12 function evals)
	Step 6: optimized branches, loglik went from -37808.88 to -37808.87 (2 iterations, 6 function evals)
	Step 7: optimized parameters, loglik went from -37808.87 to -37808.87 (1 iterations, 3 function evals)
2018-01-02 14:07:15,271 - INFO - Optimized log likelihood is -37808.87.
2018-01-02 14:07:15,272 - INFO - Writing log likelihood to bootstrap/Perth_intermediate_0_0_YNGKP_M5_loglikelihood.txt
2018-01-02 14:07:15,287 - INFO - Model parameters after optimization:
	alpha_omega = 0.640056
	beta_omega = 9.38977
	kappa = 3.28884
	phi0A = 0.339212
	phi0C = 0.143146
	phi0G = 0.276596
	phi1A = 0.387061
	phi1C = 0.175563
	phi1G = 0.214666
	phi2A = 0.333099
	phi2C = 0.216511
	phi2G = 0.197737
2018-01-02 14:07:15,288 - INFO - Writing model parameters to bootstrap/Perth_intermediate_0_0_YNGKP_M5_modelparams.txt
2018-01-02 14:07:15,292 - INFO - Writing the optimized tree to bootstrap/Perth_intermediate_0_0_YNGKP_M5_tree.newick

2018-01-02 14:07:15,303 - INFO - Successful completion of phydms
