2018-01-03 00:23:45,594 - INFO - Beginning execution of phydms in directory /fh/fast/bloom_j/computational_notebooks/skhilton/2017/divergence_timing_manuscript/analysis/HA/branch_lengths

2018-01-03 00:23:45,594 - INFO - Progress is being logged to bootstrap/Perth_low_0_0_averaged_ExpCM_Perth_low_0_0_prefs_gammaomega_log.log

2018-01-03 00:23:45,594 - INFO - Version information:
	Time and date: Wed Jan  3 00:23:44 2018
	Platform: Linux-3.13.0-68-generic-x86_64-with-debian-jessie-sid
	Python version: 3.6.0 |Continuum Analytics, Inc.| (default, Dec 23 2016, 12:22:00)  [GCC 4.4.7 20120313 (Red Hat 4.4.7-1)]
	phydms version: 2.2.0
	Bio version: 1.69
	cython version: 0.25.2
	numpy version: 1.13.3
	scipy version: 0.19.0
	matplotlib version: 2.1.0
	natsort version: 5.0.2
	sympy version: 1.0
	six version: 1.11.0
	pandas version: 0.21.0
	pyvolve version: 0.8.4
	statsmodels version: 0.8.0
	weblogolib version: 3.5.0
	PyPDF2 version: 1.26.0

2018-01-03 00:23:45,595 - INFO - Parsed the following arguments:
	alignment = bootstrap/Perth_low_0_0.fasta
	tree = bootstrap/Perth_low_0_0_RAxML_tree.newick
	model = ('ExpCM', 'bootstrap/Perth_low_0_0_prefs.csv')
	outprefix = bootstrap/Perth_low_0_0_averaged_ExpCM_Perth_low_0_0_prefs_gammaomega
	brlen = optimize
	gammaomega = True
	gammabeta = False
	omegabysite = False
	omegabysite_fixsyn = False
	diffprefsbysite = False
	diffprefsprior = ('invquadratic', 150.0, 0.5)
	fitphi = False
	randprefs = False
	avgprefs = True
	divpressure = None
	ncpus = 4
	fitprefsmethod = 2
	ncats = 4
	minbrlen = 1e-06
	minpref = 0.002
	seed = 1
	initparams = None
	profile = False
	opt_details = False
	nograd = False

2018-01-03 00:23:45,595 - INFO - Random number seed: 1

2018-01-03 00:23:45,595 - INFO - Reading alignment from bootstrap/Perth_low_0_0.fasta
2018-01-03 00:23:45,863 - INFO - Read 34 aligned sequences from bootstrap/Perth_low_0_0.fasta, each consisting of 565 codons.

2018-01-03 00:23:45,864 - INFO - The model will be an ExpCM informed by site-specific amino-acid preferences in bootstrap/Perth_low_0_0_prefs.csv
2018-01-03 00:23:45,864 - INFO - Preferences will be averaged across sites.
2018-01-03 00:23:47,198 - INFO - Successfully read site-specific amino-acid preferences for all 565 sites.

2018-01-03 00:23:47,199 - INFO - Nucleotide frequency parameters phi will be set so stationary state matches alignment nucleotide frequencies of A = 0.342, C = 0.199, G = 0.229, T = 0.230

2018-01-03 00:23:48,969 - INFO - Omega will be drawn from 4 gamma-distributed categories.

2018-01-03 00:23:57,931 - INFO - Reading tree from bootstrap/Perth_low_0_0_RAxML_tree.newick
2018-01-03 00:23:57,934 - INFO - Tree has 34 tips.
2018-01-03 00:23:57,942 - INFO - Adjusted 1 branch lengths up to minbrlen 1e-06

2018-01-03 00:23:57,943 - INFO - Initializing TreeLikelihood..
2018-01-03 00:25:03,701 - INFO - TreeLikelihood initialized.
2018-01-03 00:25:03,702 - INFO - Maximizing log likelihood (initially -23801.01).
2018-01-03 00:25:03,702 - INFO - Branch lengths will be optimized individually.
2018-01-03 02:17:24,260 - INFO - Maximization complete:
	Step 1: optimized parameters, loglik went from -23801.01 to -20948.93 (19 iterations, 26 function evals)
	Step 2: optimized branches, loglik went from -20948.93 to -20918.07 (224 iterations, 242 function evals)
	Step 3: optimized parameters, loglik went from -20918.07 to -20913.76 (7 iterations, 12 function evals)
	Step 4: optimized branches, loglik went from -20913.76 to -20913.76 (1 iterations, 5 function evals)
2018-01-03 02:17:24,308 - INFO - Optimized log likelihood is -20913.76.
2018-01-03 02:17:24,308 - INFO - Writing log likelihood to bootstrap/Perth_low_0_0_averaged_ExpCM_Perth_low_0_0_prefs_gammaomega_loglikelihood.txt
2018-01-03 02:17:24,348 - INFO - Model parameters after optimization:
	alpha_omega = 0.514484
	beta =  1.522
	beta_omega = 6.72453
	kappa = 3.77551
	phiA = 0.351787
	phiC = 0.19161
	phiG = 0.238009
2018-01-03 02:17:24,348 - INFO - Writing model parameters to bootstrap/Perth_low_0_0_averaged_ExpCM_Perth_low_0_0_prefs_gammaomega_modelparams.txt
2018-01-03 02:17:24,355 - INFO - Writing the optimized tree to bootstrap/Perth_low_0_0_averaged_ExpCM_Perth_low_0_0_prefs_gammaomega_tree.newick

2018-01-03 02:17:24,365 - INFO - Successful completion of phydms
