2018-01-02 23:17:56,805 - INFO - Beginning execution of phydms in directory /fh/fast/bloom_j/computational_notebooks/skhilton/2017/divergence_timing_manuscript/analysis/HA/branch_lengths

2018-01-02 23:17:56,805 - INFO - Progress is being logged to bootstrap/Perth_high_0_0_ExpCM_Perth_high_0_0_prefs_gammaomega_log.log

2018-01-02 23:17:56,805 - INFO - Version information:
	Time and date: Tue Jan  2 23:17:55 2018
	Platform: Linux-3.13.0-68-generic-x86_64-with-debian-jessie-sid
	Python version: 3.6.0 |Continuum Analytics, Inc.| (default, Dec 23 2016, 12:22:00)  [GCC 4.4.7 20120313 (Red Hat 4.4.7-1)]
	phydms version: 2.2.0
	Bio version: 1.69
	cython version: 0.25.2
	numpy version: 1.13.3
	scipy version: 0.19.0
	matplotlib version: 2.1.0
	natsort version: 5.0.2
	sympy version: 1.0
	six version: 1.11.0
	pandas version: 0.21.0
	pyvolve version: 0.8.4
	statsmodels version: 0.8.0
	weblogolib version: 3.5.0
	PyPDF2 version: 1.26.0

2018-01-02 23:17:56,805 - INFO - Parsed the following arguments:
	alignment = bootstrap/Perth_high_0_0.fasta
	tree = bootstrap/Perth_high_0_0_RAxML_tree.newick
	model = ('ExpCM', 'bootstrap/Perth_high_0_0_prefs.csv')
	outprefix = bootstrap/Perth_high_0_0_ExpCM_Perth_high_0_0_prefs_gammaomega
	brlen = optimize
	gammaomega = True
	gammabeta = False
	omegabysite = False
	omegabysite_fixsyn = False
	diffprefsbysite = False
	diffprefsprior = ('invquadratic', 150.0, 0.5)
	fitphi = False
	randprefs = False
	avgprefs = False
	divpressure = None
	ncpus = 4
	fitprefsmethod = 2
	ncats = 4
	minbrlen = 1e-06
	minpref = 0.002
	seed = 1
	initparams = None
	profile = False
	opt_details = False
	nograd = False

2018-01-02 23:17:56,805 - INFO - Random number seed: 1

2018-01-02 23:17:56,805 - INFO - Reading alignment from bootstrap/Perth_high_0_0.fasta
2018-01-02 23:17:57,557 - INFO - Read 87 aligned sequences from bootstrap/Perth_high_0_0.fasta, each consisting of 565 codons.

2018-01-02 23:17:57,557 - INFO - The model will be an ExpCM informed by site-specific amino-acid preferences in bootstrap/Perth_high_0_0_prefs.csv
2018-01-02 23:17:58,836 - INFO - Successfully read site-specific amino-acid preferences for all 565 sites.

2018-01-02 23:17:58,838 - INFO - Nucleotide frequency parameters phi will be set so stationary state matches alignment nucleotide frequencies of A = 0.346, C = 0.187, G = 0.235, T = 0.232

2018-01-02 23:18:00,258 - INFO - Omega will be drawn from 4 gamma-distributed categories.

2018-01-02 23:18:08,717 - INFO - Reading tree from bootstrap/Perth_high_0_0_RAxML_tree.newick
2018-01-02 23:18:08,729 - INFO - Tree has 87 tips.
2018-01-02 23:18:08,801 - INFO - Adjusted 1 branch lengths up to minbrlen 1e-06

2018-01-02 23:18:08,801 - INFO - Initializing TreeLikelihood..
2018-01-02 23:21:07,301 - INFO - TreeLikelihood initialized.
2018-01-02 23:21:07,302 - INFO - Maximizing log likelihood (initially -58816.20).
2018-01-02 23:21:07,302 - INFO - Branch lengths will be optimized individually.
2018-01-03 09:22:38,955 - INFO - Maximization complete:
	Step 1: optimized parameters, loglik went from -58816.20 to -52341.94 (25 iterations, 33 function evals)
	Step 2: optimized branches, loglik went from -52341.94 to -52166.66 (375 iterations, 399 function evals)
	Step 3: optimized parameters, loglik went from -52166.66 to -52145.75 (12 iterations, 16 function evals)
	Step 4: optimized branches, loglik went from -52145.75 to -52142.59 (69 iterations, 79 function evals)
	Step 5: optimized parameters, loglik went from -52142.59 to -52142.19 (4 iterations, 7 function evals)
	Step 6: optimized branches, loglik went from -52142.19 to -52141.48 (36 iterations, 42 function evals)
	Step 7: optimized parameters, loglik went from -52141.48 to -52141.22 (3 iterations, 5 function evals)
	Step 8: optimized branches, loglik went from -52141.22 to -52140.67 (30 iterations, 37 function evals)
	Step 9: optimized parameters, loglik went from -52140.67 to -52140.42 (3 iterations, 5 function evals)
	Step 10: optimized branches, loglik went from -52140.42 to -52140.26 (12 iterations, 16 function evals)
	Step 11: optimized parameters, loglik went from -52140.26 to -52140.15 (3 iterations, 5 function evals)
	Step 12: optimized branches, loglik went from -52140.15 to -52140.15 (1 iterations, 4 function evals)
2018-01-03 09:22:39,002 - INFO - Optimized log likelihood is -52140.15.
2018-01-03 09:22:39,002 - INFO - Writing log likelihood to bootstrap/Perth_high_0_0_ExpCM_Perth_high_0_0_prefs_gammaomega_loglikelihood.txt
2018-01-03 09:22:39,033 - INFO - Model parameters after optimization:
	alpha_omega = 0.959455
	beta = 1.23365
	beta_omega = 8.1595
	kappa = 3.93945
	phiA = 0.359506
	phiC = 0.177322
	phiG = 0.241326
2018-01-03 09:22:39,033 - INFO - Writing model parameters to bootstrap/Perth_high_0_0_ExpCM_Perth_high_0_0_prefs_gammaomega_modelparams.txt
2018-01-03 09:22:39,036 - INFO - Writing the optimized tree to bootstrap/Perth_high_0_0_ExpCM_Perth_high_0_0_prefs_gammaomega_tree.newick

2018-01-03 09:22:39,049 - INFO - Successful completion of phydms
