2018-01-02 23:17:55,981 - INFO - Beginning execution of phydms in directory /fh/fast/bloom_j/computational_notebooks/skhilton/2017/divergence_timing_manuscript/analysis/HA/branch_lengths

2018-01-02 23:17:55,981 - INFO - Progress is being logged to bootstrap/Perth_high_0_0_ExpCM_Perth_high_0_0_prefs_log.log

2018-01-02 23:17:55,981 - INFO - Version information:
	Time and date: Tue Jan  2 23:17:54 2018
	Platform: Linux-3.13.0-68-generic-x86_64-with-debian-jessie-sid
	Python version: 3.6.0 |Continuum Analytics, Inc.| (default, Dec 23 2016, 12:22:00)  [GCC 4.4.7 20120313 (Red Hat 4.4.7-1)]
	phydms version: 2.2.0
	Bio version: 1.69
	cython version: 0.25.2
	numpy version: 1.13.3
	scipy version: 0.19.0
	matplotlib version: 2.1.0
	natsort version: 5.0.2
	sympy version: 1.0
	six version: 1.11.0
	pandas version: 0.21.0
	pyvolve version: 0.8.4
	statsmodels version: 0.8.0
	weblogolib version: 3.5.0
	PyPDF2 version: 1.26.0

2018-01-02 23:17:55,981 - INFO - Parsed the following arguments:
	alignment = bootstrap/Perth_high_0_0.fasta
	tree = bootstrap/Perth_high_0_0_RAxML_tree.newick
	model = ('ExpCM', 'bootstrap/Perth_high_0_0_prefs.csv')
	outprefix = bootstrap/Perth_high_0_0_ExpCM_Perth_high_0_0_prefs
	brlen = optimize
	gammaomega = False
	gammabeta = False
	omegabysite = False
	omegabysite_fixsyn = False
	diffprefsbysite = False
	diffprefsprior = ('invquadratic', 150.0, 0.5)
	fitphi = False
	randprefs = False
	avgprefs = False
	divpressure = None
	ncpus = 4
	fitprefsmethod = 2
	ncats = 4
	minbrlen = 1e-06
	minpref = 0.002
	seed = 1
	initparams = None
	profile = False
	opt_details = False
	nograd = False

2018-01-02 23:17:55,981 - INFO - Random number seed: 1

2018-01-02 23:17:55,982 - INFO - Reading alignment from bootstrap/Perth_high_0_0.fasta
2018-01-02 23:17:56,664 - INFO - Read 87 aligned sequences from bootstrap/Perth_high_0_0.fasta, each consisting of 565 codons.

2018-01-02 23:17:56,664 - INFO - The model will be an ExpCM informed by site-specific amino-acid preferences in bootstrap/Perth_high_0_0_prefs.csv
2018-01-02 23:17:57,890 - INFO - Successfully read site-specific amino-acid preferences for all 565 sites.

2018-01-02 23:17:57,893 - INFO - Nucleotide frequency parameters phi will be set so stationary state matches alignment nucleotide frequencies of A = 0.346, C = 0.187, G = 0.235, T = 0.232

2018-01-02 23:17:59,323 - INFO - Reading tree from bootstrap/Perth_high_0_0_RAxML_tree.newick
2018-01-02 23:17:59,328 - INFO - Tree has 87 tips.
2018-01-02 23:17:59,365 - INFO - Adjusted 1 branch lengths up to minbrlen 1e-06

2018-01-02 23:17:59,365 - INFO - Initializing TreeLikelihood..
2018-01-02 23:18:43,278 - INFO - TreeLikelihood initialized.
2018-01-02 23:18:43,279 - INFO - Maximizing log likelihood (initially -59766.29).
2018-01-02 23:18:43,279 - INFO - Branch lengths will be optimized individually.
2018-01-03 00:39:28,193 - INFO - Maximization complete:
	Step 1: optimized parameters, loglik went from -59766.29 to -53092.22 (19 iterations, 26 function evals)
	Step 2: optimized branches, loglik went from -53092.22 to -52999.75 (225 iterations, 240 function evals)
	Step 3: optimized parameters, loglik went from -52999.75 to -52994.40 (4 iterations, 9 function evals)
	Step 4: optimized branches, loglik went from -52994.40 to -52994.40 (1 iterations, 5 function evals)
2018-01-03 00:39:28,196 - INFO - Optimized log likelihood is -52994.40.
2018-01-03 00:39:28,196 - INFO - Writing log likelihood to bootstrap/Perth_high_0_0_ExpCM_Perth_high_0_0_prefs_loglikelihood.txt
2018-01-03 00:39:28,206 - INFO - Model parameters after optimization:
	beta = 1.39452
	kappa = 3.47402
	omega = 0.120827
	phiA = 0.36128
	phiC = 0.177319
	phiG = 0.241823
2018-01-03 00:39:28,206 - INFO - Writing model parameters to bootstrap/Perth_high_0_0_ExpCM_Perth_high_0_0_prefs_modelparams.txt
2018-01-03 00:39:28,211 - INFO - Writing the optimized tree to bootstrap/Perth_high_0_0_ExpCM_Perth_high_0_0_prefs_tree.newick

2018-01-03 00:39:28,226 - INFO - Successful completion of phydms
