2018-01-03 00:23:46,629 - INFO - Beginning execution of phydms in directory /fh/fast/bloom_j/computational_notebooks/skhilton/2017/divergence_timing_manuscript/analysis/HA/branch_lengths

2018-01-03 00:23:46,629 - INFO - Progress is being logged to bootstrap/Perth_low_0_0_randomized_ExpCM_Perth_low_0_0_prefs_log.log

2018-01-03 00:23:46,629 - INFO - Version information:
	Time and date: Wed Jan  3 00:23:45 2018
	Platform: Linux-3.13.0-68-generic-x86_64-with-debian-jessie-sid
	Python version: 3.6.0 |Continuum Analytics, Inc.| (default, Dec 23 2016, 12:22:00)  [GCC 4.4.7 20120313 (Red Hat 4.4.7-1)]
	phydms version: 2.2.0
	Bio version: 1.69
	cython version: 0.25.2
	numpy version: 1.13.3
	scipy version: 0.19.0
	matplotlib version: 2.1.0
	natsort version: 5.0.2
	sympy version: 1.0
	six version: 1.11.0
	pandas version: 0.21.0
	pyvolve version: 0.8.4
	statsmodels version: 0.8.0
	weblogolib version: 3.5.0
	PyPDF2 version: 1.26.0

2018-01-03 00:23:46,629 - INFO - Parsed the following arguments:
	alignment = bootstrap/Perth_low_0_0.fasta
	tree = bootstrap/Perth_low_0_0_RAxML_tree.newick
	model = ('ExpCM', 'bootstrap/Perth_low_0_0_prefs.csv')
	outprefix = bootstrap/Perth_low_0_0_randomized_ExpCM_Perth_low_0_0_prefs
	brlen = optimize
	gammaomega = False
	gammabeta = False
	omegabysite = False
	omegabysite_fixsyn = False
	diffprefsbysite = False
	diffprefsprior = ('invquadratic', 150.0, 0.5)
	fitphi = False
	randprefs = True
	avgprefs = False
	divpressure = None
	ncpus = 4
	fitprefsmethod = 2
	ncats = 4
	minbrlen = 1e-06
	minpref = 0.002
	seed = 1
	initparams = None
	profile = False
	opt_details = False
	nograd = False

2018-01-03 00:23:46,629 - INFO - Random number seed: 1

2018-01-03 00:23:46,629 - INFO - Reading alignment from bootstrap/Perth_low_0_0.fasta
2018-01-03 00:23:46,953 - INFO - Read 34 aligned sequences from bootstrap/Perth_low_0_0.fasta, each consisting of 565 codons.

2018-01-03 00:23:46,954 - INFO - The model will be an ExpCM informed by site-specific amino-acid preferences in bootstrap/Perth_low_0_0_prefs.csv
2018-01-03 00:23:46,954 - INFO - Preferences will be randomized across sites.
2018-01-03 00:23:48,276 - INFO - Successfully read site-specific amino-acid preferences for all 565 sites.

2018-01-03 00:23:48,277 - INFO - Nucleotide frequency parameters phi will be set so stationary state matches alignment nucleotide frequencies of A = 0.342, C = 0.199, G = 0.229, T = 0.230

2018-01-03 00:23:50,449 - INFO - Reading tree from bootstrap/Perth_low_0_0_RAxML_tree.newick
2018-01-03 00:23:50,459 - INFO - Tree has 34 tips.
2018-01-03 00:23:50,471 - INFO - Adjusted 1 branch lengths up to minbrlen 1e-06

2018-01-03 00:23:50,471 - INFO - Initializing TreeLikelihood..
2018-01-03 00:24:09,263 - INFO - TreeLikelihood initialized.
2018-01-03 00:24:09,264 - INFO - Maximizing log likelihood (initially -24633.05).
2018-01-03 00:24:09,264 - INFO - Branch lengths will be optimized individually.
2018-01-03 00:48:34,134 - INFO - Maximization complete:
	Step 1: optimized parameters, loglik went from -24633.05 to -21507.50 (28 iterations, 42 function evals)
	Step 2: optimized branches, loglik went from -21507.50 to -21485.72 (109 iterations, 121 function evals)
	Step 3: optimized parameters, loglik went from -21485.72 to -21485.72 (2 iterations, 9 function evals)
2018-01-03 00:48:34,175 - INFO - Optimized log likelihood is -21485.72.
2018-01-03 00:48:34,175 - INFO - Writing log likelihood to bootstrap/Perth_low_0_0_randomized_ExpCM_Perth_low_0_0_prefs_loglikelihood.txt
2018-01-03 00:48:34,184 - INFO - Model parameters after optimization:
	beta = 0.00793243
	kappa = 3.40899
	omega = 0.0645084
	phiA = 0.351104
	phiC = 0.185988
	phiG = 0.226371
2018-01-03 00:48:34,185 - INFO - Writing model parameters to bootstrap/Perth_low_0_0_randomized_ExpCM_Perth_low_0_0_prefs_modelparams.txt
2018-01-03 00:48:34,190 - INFO - Writing the optimized tree to bootstrap/Perth_low_0_0_randomized_ExpCM_Perth_low_0_0_prefs_tree.newick

2018-01-03 00:48:34,199 - INFO - Successful completion of phydms
