2018-01-03 00:23:27,044 - INFO - Beginning execution of phydms_comprehensive in directory /fh/fast/bloom_j/computational_notebooks/skhilton/2017/divergence_timing_manuscript/analysis/HA/branch_lengths

2018-01-03 00:23:27,044 - INFO - Progress is being logged to bootstrap/Perth_low_0_0.log

2018-01-03 00:23:27,044 - INFO - Version information:
	Time and date: Wed Jan  3 00:23:25 2018
	Platform: Linux-3.13.0-68-generic-x86_64-with-debian-jessie-sid
	Python version: 3.6.0 |Continuum Analytics, Inc.| (default, Dec 23 2016, 12:22:00)  [GCC 4.4.7 20120313 (Red Hat 4.4.7-1)]
	phydms version: 2.2.0
	Bio version: 1.69
	cython version: 0.25.2
	numpy version: 1.13.3
	scipy version: 0.19.0
	matplotlib version: 2.1.0
	natsort version: 5.0.2
	sympy version: 1.0
	six version: 1.11.0
	pandas version: 0.21.0
	pyvolve version: 0.8.4
	statsmodels version: 0.8.0
	weblogolib version: 3.5.0
	PyPDF2 version: 1.26.0

2018-01-03 00:23:27,045 - INFO - Parsed the following command-line arguments:
	outprefix = bootstrap/Perth_low_0_0_
	alignment = bootstrap/Perth_low_0_0.fasta
	prefsfiles = ['bootstrap/Perth_low_0_0_prefs.csv']
	raxml = raxml
	tree = None
	ncpus = -1
	brlen = optimize
	omegabysite = False
	diffprefsbysite = False
	gammaomega = True
	gammabeta = False
	noavgprefs = False
	randprefs = True

2018-01-03 00:23:27,045 - INFO - Checking that the alignment bootstrap/Perth_low_0_0.fasta is valid...
2018-01-03 00:23:27,321 - INFO - Valid alignment specifying 34 sequences of length 1695.

2018-01-03 00:23:27,321 - INFO - Tree not specified.
2018-01-03 00:23:27,336 - INFO - Inferring tree with RAxML using command raxml
2018-01-03 00:23:37,815 - INFO - RAxML inferred tree is now named bootstrap/Perth_low_0_0_RAxML_tree.newick
2018-01-03 00:23:37,832 - INFO - Starting analysis to optimize tree in bootstrap/Perth_low_0_0_RAxML_tree.newick using model YNGKP_M0. The command is: phydms bootstrap/Perth_low_0_0.fasta bootstrap/Perth_low_0_0_RAxML_tree.newick YNGKP_M0 bootstrap/Perth_low_0_0_YNGKP_M0 --brlen optimize --ncpus 1

2018-01-03 00:23:37,833 - INFO - Starting analysis to optimize tree in bootstrap/Perth_low_0_0_RAxML_tree.newick using model YNGKP_M5. The command is: phydms bootstrap/Perth_low_0_0.fasta bootstrap/Perth_low_0_0_RAxML_tree.newick YNGKP_M5 bootstrap/Perth_low_0_0_YNGKP_M5 --brlen optimize --ncpus 1

2018-01-03 00:23:37,833 - INFO - Starting analysis to optimize tree in bootstrap/Perth_low_0_0_RAxML_tree.newick using model ExpCM_Perth_low_0_0_prefs. The command is: phydms bootstrap/Perth_low_0_0.fasta bootstrap/Perth_low_0_0_RAxML_tree.newick ExpCM_bootstrap/Perth_low_0_0_prefs.csv bootstrap/Perth_low_0_0_ExpCM_Perth_low_0_0_prefs --brlen optimize --ncpus 4

2018-01-03 00:23:37,833 - INFO - Starting analysis to optimize tree in bootstrap/Perth_low_0_0_RAxML_tree.newick using model ExpCM_Perth_low_0_0_prefs_gammaomega. The command is: phydms bootstrap/Perth_low_0_0.fasta bootstrap/Perth_low_0_0_RAxML_tree.newick ExpCM_bootstrap/Perth_low_0_0_prefs.csv bootstrap/Perth_low_0_0_ExpCM_Perth_low_0_0_prefs_gammaomega --brlen optimize --gammaomega --ncpus 4

2018-01-03 00:23:37,833 - INFO - Starting analysis to optimize tree in bootstrap/Perth_low_0_0_RAxML_tree.newick using model averaged_ExpCM_Perth_low_0_0_prefs. The command is: phydms bootstrap/Perth_low_0_0.fasta bootstrap/Perth_low_0_0_RAxML_tree.newick ExpCM_bootstrap/Perth_low_0_0_prefs.csv bootstrap/Perth_low_0_0_averaged_ExpCM_Perth_low_0_0_prefs --brlen optimize --avgprefs --ncpus 4

2018-01-03 00:23:37,834 - INFO - Starting analysis to optimize tree in bootstrap/Perth_low_0_0_RAxML_tree.newick using model averaged_ExpCM_Perth_low_0_0_prefs_gammaomega. The command is: phydms bootstrap/Perth_low_0_0.fasta bootstrap/Perth_low_0_0_RAxML_tree.newick ExpCM_bootstrap/Perth_low_0_0_prefs.csv bootstrap/Perth_low_0_0_averaged_ExpCM_Perth_low_0_0_prefs_gammaomega --brlen optimize --gammaomega --avgprefs --ncpus 4

2018-01-03 00:23:37,834 - INFO - Starting analysis to optimize tree in bootstrap/Perth_low_0_0_RAxML_tree.newick using model randomized_ExpCM_Perth_low_0_0_prefs. The command is: phydms bootstrap/Perth_low_0_0.fasta bootstrap/Perth_low_0_0_RAxML_tree.newick ExpCM_bootstrap/Perth_low_0_0_prefs.csv bootstrap/Perth_low_0_0_randomized_ExpCM_Perth_low_0_0_prefs --brlen optimize --randprefs --ncpus 4

2018-01-03 00:23:37,834 - INFO - Starting analysis to optimize tree in bootstrap/Perth_low_0_0_RAxML_tree.newick using model randomized_ExpCM_Perth_low_0_0_prefs_gammaomega. The command is: phydms bootstrap/Perth_low_0_0.fasta bootstrap/Perth_low_0_0_RAxML_tree.newick ExpCM_bootstrap/Perth_low_0_0_prefs.csv bootstrap/Perth_low_0_0_randomized_ExpCM_Perth_low_0_0_prefs_gammaomega --brlen optimize --gammaomega --randprefs --ncpus 4

2018-01-03 00:30:22,339 - INFO - Analysis completed for YNGKP_M0
2018-01-03 00:30:22,341 - INFO - Found expected output file bootstrap/Perth_low_0_0_YNGKP_M0_log.log
2018-01-03 00:30:22,341 - INFO - Found expected output file bootstrap/Perth_low_0_0_YNGKP_M0_tree.newick
2018-01-03 00:30:22,341 - INFO - Found expected output file bootstrap/Perth_low_0_0_YNGKP_M0_loglikelihood.txt
2018-01-03 00:30:22,341 - INFO - Found expected output file bootstrap/Perth_low_0_0_YNGKP_M0_modelparams.txt
2018-01-03 00:30:22,342 - INFO - Analysis successful for YNGKP_M0

2018-01-03 00:42:25,202 - INFO - Analysis completed for averaged_ExpCM_Perth_low_0_0_prefs
2018-01-03 00:42:25,206 - INFO - Found expected output file bootstrap/Perth_low_0_0_averaged_ExpCM_Perth_low_0_0_prefs_log.log
2018-01-03 00:42:25,207 - INFO - Found expected output file bootstrap/Perth_low_0_0_averaged_ExpCM_Perth_low_0_0_prefs_tree.newick
2018-01-03 00:42:25,207 - INFO - Found expected output file bootstrap/Perth_low_0_0_averaged_ExpCM_Perth_low_0_0_prefs_loglikelihood.txt
2018-01-03 00:42:25,207 - INFO - Found expected output file bootstrap/Perth_low_0_0_averaged_ExpCM_Perth_low_0_0_prefs_modelparams.txt
2018-01-03 00:42:25,207 - INFO - Analysis successful for averaged_ExpCM_Perth_low_0_0_prefs

2018-01-03 00:48:34,644 - INFO - Analysis completed for randomized_ExpCM_Perth_low_0_0_prefs
2018-01-03 00:48:34,646 - INFO - Found expected output file bootstrap/Perth_low_0_0_randomized_ExpCM_Perth_low_0_0_prefs_log.log
2018-01-03 00:48:34,647 - INFO - Found expected output file bootstrap/Perth_low_0_0_randomized_ExpCM_Perth_low_0_0_prefs_tree.newick
2018-01-03 00:48:34,647 - INFO - Found expected output file bootstrap/Perth_low_0_0_randomized_ExpCM_Perth_low_0_0_prefs_loglikelihood.txt
2018-01-03 00:48:34,647 - INFO - Found expected output file bootstrap/Perth_low_0_0_randomized_ExpCM_Perth_low_0_0_prefs_modelparams.txt
2018-01-03 00:48:34,647 - INFO - Analysis successful for randomized_ExpCM_Perth_low_0_0_prefs

2018-01-03 00:56:51,229 - INFO - Analysis completed for ExpCM_Perth_low_0_0_prefs
2018-01-03 00:56:51,232 - INFO - Found expected output file bootstrap/Perth_low_0_0_ExpCM_Perth_low_0_0_prefs_log.log
2018-01-03 00:56:51,233 - INFO - Found expected output file bootstrap/Perth_low_0_0_ExpCM_Perth_low_0_0_prefs_tree.newick
2018-01-03 00:56:51,233 - INFO - Found expected output file bootstrap/Perth_low_0_0_ExpCM_Perth_low_0_0_prefs_loglikelihood.txt
2018-01-03 00:56:51,233 - INFO - Found expected output file bootstrap/Perth_low_0_0_ExpCM_Perth_low_0_0_prefs_modelparams.txt
2018-01-03 00:56:51,233 - INFO - Analysis successful for ExpCM_Perth_low_0_0_prefs

2018-01-03 01:17:12,696 - INFO - Analysis completed for YNGKP_M5
2018-01-03 01:17:12,699 - INFO - Found expected output file bootstrap/Perth_low_0_0_YNGKP_M5_log.log
2018-01-03 01:17:12,700 - INFO - Found expected output file bootstrap/Perth_low_0_0_YNGKP_M5_tree.newick
2018-01-03 01:17:12,700 - INFO - Found expected output file bootstrap/Perth_low_0_0_YNGKP_M5_loglikelihood.txt
2018-01-03 01:17:12,700 - INFO - Found expected output file bootstrap/Perth_low_0_0_YNGKP_M5_modelparams.txt
2018-01-03 01:17:12,700 - INFO - Analysis successful for YNGKP_M5

2018-01-03 02:17:26,026 - INFO - Analysis completed for averaged_ExpCM_Perth_low_0_0_prefs_gammaomega
2018-01-03 02:17:26,029 - INFO - Found expected output file bootstrap/Perth_low_0_0_averaged_ExpCM_Perth_low_0_0_prefs_gammaomega_log.log
2018-01-03 02:17:26,030 - INFO - Found expected output file bootstrap/Perth_low_0_0_averaged_ExpCM_Perth_low_0_0_prefs_gammaomega_tree.newick
2018-01-03 02:17:26,030 - INFO - Found expected output file bootstrap/Perth_low_0_0_averaged_ExpCM_Perth_low_0_0_prefs_gammaomega_loglikelihood.txt
2018-01-03 02:17:26,030 - INFO - Found expected output file bootstrap/Perth_low_0_0_averaged_ExpCM_Perth_low_0_0_prefs_gammaomega_modelparams.txt
2018-01-03 02:17:26,030 - INFO - Analysis successful for averaged_ExpCM_Perth_low_0_0_prefs_gammaomega

2018-01-03 02:24:26,524 - INFO - Analysis completed for randomized_ExpCM_Perth_low_0_0_prefs_gammaomega
2018-01-03 02:24:26,526 - INFO - Found expected output file bootstrap/Perth_low_0_0_randomized_ExpCM_Perth_low_0_0_prefs_gammaomega_log.log
2018-01-03 02:24:26,527 - INFO - Found expected output file bootstrap/Perth_low_0_0_randomized_ExpCM_Perth_low_0_0_prefs_gammaomega_tree.newick
2018-01-03 02:24:26,527 - INFO - Found expected output file bootstrap/Perth_low_0_0_randomized_ExpCM_Perth_low_0_0_prefs_gammaomega_loglikelihood.txt
2018-01-03 02:24:26,527 - INFO - Found expected output file bootstrap/Perth_low_0_0_randomized_ExpCM_Perth_low_0_0_prefs_gammaomega_modelparams.txt
2018-01-03 02:24:26,527 - INFO - Analysis successful for randomized_ExpCM_Perth_low_0_0_prefs_gammaomega

2018-01-03 04:46:37,276 - INFO - Analysis completed for ExpCM_Perth_low_0_0_prefs_gammaomega
2018-01-03 04:46:37,280 - INFO - Found expected output file bootstrap/Perth_low_0_0_ExpCM_Perth_low_0_0_prefs_gammaomega_log.log
2018-01-03 04:46:37,280 - INFO - Found expected output file bootstrap/Perth_low_0_0_ExpCM_Perth_low_0_0_prefs_gammaomega_tree.newick
2018-01-03 04:46:37,281 - INFO - Found expected output file bootstrap/Perth_low_0_0_ExpCM_Perth_low_0_0_prefs_gammaomega_loglikelihood.txt
2018-01-03 04:46:37,281 - INFO - Found expected output file bootstrap/Perth_low_0_0_ExpCM_Perth_low_0_0_prefs_gammaomega_modelparams.txt
2018-01-03 04:46:37,281 - INFO - Analysis successful for ExpCM_Perth_low_0_0_prefs_gammaomega

2018-01-03 04:46:38,340 - INFO - Successful completion of phydms_comprehensive
