2018-01-02 23:09:51,758 - INFO - Beginning execution of phydms in directory /fh/fast/bloom_j/computational_notebooks/skhilton/2017/divergence_timing_manuscript/analysis/HA/branch_lengths

2018-01-02 23:09:51,758 - INFO - Progress is being logged to bootstrap/Perth_intermediate_0_1_YNGKP_M5_log.log

2018-01-02 23:09:51,758 - INFO - Version information:
	Time and date: Tue Jan  2 23:09:50 2018
	Platform: Linux-3.13.0-68-generic-x86_64-with-debian-jessie-sid
	Python version: 3.6.0 |Continuum Analytics, Inc.| (default, Dec 23 2016, 12:22:00)  [GCC 4.4.7 20120313 (Red Hat 4.4.7-1)]
	phydms version: 2.2.0
	Bio version: 1.69
	cython version: 0.25.2
	numpy version: 1.13.3
	scipy version: 0.19.0
	matplotlib version: 2.1.0
	natsort version: 5.0.2
	sympy version: 1.0
	six version: 1.11.0
	pandas version: 0.21.0
	pyvolve version: 0.8.4
	statsmodels version: 0.8.0
	weblogolib version: 3.5.0
	PyPDF2 version: 1.26.0

2018-01-02 23:09:51,758 - INFO - Parsed the following arguments:
	alignment = bootstrap/Perth_intermediate_0_1.fasta
	tree = bootstrap/Perth_intermediate_0_1_RAxML_tree.newick
	model = YNGKP_M5
	outprefix = bootstrap/Perth_intermediate_0_1_YNGKP_M5
	brlen = optimize
	gammaomega = False
	gammabeta = False
	omegabysite = False
	omegabysite_fixsyn = False
	diffprefsbysite = False
	diffprefsprior = ('invquadratic', 150.0, 0.5)
	fitphi = False
	randprefs = False
	avgprefs = False
	divpressure = None
	ncpus = 1
	fitprefsmethod = 2
	ncats = 4
	minbrlen = 1e-06
	minpref = 0.002
	seed = 1
	initparams = None
	profile = False
	opt_details = False
	nograd = False

2018-01-02 23:09:51,758 - INFO - Random number seed: 1

2018-01-02 23:09:51,759 - INFO - Reading alignment from bootstrap/Perth_intermediate_0_1.fasta
2018-01-02 23:09:52,200 - INFO - Read 59 aligned sequences from bootstrap/Perth_intermediate_0_1.fasta, each consisting of 565 codons.

2018-01-02 23:09:52,200 - INFO - Codon substitution model with be M5 version of YNGKP (Yang, Nielsen, Goldman, & Pederson. Genetics. 155:431-449).
2018-01-02 23:09:52,246 - INFO - For this YNGKP_M5 model, omega will be drawn from 4 gamma-distributed categories.
2018-01-02 23:09:52,256 - INFO - Reading tree from bootstrap/Perth_intermediate_0_1_RAxML_tree.newick
2018-01-02 23:09:52,259 - INFO - Tree has 59 tips.
2018-01-02 23:09:52,277 - INFO - Adjusted 1 branch lengths up to minbrlen 1e-06

2018-01-02 23:09:52,277 - INFO - Initializing TreeLikelihood..
2018-01-02 23:10:07,094 - INFO - TreeLikelihood initialized.
2018-01-02 23:10:07,095 - INFO - Maximizing log likelihood (initially -42646.85).
2018-01-02 23:10:07,095 - INFO - Branch lengths will be optimized individually.
2018-01-03 01:04:23,742 - INFO - Maximization complete:
	Step 1: optimized parameters, loglik went from -42646.85 to -37501.13 (18 iterations, 24 function evals)
	Step 2: optimized branches, loglik went from -37501.13 to -37401.38 (131 iterations, 139 function evals)
	Step 3: optimized parameters, loglik went from -37401.38 to -37388.65 (7 iterations, 11 function evals)
	Step 4: optimized branches, loglik went from -37388.65 to -37381.28 (137 iterations, 147 function evals)
	Step 5: optimized parameters, loglik went from -37381.28 to -37380.51 (3 iterations, 7 function evals)
	Step 6: optimized branches, loglik went from -37380.51 to -37380.38 (3 iterations, 7 function evals)
	Step 7: optimized parameters, loglik went from -37380.38 to -37380.31 (3 iterations, 5 function evals)
	Step 8: optimized branches, loglik went from -37380.31 to -37380.26 (4 iterations, 6 function evals)
	Step 9: optimized parameters, loglik went from -37380.26 to -37380.24 (3 iterations, 5 function evals)
	Step 10: optimized branches, loglik went from -37380.24 to -37380.23 (1 iterations, 4 function evals)
2018-01-03 01:04:23,795 - INFO - Optimized log likelihood is -37380.23.
2018-01-03 01:04:23,795 - INFO - Writing log likelihood to bootstrap/Perth_intermediate_0_1_YNGKP_M5_loglikelihood.txt
2018-01-03 01:04:23,807 - INFO - Model parameters after optimization:
	alpha_omega = 0.620785
	beta_omega = 9.89919
	kappa = 3.46854
	phi0A = 0.349862
	phi0C = 0.15266
	phi0G = 0.275271
	phi1A = 0.361116
	phi1C = 0.185958
	phi1G = 0.208019
	phi2A = 0.328587
	phi2C = 0.223426
	phi2G = 0.187582
2018-01-03 01:04:23,807 - INFO - Writing model parameters to bootstrap/Perth_intermediate_0_1_YNGKP_M5_modelparams.txt
2018-01-03 01:04:23,814 - INFO - Writing the optimized tree to bootstrap/Perth_intermediate_0_1_YNGKP_M5_tree.newick

2018-01-03 01:04:23,823 - INFO - Successful completion of phydms
