2018-01-02 20:25:17,236 - INFO - Beginning execution of phydms in directory /fh/fast/bloom_j/computational_notebooks/skhilton/2017/divergence_timing_manuscript/analysis/HA/branch_lengths

2018-01-02 20:25:17,236 - INFO - Progress is being logged to bootstrap/Perth_low_0_1_ExpCM_Perth_low_0_1_prefs_gammaomega_log.log

2018-01-02 20:25:17,236 - INFO - Version information:
	Time and date: Tue Jan  2 20:25:16 2018
	Platform: Linux-3.13.0-68-generic-x86_64-with-debian-jessie-sid
	Python version: 3.6.0 |Continuum Analytics, Inc.| (default, Dec 23 2016, 12:22:00)  [GCC 4.4.7 20120313 (Red Hat 4.4.7-1)]
	phydms version: 2.2.0
	Bio version: 1.69
	cython version: 0.25.2
	numpy version: 1.13.3
	scipy version: 0.19.0
	matplotlib version: 2.1.0
	natsort version: 5.0.2
	sympy version: 1.0
	six version: 1.11.0
	pandas version: 0.21.0
	pyvolve version: 0.8.4
	statsmodels version: 0.8.0
	weblogolib version: 3.5.0
	PyPDF2 version: 1.26.0

2018-01-02 20:25:17,236 - INFO - Parsed the following arguments:
	alignment = bootstrap/Perth_low_0_1.fasta
	tree = bootstrap/Perth_low_0_1_RAxML_tree.newick
	model = ('ExpCM', 'bootstrap/Perth_low_0_1_prefs.csv')
	outprefix = bootstrap/Perth_low_0_1_ExpCM_Perth_low_0_1_prefs_gammaomega
	brlen = optimize
	gammaomega = True
	gammabeta = False
	omegabysite = False
	omegabysite_fixsyn = False
	diffprefsbysite = False
	diffprefsprior = ('invquadratic', 150.0, 0.5)
	fitphi = False
	randprefs = False
	avgprefs = False
	divpressure = None
	ncpus = 4
	fitprefsmethod = 2
	ncats = 4
	minbrlen = 1e-06
	minpref = 0.002
	seed = 1
	initparams = None
	profile = False
	opt_details = False
	nograd = False

2018-01-02 20:25:17,236 - INFO - Random number seed: 1

2018-01-02 20:25:17,237 - INFO - Reading alignment from bootstrap/Perth_low_0_1.fasta
2018-01-02 20:25:17,489 - INFO - Read 34 aligned sequences from bootstrap/Perth_low_0_1.fasta, each consisting of 565 codons.

2018-01-02 20:25:17,489 - INFO - The model will be an ExpCM informed by site-specific amino-acid preferences in bootstrap/Perth_low_0_1_prefs.csv
2018-01-02 20:25:18,780 - INFO - Successfully read site-specific amino-acid preferences for all 565 sites.

2018-01-02 20:25:18,781 - INFO - Nucleotide frequency parameters phi will be set so stationary state matches alignment nucleotide frequencies of A = 0.334, C = 0.207, G = 0.224, T = 0.236

2018-01-02 20:25:20,426 - INFO - Omega will be drawn from 4 gamma-distributed categories.

2018-01-02 20:25:34,454 - INFO - Reading tree from bootstrap/Perth_low_0_1_RAxML_tree.newick
2018-01-02 20:25:34,463 - INFO - Tree has 34 tips.
2018-01-02 20:25:34,469 - INFO - Adjusted 1 branch lengths up to minbrlen 1e-06

2018-01-02 20:25:34,470 - INFO - Initializing TreeLikelihood..
2018-01-02 20:26:46,062 - INFO - TreeLikelihood initialized.
2018-01-02 20:26:46,063 - INFO - Maximizing log likelihood (initially -22537.89).
2018-01-02 20:26:46,063 - INFO - Branch lengths will be optimized individually.
2018-01-03 00:22:48,439 - INFO - Maximization complete:
	Step 1: optimized parameters, loglik went from -22537.89 to -19720.80 (22 iterations, 28 function evals)
	Step 2: optimized branches, loglik went from -19720.80 to -19637.05 (282 iterations, 301 function evals)
	Step 3: optimized parameters, loglik went from -19637.05 to -19622.34 (14 iterations, 17 function evals)
	Step 4: optimized branches, loglik went from -19622.34 to -19618.19 (165 iterations, 183 function evals)
	Step 5: optimized parameters, loglik went from -19618.19 to -19617.42 (6 iterations, 11 function evals)
	Step 6: optimized branches, loglik went from -19617.42 to -19617.13 (28 iterations, 36 function evals)
	Step 7: optimized parameters, loglik went from -19617.13 to -19617.03 (4 iterations, 6 function evals)
	Step 8: optimized branches, loglik went from -19617.03 to -19617.03 (1 iterations, 5 function evals)
2018-01-03 00:22:48,441 - INFO - Optimized log likelihood is -19617.03.
2018-01-03 00:22:48,441 - INFO - Writing log likelihood to bootstrap/Perth_low_0_1_ExpCM_Perth_low_0_1_prefs_gammaomega_loglikelihood.txt
2018-01-03 00:22:48,449 - INFO - Model parameters after optimization:
	alpha_omega = 0.817494
	beta = 1.64483
	beta_omega = 7.06494
	kappa = 4.23833
	phiA = 0.352017
	phiC = 0.200022
	phiG = 0.22516
2018-01-03 00:22:48,449 - INFO - Writing model parameters to bootstrap/Perth_low_0_1_ExpCM_Perth_low_0_1_prefs_gammaomega_modelparams.txt
2018-01-03 00:22:48,454 - INFO - Writing the optimized tree to bootstrap/Perth_low_0_1_ExpCM_Perth_low_0_1_prefs_gammaomega_tree.newick

2018-01-03 00:22:48,464 - INFO - Successful completion of phydms
