2018-01-02 23:16:51,240 - INFO - Beginning execution of phydms_comprehensive in directory /fh/fast/bloom_j/computational_notebooks/skhilton/2017/divergence_timing_manuscript/analysis/HA/branch_lengths

2018-01-02 23:16:51,241 - INFO - Progress is being logged to bootstrap/Perth_high_0_0.log

2018-01-02 23:16:51,241 - INFO - Version information:
	Time and date: Tue Jan  2 23:16:47 2018
	Platform: Linux-3.13.0-68-generic-x86_64-with-debian-jessie-sid
	Python version: 3.6.0 |Continuum Analytics, Inc.| (default, Dec 23 2016, 12:22:00)  [GCC 4.4.7 20120313 (Red Hat 4.4.7-1)]
	phydms version: 2.2.0
	Bio version: 1.69
	cython version: 0.25.2
	numpy version: 1.13.3
	scipy version: 0.19.0
	matplotlib version: 2.1.0
	natsort version: 5.0.2
	sympy version: 1.0
	six version: 1.11.0
	pandas version: 0.21.0
	pyvolve version: 0.8.4
	statsmodels version: 0.8.0
	weblogolib version: 3.5.0
	PyPDF2 version: 1.26.0

2018-01-02 23:16:51,241 - INFO - Parsed the following command-line arguments:
	outprefix = bootstrap/Perth_high_0_0_
	alignment = bootstrap/Perth_high_0_0.fasta
	prefsfiles = ['bootstrap/Perth_high_0_0_prefs.csv']
	raxml = raxml
	tree = None
	ncpus = -1
	brlen = optimize
	omegabysite = False
	diffprefsbysite = False
	gammaomega = True
	gammabeta = False
	noavgprefs = False
	randprefs = True

2018-01-02 23:16:51,242 - INFO - Checking that the alignment bootstrap/Perth_high_0_0.fasta is valid...
2018-01-02 23:16:51,897 - INFO - Valid alignment specifying 87 sequences of length 1695.

2018-01-02 23:16:51,897 - INFO - Tree not specified.
2018-01-02 23:16:51,939 - INFO - Inferring tree with RAxML using command raxml
2018-01-02 23:17:50,767 - INFO - RAxML inferred tree is now named bootstrap/Perth_high_0_0_RAxML_tree.newick
2018-01-02 23:17:50,782 - INFO - Starting analysis to optimize tree in bootstrap/Perth_high_0_0_RAxML_tree.newick using model YNGKP_M0. The command is: phydms bootstrap/Perth_high_0_0.fasta bootstrap/Perth_high_0_0_RAxML_tree.newick YNGKP_M0 bootstrap/Perth_high_0_0_YNGKP_M0 --brlen optimize --ncpus 1

2018-01-02 23:17:50,782 - INFO - Starting analysis to optimize tree in bootstrap/Perth_high_0_0_RAxML_tree.newick using model YNGKP_M5. The command is: phydms bootstrap/Perth_high_0_0.fasta bootstrap/Perth_high_0_0_RAxML_tree.newick YNGKP_M5 bootstrap/Perth_high_0_0_YNGKP_M5 --brlen optimize --ncpus 1

2018-01-02 23:17:50,782 - INFO - Starting analysis to optimize tree in bootstrap/Perth_high_0_0_RAxML_tree.newick using model ExpCM_Perth_high_0_0_prefs. The command is: phydms bootstrap/Perth_high_0_0.fasta bootstrap/Perth_high_0_0_RAxML_tree.newick ExpCM_bootstrap/Perth_high_0_0_prefs.csv bootstrap/Perth_high_0_0_ExpCM_Perth_high_0_0_prefs --brlen optimize --ncpus 4

2018-01-02 23:17:50,783 - INFO - Starting analysis to optimize tree in bootstrap/Perth_high_0_0_RAxML_tree.newick using model ExpCM_Perth_high_0_0_prefs_gammaomega. The command is: phydms bootstrap/Perth_high_0_0.fasta bootstrap/Perth_high_0_0_RAxML_tree.newick ExpCM_bootstrap/Perth_high_0_0_prefs.csv bootstrap/Perth_high_0_0_ExpCM_Perth_high_0_0_prefs_gammaomega --brlen optimize --gammaomega --ncpus 4

2018-01-02 23:17:50,783 - INFO - Starting analysis to optimize tree in bootstrap/Perth_high_0_0_RAxML_tree.newick using model averaged_ExpCM_Perth_high_0_0_prefs. The command is: phydms bootstrap/Perth_high_0_0.fasta bootstrap/Perth_high_0_0_RAxML_tree.newick ExpCM_bootstrap/Perth_high_0_0_prefs.csv bootstrap/Perth_high_0_0_averaged_ExpCM_Perth_high_0_0_prefs --brlen optimize --avgprefs --ncpus 4

2018-01-02 23:17:50,783 - INFO - Starting analysis to optimize tree in bootstrap/Perth_high_0_0_RAxML_tree.newick using model averaged_ExpCM_Perth_high_0_0_prefs_gammaomega. The command is: phydms bootstrap/Perth_high_0_0.fasta bootstrap/Perth_high_0_0_RAxML_tree.newick ExpCM_bootstrap/Perth_high_0_0_prefs.csv bootstrap/Perth_high_0_0_averaged_ExpCM_Perth_high_0_0_prefs_gammaomega --brlen optimize --gammaomega --avgprefs --ncpus 4

2018-01-02 23:17:50,783 - INFO - Starting analysis to optimize tree in bootstrap/Perth_high_0_0_RAxML_tree.newick using model randomized_ExpCM_Perth_high_0_0_prefs. The command is: phydms bootstrap/Perth_high_0_0.fasta bootstrap/Perth_high_0_0_RAxML_tree.newick ExpCM_bootstrap/Perth_high_0_0_prefs.csv bootstrap/Perth_high_0_0_randomized_ExpCM_Perth_high_0_0_prefs --brlen optimize --randprefs --ncpus 4

2018-01-02 23:17:50,783 - INFO - Starting analysis to optimize tree in bootstrap/Perth_high_0_0_RAxML_tree.newick using model randomized_ExpCM_Perth_high_0_0_prefs_gammaomega. The command is: phydms bootstrap/Perth_high_0_0.fasta bootstrap/Perth_high_0_0_RAxML_tree.newick ExpCM_bootstrap/Perth_high_0_0_prefs.csv bootstrap/Perth_high_0_0_randomized_ExpCM_Perth_high_0_0_prefs_gammaomega --brlen optimize --gammaomega --randprefs --ncpus 4

2018-01-02 23:39:28,360 - INFO - Analysis completed for YNGKP_M0
2018-01-02 23:39:28,363 - INFO - Found expected output file bootstrap/Perth_high_0_0_YNGKP_M0_log.log
2018-01-02 23:39:28,364 - INFO - Found expected output file bootstrap/Perth_high_0_0_YNGKP_M0_tree.newick
2018-01-02 23:39:28,364 - INFO - Found expected output file bootstrap/Perth_high_0_0_YNGKP_M0_loglikelihood.txt
2018-01-02 23:39:28,364 - INFO - Found expected output file bootstrap/Perth_high_0_0_YNGKP_M0_modelparams.txt
2018-01-02 23:39:28,364 - INFO - Analysis successful for YNGKP_M0

2018-01-03 00:22:10,392 - INFO - Analysis completed for averaged_ExpCM_Perth_high_0_0_prefs
2018-01-03 00:22:10,395 - INFO - Found expected output file bootstrap/Perth_high_0_0_averaged_ExpCM_Perth_high_0_0_prefs_log.log
2018-01-03 00:22:10,395 - INFO - Found expected output file bootstrap/Perth_high_0_0_averaged_ExpCM_Perth_high_0_0_prefs_tree.newick
2018-01-03 00:22:10,396 - INFO - Found expected output file bootstrap/Perth_high_0_0_averaged_ExpCM_Perth_high_0_0_prefs_loglikelihood.txt
2018-01-03 00:22:10,396 - INFO - Found expected output file bootstrap/Perth_high_0_0_averaged_ExpCM_Perth_high_0_0_prefs_modelparams.txt
2018-01-03 00:22:10,396 - INFO - Analysis successful for averaged_ExpCM_Perth_high_0_0_prefs

2018-01-03 00:33:52,218 - INFO - Analysis completed for randomized_ExpCM_Perth_high_0_0_prefs
2018-01-03 00:33:52,221 - INFO - Found expected output file bootstrap/Perth_high_0_0_randomized_ExpCM_Perth_high_0_0_prefs_log.log
2018-01-03 00:33:52,222 - INFO - Found expected output file bootstrap/Perth_high_0_0_randomized_ExpCM_Perth_high_0_0_prefs_tree.newick
2018-01-03 00:33:52,222 - INFO - Found expected output file bootstrap/Perth_high_0_0_randomized_ExpCM_Perth_high_0_0_prefs_loglikelihood.txt
2018-01-03 00:33:52,222 - INFO - Found expected output file bootstrap/Perth_high_0_0_randomized_ExpCM_Perth_high_0_0_prefs_modelparams.txt
2018-01-03 00:33:52,222 - INFO - Analysis successful for randomized_ExpCM_Perth_high_0_0_prefs

2018-01-03 00:39:29,617 - INFO - Analysis completed for ExpCM_Perth_high_0_0_prefs
2018-01-03 00:39:29,620 - INFO - Found expected output file bootstrap/Perth_high_0_0_ExpCM_Perth_high_0_0_prefs_log.log
2018-01-03 00:39:29,620 - INFO - Found expected output file bootstrap/Perth_high_0_0_ExpCM_Perth_high_0_0_prefs_tree.newick
2018-01-03 00:39:29,620 - INFO - Found expected output file bootstrap/Perth_high_0_0_ExpCM_Perth_high_0_0_prefs_loglikelihood.txt
2018-01-03 00:39:29,621 - INFO - Found expected output file bootstrap/Perth_high_0_0_ExpCM_Perth_high_0_0_prefs_modelparams.txt
2018-01-03 00:39:29,621 - INFO - Analysis successful for ExpCM_Perth_high_0_0_prefs

2018-01-03 01:36:07,588 - INFO - Analysis completed for YNGKP_M5
2018-01-03 01:36:07,591 - INFO - Found expected output file bootstrap/Perth_high_0_0_YNGKP_M5_log.log
2018-01-03 01:36:07,591 - INFO - Found expected output file bootstrap/Perth_high_0_0_YNGKP_M5_tree.newick
2018-01-03 01:36:07,591 - INFO - Found expected output file bootstrap/Perth_high_0_0_YNGKP_M5_loglikelihood.txt
2018-01-03 01:36:07,592 - INFO - Found expected output file bootstrap/Perth_high_0_0_YNGKP_M5_modelparams.txt
2018-01-03 01:36:07,592 - INFO - Analysis successful for YNGKP_M5

2018-01-03 04:11:42,525 - INFO - Analysis completed for averaged_ExpCM_Perth_high_0_0_prefs_gammaomega
2018-01-03 04:11:42,529 - INFO - Found expected output file bootstrap/Perth_high_0_0_averaged_ExpCM_Perth_high_0_0_prefs_gammaomega_log.log
2018-01-03 04:11:42,530 - INFO - Found expected output file bootstrap/Perth_high_0_0_averaged_ExpCM_Perth_high_0_0_prefs_gammaomega_tree.newick
2018-01-03 04:11:42,530 - INFO - Found expected output file bootstrap/Perth_high_0_0_averaged_ExpCM_Perth_high_0_0_prefs_gammaomega_loglikelihood.txt
2018-01-03 04:11:42,530 - INFO - Found expected output file bootstrap/Perth_high_0_0_averaged_ExpCM_Perth_high_0_0_prefs_gammaomega_modelparams.txt
2018-01-03 04:11:42,530 - INFO - Analysis successful for averaged_ExpCM_Perth_high_0_0_prefs_gammaomega

2018-01-03 05:50:38,509 - INFO - Analysis completed for randomized_ExpCM_Perth_high_0_0_prefs_gammaomega
2018-01-03 05:50:38,513 - INFO - Found expected output file bootstrap/Perth_high_0_0_randomized_ExpCM_Perth_high_0_0_prefs_gammaomega_log.log
2018-01-03 05:50:38,513 - INFO - Found expected output file bootstrap/Perth_high_0_0_randomized_ExpCM_Perth_high_0_0_prefs_gammaomega_tree.newick
2018-01-03 05:50:38,514 - INFO - Found expected output file bootstrap/Perth_high_0_0_randomized_ExpCM_Perth_high_0_0_prefs_gammaomega_loglikelihood.txt
2018-01-03 05:50:38,514 - INFO - Found expected output file bootstrap/Perth_high_0_0_randomized_ExpCM_Perth_high_0_0_prefs_gammaomega_modelparams.txt
2018-01-03 05:50:38,514 - INFO - Analysis successful for randomized_ExpCM_Perth_high_0_0_prefs_gammaomega

2018-01-03 09:22:42,456 - INFO - Analysis completed for ExpCM_Perth_high_0_0_prefs_gammaomega
2018-01-03 09:22:42,458 - INFO - Found expected output file bootstrap/Perth_high_0_0_ExpCM_Perth_high_0_0_prefs_gammaomega_log.log
2018-01-03 09:22:42,458 - INFO - Found expected output file bootstrap/Perth_high_0_0_ExpCM_Perth_high_0_0_prefs_gammaomega_tree.newick
2018-01-03 09:22:42,459 - INFO - Found expected output file bootstrap/Perth_high_0_0_ExpCM_Perth_high_0_0_prefs_gammaomega_loglikelihood.txt
2018-01-03 09:22:42,459 - INFO - Found expected output file bootstrap/Perth_high_0_0_ExpCM_Perth_high_0_0_prefs_gammaomega_modelparams.txt
2018-01-03 09:22:42,460 - INFO - Analysis successful for ExpCM_Perth_high_0_0_prefs_gammaomega

2018-01-03 09:22:43,504 - INFO - Successful completion of phydms_comprehensive
