2018-01-02 23:09:57,498 - INFO - Beginning execution of phydms in directory /fh/fast/bloom_j/computational_notebooks/skhilton/2017/divergence_timing_manuscript/analysis/HA/branch_lengths

2018-01-02 23:09:57,499 - INFO - Progress is being logged to bootstrap/Perth_intermediate_0_1_randomized_ExpCM_Perth_intermediate_0_1_prefs_gammaomega_log.log

2018-01-02 23:09:57,499 - INFO - Version information:
	Time and date: Tue Jan  2 23:09:56 2018
	Platform: Linux-3.13.0-68-generic-x86_64-with-debian-jessie-sid
	Python version: 3.6.0 |Continuum Analytics, Inc.| (default, Dec 23 2016, 12:22:00)  [GCC 4.4.7 20120313 (Red Hat 4.4.7-1)]
	phydms version: 2.2.0
	Bio version: 1.69
	cython version: 0.25.2
	numpy version: 1.13.3
	scipy version: 0.19.0
	matplotlib version: 2.1.0
	natsort version: 5.0.2
	sympy version: 1.0
	six version: 1.11.0
	pandas version: 0.21.0
	pyvolve version: 0.8.4
	statsmodels version: 0.8.0
	weblogolib version: 3.5.0
	PyPDF2 version: 1.26.0

2018-01-02 23:09:57,499 - INFO - Parsed the following arguments:
	alignment = bootstrap/Perth_intermediate_0_1.fasta
	tree = bootstrap/Perth_intermediate_0_1_RAxML_tree.newick
	model = ('ExpCM', 'bootstrap/Perth_intermediate_0_1_prefs.csv')
	outprefix = bootstrap/Perth_intermediate_0_1_randomized_ExpCM_Perth_intermediate_0_1_prefs_gammaomega
	brlen = optimize
	gammaomega = True
	gammabeta = False
	omegabysite = False
	omegabysite_fixsyn = False
	diffprefsbysite = False
	diffprefsprior = ('invquadratic', 150.0, 0.5)
	fitphi = False
	randprefs = True
	avgprefs = False
	divpressure = None
	ncpus = 4
	fitprefsmethod = 2
	ncats = 4
	minbrlen = 1e-06
	minpref = 0.002
	seed = 1
	initparams = None
	profile = False
	opt_details = False
	nograd = False

2018-01-02 23:09:57,499 - INFO - Random number seed: 1

2018-01-02 23:09:57,499 - INFO - Reading alignment from bootstrap/Perth_intermediate_0_1.fasta
2018-01-02 23:09:57,964 - INFO - Read 59 aligned sequences from bootstrap/Perth_intermediate_0_1.fasta, each consisting of 565 codons.

2018-01-02 23:09:57,965 - INFO - The model will be an ExpCM informed by site-specific amino-acid preferences in bootstrap/Perth_intermediate_0_1_prefs.csv
2018-01-02 23:09:57,965 - INFO - Preferences will be randomized across sites.
2018-01-02 23:09:59,508 - INFO - Successfully read site-specific amino-acid preferences for all 565 sites.

2018-01-02 23:09:59,510 - INFO - Nucleotide frequency parameters phi will be set so stationary state matches alignment nucleotide frequencies of A = 0.338, C = 0.199, G = 0.226, T = 0.237

2018-01-02 23:10:02,074 - INFO - Omega will be drawn from 4 gamma-distributed categories.

2018-01-02 23:10:10,548 - INFO - Reading tree from bootstrap/Perth_intermediate_0_1_RAxML_tree.newick
2018-01-02 23:10:10,551 - INFO - Tree has 59 tips.
2018-01-02 23:10:10,570 - INFO - Adjusted 1 branch lengths up to minbrlen 1e-06

2018-01-02 23:10:10,570 - INFO - Initializing TreeLikelihood..
2018-01-02 23:12:19,352 - INFO - TreeLikelihood initialized.
2018-01-02 23:12:19,353 - INFO - Maximizing log likelihood (initially -42453.69).
2018-01-02 23:12:19,353 - INFO - Branch lengths will be optimized individually.
2018-01-03 02:23:17,238 - INFO - Maximization complete:
	Step 1: optimized parameters, loglik went from -42453.69 to -37230.98 (17 iterations, 25 function evals)
	Step 2: optimized branches, loglik went from -37230.98 to -37147.59 (190 iterations, 206 function evals)
	Step 3: optimized parameters, loglik went from -37147.59 to -37136.66 (8 iterations, 12 function evals)
	Step 4: optimized branches, loglik went from -37136.66 to -37136.66 (1 iterations, 5 function evals)
2018-01-03 02:23:17,283 - INFO - Optimized log likelihood is -37136.66.
2018-01-03 02:23:17,283 - INFO - Writing log likelihood to bootstrap/Perth_intermediate_0_1_randomized_ExpCM_Perth_intermediate_0_1_prefs_gammaomega_loglikelihood.txt
2018-01-03 02:23:17,301 - INFO - Model parameters after optimization:
	alpha_omega = 0.639751
	beta = 1.1e-05
	beta_omega = 8.69806
	kappa = 3.86927
	phiA = 0.347485
	phiC = 0.18523
	phiG = 0.223752
2018-01-03 02:23:17,301 - INFO - Writing model parameters to bootstrap/Perth_intermediate_0_1_randomized_ExpCM_Perth_intermediate_0_1_prefs_gammaomega_modelparams.txt
2018-01-03 02:23:17,313 - INFO - Writing the optimized tree to bootstrap/Perth_intermediate_0_1_randomized_ExpCM_Perth_intermediate_0_1_prefs_gammaomega_tree.newick

2018-01-03 02:23:17,326 - INFO - Successful completion of phydms
