2018-01-02 23:09:53,746 - INFO - Beginning execution of phydms in directory /fh/fast/bloom_j/computational_notebooks/skhilton/2017/divergence_timing_manuscript/analysis/HA/branch_lengths

2018-01-02 23:09:53,747 - INFO - Progress is being logged to bootstrap/Perth_intermediate_0_1_ExpCM_Perth_intermediate_0_1_prefs_gammaomega_log.log

2018-01-02 23:09:53,747 - INFO - Version information:
	Time and date: Tue Jan  2 23:09:52 2018
	Platform: Linux-3.13.0-68-generic-x86_64-with-debian-jessie-sid
	Python version: 3.6.0 |Continuum Analytics, Inc.| (default, Dec 23 2016, 12:22:00)  [GCC 4.4.7 20120313 (Red Hat 4.4.7-1)]
	phydms version: 2.2.0
	Bio version: 1.69
	cython version: 0.25.2
	numpy version: 1.13.3
	scipy version: 0.19.0
	matplotlib version: 2.1.0
	natsort version: 5.0.2
	sympy version: 1.0
	six version: 1.11.0
	pandas version: 0.21.0
	pyvolve version: 0.8.4
	statsmodels version: 0.8.0
	weblogolib version: 3.5.0
	PyPDF2 version: 1.26.0

2018-01-02 23:09:53,747 - INFO - Parsed the following arguments:
	alignment = bootstrap/Perth_intermediate_0_1.fasta
	tree = bootstrap/Perth_intermediate_0_1_RAxML_tree.newick
	model = ('ExpCM', 'bootstrap/Perth_intermediate_0_1_prefs.csv')
	outprefix = bootstrap/Perth_intermediate_0_1_ExpCM_Perth_intermediate_0_1_prefs_gammaomega
	brlen = optimize
	gammaomega = True
	gammabeta = False
	omegabysite = False
	omegabysite_fixsyn = False
	diffprefsbysite = False
	diffprefsprior = ('invquadratic', 150.0, 0.5)
	fitphi = False
	randprefs = False
	avgprefs = False
	divpressure = None
	ncpus = 4
	fitprefsmethod = 2
	ncats = 4
	minbrlen = 1e-06
	minpref = 0.002
	seed = 1
	initparams = None
	profile = False
	opt_details = False
	nograd = False

2018-01-02 23:09:53,747 - INFO - Random number seed: 1

2018-01-02 23:09:53,748 - INFO - Reading alignment from bootstrap/Perth_intermediate_0_1.fasta
2018-01-02 23:09:54,237 - INFO - Read 59 aligned sequences from bootstrap/Perth_intermediate_0_1.fasta, each consisting of 565 codons.

2018-01-02 23:09:54,238 - INFO - The model will be an ExpCM informed by site-specific amino-acid preferences in bootstrap/Perth_intermediate_0_1_prefs.csv
2018-01-02 23:09:55,528 - INFO - Successfully read site-specific amino-acid preferences for all 565 sites.

2018-01-02 23:09:55,530 - INFO - Nucleotide frequency parameters phi will be set so stationary state matches alignment nucleotide frequencies of A = 0.338, C = 0.199, G = 0.226, T = 0.237

2018-01-02 23:09:57,045 - INFO - Omega will be drawn from 4 gamma-distributed categories.

2018-01-02 23:10:08,005 - INFO - Reading tree from bootstrap/Perth_intermediate_0_1_RAxML_tree.newick
2018-01-02 23:10:08,009 - INFO - Tree has 59 tips.
2018-01-02 23:10:08,028 - INFO - Adjusted 1 branch lengths up to minbrlen 1e-06

2018-01-02 23:10:08,028 - INFO - Initializing TreeLikelihood..
2018-01-02 23:12:17,075 - INFO - TreeLikelihood initialized.
2018-01-02 23:12:17,075 - INFO - Maximizing log likelihood (initially -40812.85).
2018-01-02 23:12:17,076 - INFO - Branch lengths will be optimized individually.
2018-01-03 05:43:35,519 - INFO - Maximization complete:
	Step 1: optimized parameters, loglik went from -40812.85 to -36029.60 (20 iterations, 26 function evals)
	Step 2: optimized branches, loglik went from -36029.60 to -35869.84 (312 iterations, 341 function evals)
	Step 3: optimized parameters, loglik went from -35869.84 to -35846.28 (7 iterations, 10 function evals)
	Step 4: optimized branches, loglik went from -35846.28 to -35837.56 (244 iterations, 267 function evals)
	Step 5: optimized parameters, loglik went from -35837.56 to -35835.75 (8 iterations, 11 function evals)
	Step 6: optimized branches, loglik went from -35835.75 to -35835.75 (1 iterations, 5 function evals)
2018-01-03 05:43:35,569 - INFO - Optimized log likelihood is -35835.75.
2018-01-03 05:43:35,570 - INFO - Writing log likelihood to bootstrap/Perth_intermediate_0_1_ExpCM_Perth_intermediate_0_1_prefs_gammaomega_loglikelihood.txt
2018-01-03 05:43:35,595 - INFO - Model parameters after optimization:
	alpha_omega = 1.01044
	beta = 1.4139
	beta_omega =     10
	kappa = 4.09627
	phiA = 0.354658
	phiC = 0.190169
	phiG = 0.22877
2018-01-03 05:43:35,596 - INFO - Writing model parameters to bootstrap/Perth_intermediate_0_1_ExpCM_Perth_intermediate_0_1_prefs_gammaomega_modelparams.txt
2018-01-03 05:43:35,601 - INFO - Writing the optimized tree to bootstrap/Perth_intermediate_0_1_ExpCM_Perth_intermediate_0_1_prefs_gammaomega_tree.newick

2018-01-03 05:43:35,617 - INFO - Successful completion of phydms
