2018-01-02 23:09:56,659 - INFO - Beginning execution of phydms in directory /fh/fast/bloom_j/computational_notebooks/skhilton/2017/divergence_timing_manuscript/analysis/HA/branch_lengths

2018-01-02 23:09:56,659 - INFO - Progress is being logged to bootstrap/Perth_intermediate_0_1_randomized_ExpCM_Perth_intermediate_0_1_prefs_log.log

2018-01-02 23:09:56,659 - INFO - Version information:
	Time and date: Tue Jan  2 23:09:55 2018
	Platform: Linux-3.13.0-68-generic-x86_64-with-debian-jessie-sid
	Python version: 3.6.0 |Continuum Analytics, Inc.| (default, Dec 23 2016, 12:22:00)  [GCC 4.4.7 20120313 (Red Hat 4.4.7-1)]
	phydms version: 2.2.0
	Bio version: 1.69
	cython version: 0.25.2
	numpy version: 1.13.3
	scipy version: 0.19.0
	matplotlib version: 2.1.0
	natsort version: 5.0.2
	sympy version: 1.0
	six version: 1.11.0
	pandas version: 0.21.0
	pyvolve version: 0.8.4
	statsmodels version: 0.8.0
	weblogolib version: 3.5.0
	PyPDF2 version: 1.26.0

2018-01-02 23:09:56,659 - INFO - Parsed the following arguments:
	alignment = bootstrap/Perth_intermediate_0_1.fasta
	tree = bootstrap/Perth_intermediate_0_1_RAxML_tree.newick
	model = ('ExpCM', 'bootstrap/Perth_intermediate_0_1_prefs.csv')
	outprefix = bootstrap/Perth_intermediate_0_1_randomized_ExpCM_Perth_intermediate_0_1_prefs
	brlen = optimize
	gammaomega = False
	gammabeta = False
	omegabysite = False
	omegabysite_fixsyn = False
	diffprefsbysite = False
	diffprefsprior = ('invquadratic', 150.0, 0.5)
	fitphi = False
	randprefs = True
	avgprefs = False
	divpressure = None
	ncpus = 4
	fitprefsmethod = 2
	ncats = 4
	minbrlen = 1e-06
	minpref = 0.002
	seed = 1
	initparams = None
	profile = False
	opt_details = False
	nograd = False

2018-01-02 23:09:56,659 - INFO - Random number seed: 1

2018-01-02 23:09:56,659 - INFO - Reading alignment from bootstrap/Perth_intermediate_0_1.fasta
2018-01-02 23:09:57,114 - INFO - Read 59 aligned sequences from bootstrap/Perth_intermediate_0_1.fasta, each consisting of 565 codons.

2018-01-02 23:09:57,114 - INFO - The model will be an ExpCM informed by site-specific amino-acid preferences in bootstrap/Perth_intermediate_0_1_prefs.csv
2018-01-02 23:09:57,114 - INFO - Preferences will be randomized across sites.
2018-01-02 23:09:58,380 - INFO - Successfully read site-specific amino-acid preferences for all 565 sites.

2018-01-02 23:09:58,381 - INFO - Nucleotide frequency parameters phi will be set so stationary state matches alignment nucleotide frequencies of A = 0.338, C = 0.199, G = 0.226, T = 0.237

2018-01-02 23:10:00,495 - INFO - Reading tree from bootstrap/Perth_intermediate_0_1_RAxML_tree.newick
2018-01-02 23:10:00,502 - INFO - Tree has 59 tips.
2018-01-02 23:10:00,521 - INFO - Adjusted 1 branch lengths up to minbrlen 1e-06

2018-01-02 23:10:00,521 - INFO - Initializing TreeLikelihood..
2018-01-02 23:10:30,085 - INFO - TreeLikelihood initialized.
2018-01-02 23:10:30,086 - INFO - Maximizing log likelihood (initially -43680.56).
2018-01-02 23:10:30,086 - INFO - Branch lengths will be optimized individually.
2018-01-02 23:58:19,637 - INFO - Maximization complete:
	Step 1: optimized parameters, loglik went from -43680.56 to -38123.05 (25 iterations, 35 function evals)
	Step 2: optimized branches, loglik went from -38123.05 to -38089.95 (127 iterations, 137 function evals)
	Step 3: optimized parameters, loglik went from -38089.95 to -38087.26 (4 iterations, 9 function evals)
	Step 4: optimized branches, loglik went from -38087.26 to -38086.13 (40 iterations, 47 function evals)
	Step 5: optimized parameters, loglik went from -38086.13 to -38085.34 (5 iterations, 9 function evals)
	Step 6: optimized branches, loglik went from -38085.34 to -38085.34 (1 iterations, 5 function evals)
2018-01-02 23:58:19,687 - INFO - Optimized log likelihood is -38085.34.
2018-01-02 23:58:19,687 - INFO - Writing log likelihood to bootstrap/Perth_intermediate_0_1_randomized_ExpCM_Perth_intermediate_0_1_prefs_loglikelihood.txt
2018-01-02 23:58:19,698 - INFO - Model parameters after optimization:
	beta = 1.1e-05
	kappa = 3.45902
	omega = 0.0604865
	phiA = 0.347485
	phiC = 0.18523
	phiG = 0.223752
2018-01-02 23:58:19,698 - INFO - Writing model parameters to bootstrap/Perth_intermediate_0_1_randomized_ExpCM_Perth_intermediate_0_1_prefs_modelparams.txt
2018-01-02 23:58:19,703 - INFO - Writing the optimized tree to bootstrap/Perth_intermediate_0_1_randomized_ExpCM_Perth_intermediate_0_1_prefs_tree.newick

2018-01-02 23:58:19,712 - INFO - Successful completion of phydms
