2018-01-02 10:28:31,244 - INFO - Beginning execution of phydms in directory /fh/fast/bloom_j/computational_notebooks/skhilton/2017/divergence_timing_manuscript/analysis/HA/branch_lengths

2018-01-02 10:28:31,244 - INFO - Progress is being logged to bootstrap/Perth_intermediate_0_0_randomized_ExpCM_Perth_intermediate_0_0_prefs_gammaomega_log.log

2018-01-02 10:28:31,245 - INFO - Version information:
	Time and date: Tue Jan  2 10:28:29 2018
	Platform: Linux-3.13.0-68-generic-x86_64-with-debian-jessie-sid
	Python version: 3.6.0 |Continuum Analytics, Inc.| (default, Dec 23 2016, 12:22:00)  [GCC 4.4.7 20120313 (Red Hat 4.4.7-1)]
	phydms version: 2.2.0
	Bio version: 1.69
	cython version: 0.25.2
	numpy version: 1.13.3
	scipy version: 0.19.0
	matplotlib version: 2.1.0
	natsort version: 5.0.2
	sympy version: 1.0
	six version: 1.11.0
	pandas version: 0.21.0
	pyvolve version: 0.8.4
	statsmodels version: 0.8.0
	weblogolib version: 3.5.0
	PyPDF2 version: 1.26.0

2018-01-02 10:28:31,245 - INFO - Parsed the following arguments:
	alignment = bootstrap/Perth_intermediate_0_0.fasta
	tree = bootstrap/Perth_intermediate_0_0_RAxML_tree.newick
	model = ('ExpCM', 'bootstrap/Perth_intermediate_0_0_prefs.csv')
	outprefix = bootstrap/Perth_intermediate_0_0_randomized_ExpCM_Perth_intermediate_0_0_prefs_gammaomega
	brlen = optimize
	gammaomega = True
	gammabeta = False
	omegabysite = False
	omegabysite_fixsyn = False
	diffprefsbysite = False
	diffprefsprior = ('invquadratic', 150.0, 0.5)
	fitphi = False
	randprefs = True
	avgprefs = False
	divpressure = None
	ncpus = 4
	fitprefsmethod = 2
	ncats = 4
	minbrlen = 1e-06
	minpref = 0.002
	seed = 1
	initparams = None
	profile = False
	opt_details = False
	nograd = False

2018-01-02 10:28:31,245 - INFO - Random number seed: 1

2018-01-02 10:28:31,245 - INFO - Reading alignment from bootstrap/Perth_intermediate_0_0.fasta
2018-01-02 10:28:32,390 - INFO - Read 59 aligned sequences from bootstrap/Perth_intermediate_0_0.fasta, each consisting of 565 codons.

2018-01-02 10:28:32,390 - INFO - The model will be an ExpCM informed by site-specific amino-acid preferences in bootstrap/Perth_intermediate_0_0_prefs.csv
2018-01-02 10:28:32,391 - INFO - Preferences will be randomized across sites.
2018-01-02 10:28:36,206 - INFO - Successfully read site-specific amino-acid preferences for all 565 sites.

2018-01-02 10:28:36,211 - INFO - Nucleotide frequency parameters phi will be set so stationary state matches alignment nucleotide frequencies of A = 0.343, C = 0.191, G = 0.233, T = 0.232

2018-01-02 10:28:42,686 - INFO - Omega will be drawn from 4 gamma-distributed categories.

2018-01-02 10:28:57,451 - INFO - Reading tree from bootstrap/Perth_intermediate_0_0_RAxML_tree.newick
2018-01-02 10:28:57,456 - INFO - Tree has 59 tips.
2018-01-02 10:28:57,478 - INFO - Adjusted 1 branch lengths up to minbrlen 1e-06

2018-01-02 10:28:57,478 - INFO - Initializing TreeLikelihood..
2018-01-02 10:32:03,980 - INFO - TreeLikelihood initialized.
2018-01-02 10:32:03,988 - INFO - Maximizing log likelihood (initially -42654.58).
2018-01-02 10:32:03,988 - INFO - Branch lengths will be optimized individually.
2018-01-02 15:59:08,526 - INFO - Maximization complete:
	Step 1: optimized parameters, loglik went from -42654.58 to -37616.61 (20 iterations, 27 function evals)
	Step 2: optimized branches, loglik went from -37616.61 to -37551.54 (271 iterations, 297 function evals)
	Step 3: optimized parameters, loglik went from -37551.54 to -37542.85 (8 iterations, 12 function evals)
	Step 4: optimized branches, loglik went from -37542.85 to -37542.85 (1 iterations, 5 function evals)
2018-01-02 15:59:08,583 - INFO - Optimized log likelihood is -37542.85.
2018-01-02 15:59:08,584 - INFO - Writing log likelihood to bootstrap/Perth_intermediate_0_0_randomized_ExpCM_Perth_intermediate_0_0_prefs_gammaomega_loglikelihood.txt
2018-01-02 15:59:08,591 - INFO - Model parameters after optimization:
	alpha_omega = 0.667385
	beta = 0.0466848
	beta_omega = 8.34901
	kappa = 3.78392
	phiA = 0.352475
	phiC = 0.178299
	phiG = 0.230757
2018-01-02 15:59:08,592 - INFO - Writing model parameters to bootstrap/Perth_intermediate_0_0_randomized_ExpCM_Perth_intermediate_0_0_prefs_gammaomega_modelparams.txt
2018-01-02 15:59:08,595 - INFO - Writing the optimized tree to bootstrap/Perth_intermediate_0_0_randomized_ExpCM_Perth_intermediate_0_0_prefs_gammaomega_tree.newick

2018-01-02 15:59:08,606 - INFO - Successful completion of phydms
