2018-01-02 10:29:01,912 - INFO - Beginning execution of phydms in directory /fh/fast/bloom_j/computational_notebooks/skhilton/2017/divergence_timing_manuscript/analysis/HA/branch_lengths

2018-01-02 10:29:01,912 - INFO - Progress is being logged to bootstrap/Perth_high_0_1_randomized_ExpCM_Perth_high_0_1_prefs_gammaomega_log.log

2018-01-02 10:29:01,912 - INFO - Version information:
	Time and date: Tue Jan  2 10:28:59 2018
	Platform: Linux-3.13.0-68-generic-x86_64-with-debian-jessie-sid
	Python version: 3.6.0 |Continuum Analytics, Inc.| (default, Dec 23 2016, 12:22:00)  [GCC 4.4.7 20120313 (Red Hat 4.4.7-1)]
	phydms version: 2.2.0
	Bio version: 1.69
	cython version: 0.25.2
	numpy version: 1.13.3
	scipy version: 0.19.0
	matplotlib version: 2.1.0
	natsort version: 5.0.2
	sympy version: 1.0
	six version: 1.11.0
	pandas version: 0.21.0
	pyvolve version: 0.8.4
	statsmodels version: 0.8.0
	weblogolib version: 3.5.0
	PyPDF2 version: 1.26.0

2018-01-02 10:29:01,913 - INFO - Parsed the following arguments:
	alignment = bootstrap/Perth_high_0_1.fasta
	tree = bootstrap/Perth_high_0_1_RAxML_tree.newick
	model = ('ExpCM', 'bootstrap/Perth_high_0_1_prefs.csv')
	outprefix = bootstrap/Perth_high_0_1_randomized_ExpCM_Perth_high_0_1_prefs_gammaomega
	brlen = optimize
	gammaomega = True
	gammabeta = False
	omegabysite = False
	omegabysite_fixsyn = False
	diffprefsbysite = False
	diffprefsprior = ('invquadratic', 150.0, 0.5)
	fitphi = False
	randprefs = True
	avgprefs = False
	divpressure = None
	ncpus = 4
	fitprefsmethod = 2
	ncats = 4
	minbrlen = 1e-06
	minpref = 0.002
	seed = 1
	initparams = None
	profile = False
	opt_details = False
	nograd = False

2018-01-02 10:29:01,913 - INFO - Random number seed: 1

2018-01-02 10:29:01,913 - INFO - Reading alignment from bootstrap/Perth_high_0_1.fasta
2018-01-02 10:29:03,014 - INFO - Read 87 aligned sequences from bootstrap/Perth_high_0_1.fasta, each consisting of 565 codons.

2018-01-02 10:29:03,021 - INFO - The model will be an ExpCM informed by site-specific amino-acid preferences in bootstrap/Perth_high_0_1_prefs.csv
2018-01-02 10:29:03,022 - INFO - Preferences will be randomized across sites.
2018-01-02 10:29:08,904 - INFO - Successfully read site-specific amino-acid preferences for all 565 sites.

2018-01-02 10:29:08,918 - INFO - Nucleotide frequency parameters phi will be set so stationary state matches alignment nucleotide frequencies of A = 0.342, C = 0.195, G = 0.225, T = 0.238

2018-01-02 10:29:18,379 - INFO - Omega will be drawn from 4 gamma-distributed categories.

2018-01-02 10:29:51,331 - INFO - Reading tree from bootstrap/Perth_high_0_1_RAxML_tree.newick
2018-01-02 10:29:51,344 - INFO - Tree has 87 tips.
2018-01-02 10:29:51,386 - INFO - Adjusted 1 branch lengths up to minbrlen 1e-06

2018-01-02 10:29:51,386 - INFO - Initializing TreeLikelihood..
2018-01-02 10:33:42,076 - INFO - TreeLikelihood initialized.
2018-01-02 10:33:42,078 - INFO - Maximizing log likelihood (initially -59964.85).
2018-01-02 10:33:42,078 - INFO - Branch lengths will be optimized individually.
2018-01-02 16:37:03,818 - INFO - Maximization complete:
	Step 1: optimized parameters, loglik went from -59964.85 to -52755.51 (23 iterations, 31 function evals)
	Step 2: optimized branches, loglik went from -52755.51 to -52650.75 (157 iterations, 171 function evals)
	Step 3: optimized parameters, loglik went from -52650.75 to -52636.54 (10 iterations, 15 function evals)
	Step 4: optimized branches, loglik went from -52636.54 to -52636.54 (1 iterations, 5 function evals)
2018-01-02 16:37:03,873 - INFO - Optimized log likelihood is -52636.54.
2018-01-02 16:37:03,873 - INFO - Writing log likelihood to bootstrap/Perth_high_0_1_randomized_ExpCM_Perth_high_0_1_prefs_gammaomega_loglikelihood.txt
2018-01-02 16:37:03,881 - INFO - Model parameters after optimization:
	alpha_omega = 0.613838
	beta = 1.1e-05
	beta_omega = 6.87064
	kappa = 3.73293
	phiA = 0.351815
	phiC = 0.181489
	phiG = 0.222457
2018-01-02 16:37:03,881 - INFO - Writing model parameters to bootstrap/Perth_high_0_1_randomized_ExpCM_Perth_high_0_1_prefs_gammaomega_modelparams.txt
2018-01-02 16:37:03,886 - INFO - Writing the optimized tree to bootstrap/Perth_high_0_1_randomized_ExpCM_Perth_high_0_1_prefs_gammaomega_tree.newick

2018-01-02 16:37:03,898 - INFO - Successful completion of phydms
