2018-01-02 23:09:55,772 - INFO - Beginning execution of phydms in directory /fh/fast/bloom_j/computational_notebooks/skhilton/2017/divergence_timing_manuscript/analysis/HA/branch_lengths

2018-01-02 23:09:55,772 - INFO - Progress is being logged to bootstrap/Perth_intermediate_0_1_averaged_ExpCM_Perth_intermediate_0_1_prefs_gammaomega_log.log

2018-01-02 23:09:55,772 - INFO - Version information:
	Time and date: Tue Jan  2 23:09:54 2018
	Platform: Linux-3.13.0-68-generic-x86_64-with-debian-jessie-sid
	Python version: 3.6.0 |Continuum Analytics, Inc.| (default, Dec 23 2016, 12:22:00)  [GCC 4.4.7 20120313 (Red Hat 4.4.7-1)]
	phydms version: 2.2.0
	Bio version: 1.69
	cython version: 0.25.2
	numpy version: 1.13.3
	scipy version: 0.19.0
	matplotlib version: 2.1.0
	natsort version: 5.0.2
	sympy version: 1.0
	six version: 1.11.0
	pandas version: 0.21.0
	pyvolve version: 0.8.4
	statsmodels version: 0.8.0
	weblogolib version: 3.5.0
	PyPDF2 version: 1.26.0

2018-01-02 23:09:55,772 - INFO - Parsed the following arguments:
	alignment = bootstrap/Perth_intermediate_0_1.fasta
	tree = bootstrap/Perth_intermediate_0_1_RAxML_tree.newick
	model = ('ExpCM', 'bootstrap/Perth_intermediate_0_1_prefs.csv')
	outprefix = bootstrap/Perth_intermediate_0_1_averaged_ExpCM_Perth_intermediate_0_1_prefs_gammaomega
	brlen = optimize
	gammaomega = True
	gammabeta = False
	omegabysite = False
	omegabysite_fixsyn = False
	diffprefsbysite = False
	diffprefsprior = ('invquadratic', 150.0, 0.5)
	fitphi = False
	randprefs = False
	avgprefs = True
	divpressure = None
	ncpus = 4
	fitprefsmethod = 2
	ncats = 4
	minbrlen = 1e-06
	minpref = 0.002
	seed = 1
	initparams = None
	profile = False
	opt_details = False
	nograd = False

2018-01-02 23:09:55,773 - INFO - Random number seed: 1

2018-01-02 23:09:55,773 - INFO - Reading alignment from bootstrap/Perth_intermediate_0_1.fasta
2018-01-02 23:09:56,328 - INFO - Read 59 aligned sequences from bootstrap/Perth_intermediate_0_1.fasta, each consisting of 565 codons.

2018-01-02 23:09:56,328 - INFO - The model will be an ExpCM informed by site-specific amino-acid preferences in bootstrap/Perth_intermediate_0_1_prefs.csv
2018-01-02 23:09:56,328 - INFO - Preferences will be averaged across sites.
2018-01-02 23:09:57,551 - INFO - Successfully read site-specific amino-acid preferences for all 565 sites.

2018-01-02 23:09:57,553 - INFO - Nucleotide frequency parameters phi will be set so stationary state matches alignment nucleotide frequencies of A = 0.338, C = 0.199, G = 0.226, T = 0.237

2018-01-02 23:09:59,421 - INFO - Omega will be drawn from 4 gamma-distributed categories.

2018-01-02 23:10:09,162 - INFO - Reading tree from bootstrap/Perth_intermediate_0_1_RAxML_tree.newick
2018-01-02 23:10:09,170 - INFO - Tree has 59 tips.
2018-01-02 23:10:09,190 - INFO - Adjusted 1 branch lengths up to minbrlen 1e-06

2018-01-02 23:10:09,190 - INFO - Initializing TreeLikelihood..
2018-01-02 23:12:15,866 - INFO - TreeLikelihood initialized.
2018-01-02 23:12:15,868 - INFO - Maximizing log likelihood (initially -42383.32).
2018-01-02 23:12:15,868 - INFO - Branch lengths will be optimized individually.
2018-01-03 03:46:08,667 - INFO - Maximization complete:
	Step 1: optimized parameters, loglik went from -42383.32 to -37187.45 (21 iterations, 27 function evals)
	Step 2: optimized branches, loglik went from -37187.45 to -37099.34 (185 iterations, 204 function evals)
	Step 3: optimized parameters, loglik went from -37099.34 to -37087.42 (8 iterations, 12 function evals)
	Step 4: optimized branches, loglik went from -37087.42 to -37085.19 (117 iterations, 133 function evals)
	Step 5: optimized parameters, loglik went from -37085.19 to -37084.68 (11 iterations, 14 function evals)
	Step 6: optimized branches, loglik went from -37084.68 to -37084.68 (1 iterations, 5 function evals)
2018-01-03 03:46:08,709 - INFO - Optimized log likelihood is -37084.68.
2018-01-03 03:46:08,709 - INFO - Writing log likelihood to bootstrap/Perth_intermediate_0_1_averaged_ExpCM_Perth_intermediate_0_1_prefs_gammaomega_loglikelihood.txt
2018-01-03 03:46:08,737 - INFO - Model parameters after optimization:
	alpha_omega = 0.597729
	beta = 1.42232
	beta_omega = 8.0034
	kappa = 3.90211
	phiA = 0.349805
	phiC = 0.189926
	phiG = 0.231623
2018-01-03 03:46:08,737 - INFO - Writing model parameters to bootstrap/Perth_intermediate_0_1_averaged_ExpCM_Perth_intermediate_0_1_prefs_gammaomega_modelparams.txt
2018-01-03 03:46:08,742 - INFO - Writing the optimized tree to bootstrap/Perth_intermediate_0_1_averaged_ExpCM_Perth_intermediate_0_1_prefs_gammaomega_tree.newick

2018-01-03 03:46:08,755 - INFO - Successful completion of phydms
