2018-01-03 00:23:43,640 - INFO - Beginning execution of phydms in directory /fh/fast/bloom_j/computational_notebooks/skhilton/2017/divergence_timing_manuscript/analysis/HA/branch_lengths

2018-01-03 00:23:43,640 - INFO - Progress is being logged to bootstrap/Perth_low_0_0_ExpCM_Perth_low_0_0_prefs_gammaomega_log.log

2018-01-03 00:23:43,640 - INFO - Version information:
	Time and date: Wed Jan  3 00:23:42 2018
	Platform: Linux-3.13.0-68-generic-x86_64-with-debian-jessie-sid
	Python version: 3.6.0 |Continuum Analytics, Inc.| (default, Dec 23 2016, 12:22:00)  [GCC 4.4.7 20120313 (Red Hat 4.4.7-1)]
	phydms version: 2.2.0
	Bio version: 1.69
	cython version: 0.25.2
	numpy version: 1.13.3
	scipy version: 0.19.0
	matplotlib version: 2.1.0
	natsort version: 5.0.2
	sympy version: 1.0
	six version: 1.11.0
	pandas version: 0.21.0
	pyvolve version: 0.8.4
	statsmodels version: 0.8.0
	weblogolib version: 3.5.0
	PyPDF2 version: 1.26.0

2018-01-03 00:23:43,640 - INFO - Parsed the following arguments:
	alignment = bootstrap/Perth_low_0_0.fasta
	tree = bootstrap/Perth_low_0_0_RAxML_tree.newick
	model = ('ExpCM', 'bootstrap/Perth_low_0_0_prefs.csv')
	outprefix = bootstrap/Perth_low_0_0_ExpCM_Perth_low_0_0_prefs_gammaomega
	brlen = optimize
	gammaomega = True
	gammabeta = False
	omegabysite = False
	omegabysite_fixsyn = False
	diffprefsbysite = False
	diffprefsprior = ('invquadratic', 150.0, 0.5)
	fitphi = False
	randprefs = False
	avgprefs = False
	divpressure = None
	ncpus = 4
	fitprefsmethod = 2
	ncats = 4
	minbrlen = 1e-06
	minpref = 0.002
	seed = 1
	initparams = None
	profile = False
	opt_details = False
	nograd = False

2018-01-03 00:23:43,640 - INFO - Random number seed: 1

2018-01-03 00:23:43,640 - INFO - Reading alignment from bootstrap/Perth_low_0_0.fasta
2018-01-03 00:23:43,931 - INFO - Read 34 aligned sequences from bootstrap/Perth_low_0_0.fasta, each consisting of 565 codons.

2018-01-03 00:23:43,931 - INFO - The model will be an ExpCM informed by site-specific amino-acid preferences in bootstrap/Perth_low_0_0_prefs.csv
2018-01-03 00:23:45,266 - INFO - Successfully read site-specific amino-acid preferences for all 565 sites.

2018-01-03 00:23:45,267 - INFO - Nucleotide frequency parameters phi will be set so stationary state matches alignment nucleotide frequencies of A = 0.342, C = 0.199, G = 0.229, T = 0.230

2018-01-03 00:23:46,938 - INFO - Omega will be drawn from 4 gamma-distributed categories.

2018-01-03 00:23:57,517 - INFO - Reading tree from bootstrap/Perth_low_0_0_RAxML_tree.newick
2018-01-03 00:23:57,523 - INFO - Tree has 34 tips.
2018-01-03 00:23:57,534 - INFO - Adjusted 1 branch lengths up to minbrlen 1e-06

2018-01-03 00:23:57,534 - INFO - Initializing TreeLikelihood..
2018-01-03 00:25:05,576 - INFO - TreeLikelihood initialized.
2018-01-03 00:25:05,578 - INFO - Maximizing log likelihood (initially -22626.12).
2018-01-03 00:25:05,578 - INFO - Branch lengths will be optimized individually.
2018-01-03 04:46:36,375 - INFO - Maximization complete:
	Step 1: optimized parameters, loglik went from -22626.12 to -19905.61 (23 iterations, 29 function evals)
	Step 2: optimized branches, loglik went from -19905.61 to -19839.07 (324 iterations, 346 function evals)
	Step 3: optimized parameters, loglik went from -19839.07 to -19828.81 (14 iterations, 17 function evals)
	Step 4: optimized branches, loglik went from -19828.81 to -19823.05 (249 iterations, 270 function evals)
	Step 5: optimized parameters, loglik went from -19823.05 to -19821.37 (15 iterations, 19 function evals)
	Step 6: optimized branches, loglik went from -19821.37 to -19820.80 (41 iterations, 49 function evals)
	Step 7: optimized parameters, loglik went from -19820.80 to -19820.72 (4 iterations, 7 function evals)
	Step 8: optimized branches, loglik went from -19820.72 to -19820.62 (16 iterations, 23 function evals)
	Step 9: optimized parameters, loglik went from -19820.62 to -19820.59 (3 iterations, 5 function evals)
	Step 10: optimized branches, loglik went from -19820.59 to -19820.56 (6 iterations, 11 function evals)
	Step 11: optimized parameters, loglik went from -19820.56 to -19820.55 (3 iterations, 5 function evals)
	Step 12: optimized branches, loglik went from -19820.55 to -19820.55 (1 iterations, 4 function evals)
2018-01-03 04:46:36,424 - INFO - Optimized log likelihood is -19820.55.
2018-01-03 04:46:36,425 - INFO - Writing log likelihood to bootstrap/Perth_low_0_0_ExpCM_Perth_low_0_0_prefs_gammaomega_loglikelihood.txt
2018-01-03 04:46:36,435 - INFO - Model parameters after optimization:
	alpha_omega = 0.903556
	beta = 1.64095
	beta_omega = 7.36971
	kappa = 4.11072
	phiA = 0.358725
	phiC = 0.191712
	phiG = 0.235515
2018-01-03 04:46:36,435 - INFO - Writing model parameters to bootstrap/Perth_low_0_0_ExpCM_Perth_low_0_0_prefs_gammaomega_modelparams.txt
2018-01-03 04:46:36,440 - INFO - Writing the optimized tree to bootstrap/Perth_low_0_0_ExpCM_Perth_low_0_0_prefs_gammaomega_tree.newick

2018-01-03 04:46:36,451 - INFO - Successful completion of phydms
