2018-01-02 20:25:18,219 - INFO - Beginning execution of phydms in directory /fh/fast/bloom_j/computational_notebooks/skhilton/2017/divergence_timing_manuscript/analysis/HA/branch_lengths

2018-01-02 20:25:18,219 - INFO - Progress is being logged to bootstrap/Perth_low_0_1_averaged_ExpCM_Perth_low_0_1_prefs_log.log

2018-01-02 20:25:18,219 - INFO - Version information:
	Time and date: Tue Jan  2 20:25:17 2018
	Platform: Linux-3.13.0-68-generic-x86_64-with-debian-jessie-sid
	Python version: 3.6.0 |Continuum Analytics, Inc.| (default, Dec 23 2016, 12:22:00)  [GCC 4.4.7 20120313 (Red Hat 4.4.7-1)]
	phydms version: 2.2.0
	Bio version: 1.69
	cython version: 0.25.2
	numpy version: 1.13.3
	scipy version: 0.19.0
	matplotlib version: 2.1.0
	natsort version: 5.0.2
	sympy version: 1.0
	six version: 1.11.0
	pandas version: 0.21.0
	pyvolve version: 0.8.4
	statsmodels version: 0.8.0
	weblogolib version: 3.5.0
	PyPDF2 version: 1.26.0

2018-01-02 20:25:18,219 - INFO - Parsed the following arguments:
	alignment = bootstrap/Perth_low_0_1.fasta
	tree = bootstrap/Perth_low_0_1_RAxML_tree.newick
	model = ('ExpCM', 'bootstrap/Perth_low_0_1_prefs.csv')
	outprefix = bootstrap/Perth_low_0_1_averaged_ExpCM_Perth_low_0_1_prefs
	brlen = optimize
	gammaomega = False
	gammabeta = False
	omegabysite = False
	omegabysite_fixsyn = False
	diffprefsbysite = False
	diffprefsprior = ('invquadratic', 150.0, 0.5)
	fitphi = False
	randprefs = False
	avgprefs = True
	divpressure = None
	ncpus = 4
	fitprefsmethod = 2
	ncats = 4
	minbrlen = 1e-06
	minpref = 0.002
	seed = 1
	initparams = None
	profile = False
	opt_details = False
	nograd = False

2018-01-02 20:25:18,219 - INFO - Random number seed: 1

2018-01-02 20:25:18,219 - INFO - Reading alignment from bootstrap/Perth_low_0_1.fasta
2018-01-02 20:25:18,531 - INFO - Read 34 aligned sequences from bootstrap/Perth_low_0_1.fasta, each consisting of 565 codons.

2018-01-02 20:25:18,531 - INFO - The model will be an ExpCM informed by site-specific amino-acid preferences in bootstrap/Perth_low_0_1_prefs.csv
2018-01-02 20:25:18,531 - INFO - Preferences will be averaged across sites.
2018-01-02 20:25:20,082 - INFO - Successfully read site-specific amino-acid preferences for all 565 sites.

2018-01-02 20:25:20,085 - INFO - Nucleotide frequency parameters phi will be set so stationary state matches alignment nucleotide frequencies of A = 0.334, C = 0.207, G = 0.224, T = 0.236

2018-01-02 20:25:22,438 - INFO - Reading tree from bootstrap/Perth_low_0_1_RAxML_tree.newick
2018-01-02 20:25:22,442 - INFO - Tree has 34 tips.
2018-01-02 20:25:22,451 - INFO - Adjusted 1 branch lengths up to minbrlen 1e-06

2018-01-02 20:25:22,451 - INFO - Initializing TreeLikelihood..
2018-01-02 20:25:45,175 - INFO - TreeLikelihood initialized.
2018-01-02 20:25:45,176 - INFO - Maximizing log likelihood (initially -24356.70).
2018-01-02 20:25:45,176 - INFO - Branch lengths will be optimized individually.
2018-01-02 20:52:21,926 - INFO - Maximization complete:
	Step 1: optimized parameters, loglik went from -24356.70 to -21339.57 (21 iterations, 32 function evals)
	Step 2: optimized branches, loglik went from -21339.57 to -21311.91 (156 iterations, 168 function evals)
	Step 3: optimized parameters, loglik went from -21311.91 to -21311.81 (3 iterations, 6 function evals)
	Step 4: optimized branches, loglik went from -21311.81 to -21311.81 (2 iterations, 5 function evals)
2018-01-02 20:52:21,927 - INFO - Optimized log likelihood is -21311.81.
2018-01-02 20:52:21,927 - INFO - Writing log likelihood to bootstrap/Perth_low_0_1_averaged_ExpCM_Perth_low_0_1_prefs_loglikelihood.txt
2018-01-02 20:52:21,933 - INFO - Model parameters after optimization:
	beta = 0.970703
	kappa = 3.50903
	omega = 0.0579268
	phiA = 0.344191
	phiC = 0.196954
	phiG = 0.227161
2018-01-02 20:52:21,934 - INFO - Writing model parameters to bootstrap/Perth_low_0_1_averaged_ExpCM_Perth_low_0_1_prefs_modelparams.txt
2018-01-02 20:52:21,938 - INFO - Writing the optimized tree to bootstrap/Perth_low_0_1_averaged_ExpCM_Perth_low_0_1_prefs_tree.newick

2018-01-02 20:52:21,945 - INFO - Successful completion of phydms
