2018-01-02 21:08:11,875 - INFO - Beginning execution of phydms in directory /fh/fast/bloom_j/computational_notebooks/skhilton/2017/divergence_timing_manuscript/analysis/HA/branch_lengths

2018-01-02 21:08:11,875 - INFO - Progress is being logged to bootstrap/WSN_intermediate_0_0_YNGKP_M5_log.log

2018-01-02 21:08:11,875 - INFO - Version information:
	Time and date: Tue Jan  2 21:08:10 2018
	Platform: Linux-3.13.0-68-generic-x86_64-with-debian-jessie-sid
	Python version: 3.6.0 |Continuum Analytics, Inc.| (default, Dec 23 2016, 12:22:00)  [GCC 4.4.7 20120313 (Red Hat 4.4.7-1)]
	phydms version: 2.2.0
	Bio version: 1.69
	cython version: 0.25.2
	numpy version: 1.13.3
	scipy version: 0.19.0
	matplotlib version: 2.1.0
	natsort version: 5.0.2
	sympy version: 1.0
	six version: 1.11.0
	pandas version: 0.21.0
	pyvolve version: 0.8.4
	statsmodels version: 0.8.0
	weblogolib version: 3.5.0
	PyPDF2 version: 1.26.0

2018-01-02 21:08:11,876 - INFO - Parsed the following arguments:
	alignment = bootstrap/WSN_intermediate_0_0.fasta
	tree = bootstrap/WSN_intermediate_0_0_RAxML_tree.newick
	model = YNGKP_M5
	outprefix = bootstrap/WSN_intermediate_0_0_YNGKP_M5
	brlen = optimize
	gammaomega = False
	gammabeta = False
	omegabysite = False
	omegabysite_fixsyn = False
	diffprefsbysite = False
	diffprefsprior = ('invquadratic', 150.0, 0.5)
	fitphi = False
	randprefs = False
	avgprefs = False
	divpressure = None
	ncpus = 1
	fitprefsmethod = 2
	ncats = 4
	minbrlen = 1e-06
	minpref = 0.002
	seed = 1
	initparams = None
	profile = False
	opt_details = False
	nograd = False

2018-01-02 21:08:11,876 - INFO - Random number seed: 1

2018-01-02 21:08:11,876 - INFO - Reading alignment from bootstrap/WSN_intermediate_0_0.fasta
2018-01-02 21:08:12,333 - INFO - Read 53 aligned sequences from bootstrap/WSN_intermediate_0_0.fasta, each consisting of 564 codons.

2018-01-02 21:08:12,333 - INFO - Codon substitution model with be M5 version of YNGKP (Yang, Nielsen, Goldman, & Pederson. Genetics. 155:431-449).
2018-01-02 21:08:12,370 - INFO - For this YNGKP_M5 model, omega will be drawn from 4 gamma-distributed categories.
2018-01-02 21:08:12,382 - INFO - Reading tree from bootstrap/WSN_intermediate_0_0_RAxML_tree.newick
2018-01-02 21:08:12,385 - INFO - Tree has 53 tips.
2018-01-02 21:08:12,401 - INFO - Adjusted 1 branch lengths up to minbrlen 1e-06

2018-01-02 21:08:12,401 - INFO - Initializing TreeLikelihood..
2018-01-02 21:08:31,161 - INFO - TreeLikelihood initialized.
2018-01-02 21:08:31,163 - INFO - Maximizing log likelihood (initially -38422.45).
2018-01-02 21:08:31,163 - INFO - Branch lengths will be optimized individually.
2018-01-02 22:28:50,539 - INFO - Maximization complete:
	Step 1: optimized parameters, loglik went from -38422.45 to -34131.64 (17 iterations, 23 function evals)
	Step 2: optimized branches, loglik went from -34131.64 to -34092.27 (123 iterations, 136 function evals)
	Step 3: optimized parameters, loglik went from -34092.27 to -34086.55 (9 iterations, 13 function evals)
	Step 4: optimized branches, loglik went from -34086.55 to -34085.56 (62 iterations, 70 function evals)
	Step 5: optimized parameters, loglik went from -34085.56 to -34085.42 (4 iterations, 7 function evals)
	Step 6: optimized branches, loglik went from -34085.42 to -34085.39 (2 iterations, 5 function evals)
	Step 7: optimized parameters, loglik went from -34085.39 to -34085.37 (4 iterations, 6 function evals)
	Step 8: optimized branches, loglik went from -34085.37 to -34085.37 (1 iterations, 4 function evals)
2018-01-02 22:28:50,542 - INFO - Optimized log likelihood is -34085.37.
2018-01-02 22:28:50,542 - INFO - Writing log likelihood to bootstrap/WSN_intermediate_0_0_YNGKP_M5_loglikelihood.txt
2018-01-02 22:28:50,548 - INFO - Model parameters after optimization:
	alpha_omega = 0.603108
	beta_omega = 6.5296
	kappa = 3.21838
	phi0A = 0.32759
	phi0C = 0.12126
	phi0G = 0.292334
	phi1A = 0.374647
	phi1C = 0.18507
	phi1G = 0.193492
	phi2A = 0.351794
	phi2C = 0.193424
	phi2G = 0.223203
2018-01-02 22:28:50,548 - INFO - Writing model parameters to bootstrap/WSN_intermediate_0_0_YNGKP_M5_modelparams.txt
2018-01-02 22:28:50,552 - INFO - Writing the optimized tree to bootstrap/WSN_intermediate_0_0_YNGKP_M5_tree.newick

2018-01-02 22:28:50,560 - INFO - Successful completion of phydms
