2018-01-02 10:27:43,778 - INFO - Beginning execution of phydms_comprehensive in directory /fh/fast/bloom_j/computational_notebooks/skhilton/2017/divergence_timing_manuscript/analysis/HA/branch_lengths

2018-01-02 10:27:43,778 - INFO - Progress is being logged to bootstrap/WSN_high_0_1.log

2018-01-02 10:27:43,779 - INFO - Version information:
	Time and date: Tue Jan  2 10:27:38 2018
	Platform: Linux-3.13.0-68-generic-x86_64-with-debian-jessie-sid
	Python version: 3.6.0 |Continuum Analytics, Inc.| (default, Dec 23 2016, 12:22:00)  [GCC 4.4.7 20120313 (Red Hat 4.4.7-1)]
	phydms version: 2.2.0
	Bio version: 1.69
	cython version: 0.25.2
	numpy version: 1.13.3
	scipy version: 0.19.0
	matplotlib version: 2.1.0
	natsort version: 5.0.2
	sympy version: 1.0
	six version: 1.11.0
	pandas version: 0.21.0
	pyvolve version: 0.8.4
	statsmodels version: 0.8.0
	weblogolib version: 3.5.0
	PyPDF2 version: 1.26.0

2018-01-02 10:27:43,779 - INFO - Parsed the following command-line arguments:
	outprefix = bootstrap/WSN_high_0_1_
	alignment = bootstrap/WSN_high_0_1.fasta
	prefsfiles = ['bootstrap/WSN_high_0_1_prefs.csv']
	raxml = raxml
	tree = None
	ncpus = -1
	brlen = optimize
	omegabysite = False
	diffprefsbysite = False
	gammaomega = True
	gammabeta = False
	noavgprefs = False
	randprefs = True

2018-01-02 10:27:43,779 - INFO - Checking that the alignment bootstrap/WSN_high_0_1.fasta is valid...
2018-01-02 10:27:44,448 - INFO - Valid alignment specifying 87 sequences of length 1692.

2018-01-02 10:27:44,448 - INFO - Tree not specified.
2018-01-02 10:27:44,461 - INFO - Inferring tree with RAxML using command raxml
2018-01-02 10:28:41,994 - INFO - RAxML inferred tree is now named bootstrap/WSN_high_0_1_RAxML_tree.newick
2018-01-02 10:28:42,018 - INFO - Starting analysis to optimize tree in bootstrap/WSN_high_0_1_RAxML_tree.newick using model YNGKP_M0. The command is: phydms bootstrap/WSN_high_0_1.fasta bootstrap/WSN_high_0_1_RAxML_tree.newick YNGKP_M0 bootstrap/WSN_high_0_1_YNGKP_M0 --brlen optimize --ncpus 1

2018-01-02 10:28:42,019 - INFO - Starting analysis to optimize tree in bootstrap/WSN_high_0_1_RAxML_tree.newick using model YNGKP_M5. The command is: phydms bootstrap/WSN_high_0_1.fasta bootstrap/WSN_high_0_1_RAxML_tree.newick YNGKP_M5 bootstrap/WSN_high_0_1_YNGKP_M5 --brlen optimize --ncpus 1

2018-01-02 10:28:42,020 - INFO - Starting analysis to optimize tree in bootstrap/WSN_high_0_1_RAxML_tree.newick using model ExpCM_WSN_high_0_1_prefs. The command is: phydms bootstrap/WSN_high_0_1.fasta bootstrap/WSN_high_0_1_RAxML_tree.newick ExpCM_bootstrap/WSN_high_0_1_prefs.csv bootstrap/WSN_high_0_1_ExpCM_WSN_high_0_1_prefs --brlen optimize --ncpus 4

2018-01-02 10:28:42,020 - INFO - Starting analysis to optimize tree in bootstrap/WSN_high_0_1_RAxML_tree.newick using model ExpCM_WSN_high_0_1_prefs_gammaomega. The command is: phydms bootstrap/WSN_high_0_1.fasta bootstrap/WSN_high_0_1_RAxML_tree.newick ExpCM_bootstrap/WSN_high_0_1_prefs.csv bootstrap/WSN_high_0_1_ExpCM_WSN_high_0_1_prefs_gammaomega --brlen optimize --gammaomega --ncpus 4

2018-01-02 10:28:42,020 - INFO - Starting analysis to optimize tree in bootstrap/WSN_high_0_1_RAxML_tree.newick using model averaged_ExpCM_WSN_high_0_1_prefs. The command is: phydms bootstrap/WSN_high_0_1.fasta bootstrap/WSN_high_0_1_RAxML_tree.newick ExpCM_bootstrap/WSN_high_0_1_prefs.csv bootstrap/WSN_high_0_1_averaged_ExpCM_WSN_high_0_1_prefs --brlen optimize --avgprefs --ncpus 4

2018-01-02 10:28:42,020 - INFO - Starting analysis to optimize tree in bootstrap/WSN_high_0_1_RAxML_tree.newick using model averaged_ExpCM_WSN_high_0_1_prefs_gammaomega. The command is: phydms bootstrap/WSN_high_0_1.fasta bootstrap/WSN_high_0_1_RAxML_tree.newick ExpCM_bootstrap/WSN_high_0_1_prefs.csv bootstrap/WSN_high_0_1_averaged_ExpCM_WSN_high_0_1_prefs_gammaomega --brlen optimize --gammaomega --avgprefs --ncpus 4

2018-01-02 10:28:42,020 - INFO - Starting analysis to optimize tree in bootstrap/WSN_high_0_1_RAxML_tree.newick using model randomized_ExpCM_WSN_high_0_1_prefs. The command is: phydms bootstrap/WSN_high_0_1.fasta bootstrap/WSN_high_0_1_RAxML_tree.newick ExpCM_bootstrap/WSN_high_0_1_prefs.csv bootstrap/WSN_high_0_1_randomized_ExpCM_WSN_high_0_1_prefs --brlen optimize --randprefs --ncpus 4

2018-01-02 10:28:42,021 - INFO - Starting analysis to optimize tree in bootstrap/WSN_high_0_1_RAxML_tree.newick using model randomized_ExpCM_WSN_high_0_1_prefs_gammaomega. The command is: phydms bootstrap/WSN_high_0_1.fasta bootstrap/WSN_high_0_1_RAxML_tree.newick ExpCM_bootstrap/WSN_high_0_1_prefs.csv bootstrap/WSN_high_0_1_randomized_ExpCM_WSN_high_0_1_prefs_gammaomega --brlen optimize --gammaomega --randprefs --ncpus 4

2018-01-02 11:03:34,996 - INFO - Analysis completed for YNGKP_M0
2018-01-02 11:03:35,001 - INFO - Found expected output file bootstrap/WSN_high_0_1_YNGKP_M0_log.log
2018-01-02 11:03:35,002 - INFO - Found expected output file bootstrap/WSN_high_0_1_YNGKP_M0_tree.newick
2018-01-02 11:03:35,002 - INFO - Found expected output file bootstrap/WSN_high_0_1_YNGKP_M0_loglikelihood.txt
2018-01-02 11:03:35,003 - INFO - Found expected output file bootstrap/WSN_high_0_1_YNGKP_M0_modelparams.txt
2018-01-02 11:03:35,003 - INFO - Analysis successful for YNGKP_M0

2018-01-02 12:13:21,060 - INFO - Analysis completed for averaged_ExpCM_WSN_high_0_1_prefs
2018-01-02 12:13:21,062 - INFO - Found expected output file bootstrap/WSN_high_0_1_averaged_ExpCM_WSN_high_0_1_prefs_log.log
2018-01-02 12:13:21,062 - INFO - Found expected output file bootstrap/WSN_high_0_1_averaged_ExpCM_WSN_high_0_1_prefs_tree.newick
2018-01-02 12:13:21,062 - INFO - Found expected output file bootstrap/WSN_high_0_1_averaged_ExpCM_WSN_high_0_1_prefs_loglikelihood.txt
2018-01-02 12:13:21,062 - INFO - Found expected output file bootstrap/WSN_high_0_1_averaged_ExpCM_WSN_high_0_1_prefs_modelparams.txt
2018-01-02 12:13:21,062 - INFO - Analysis successful for averaged_ExpCM_WSN_high_0_1_prefs

2018-01-02 12:15:06,189 - INFO - Analysis completed for randomized_ExpCM_WSN_high_0_1_prefs
2018-01-02 12:15:06,192 - INFO - Found expected output file bootstrap/WSN_high_0_1_randomized_ExpCM_WSN_high_0_1_prefs_log.log
2018-01-02 12:15:06,192 - INFO - Found expected output file bootstrap/WSN_high_0_1_randomized_ExpCM_WSN_high_0_1_prefs_tree.newick
2018-01-02 12:15:06,192 - INFO - Found expected output file bootstrap/WSN_high_0_1_randomized_ExpCM_WSN_high_0_1_prefs_loglikelihood.txt
2018-01-02 12:15:06,192 - INFO - Found expected output file bootstrap/WSN_high_0_1_randomized_ExpCM_WSN_high_0_1_prefs_modelparams.txt
2018-01-02 12:15:06,192 - INFO - Analysis successful for randomized_ExpCM_WSN_high_0_1_prefs

2018-01-02 12:18:19,424 - INFO - Analysis completed for ExpCM_WSN_high_0_1_prefs
2018-01-02 12:18:19,426 - INFO - Found expected output file bootstrap/WSN_high_0_1_ExpCM_WSN_high_0_1_prefs_log.log
2018-01-02 12:18:19,427 - INFO - Found expected output file bootstrap/WSN_high_0_1_ExpCM_WSN_high_0_1_prefs_tree.newick
2018-01-02 12:18:19,427 - INFO - Found expected output file bootstrap/WSN_high_0_1_ExpCM_WSN_high_0_1_prefs_loglikelihood.txt
2018-01-02 12:18:19,427 - INFO - Found expected output file bootstrap/WSN_high_0_1_ExpCM_WSN_high_0_1_prefs_modelparams.txt
2018-01-02 12:18:19,427 - INFO - Analysis successful for ExpCM_WSN_high_0_1_prefs

2018-01-02 13:56:53,559 - INFO - Analysis completed for YNGKP_M5
2018-01-02 13:56:53,561 - INFO - Found expected output file bootstrap/WSN_high_0_1_YNGKP_M5_log.log
2018-01-02 13:56:53,561 - INFO - Found expected output file bootstrap/WSN_high_0_1_YNGKP_M5_tree.newick
2018-01-02 13:56:53,562 - INFO - Found expected output file bootstrap/WSN_high_0_1_YNGKP_M5_loglikelihood.txt
2018-01-02 13:56:53,562 - INFO - Found expected output file bootstrap/WSN_high_0_1_YNGKP_M5_modelparams.txt
2018-01-02 13:56:53,563 - INFO - Analysis successful for YNGKP_M5

2018-01-02 15:22:40,681 - INFO - Analysis completed for averaged_ExpCM_WSN_high_0_1_prefs_gammaomega
2018-01-02 15:22:40,684 - INFO - Found expected output file bootstrap/WSN_high_0_1_averaged_ExpCM_WSN_high_0_1_prefs_gammaomega_log.log
2018-01-02 15:22:40,684 - INFO - Found expected output file bootstrap/WSN_high_0_1_averaged_ExpCM_WSN_high_0_1_prefs_gammaomega_tree.newick
2018-01-02 15:22:40,684 - INFO - Found expected output file bootstrap/WSN_high_0_1_averaged_ExpCM_WSN_high_0_1_prefs_gammaomega_loglikelihood.txt
2018-01-02 15:22:40,684 - INFO - Found expected output file bootstrap/WSN_high_0_1_averaged_ExpCM_WSN_high_0_1_prefs_gammaomega_modelparams.txt
2018-01-02 15:22:40,684 - INFO - Analysis successful for averaged_ExpCM_WSN_high_0_1_prefs_gammaomega

2018-01-02 16:43:17,357 - INFO - Analysis completed for randomized_ExpCM_WSN_high_0_1_prefs_gammaomega
2018-01-02 16:43:17,359 - INFO - Found expected output file bootstrap/WSN_high_0_1_randomized_ExpCM_WSN_high_0_1_prefs_gammaomega_log.log
2018-01-02 16:43:17,359 - INFO - Found expected output file bootstrap/WSN_high_0_1_randomized_ExpCM_WSN_high_0_1_prefs_gammaomega_tree.newick
2018-01-02 16:43:17,359 - INFO - Found expected output file bootstrap/WSN_high_0_1_randomized_ExpCM_WSN_high_0_1_prefs_gammaomega_loglikelihood.txt
2018-01-02 16:43:17,360 - INFO - Found expected output file bootstrap/WSN_high_0_1_randomized_ExpCM_WSN_high_0_1_prefs_gammaomega_modelparams.txt
2018-01-02 16:43:17,360 - INFO - Analysis successful for randomized_ExpCM_WSN_high_0_1_prefs_gammaomega

2018-01-02 17:50:54,056 - INFO - Analysis completed for ExpCM_WSN_high_0_1_prefs_gammaomega
2018-01-02 17:50:54,059 - INFO - Found expected output file bootstrap/WSN_high_0_1_ExpCM_WSN_high_0_1_prefs_gammaomega_log.log
2018-01-02 17:50:54,059 - INFO - Found expected output file bootstrap/WSN_high_0_1_ExpCM_WSN_high_0_1_prefs_gammaomega_tree.newick
2018-01-02 17:50:54,060 - INFO - Found expected output file bootstrap/WSN_high_0_1_ExpCM_WSN_high_0_1_prefs_gammaomega_loglikelihood.txt
2018-01-02 17:50:54,060 - INFO - Found expected output file bootstrap/WSN_high_0_1_ExpCM_WSN_high_0_1_prefs_gammaomega_modelparams.txt
2018-01-02 17:50:54,060 - INFO - Analysis successful for ExpCM_WSN_high_0_1_prefs_gammaomega

2018-01-02 17:50:55,099 - INFO - Successful completion of phydms_comprehensive
