2018-01-02 21:08:17,056 - INFO - Beginning execution of phydms in directory /fh/fast/bloom_j/computational_notebooks/skhilton/2017/divergence_timing_manuscript/analysis/HA/branch_lengths

2018-01-02 21:08:17,056 - INFO - Progress is being logged to bootstrap/WSN_intermediate_0_0_randomized_ExpCM_WSN_intermediate_0_0_prefs_log.log

2018-01-02 21:08:17,056 - INFO - Version information:
	Time and date: Tue Jan  2 21:08:15 2018
	Platform: Linux-3.13.0-68-generic-x86_64-with-debian-jessie-sid
	Python version: 3.6.0 |Continuum Analytics, Inc.| (default, Dec 23 2016, 12:22:00)  [GCC 4.4.7 20120313 (Red Hat 4.4.7-1)]
	phydms version: 2.2.0
	Bio version: 1.69
	cython version: 0.25.2
	numpy version: 1.13.3
	scipy version: 0.19.0
	matplotlib version: 2.1.0
	natsort version: 5.0.2
	sympy version: 1.0
	six version: 1.11.0
	pandas version: 0.21.0
	pyvolve version: 0.8.4
	statsmodels version: 0.8.0
	weblogolib version: 3.5.0
	PyPDF2 version: 1.26.0

2018-01-02 21:08:17,056 - INFO - Parsed the following arguments:
	alignment = bootstrap/WSN_intermediate_0_0.fasta
	tree = bootstrap/WSN_intermediate_0_0_RAxML_tree.newick
	model = ('ExpCM', 'bootstrap/WSN_intermediate_0_0_prefs.csv')
	outprefix = bootstrap/WSN_intermediate_0_0_randomized_ExpCM_WSN_intermediate_0_0_prefs
	brlen = optimize
	gammaomega = False
	gammabeta = False
	omegabysite = False
	omegabysite_fixsyn = False
	diffprefsbysite = False
	diffprefsprior = ('invquadratic', 150.0, 0.5)
	fitphi = False
	randprefs = True
	avgprefs = False
	divpressure = None
	ncpus = 4
	fitprefsmethod = 2
	ncats = 4
	minbrlen = 1e-06
	minpref = 0.002
	seed = 1
	initparams = None
	profile = False
	opt_details = False
	nograd = False

2018-01-02 21:08:17,056 - INFO - Random number seed: 1

2018-01-02 21:08:17,056 - INFO - Reading alignment from bootstrap/WSN_intermediate_0_0.fasta
2018-01-02 21:08:17,496 - INFO - Read 53 aligned sequences from bootstrap/WSN_intermediate_0_0.fasta, each consisting of 564 codons.

2018-01-02 21:08:17,496 - INFO - The model will be an ExpCM informed by site-specific amino-acid preferences in bootstrap/WSN_intermediate_0_0_prefs.csv
2018-01-02 21:08:17,496 - INFO - Preferences will be randomized across sites.
2018-01-02 21:08:18,995 - INFO - Successfully read site-specific amino-acid preferences for all 564 sites.

2018-01-02 21:08:18,997 - INFO - Nucleotide frequency parameters phi will be set so stationary state matches alignment nucleotide frequencies of A = 0.340, C = 0.180, G = 0.241, T = 0.239

2018-01-02 21:08:21,412 - INFO - Reading tree from bootstrap/WSN_intermediate_0_0_RAxML_tree.newick
2018-01-02 21:08:21,417 - INFO - Tree has 53 tips.
2018-01-02 21:08:21,432 - INFO - Adjusted 1 branch lengths up to minbrlen 1e-06

2018-01-02 21:08:21,433 - INFO - Initializing TreeLikelihood..
2018-01-02 21:08:55,030 - INFO - TreeLikelihood initialized.
2018-01-02 21:08:55,031 - INFO - Maximizing log likelihood (initially -39450.23).
2018-01-02 21:08:55,031 - INFO - Branch lengths will be optimized individually.
2018-01-02 21:41:15,884 - INFO - Maximization complete:
	Step 1: optimized parameters, loglik went from -39450.23 to -34888.86 (18 iterations, 28 function evals)
	Step 2: optimized branches, loglik went from -34888.86 to -34879.20 (65 iterations, 70 function evals)
	Step 3: optimized parameters, loglik went from -34879.20 to -34879.15 (3 iterations, 9 function evals)
	Step 4: optimized branches, loglik went from -34879.15 to -34879.14 (3 iterations, 6 function evals)
	Step 5: optimized parameters, loglik went from -34879.14 to -34879.13 (2 iterations, 6 function evals)
2018-01-02 21:41:15,885 - INFO - Optimized log likelihood is -34879.13.
2018-01-02 21:41:15,886 - INFO - Writing log likelihood to bootstrap/WSN_intermediate_0_0_randomized_ExpCM_WSN_intermediate_0_0_prefs_loglikelihood.txt
2018-01-02 21:41:15,909 - INFO - Model parameters after optimization:
	beta = 0.0505701
	kappa = 3.38273
	omega = 0.0937497
	phiA = 0.349937
	phiC = 0.167371
	phiG = 0.238178
2018-01-02 21:41:15,909 - INFO - Writing model parameters to bootstrap/WSN_intermediate_0_0_randomized_ExpCM_WSN_intermediate_0_0_prefs_modelparams.txt
2018-01-02 21:41:15,926 - INFO - Writing the optimized tree to bootstrap/WSN_intermediate_0_0_randomized_ExpCM_WSN_intermediate_0_0_prefs_tree.newick

2018-01-02 21:41:15,949 - INFO - Successful completion of phydms
