2018-01-02 10:28:52,265 - INFO - Beginning execution of phydms in directory /fh/fast/bloom_j/computational_notebooks/skhilton/2017/divergence_timing_manuscript/analysis/HA/branch_lengths

2018-01-02 10:28:52,266 - INFO - Progress is being logged to bootstrap/WSN_high_0_1_randomized_ExpCM_WSN_high_0_1_prefs_log.log

2018-01-02 10:28:52,266 - INFO - Version information:
	Time and date: Tue Jan  2 10:28:50 2018
	Platform: Linux-3.13.0-68-generic-x86_64-with-debian-jessie-sid
	Python version: 3.6.0 |Continuum Analytics, Inc.| (default, Dec 23 2016, 12:22:00)  [GCC 4.4.7 20120313 (Red Hat 4.4.7-1)]
	phydms version: 2.2.0
	Bio version: 1.69
	cython version: 0.25.2
	numpy version: 1.13.3
	scipy version: 0.19.0
	matplotlib version: 2.1.0
	natsort version: 5.0.2
	sympy version: 1.0
	six version: 1.11.0
	pandas version: 0.21.0
	pyvolve version: 0.8.4
	statsmodels version: 0.8.0
	weblogolib version: 3.5.0
	PyPDF2 version: 1.26.0

2018-01-02 10:28:52,266 - INFO - Parsed the following arguments:
	alignment = bootstrap/WSN_high_0_1.fasta
	tree = bootstrap/WSN_high_0_1_RAxML_tree.newick
	model = ('ExpCM', 'bootstrap/WSN_high_0_1_prefs.csv')
	outprefix = bootstrap/WSN_high_0_1_randomized_ExpCM_WSN_high_0_1_prefs
	brlen = optimize
	gammaomega = False
	gammabeta = False
	omegabysite = False
	omegabysite_fixsyn = False
	diffprefsbysite = False
	diffprefsprior = ('invquadratic', 150.0, 0.5)
	fitphi = False
	randprefs = True
	avgprefs = False
	divpressure = None
	ncpus = 4
	fitprefsmethod = 2
	ncats = 4
	minbrlen = 1e-06
	minpref = 0.002
	seed = 1
	initparams = None
	profile = False
	opt_details = False
	nograd = False

2018-01-02 10:28:52,266 - INFO - Random number seed: 1

2018-01-02 10:28:52,266 - INFO - Reading alignment from bootstrap/WSN_high_0_1.fasta
2018-01-02 10:28:53,353 - INFO - Read 87 aligned sequences from bootstrap/WSN_high_0_1.fasta, each consisting of 564 codons.

2018-01-02 10:28:53,365 - INFO - The model will be an ExpCM informed by site-specific amino-acid preferences in bootstrap/WSN_high_0_1_prefs.csv
2018-01-02 10:28:53,366 - INFO - Preferences will be randomized across sites.
2018-01-02 10:28:56,182 - INFO - Successfully read site-specific amino-acid preferences for all 564 sites.

2018-01-02 10:28:56,190 - INFO - Nucleotide frequency parameters phi will be set so stationary state matches alignment nucleotide frequencies of A = 0.345, C = 0.188, G = 0.234, T = 0.233

2018-01-02 10:29:03,910 - INFO - Reading tree from bootstrap/WSN_high_0_1_RAxML_tree.newick
2018-01-02 10:29:03,933 - INFO - Tree has 87 tips.
2018-01-02 10:29:04,043 - INFO - Adjusted 1 branch lengths up to minbrlen 1e-06

2018-01-02 10:29:04,045 - INFO - Initializing TreeLikelihood..
2018-01-02 10:30:11,562 - INFO - TreeLikelihood initialized.
2018-01-02 10:30:11,563 - INFO - Maximizing log likelihood (initially -62100.83).
2018-01-02 10:30:11,563 - INFO - Branch lengths will be optimized individually.
2018-01-02 12:15:04,621 - INFO - Maximization complete:
	Step 1: optimized parameters, loglik went from -62100.83 to -54360.55 (17 iterations, 27 function evals)
	Step 2: optimized branches, loglik went from -54360.55 to -54328.85 (103 iterations, 110 function evals)
	Step 3: optimized parameters, loglik went from -54328.85 to -54324.37 (4 iterations, 8 function evals)
	Step 4: optimized branches, loglik went from -54324.37 to -54322.81 (24 iterations, 30 function evals)
	Step 5: optimized parameters, loglik went from -54322.81 to -54321.84 (3 iterations, 7 function evals)
	Step 6: optimized branches, loglik went from -54321.84 to -54321.29 (35 iterations, 39 function evals)
	Step 7: optimized parameters, loglik went from -54321.29 to -54320.94 (4 iterations, 11 function evals)
	Step 8: optimized branches, loglik went from -54320.94 to -54320.83 (6 iterations, 10 function evals)
	Step 9: optimized parameters, loglik went from -54320.83 to -54320.79 (2 iterations, 6 function evals)
	Step 10: optimized branches, loglik went from -54320.79 to -54320.79 (1 iterations, 4 function evals)
2018-01-02 12:15:04,622 - INFO - Optimized log likelihood is -54320.79.
2018-01-02 12:15:04,622 - INFO - Writing log likelihood to bootstrap/WSN_high_0_1_randomized_ExpCM_WSN_high_0_1_prefs_loglikelihood.txt
2018-01-02 12:15:04,816 - INFO - Model parameters after optimization:
	beta = 1.1e-05
	kappa = 3.52039
	omega = 0.0719442
	phiA = 0.354007
	phiC = 0.174743
	phiG = 0.230872
2018-01-02 12:15:04,816 - INFO - Writing model parameters to bootstrap/WSN_high_0_1_randomized_ExpCM_WSN_high_0_1_prefs_modelparams.txt
2018-01-02 12:15:04,823 - INFO - Writing the optimized tree to bootstrap/WSN_high_0_1_randomized_ExpCM_WSN_high_0_1_prefs_tree.newick

2018-01-02 12:15:05,238 - INFO - Successful completion of phydms
