2018-01-02 10:27:57,172 - INFO - Beginning execution of phydms in directory /fh/fast/bloom_j/computational_notebooks/skhilton/2017/divergence_timing_manuscript/analysis/HA/branch_lengths

2018-01-02 10:27:57,172 - INFO - Progress is being logged to bootstrap/WSN_low_0_0_averaged_ExpCM_WSN_low_0_0_prefs_log.log

2018-01-02 10:27:57,172 - INFO - Version information:
	Time and date: Tue Jan  2 10:27:56 2018
	Platform: Linux-3.13.0-68-generic-x86_64-with-debian-jessie-sid
	Python version: 3.6.0 |Continuum Analytics, Inc.| (default, Dec 23 2016, 12:22:00)  [GCC 4.4.7 20120313 (Red Hat 4.4.7-1)]
	phydms version: 2.2.0
	Bio version: 1.69
	cython version: 0.25.2
	numpy version: 1.13.3
	scipy version: 0.19.0
	matplotlib version: 2.1.0
	natsort version: 5.0.2
	sympy version: 1.0
	six version: 1.11.0
	pandas version: 0.21.0
	pyvolve version: 0.8.4
	statsmodels version: 0.8.0
	weblogolib version: 3.5.0
	PyPDF2 version: 1.26.0

2018-01-02 10:27:57,172 - INFO - Parsed the following arguments:
	alignment = bootstrap/WSN_low_0_0.fasta
	tree = bootstrap/WSN_low_0_0_RAxML_tree.newick
	model = ('ExpCM', 'bootstrap/WSN_low_0_0_prefs.csv')
	outprefix = bootstrap/WSN_low_0_0_averaged_ExpCM_WSN_low_0_0_prefs
	brlen = optimize
	gammaomega = False
	gammabeta = False
	omegabysite = False
	omegabysite_fixsyn = False
	diffprefsbysite = False
	diffprefsprior = ('invquadratic', 150.0, 0.5)
	fitphi = False
	randprefs = False
	avgprefs = True
	divpressure = None
	ncpus = 4
	fitprefsmethod = 2
	ncats = 4
	minbrlen = 1e-06
	minpref = 0.002
	seed = 1
	initparams = None
	profile = False
	opt_details = False
	nograd = False

2018-01-02 10:27:57,172 - INFO - Random number seed: 1

2018-01-02 10:27:57,173 - INFO - Reading alignment from bootstrap/WSN_low_0_0.fasta
2018-01-02 10:27:57,416 - INFO - Read 28 aligned sequences from bootstrap/WSN_low_0_0.fasta, each consisting of 564 codons.

2018-01-02 10:27:57,417 - INFO - The model will be an ExpCM informed by site-specific amino-acid preferences in bootstrap/WSN_low_0_0_prefs.csv
2018-01-02 10:27:57,417 - INFO - Preferences will be averaged across sites.
2018-01-02 10:27:58,639 - INFO - Successfully read site-specific amino-acid preferences for all 564 sites.

2018-01-02 10:27:58,640 - INFO - Nucleotide frequency parameters phi will be set so stationary state matches alignment nucleotide frequencies of A = 0.347, C = 0.177, G = 0.241, T = 0.235

2018-01-02 10:28:00,212 - INFO - Reading tree from bootstrap/WSN_low_0_0_RAxML_tree.newick
2018-01-02 10:28:00,214 - INFO - Tree has 28 tips.
2018-01-02 10:28:00,220 - INFO - Adjusted 1 branch lengths up to minbrlen 1e-06

2018-01-02 10:28:00,220 - INFO - Initializing TreeLikelihood..
2018-01-02 10:28:14,829 - INFO - TreeLikelihood initialized.
2018-01-02 10:28:14,830 - INFO - Maximizing log likelihood (initially -20152.89).
2018-01-02 10:28:14,830 - INFO - Branch lengths will be optimized individually.
2018-01-02 11:02:53,994 - INFO - Maximization complete:
	Step 1: optimized parameters, loglik went from -20152.89 to -18034.20 (18 iterations, 27 function evals)
	Step 2: optimized branches, loglik went from -18034.20 to -18029.45 (36 iterations, 39 function evals)
	Step 3: optimized parameters, loglik went from -18029.45 to -18028.90 (16 iterations, 21 function evals)
	Step 4: optimized branches, loglik went from -18028.90 to -18028.86 (8 iterations, 11 function evals)
	Step 5: optimized parameters, loglik went from -18028.86 to -18028.84 (4 iterations, 8 function evals)
	Step 6: optimized branches, loglik went from -18028.84 to -18028.84 (3 iterations, 6 function evals)
2018-01-02 11:02:54,040 - INFO - Optimized log likelihood is -18028.84.
2018-01-02 11:02:54,040 - INFO - Writing log likelihood to bootstrap/WSN_low_0_0_averaged_ExpCM_WSN_low_0_0_prefs_loglikelihood.txt
2018-01-02 11:02:54,060 - INFO - Model parameters after optimization:
	beta = 0.426772
	kappa = 3.31314
	omega = 0.116245
	phiA = 0.359544
	phiC = 0.166056
	phiG = 0.239916
2018-01-02 11:02:54,060 - INFO - Writing model parameters to bootstrap/WSN_low_0_0_averaged_ExpCM_WSN_low_0_0_prefs_modelparams.txt
2018-01-02 11:02:54,072 - INFO - Writing the optimized tree to bootstrap/WSN_low_0_0_averaged_ExpCM_WSN_low_0_0_prefs_tree.newick

2018-01-02 11:02:54,088 - INFO - Successful completion of phydms
