2018-01-02 10:28:50,309 - INFO - Beginning execution of phydms in directory /fh/fast/bloom_j/computational_notebooks/skhilton/2017/divergence_timing_manuscript/analysis/HA/branch_lengths

2018-01-02 10:28:50,309 - INFO - Progress is being logged to bootstrap/WSN_high_0_1_averaged_ExpCM_WSN_high_0_1_prefs_gammaomega_log.log

2018-01-02 10:28:50,309 - INFO - Version information:
	Time and date: Tue Jan  2 10:28:48 2018
	Platform: Linux-3.13.0-68-generic-x86_64-with-debian-jessie-sid
	Python version: 3.6.0 |Continuum Analytics, Inc.| (default, Dec 23 2016, 12:22:00)  [GCC 4.4.7 20120313 (Red Hat 4.4.7-1)]
	phydms version: 2.2.0
	Bio version: 1.69
	cython version: 0.25.2
	numpy version: 1.13.3
	scipy version: 0.19.0
	matplotlib version: 2.1.0
	natsort version: 5.0.2
	sympy version: 1.0
	six version: 1.11.0
	pandas version: 0.21.0
	pyvolve version: 0.8.4
	statsmodels version: 0.8.0
	weblogolib version: 3.5.0
	PyPDF2 version: 1.26.0

2018-01-02 10:28:50,309 - INFO - Parsed the following arguments:
	alignment = bootstrap/WSN_high_0_1.fasta
	tree = bootstrap/WSN_high_0_1_RAxML_tree.newick
	model = ('ExpCM', 'bootstrap/WSN_high_0_1_prefs.csv')
	outprefix = bootstrap/WSN_high_0_1_averaged_ExpCM_WSN_high_0_1_prefs_gammaomega
	brlen = optimize
	gammaomega = True
	gammabeta = False
	omegabysite = False
	omegabysite_fixsyn = False
	diffprefsbysite = False
	diffprefsprior = ('invquadratic', 150.0, 0.5)
	fitphi = False
	randprefs = False
	avgprefs = True
	divpressure = None
	ncpus = 4
	fitprefsmethod = 2
	ncats = 4
	minbrlen = 1e-06
	minpref = 0.002
	seed = 1
	initparams = None
	profile = False
	opt_details = False
	nograd = False

2018-01-02 10:28:50,309 - INFO - Random number seed: 1

2018-01-02 10:28:50,309 - INFO - Reading alignment from bootstrap/WSN_high_0_1.fasta
2018-01-02 10:28:52,251 - INFO - Read 87 aligned sequences from bootstrap/WSN_high_0_1.fasta, each consisting of 564 codons.

2018-01-02 10:28:52,252 - INFO - The model will be an ExpCM informed by site-specific amino-acid preferences in bootstrap/WSN_high_0_1_prefs.csv
2018-01-02 10:28:52,252 - INFO - Preferences will be averaged across sites.
2018-01-02 10:28:54,833 - INFO - Successfully read site-specific amino-acid preferences for all 564 sites.

2018-01-02 10:28:54,840 - INFO - Nucleotide frequency parameters phi will be set so stationary state matches alignment nucleotide frequencies of A = 0.345, C = 0.188, G = 0.234, T = 0.233

2018-01-02 10:29:00,214 - INFO - Omega will be drawn from 4 gamma-distributed categories.

2018-01-02 10:29:22,993 - INFO - Reading tree from bootstrap/WSN_high_0_1_RAxML_tree.newick
2018-01-02 10:29:23,002 - INFO - Tree has 87 tips.
2018-01-02 10:29:23,060 - INFO - Adjusted 1 branch lengths up to minbrlen 1e-06

2018-01-02 10:29:23,060 - INFO - Initializing TreeLikelihood..
2018-01-02 10:32:45,578 - INFO - TreeLikelihood initialized.
2018-01-02 10:32:45,579 - INFO - Maximizing log likelihood (initially -60422.64).
2018-01-02 10:32:45,579 - INFO - Branch lengths will be optimized individually.
2018-01-02 15:22:38,889 - INFO - Maximization complete:
	Step 1: optimized parameters, loglik went from -60422.64 to -52860.59 (24 iterations, 32 function evals)
	Step 2: optimized branches, loglik went from -52860.59 to -52754.73 (161 iterations, 168 function evals)
	Step 3: optimized parameters, loglik went from -52754.73 to -52743.35 (8 iterations, 12 function evals)
	Step 4: optimized branches, loglik went from -52743.35 to -52743.35 (1 iterations, 5 function evals)
2018-01-02 15:22:38,933 - INFO - Optimized log likelihood is -52743.35.
2018-01-02 15:22:38,934 - INFO - Writing log likelihood to bootstrap/WSN_high_0_1_averaged_ExpCM_WSN_high_0_1_prefs_gammaomega_loglikelihood.txt
2018-01-02 15:22:38,952 - INFO - Model parameters after optimization:
	alpha_omega = 0.647971
	beta = 1.01051
	beta_omega = 7.77845
	kappa = 3.82131
	phiA = 0.361068
	phiC = 0.180732
	phiG = 0.235667
2018-01-02 15:22:38,953 - INFO - Writing model parameters to bootstrap/WSN_high_0_1_averaged_ExpCM_WSN_high_0_1_prefs_gammaomega_modelparams.txt
2018-01-02 15:22:38,956 - INFO - Writing the optimized tree to bootstrap/WSN_high_0_1_averaged_ExpCM_WSN_high_0_1_prefs_gammaomega_tree.newick

2018-01-02 15:22:38,968 - INFO - Successful completion of phydms
