2018-01-02 17:51:44,998 - INFO - Beginning execution of phydms in directory /fh/fast/bloom_j/computational_notebooks/skhilton/2017/divergence_timing_manuscript/analysis/HA/branch_lengths

2018-01-02 17:51:44,998 - INFO - Progress is being logged to bootstrap/WSN_intermediate_0_1_ExpCM_WSN_intermediate_0_1_prefs_log.log

2018-01-02 17:51:44,998 - INFO - Version information:
	Time and date: Tue Jan  2 17:51:43 2018
	Platform: Linux-3.13.0-68-generic-x86_64-with-debian-jessie-sid
	Python version: 3.6.0 |Continuum Analytics, Inc.| (default, Dec 23 2016, 12:22:00)  [GCC 4.4.7 20120313 (Red Hat 4.4.7-1)]
	phydms version: 2.2.0
	Bio version: 1.69
	cython version: 0.25.2
	numpy version: 1.13.3
	scipy version: 0.19.0
	matplotlib version: 2.1.0
	natsort version: 5.0.2
	sympy version: 1.0
	six version: 1.11.0
	pandas version: 0.21.0
	pyvolve version: 0.8.4
	statsmodels version: 0.8.0
	weblogolib version: 3.5.0
	PyPDF2 version: 1.26.0

2018-01-02 17:51:44,999 - INFO - Parsed the following arguments:
	alignment = bootstrap/WSN_intermediate_0_1.fasta
	tree = bootstrap/WSN_intermediate_0_1_RAxML_tree.newick
	model = ('ExpCM', 'bootstrap/WSN_intermediate_0_1_prefs.csv')
	outprefix = bootstrap/WSN_intermediate_0_1_ExpCM_WSN_intermediate_0_1_prefs
	brlen = optimize
	gammaomega = False
	gammabeta = False
	omegabysite = False
	omegabysite_fixsyn = False
	diffprefsbysite = False
	diffprefsprior = ('invquadratic', 150.0, 0.5)
	fitphi = False
	randprefs = False
	avgprefs = False
	divpressure = None
	ncpus = 4
	fitprefsmethod = 2
	ncats = 4
	minbrlen = 1e-06
	minpref = 0.002
	seed = 1
	initparams = None
	profile = False
	opt_details = False
	nograd = False

2018-01-02 17:51:44,999 - INFO - Random number seed: 1

2018-01-02 17:51:44,999 - INFO - Reading alignment from bootstrap/WSN_intermediate_0_1.fasta
2018-01-02 17:51:45,437 - INFO - Read 53 aligned sequences from bootstrap/WSN_intermediate_0_1.fasta, each consisting of 564 codons.

2018-01-02 17:51:45,438 - INFO - The model will be an ExpCM informed by site-specific amino-acid preferences in bootstrap/WSN_intermediate_0_1_prefs.csv
2018-01-02 17:51:46,770 - INFO - Successfully read site-specific amino-acid preferences for all 564 sites.

2018-01-02 17:51:46,771 - INFO - Nucleotide frequency parameters phi will be set so stationary state matches alignment nucleotide frequencies of A = 0.351, C = 0.186, G = 0.229, T = 0.235

2018-01-02 17:51:48,367 - INFO - Reading tree from bootstrap/WSN_intermediate_0_1_RAxML_tree.newick
2018-01-02 17:51:48,371 - INFO - Tree has 53 tips.
2018-01-02 17:51:48,386 - INFO - Adjusted 1 branch lengths up to minbrlen 1e-06

2018-01-02 17:51:48,386 - INFO - Initializing TreeLikelihood..
2018-01-02 17:52:21,470 - INFO - TreeLikelihood initialized.
2018-01-02 17:52:21,471 - INFO - Maximizing log likelihood (initially -36326.88).
2018-01-02 17:52:21,471 - INFO - Branch lengths will be optimized individually.
2018-01-02 18:50:57,518 - INFO - Maximization complete:
	Step 1: optimized parameters, loglik went from -36326.88 to -32148.21 (18 iterations, 25 function evals)
	Step 2: optimized branches, loglik went from -32148.21 to -32096.50 (92 iterations, 98 function evals)
	Step 3: optimized parameters, loglik went from -32096.50 to -32092.20 (11 iterations, 17 function evals)
	Step 4: optimized branches, loglik went from -32092.20 to -32090.76 (44 iterations, 51 function evals)
	Step 5: optimized parameters, loglik went from -32090.76 to -32090.33 (6 iterations, 12 function evals)
	Step 6: optimized branches, loglik went from -32090.33 to -32090.16 (8 iterations, 14 function evals)
	Step 7: optimized parameters, loglik went from -32090.16 to -32090.12 (3 iterations, 7 function evals)
	Step 8: optimized branches, loglik went from -32090.12 to -32089.88 (15 iterations, 19 function evals)
	Step 9: optimized parameters, loglik went from -32089.88 to -32089.85 (3 iterations, 7 function evals)
	Step 10: optimized branches, loglik went from -32089.85 to -32089.84 (2 iterations, 5 function evals)
2018-01-02 18:50:57,519 - INFO - Optimized log likelihood is -32089.84.
2018-01-02 18:50:57,520 - INFO - Writing log likelihood to bootstrap/WSN_intermediate_0_1_ExpCM_WSN_intermediate_0_1_prefs_loglikelihood.txt
2018-01-02 18:50:57,525 - INFO - Model parameters after optimization:
	beta = 1.32182
	kappa = 3.51486
	omega = 0.139383
	phiA = 0.382441
	phiC = 0.177532
	phiG = 0.229031
2018-01-02 18:50:57,526 - INFO - Writing model parameters to bootstrap/WSN_intermediate_0_1_ExpCM_WSN_intermediate_0_1_prefs_modelparams.txt
2018-01-02 18:50:57,529 - INFO - Writing the optimized tree to bootstrap/WSN_intermediate_0_1_ExpCM_WSN_intermediate_0_1_prefs_tree.newick

2018-01-02 18:50:57,537 - INFO - Successful completion of phydms
