2018-01-02 10:27:54,587 - INFO - Beginning execution of phydms in directory /fh/fast/bloom_j/computational_notebooks/skhilton/2017/divergence_timing_manuscript/analysis/HA/branch_lengths

2018-01-02 10:27:54,587 - INFO - Progress is being logged to bootstrap/WSN_low_0_0_YNGKP_M0_log.log

2018-01-02 10:27:54,588 - INFO - Version information:
	Time and date: Tue Jan  2 10:27:53 2018
	Platform: Linux-3.13.0-68-generic-x86_64-with-debian-jessie-sid
	Python version: 3.6.0 |Continuum Analytics, Inc.| (default, Dec 23 2016, 12:22:00)  [GCC 4.4.7 20120313 (Red Hat 4.4.7-1)]
	phydms version: 2.2.0
	Bio version: 1.69
	cython version: 0.25.2
	numpy version: 1.13.3
	scipy version: 0.19.0
	matplotlib version: 2.1.0
	natsort version: 5.0.2
	sympy version: 1.0
	six version: 1.11.0
	pandas version: 0.21.0
	pyvolve version: 0.8.4
	statsmodels version: 0.8.0
	weblogolib version: 3.5.0
	PyPDF2 version: 1.26.0

2018-01-02 10:27:54,588 - INFO - Parsed the following arguments:
	alignment = bootstrap/WSN_low_0_0.fasta
	tree = bootstrap/WSN_low_0_0_RAxML_tree.newick
	model = YNGKP_M0
	outprefix = bootstrap/WSN_low_0_0_YNGKP_M0
	brlen = optimize
	gammaomega = False
	gammabeta = False
	omegabysite = False
	omegabysite_fixsyn = False
	diffprefsbysite = False
	diffprefsprior = ('invquadratic', 150.0, 0.5)
	fitphi = False
	randprefs = False
	avgprefs = False
	divpressure = None
	ncpus = 1
	fitprefsmethod = 2
	ncats = 4
	minbrlen = 1e-06
	minpref = 0.002
	seed = 1
	initparams = None
	profile = False
	opt_details = False
	nograd = False

2018-01-02 10:27:54,588 - INFO - Random number seed: 1

2018-01-02 10:27:54,588 - INFO - Reading alignment from bootstrap/WSN_low_0_0.fasta
2018-01-02 10:27:54,825 - INFO - Read 28 aligned sequences from bootstrap/WSN_low_0_0.fasta, each consisting of 564 codons.

2018-01-02 10:27:54,826 - INFO - Codon substitution model with be M0 version of YNGKP (Yang, Nielsen, Goldman, & Pederson. Genetics. 155:431-449).
2018-01-02 10:27:54,862 - INFO - Reading tree from bootstrap/WSN_low_0_0_RAxML_tree.newick
2018-01-02 10:27:54,865 - INFO - Tree has 28 tips.
2018-01-02 10:27:54,870 - INFO - Adjusted 1 branch lengths up to minbrlen 1e-06

2018-01-02 10:27:54,870 - INFO - Initializing TreeLikelihood..
2018-01-02 10:27:56,451 - INFO - TreeLikelihood initialized.
2018-01-02 10:27:56,452 - INFO - Maximizing log likelihood (initially -20159.68).
2018-01-02 10:27:56,452 - INFO - Branch lengths will be optimized individually.
2018-01-02 10:33:45,175 - INFO - Maximization complete:
	Step 1: optimized parameters, loglik went from -20159.68 to -18154.58 (10 iterations, 18 function evals)
	Step 2: optimized branches, loglik went from -18154.58 to -18149.79 (40 iterations, 46 function evals)
	Step 3: optimized parameters, loglik went from -18149.79 to -18149.70 (7 iterations, 14 function evals)
	Step 4: optimized branches, loglik went from -18149.70 to -18149.69 (4 iterations, 7 function evals)
	Step 5: optimized parameters, loglik went from -18149.69 to -18149.67 (4 iterations, 7 function evals)
	Step 6: optimized branches, loglik went from -18149.67 to -18149.67 (1 iterations, 4 function evals)
2018-01-02 10:33:45,180 - INFO - Optimized log likelihood is -18149.67.
2018-01-02 10:33:45,180 - INFO - Writing log likelihood to bootstrap/WSN_low_0_0_YNGKP_M0_loglikelihood.txt
2018-01-02 10:33:45,200 - INFO - Model parameters after optimization:
	kappa = 2.82001
	omega = 0.102349
	phi0A = 0.321385
	phi0C = 0.122926
	phi0G = 0.287685
	phi1A = 0.385881
	phi1C = 0.184184
	phi1G = 0.189759
	phi2A = 0.369634
	phi2C = 0.180615
	phi2G = 0.229117
2018-01-02 10:33:45,200 - INFO - Writing model parameters to bootstrap/WSN_low_0_0_YNGKP_M0_modelparams.txt
2018-01-02 10:33:45,208 - INFO - Writing the optimized tree to bootstrap/WSN_low_0_0_YNGKP_M0_tree.newick

2018-01-02 10:33:45,220 - INFO - Successful completion of phydms
