2018-01-02 10:28:46,940 - INFO - Beginning execution of phydms in directory /fh/fast/bloom_j/computational_notebooks/skhilton/2017/divergence_timing_manuscript/analysis/HA/branch_lengths

2018-01-02 10:28:46,940 - INFO - Progress is being logged to bootstrap/WSN_high_0_1_ExpCM_WSN_high_0_1_prefs_log.log

2018-01-02 10:28:46,940 - INFO - Version information:
	Time and date: Tue Jan  2 10:28:45 2018
	Platform: Linux-3.13.0-68-generic-x86_64-with-debian-jessie-sid
	Python version: 3.6.0 |Continuum Analytics, Inc.| (default, Dec 23 2016, 12:22:00)  [GCC 4.4.7 20120313 (Red Hat 4.4.7-1)]
	phydms version: 2.2.0
	Bio version: 1.69
	cython version: 0.25.2
	numpy version: 1.13.3
	scipy version: 0.19.0
	matplotlib version: 2.1.0
	natsort version: 5.0.2
	sympy version: 1.0
	six version: 1.11.0
	pandas version: 0.21.0
	pyvolve version: 0.8.4
	statsmodels version: 0.8.0
	weblogolib version: 3.5.0
	PyPDF2 version: 1.26.0

2018-01-02 10:28:46,940 - INFO - Parsed the following arguments:
	alignment = bootstrap/WSN_high_0_1.fasta
	tree = bootstrap/WSN_high_0_1_RAxML_tree.newick
	model = ('ExpCM', 'bootstrap/WSN_high_0_1_prefs.csv')
	outprefix = bootstrap/WSN_high_0_1_ExpCM_WSN_high_0_1_prefs
	brlen = optimize
	gammaomega = False
	gammabeta = False
	omegabysite = False
	omegabysite_fixsyn = False
	diffprefsbysite = False
	diffprefsprior = ('invquadratic', 150.0, 0.5)
	fitphi = False
	randprefs = False
	avgprefs = False
	divpressure = None
	ncpus = 4
	fitprefsmethod = 2
	ncats = 4
	minbrlen = 1e-06
	minpref = 0.002
	seed = 1
	initparams = None
	profile = False
	opt_details = False
	nograd = False

2018-01-02 10:28:46,940 - INFO - Random number seed: 1

2018-01-02 10:28:46,940 - INFO - Reading alignment from bootstrap/WSN_high_0_1.fasta
2018-01-02 10:28:47,657 - INFO - Read 87 aligned sequences from bootstrap/WSN_high_0_1.fasta, each consisting of 564 codons.

2018-01-02 10:28:47,658 - INFO - The model will be an ExpCM informed by site-specific amino-acid preferences in bootstrap/WSN_high_0_1_prefs.csv
2018-01-02 10:28:48,958 - INFO - Successfully read site-specific amino-acid preferences for all 564 sites.

2018-01-02 10:28:48,960 - INFO - Nucleotide frequency parameters phi will be set so stationary state matches alignment nucleotide frequencies of A = 0.345, C = 0.188, G = 0.234, T = 0.233

2018-01-02 10:28:52,924 - INFO - Reading tree from bootstrap/WSN_high_0_1_RAxML_tree.newick
2018-01-02 10:28:52,932 - INFO - Tree has 87 tips.
2018-01-02 10:28:53,012 - INFO - Adjusted 1 branch lengths up to minbrlen 1e-06

2018-01-02 10:28:53,014 - INFO - Initializing TreeLikelihood..
2018-01-02 10:30:05,198 - INFO - TreeLikelihood initialized.
2018-01-02 10:30:05,202 - INFO - Maximizing log likelihood (initially -58784.72).
2018-01-02 10:30:05,203 - INFO - Branch lengths will be optimized individually.
2018-01-02 12:18:17,794 - INFO - Maximization complete:
	Step 1: optimized parameters, loglik went from -58784.72 to -52105.72 (19 iterations, 26 function evals)
	Step 2: optimized branches, loglik went from -52105.72 to -52001.93 (134 iterations, 140 function evals)
	Step 3: optimized parameters, loglik went from -52001.93 to -51991.02 (10 iterations, 15 function evals)
	Step 4: optimized branches, loglik went from -51991.02 to -51986.81 (80 iterations, 86 function evals)
	Step 5: optimized parameters, loglik went from -51986.81 to -51985.38 (9 iterations, 14 function evals)
	Step 6: optimized branches, loglik went from -51985.38 to -51985.37 (1 iterations, 4 function evals)
2018-01-02 12:18:17,841 - INFO - Optimized log likelihood is -51985.37.
2018-01-02 12:18:17,841 - INFO - Writing log likelihood to bootstrap/WSN_high_0_1_ExpCM_WSN_high_0_1_prefs_loglikelihood.txt
2018-01-02 12:18:17,847 - INFO - Model parameters after optimization:
	beta = 1.20323
	kappa = 3.51622
	omega = 0.117993
	phiA = 0.371566
	phiC =   0.18
	phiG = 0.23592
2018-01-02 12:18:17,847 - INFO - Writing model parameters to bootstrap/WSN_high_0_1_ExpCM_WSN_high_0_1_prefs_modelparams.txt
2018-01-02 12:18:17,851 - INFO - Writing the optimized tree to bootstrap/WSN_high_0_1_ExpCM_WSN_high_0_1_prefs_tree.newick

2018-01-02 12:18:17,861 - INFO - Successful completion of phydms
