2018-01-02 10:27:55,280 - INFO - Beginning execution of phydms in directory /fh/fast/bloom_j/computational_notebooks/skhilton/2017/divergence_timing_manuscript/analysis/HA/branch_lengths

2018-01-02 10:27:55,280 - INFO - Progress is being logged to bootstrap/WSN_low_0_0_ExpCM_WSN_low_0_0_prefs_log.log

2018-01-02 10:27:55,280 - INFO - Version information:
	Time and date: Tue Jan  2 10:27:54 2018
	Platform: Linux-3.13.0-68-generic-x86_64-with-debian-jessie-sid
	Python version: 3.6.0 |Continuum Analytics, Inc.| (default, Dec 23 2016, 12:22:00)  [GCC 4.4.7 20120313 (Red Hat 4.4.7-1)]
	phydms version: 2.2.0
	Bio version: 1.69
	cython version: 0.25.2
	numpy version: 1.13.3
	scipy version: 0.19.0
	matplotlib version: 2.1.0
	natsort version: 5.0.2
	sympy version: 1.0
	six version: 1.11.0
	pandas version: 0.21.0
	pyvolve version: 0.8.4
	statsmodels version: 0.8.0
	weblogolib version: 3.5.0
	PyPDF2 version: 1.26.0

2018-01-02 10:27:55,280 - INFO - Parsed the following arguments:
	alignment = bootstrap/WSN_low_0_0.fasta
	tree = bootstrap/WSN_low_0_0_RAxML_tree.newick
	model = ('ExpCM', 'bootstrap/WSN_low_0_0_prefs.csv')
	outprefix = bootstrap/WSN_low_0_0_ExpCM_WSN_low_0_0_prefs
	brlen = optimize
	gammaomega = False
	gammabeta = False
	omegabysite = False
	omegabysite_fixsyn = False
	diffprefsbysite = False
	diffprefsprior = ('invquadratic', 150.0, 0.5)
	fitphi = False
	randprefs = False
	avgprefs = False
	divpressure = None
	ncpus = 4
	fitprefsmethod = 2
	ncats = 4
	minbrlen = 1e-06
	minpref = 0.002
	seed = 1
	initparams = None
	profile = False
	opt_details = False
	nograd = False

2018-01-02 10:27:55,280 - INFO - Random number seed: 1

2018-01-02 10:27:55,281 - INFO - Reading alignment from bootstrap/WSN_low_0_0.fasta
2018-01-02 10:27:55,519 - INFO - Read 28 aligned sequences from bootstrap/WSN_low_0_0.fasta, each consisting of 564 codons.

2018-01-02 10:27:55,519 - INFO - The model will be an ExpCM informed by site-specific amino-acid preferences in bootstrap/WSN_low_0_0_prefs.csv
2018-01-02 10:27:56,801 - INFO - Successfully read site-specific amino-acid preferences for all 564 sites.

2018-01-02 10:27:56,802 - INFO - Nucleotide frequency parameters phi will be set so stationary state matches alignment nucleotide frequencies of A = 0.347, C = 0.177, G = 0.241, T = 0.235

2018-01-02 10:27:58,478 - INFO - Reading tree from bootstrap/WSN_low_0_0_RAxML_tree.newick
2018-01-02 10:27:58,485 - INFO - Tree has 28 tips.
2018-01-02 10:27:58,490 - INFO - Adjusted 1 branch lengths up to minbrlen 1e-06

2018-01-02 10:27:58,490 - INFO - Initializing TreeLikelihood..
2018-01-02 10:28:15,274 - INFO - TreeLikelihood initialized.
2018-01-02 10:28:15,275 - INFO - Maximizing log likelihood (initially -18658.23).
2018-01-02 10:28:15,275 - INFO - Branch lengths will be optimized individually.
2018-01-02 10:57:14,376 - INFO - Maximization complete:
	Step 1: optimized parameters, loglik went from -18658.23 to -16455.95 (17 iterations, 23 function evals)
	Step 2: optimized branches, loglik went from -16455.95 to -16438.40 (61 iterations, 66 function evals)
	Step 3: optimized parameters, loglik went from -16438.40 to -16437.98 (6 iterations, 10 function evals)
	Step 4: optimized branches, loglik went from -16437.98 to -16437.91 (10 iterations, 13 function evals)
	Step 5: optimized parameters, loglik went from -16437.91 to -16437.91 (2 iterations, 5 function evals)
2018-01-02 10:57:14,377 - INFO - Optimized log likelihood is -16437.91.
2018-01-02 10:57:14,377 - INFO - Writing log likelihood to bootstrap/WSN_low_0_0_ExpCM_WSN_low_0_0_prefs_loglikelihood.txt
2018-01-02 10:57:14,384 - INFO - Model parameters after optimization:
	beta = 1.52376
	kappa = 3.2209
	omega = 0.238492
	phiA = 0.387143
	phiC = 0.164615
	phiG = 0.245007
2018-01-02 10:57:14,384 - INFO - Writing model parameters to bootstrap/WSN_low_0_0_ExpCM_WSN_low_0_0_prefs_modelparams.txt
2018-01-02 10:57:14,390 - INFO - Writing the optimized tree to bootstrap/WSN_low_0_0_ExpCM_WSN_low_0_0_prefs_tree.newick

2018-01-02 10:57:14,399 - INFO - Successful completion of phydms
