2018-01-02 21:08:12,904 - INFO - Beginning execution of phydms in directory /fh/fast/bloom_j/computational_notebooks/skhilton/2017/divergence_timing_manuscript/analysis/HA/branch_lengths

2018-01-02 21:08:12,905 - INFO - Progress is being logged to bootstrap/WSN_intermediate_0_0_ExpCM_WSN_intermediate_0_0_prefs_log.log

2018-01-02 21:08:12,905 - INFO - Version information:
	Time and date: Tue Jan  2 21:08:11 2018
	Platform: Linux-3.13.0-68-generic-x86_64-with-debian-jessie-sid
	Python version: 3.6.0 |Continuum Analytics, Inc.| (default, Dec 23 2016, 12:22:00)  [GCC 4.4.7 20120313 (Red Hat 4.4.7-1)]
	phydms version: 2.2.0
	Bio version: 1.69
	cython version: 0.25.2
	numpy version: 1.13.3
	scipy version: 0.19.0
	matplotlib version: 2.1.0
	natsort version: 5.0.2
	sympy version: 1.0
	six version: 1.11.0
	pandas version: 0.21.0
	pyvolve version: 0.8.4
	statsmodels version: 0.8.0
	weblogolib version: 3.5.0
	PyPDF2 version: 1.26.0

2018-01-02 21:08:12,905 - INFO - Parsed the following arguments:
	alignment = bootstrap/WSN_intermediate_0_0.fasta
	tree = bootstrap/WSN_intermediate_0_0_RAxML_tree.newick
	model = ('ExpCM', 'bootstrap/WSN_intermediate_0_0_prefs.csv')
	outprefix = bootstrap/WSN_intermediate_0_0_ExpCM_WSN_intermediate_0_0_prefs
	brlen = optimize
	gammaomega = False
	gammabeta = False
	omegabysite = False
	omegabysite_fixsyn = False
	diffprefsbysite = False
	diffprefsprior = ('invquadratic', 150.0, 0.5)
	fitphi = False
	randprefs = False
	avgprefs = False
	divpressure = None
	ncpus = 4
	fitprefsmethod = 2
	ncats = 4
	minbrlen = 1e-06
	minpref = 0.002
	seed = 1
	initparams = None
	profile = False
	opt_details = False
	nograd = False

2018-01-02 21:08:12,905 - INFO - Random number seed: 1

2018-01-02 21:08:12,905 - INFO - Reading alignment from bootstrap/WSN_intermediate_0_0.fasta
2018-01-02 21:08:13,346 - INFO - Read 53 aligned sequences from bootstrap/WSN_intermediate_0_0.fasta, each consisting of 564 codons.

2018-01-02 21:08:13,346 - INFO - The model will be an ExpCM informed by site-specific amino-acid preferences in bootstrap/WSN_intermediate_0_0_prefs.csv
2018-01-02 21:08:14,784 - INFO - Successfully read site-specific amino-acid preferences for all 564 sites.

2018-01-02 21:08:14,812 - INFO - Nucleotide frequency parameters phi will be set so stationary state matches alignment nucleotide frequencies of A = 0.340, C = 0.180, G = 0.241, T = 0.239

2018-01-02 21:08:16,506 - INFO - Reading tree from bootstrap/WSN_intermediate_0_0_RAxML_tree.newick
2018-01-02 21:08:16,511 - INFO - Tree has 53 tips.
2018-01-02 21:08:16,527 - INFO - Adjusted 1 branch lengths up to minbrlen 1e-06

2018-01-02 21:08:16,527 - INFO - Initializing TreeLikelihood..
2018-01-02 21:08:49,403 - INFO - TreeLikelihood initialized.
2018-01-02 21:08:49,404 - INFO - Maximizing log likelihood (initially -37134.69).
2018-01-02 21:08:49,404 - INFO - Branch lengths will be optimized individually.
2018-01-02 21:51:42,758 - INFO - Maximization complete:
	Step 1: optimized parameters, loglik went from -37134.69 to -32938.04 (17 iterations, 24 function evals)
	Step 2: optimized branches, loglik went from -32938.04 to -32888.62 (108 iterations, 119 function evals)
	Step 3: optimized parameters, loglik went from -32888.62 to -32886.76 (6 iterations, 11 function evals)
	Step 4: optimized branches, loglik went from -32886.76 to -32886.30 (19 iterations, 25 function evals)
	Step 5: optimized parameters, loglik went from -32886.30 to -32886.18 (3 iterations, 8 function evals)
	Step 6: optimized branches, loglik went from -32886.18 to -32886.18 (1 iterations, 4 function evals)
2018-01-02 21:51:42,812 - INFO - Optimized log likelihood is -32886.18.
2018-01-02 21:51:42,812 - INFO - Writing log likelihood to bootstrap/WSN_intermediate_0_0_ExpCM_WSN_intermediate_0_0_prefs_loglikelihood.txt
2018-01-02 21:51:42,820 - INFO - Model parameters after optimization:
	beta = 1.2983
	kappa = 3.40449
	omega = 0.163727
	phiA = 0.371209
	phiC = 0.169357
	phiG = 0.245648
2018-01-02 21:51:42,820 - INFO - Writing model parameters to bootstrap/WSN_intermediate_0_0_ExpCM_WSN_intermediate_0_0_prefs_modelparams.txt
2018-01-02 21:51:42,824 - INFO - Writing the optimized tree to bootstrap/WSN_intermediate_0_0_ExpCM_WSN_intermediate_0_0_prefs_tree.newick

2018-01-02 21:51:42,831 - INFO - Successful completion of phydms
