2018-01-02 10:28:47,212 - INFO - Beginning execution of phydms in directory /fh/fast/bloom_j/computational_notebooks/skhilton/2017/divergence_timing_manuscript/analysis/HA/branch_lengths

2018-01-02 10:28:47,212 - INFO - Progress is being logged to bootstrap/WSN_high_0_0_ExpCM_WSN_high_0_0_prefs_log.log

2018-01-02 10:28:47,212 - INFO - Version information:
	Time and date: Tue Jan  2 10:28:46 2018
	Platform: Linux-3.13.0-68-generic-x86_64-with-debian-jessie-sid
	Python version: 3.6.0 |Continuum Analytics, Inc.| (default, Dec 23 2016, 12:22:00)  [GCC 4.4.7 20120313 (Red Hat 4.4.7-1)]
	phydms version: 2.2.0
	Bio version: 1.69
	cython version: 0.25.2
	numpy version: 1.13.3
	scipy version: 0.19.0
	matplotlib version: 2.1.0
	natsort version: 5.0.2
	sympy version: 1.0
	six version: 1.11.0
	pandas version: 0.21.0
	pyvolve version: 0.8.4
	statsmodels version: 0.8.0
	weblogolib version: 3.5.0
	PyPDF2 version: 1.26.0

2018-01-02 10:28:47,212 - INFO - Parsed the following arguments:
	alignment = bootstrap/WSN_high_0_0.fasta
	tree = bootstrap/WSN_high_0_0_RAxML_tree.newick
	model = ('ExpCM', 'bootstrap/WSN_high_0_0_prefs.csv')
	outprefix = bootstrap/WSN_high_0_0_ExpCM_WSN_high_0_0_prefs
	brlen = optimize
	gammaomega = False
	gammabeta = False
	omegabysite = False
	omegabysite_fixsyn = False
	diffprefsbysite = False
	diffprefsprior = ('invquadratic', 150.0, 0.5)
	fitphi = False
	randprefs = False
	avgprefs = False
	divpressure = None
	ncpus = 4
	fitprefsmethod = 2
	ncats = 4
	minbrlen = 1e-06
	minpref = 0.002
	seed = 1
	initparams = None
	profile = False
	opt_details = False
	nograd = False

2018-01-02 10:28:47,212 - INFO - Random number seed: 1

2018-01-02 10:28:47,212 - INFO - Reading alignment from bootstrap/WSN_high_0_0.fasta
2018-01-02 10:28:47,890 - INFO - Read 87 aligned sequences from bootstrap/WSN_high_0_0.fasta, each consisting of 564 codons.

2018-01-02 10:28:47,891 - INFO - The model will be an ExpCM informed by site-specific amino-acid preferences in bootstrap/WSN_high_0_0_prefs.csv
2018-01-02 10:28:49,204 - INFO - Successfully read site-specific amino-acid preferences for all 564 sites.

2018-01-02 10:28:49,207 - INFO - Nucleotide frequency parameters phi will be set so stationary state matches alignment nucleotide frequencies of A = 0.337, C = 0.187, G = 0.240, T = 0.235

2018-01-02 10:28:54,945 - INFO - Reading tree from bootstrap/WSN_high_0_0_RAxML_tree.newick
2018-01-02 10:28:54,955 - INFO - Tree has 87 tips.
2018-01-02 10:28:55,035 - INFO - Adjusted 1 branch lengths up to minbrlen 1e-06

2018-01-02 10:28:55,036 - INFO - Initializing TreeLikelihood..
2018-01-02 10:30:03,347 - INFO - TreeLikelihood initialized.
2018-01-02 10:30:03,348 - INFO - Maximizing log likelihood (initially -59924.63).
2018-01-02 10:30:03,348 - INFO - Branch lengths will be optimized individually.
2018-01-02 12:04:06,975 - INFO - Maximization complete:
	Step 1: optimized parameters, loglik went from -59924.63 to -53384.12 (15 iterations, 23 function evals)
	Step 2: optimized branches, loglik went from -53384.12 to -53293.55 (148 iterations, 158 function evals)
	Step 3: optimized parameters, loglik went from -53293.55 to -53289.10 (8 iterations, 14 function evals)
	Step 4: optimized branches, loglik went from -53289.10 to -53287.84 (29 iterations, 33 function evals)
	Step 5: optimized parameters, loglik went from -53287.84 to -53287.48 (3 iterations, 7 function evals)
	Step 6: optimized branches, loglik went from -53287.48 to -53287.48 (1 iterations, 4 function evals)
2018-01-02 12:04:06,976 - INFO - Optimized log likelihood is -53287.48.
2018-01-02 12:04:06,976 - INFO - Writing log likelihood to bootstrap/WSN_high_0_0_ExpCM_WSN_high_0_0_prefs_loglikelihood.txt
2018-01-02 12:04:06,980 - INFO - Model parameters after optimization:
	beta = 1.17348
	kappa = 3.34935
	omega = 0.133572
	phiA = 0.362832
	phiC = 0.178343
	phiG = 0.245147
2018-01-02 12:04:06,980 - INFO - Writing model parameters to bootstrap/WSN_high_0_0_ExpCM_WSN_high_0_0_prefs_modelparams.txt
2018-01-02 12:04:06,983 - INFO - Writing the optimized tree to bootstrap/WSN_high_0_0_ExpCM_WSN_high_0_0_prefs_tree.newick

2018-01-02 12:04:06,995 - INFO - Successful completion of phydms
