2018-01-02 10:28:46,180 - INFO - Beginning execution of phydms in directory /fh/fast/bloom_j/computational_notebooks/skhilton/2017/divergence_timing_manuscript/analysis/HA/branch_lengths

2018-01-02 10:28:46,180 - INFO - Progress is being logged to bootstrap/WSN_high_0_0_YNGKP_M5_log.log

2018-01-02 10:28:46,180 - INFO - Version information:
	Time and date: Tue Jan  2 10:28:45 2018
	Platform: Linux-3.13.0-68-generic-x86_64-with-debian-jessie-sid
	Python version: 3.6.0 |Continuum Analytics, Inc.| (default, Dec 23 2016, 12:22:00)  [GCC 4.4.7 20120313 (Red Hat 4.4.7-1)]
	phydms version: 2.2.0
	Bio version: 1.69
	cython version: 0.25.2
	numpy version: 1.13.3
	scipy version: 0.19.0
	matplotlib version: 2.1.0
	natsort version: 5.0.2
	sympy version: 1.0
	six version: 1.11.0
	pandas version: 0.21.0
	pyvolve version: 0.8.4
	statsmodels version: 0.8.0
	weblogolib version: 3.5.0
	PyPDF2 version: 1.26.0

2018-01-02 10:28:46,180 - INFO - Parsed the following arguments:
	alignment = bootstrap/WSN_high_0_0.fasta
	tree = bootstrap/WSN_high_0_0_RAxML_tree.newick
	model = YNGKP_M5
	outprefix = bootstrap/WSN_high_0_0_YNGKP_M5
	brlen = optimize
	gammaomega = False
	gammabeta = False
	omegabysite = False
	omegabysite_fixsyn = False
	diffprefsbysite = False
	diffprefsprior = ('invquadratic', 150.0, 0.5)
	fitphi = False
	randprefs = False
	avgprefs = False
	divpressure = None
	ncpus = 1
	fitprefsmethod = 2
	ncats = 4
	minbrlen = 1e-06
	minpref = 0.002
	seed = 1
	initparams = None
	profile = False
	opt_details = False
	nograd = False

2018-01-02 10:28:46,180 - INFO - Random number seed: 1

2018-01-02 10:28:46,180 - INFO - Reading alignment from bootstrap/WSN_high_0_0.fasta
2018-01-02 10:28:46,752 - INFO - Read 87 aligned sequences from bootstrap/WSN_high_0_0.fasta, each consisting of 564 codons.

2018-01-02 10:28:46,752 - INFO - Codon substitution model with be M5 version of YNGKP (Yang, Nielsen, Goldman, & Pederson. Genetics. 155:431-449).
2018-01-02 10:28:46,841 - INFO - For this YNGKP_M5 model, omega will be drawn from 4 gamma-distributed categories.
2018-01-02 10:28:46,851 - INFO - Reading tree from bootstrap/WSN_high_0_0_RAxML_tree.newick
2018-01-02 10:28:46,870 - INFO - Tree has 87 tips.
2018-01-02 10:28:46,957 - INFO - Adjusted 1 branch lengths up to minbrlen 1e-06

2018-01-02 10:28:46,957 - INFO - Initializing TreeLikelihood..
2018-01-02 10:29:29,563 - INFO - TreeLikelihood initialized.
2018-01-02 10:29:29,564 - INFO - Maximizing log likelihood (initially -61459.82).
2018-01-02 10:29:29,564 - INFO - Branch lengths will be optimized individually.
2018-01-02 13:30:36,731 - INFO - Maximization complete:
	Step 1: optimized parameters, loglik went from -61459.82 to -54368.79 (20 iterations, 26 function evals)
	Step 2: optimized branches, loglik went from -54368.79 to -54278.42 (183 iterations, 192 function evals)
	Step 3: optimized parameters, loglik went from -54278.42 to -54268.11 (8 iterations, 12 function evals)
	Step 4: optimized branches, loglik went from -54268.11 to -54267.12 (47 iterations, 53 function evals)
	Step 5: optimized parameters, loglik went from -54267.12 to -54266.94 (8 iterations, 12 function evals)
	Step 6: optimized branches, loglik went from -54266.94 to -54266.85 (8 iterations, 11 function evals)
	Step 7: optimized parameters, loglik went from -54266.85 to -54266.82 (3 iterations, 5 function evals)
	Step 8: optimized branches, loglik went from -54266.82 to -54266.79 (2 iterations, 5 function evals)
	Step 9: optimized parameters, loglik went from -54266.79 to -54266.77 (3 iterations, 5 function evals)
	Step 10: optimized branches, loglik went from -54266.77 to -54266.77 (1 iterations, 4 function evals)
2018-01-02 13:30:36,807 - INFO - Optimized log likelihood is -54266.77.
2018-01-02 13:30:36,807 - INFO - Writing log likelihood to bootstrap/WSN_high_0_0_YNGKP_M5_loglikelihood.txt
2018-01-02 13:30:36,818 - INFO - Model parameters after optimization:
	alpha_omega = 0.669253
	beta_omega = 8.13741
	kappa = 3.2394
	phi0A = 0.328298
	phi0C = 0.132821
	phi0G = 0.290266
	phi1A = 0.361282
	phi1C = 0.192557
	phi1G = 0.198612
	phi2A = 0.352133
	phi2C = 0.197839
	phi2G = 0.219536
2018-01-02 13:30:36,818 - INFO - Writing model parameters to bootstrap/WSN_high_0_0_YNGKP_M5_modelparams.txt
2018-01-02 13:30:36,822 - INFO - Writing the optimized tree to bootstrap/WSN_high_0_0_YNGKP_M5_tree.newick

2018-01-02 13:30:36,829 - INFO - Successful completion of phydms
