2018-01-02 18:57:51,495 - INFO - Beginning execution of phydms in directory /fh/fast/bloom_j/computational_notebooks/skhilton/2017/divergence_timing_manuscript/analysis/HA/branch_lengths

2018-01-02 18:57:51,495 - INFO - Progress is being logged to bootstrap/WSN_low_0_1_randomized_ExpCM_WSN_low_0_1_prefs_gammaomega_log.log

2018-01-02 18:57:51,495 - INFO - Version information:
	Time and date: Tue Jan  2 18:57:50 2018
	Platform: Linux-3.13.0-68-generic-x86_64-with-debian-jessie-sid
	Python version: 3.6.0 |Continuum Analytics, Inc.| (default, Dec 23 2016, 12:22:00)  [GCC 4.4.7 20120313 (Red Hat 4.4.7-1)]
	phydms version: 2.2.0
	Bio version: 1.69
	cython version: 0.25.2
	numpy version: 1.13.3
	scipy version: 0.19.0
	matplotlib version: 2.1.0
	natsort version: 5.0.2
	sympy version: 1.0
	six version: 1.11.0
	pandas version: 0.21.0
	pyvolve version: 0.8.4
	statsmodels version: 0.8.0
	weblogolib version: 3.5.0
	PyPDF2 version: 1.26.0

2018-01-02 18:57:51,495 - INFO - Parsed the following arguments:
	alignment = bootstrap/WSN_low_0_1.fasta
	tree = bootstrap/WSN_low_0_1_RAxML_tree.newick
	model = ('ExpCM', 'bootstrap/WSN_low_0_1_prefs.csv')
	outprefix = bootstrap/WSN_low_0_1_randomized_ExpCM_WSN_low_0_1_prefs_gammaomega
	brlen = optimize
	gammaomega = True
	gammabeta = False
	omegabysite = False
	omegabysite_fixsyn = False
	diffprefsbysite = False
	diffprefsprior = ('invquadratic', 150.0, 0.5)
	fitphi = False
	randprefs = True
	avgprefs = False
	divpressure = None
	ncpus = 4
	fitprefsmethod = 2
	ncats = 4
	minbrlen = 1e-06
	minpref = 0.002
	seed = 1
	initparams = None
	profile = False
	opt_details = False
	nograd = False

2018-01-02 18:57:51,495 - INFO - Random number seed: 1

2018-01-02 18:57:51,496 - INFO - Reading alignment from bootstrap/WSN_low_0_1.fasta
2018-01-02 18:57:52,015 - INFO - Read 28 aligned sequences from bootstrap/WSN_low_0_1.fasta, each consisting of 564 codons.

2018-01-02 18:57:52,028 - INFO - The model will be an ExpCM informed by site-specific amino-acid preferences in bootstrap/WSN_low_0_1_prefs.csv
2018-01-02 18:57:52,028 - INFO - Preferences will be randomized across sites.
2018-01-02 18:57:53,544 - INFO - Successfully read site-specific amino-acid preferences for all 564 sites.

2018-01-02 18:57:53,545 - INFO - Nucleotide frequency parameters phi will be set so stationary state matches alignment nucleotide frequencies of A = 0.356, C = 0.187, G = 0.222, T = 0.235

2018-01-02 18:57:57,052 - INFO - Omega will be drawn from 4 gamma-distributed categories.

2018-01-02 18:58:06,442 - INFO - Reading tree from bootstrap/WSN_low_0_1_RAxML_tree.newick
2018-01-02 18:58:06,446 - INFO - Tree has 28 tips.
2018-01-02 18:58:06,454 - INFO - Adjusted 1 branch lengths up to minbrlen 1e-06

2018-01-02 18:58:06,454 - INFO - Initializing TreeLikelihood..
2018-01-02 18:59:05,489 - INFO - TreeLikelihood initialized.
2018-01-02 18:59:05,492 - INFO - Maximizing log likelihood (initially -19089.60).
2018-01-02 18:59:05,493 - INFO - Branch lengths will be optimized individually.
2018-01-02 20:16:01,796 - INFO - Maximization complete:
	Step 1: optimized parameters, loglik went from -19089.60 to -16715.77 (21 iterations, 29 function evals)
	Step 2: optimized branches, loglik went from -16715.77 to -16704.50 (78 iterations, 85 function evals)
	Step 3: optimized parameters, loglik went from -16704.50 to -16703.21 (14 iterations, 18 function evals)
	Step 4: optimized branches, loglik went from -16703.21 to -16703.03 (15 iterations, 20 function evals)
	Step 5: optimized parameters, loglik went from -16703.03 to -16703.01 (3 iterations, 6 function evals)
	Step 6: optimized branches, loglik went from -16703.01 to -16703.01 (1 iterations, 5 function evals)
2018-01-02 20:16:01,887 - INFO - Optimized log likelihood is -16703.01.
2018-01-02 20:16:01,888 - INFO - Writing log likelihood to bootstrap/WSN_low_0_1_randomized_ExpCM_WSN_low_0_1_prefs_gammaomega_loglikelihood.txt
2018-01-02 20:16:01,914 - INFO - Model parameters after optimization:
	alpha_omega = 0.457892
	beta = 0.0125583
	beta_omega = 3.70186
	kappa = 4.01462
	phiA = 0.365498
	phiC = 0.174078
	phiG = 0.219088
2018-01-02 20:16:01,914 - INFO - Writing model parameters to bootstrap/WSN_low_0_1_randomized_ExpCM_WSN_low_0_1_prefs_gammaomega_modelparams.txt
2018-01-02 20:16:01,932 - INFO - Writing the optimized tree to bootstrap/WSN_low_0_1_randomized_ExpCM_WSN_low_0_1_prefs_gammaomega_tree.newick

2018-01-02 20:16:01,953 - INFO - Successful completion of phydms
