2018-01-02 10:27:54,585 - INFO - Beginning execution of phydms in directory /fh/fast/bloom_j/computational_notebooks/skhilton/2017/divergence_timing_manuscript/analysis/HA/branch_lengths

2018-01-02 10:27:54,586 - INFO - Progress is being logged to bootstrap/WSN_low_0_0_YNGKP_M5_log.log

2018-01-02 10:27:54,586 - INFO - Version information:
	Time and date: Tue Jan  2 10:27:53 2018
	Platform: Linux-3.13.0-68-generic-x86_64-with-debian-jessie-sid
	Python version: 3.6.0 |Continuum Analytics, Inc.| (default, Dec 23 2016, 12:22:00)  [GCC 4.4.7 20120313 (Red Hat 4.4.7-1)]
	phydms version: 2.2.0
	Bio version: 1.69
	cython version: 0.25.2
	numpy version: 1.13.3
	scipy version: 0.19.0
	matplotlib version: 2.1.0
	natsort version: 5.0.2
	sympy version: 1.0
	six version: 1.11.0
	pandas version: 0.21.0
	pyvolve version: 0.8.4
	statsmodels version: 0.8.0
	weblogolib version: 3.5.0
	PyPDF2 version: 1.26.0

2018-01-02 10:27:54,586 - INFO - Parsed the following arguments:
	alignment = bootstrap/WSN_low_0_0.fasta
	tree = bootstrap/WSN_low_0_0_RAxML_tree.newick
	model = YNGKP_M5
	outprefix = bootstrap/WSN_low_0_0_YNGKP_M5
	brlen = optimize
	gammaomega = False
	gammabeta = False
	omegabysite = False
	omegabysite_fixsyn = False
	diffprefsbysite = False
	diffprefsprior = ('invquadratic', 150.0, 0.5)
	fitphi = False
	randprefs = False
	avgprefs = False
	divpressure = None
	ncpus = 1
	fitprefsmethod = 2
	ncats = 4
	minbrlen = 1e-06
	minpref = 0.002
	seed = 1
	initparams = None
	profile = False
	opt_details = False
	nograd = False

2018-01-02 10:27:54,586 - INFO - Random number seed: 1

2018-01-02 10:27:54,586 - INFO - Reading alignment from bootstrap/WSN_low_0_0.fasta
2018-01-02 10:27:54,807 - INFO - Read 28 aligned sequences from bootstrap/WSN_low_0_0.fasta, each consisting of 564 codons.

2018-01-02 10:27:54,807 - INFO - Codon substitution model with be M5 version of YNGKP (Yang, Nielsen, Goldman, & Pederson. Genetics. 155:431-449).
2018-01-02 10:27:54,863 - INFO - For this YNGKP_M5 model, omega will be drawn from 4 gamma-distributed categories.
2018-01-02 10:27:54,874 - INFO - Reading tree from bootstrap/WSN_low_0_0_RAxML_tree.newick
2018-01-02 10:27:54,878 - INFO - Tree has 28 tips.
2018-01-02 10:27:54,887 - INFO - Adjusted 1 branch lengths up to minbrlen 1e-06

2018-01-02 10:27:54,887 - INFO - Initializing TreeLikelihood..
2018-01-02 10:28:01,401 - INFO - TreeLikelihood initialized.
2018-01-02 10:28:01,402 - INFO - Maximizing log likelihood (initially -19689.45).
2018-01-02 10:28:01,402 - INFO - Branch lengths will be optimized individually.
2018-01-02 10:59:41,165 - INFO - Maximization complete:
	Step 1: optimized parameters, loglik went from -19689.45 to -17654.09 (18 iterations, 25 function evals)
	Step 2: optimized branches, loglik went from -17654.09 to -17641.64 (78 iterations, 86 function evals)
	Step 3: optimized parameters, loglik went from -17641.64 to -17640.47 (13 iterations, 17 function evals)
	Step 4: optimized branches, loglik went from -17640.47 to -17640.44 (2 iterations, 5 function evals)
	Step 5: optimized parameters, loglik went from -17640.44 to -17640.43 (4 iterations, 6 function evals)
2018-01-02 10:59:41,167 - INFO - Optimized log likelihood is -17640.43.
2018-01-02 10:59:41,167 - INFO - Writing log likelihood to bootstrap/WSN_low_0_0_YNGKP_M5_loglikelihood.txt
2018-01-02 10:59:41,173 - INFO - Model parameters after optimization:
	alpha_omega = 0.491413
	beta_omega = 3.87788
	kappa = 3.08751
	phi0A = 0.321385
	phi0C = 0.122926
	phi0G = 0.287685
	phi1A = 0.385881
	phi1C = 0.184184
	phi1G = 0.189759
	phi2A = 0.369634
	phi2C = 0.180615
	phi2G = 0.229117
2018-01-02 10:59:41,173 - INFO - Writing model parameters to bootstrap/WSN_low_0_0_YNGKP_M5_modelparams.txt
2018-01-02 10:59:41,177 - INFO - Writing the optimized tree to bootstrap/WSN_low_0_0_YNGKP_M5_tree.newick

2018-01-02 10:59:41,182 - INFO - Successful completion of phydms
