2018-01-02 17:51:49,091 - INFO - Beginning execution of phydms in directory /fh/fast/bloom_j/computational_notebooks/skhilton/2017/divergence_timing_manuscript/analysis/HA/branch_lengths

2018-01-02 17:51:49,091 - INFO - Progress is being logged to bootstrap/WSN_intermediate_0_1_randomized_ExpCM_WSN_intermediate_0_1_prefs_log.log

2018-01-02 17:51:49,091 - INFO - Version information:
	Time and date: Tue Jan  2 17:51:47 2018
	Platform: Linux-3.13.0-68-generic-x86_64-with-debian-jessie-sid
	Python version: 3.6.0 |Continuum Analytics, Inc.| (default, Dec 23 2016, 12:22:00)  [GCC 4.4.7 20120313 (Red Hat 4.4.7-1)]
	phydms version: 2.2.0
	Bio version: 1.69
	cython version: 0.25.2
	numpy version: 1.13.3
	scipy version: 0.19.0
	matplotlib version: 2.1.0
	natsort version: 5.0.2
	sympy version: 1.0
	six version: 1.11.0
	pandas version: 0.21.0
	pyvolve version: 0.8.4
	statsmodels version: 0.8.0
	weblogolib version: 3.5.0
	PyPDF2 version: 1.26.0

2018-01-02 17:51:49,091 - INFO - Parsed the following arguments:
	alignment = bootstrap/WSN_intermediate_0_1.fasta
	tree = bootstrap/WSN_intermediate_0_1_RAxML_tree.newick
	model = ('ExpCM', 'bootstrap/WSN_intermediate_0_1_prefs.csv')
	outprefix = bootstrap/WSN_intermediate_0_1_randomized_ExpCM_WSN_intermediate_0_1_prefs
	brlen = optimize
	gammaomega = False
	gammabeta = False
	omegabysite = False
	omegabysite_fixsyn = False
	diffprefsbysite = False
	diffprefsprior = ('invquadratic', 150.0, 0.5)
	fitphi = False
	randprefs = True
	avgprefs = False
	divpressure = None
	ncpus = 4
	fitprefsmethod = 2
	ncats = 4
	minbrlen = 1e-06
	minpref = 0.002
	seed = 1
	initparams = None
	profile = False
	opt_details = False
	nograd = False

2018-01-02 17:51:49,091 - INFO - Random number seed: 1

2018-01-02 17:51:49,091 - INFO - Reading alignment from bootstrap/WSN_intermediate_0_1.fasta
2018-01-02 17:51:49,539 - INFO - Read 53 aligned sequences from bootstrap/WSN_intermediate_0_1.fasta, each consisting of 564 codons.

2018-01-02 17:51:49,540 - INFO - The model will be an ExpCM informed by site-specific amino-acid preferences in bootstrap/WSN_intermediate_0_1_prefs.csv
2018-01-02 17:51:49,540 - INFO - Preferences will be randomized across sites.
2018-01-02 17:51:51,029 - INFO - Successfully read site-specific amino-acid preferences for all 564 sites.

2018-01-02 17:51:51,032 - INFO - Nucleotide frequency parameters phi will be set so stationary state matches alignment nucleotide frequencies of A = 0.351, C = 0.186, G = 0.229, T = 0.235

2018-01-02 17:51:53,580 - INFO - Reading tree from bootstrap/WSN_intermediate_0_1_RAxML_tree.newick
2018-01-02 17:51:53,589 - INFO - Tree has 53 tips.
2018-01-02 17:51:53,615 - INFO - Adjusted 1 branch lengths up to minbrlen 1e-06

2018-01-02 17:51:53,615 - INFO - Initializing TreeLikelihood..
2018-01-02 17:52:26,332 - INFO - TreeLikelihood initialized.
2018-01-02 17:52:26,333 - INFO - Maximizing log likelihood (initially -38793.53).
2018-01-02 17:52:26,333 - INFO - Branch lengths will be optimized individually.
2018-01-02 18:33:44,960 - INFO - Maximization complete:
	Step 1: optimized parameters, loglik went from -38793.53 to -34025.27 (17 iterations, 28 function evals)
	Step 2: optimized branches, loglik went from -34025.27 to -34014.54 (65 iterations, 74 function evals)
	Step 3: optimized parameters, loglik went from -34014.54 to -34013.60 (4 iterations, 10 function evals)
	Step 4: optimized branches, loglik went from -34013.60 to -34013.24 (20 iterations, 25 function evals)
	Step 5: optimized parameters, loglik went from -34013.24 to -34013.08 (6 iterations, 9 function evals)
	Step 6: optimized branches, loglik went from -34013.08 to -34013.01 (5 iterations, 8 function evals)
	Step 7: optimized parameters, loglik went from -34013.01 to -34012.99 (2 iterations, 6 function evals)
	Step 8: optimized branches, loglik went from -34012.99 to -34012.99 (1 iterations, 4 function evals)
2018-01-02 18:33:45,009 - INFO - Optimized log likelihood is -34012.99.
2018-01-02 18:33:45,009 - INFO - Writing log likelihood to bootstrap/WSN_intermediate_0_1_randomized_ExpCM_WSN_intermediate_0_1_prefs_loglikelihood.txt
2018-01-02 18:33:45,017 - INFO - Model parameters after optimization:
	beta = 1.1e-05
	kappa = 3.5149
	omega = 0.0794975
	phiA = 0.359857
	phiC = 0.172854
	phiG = 0.22562
2018-01-02 18:33:45,017 - INFO - Writing model parameters to bootstrap/WSN_intermediate_0_1_randomized_ExpCM_WSN_intermediate_0_1_prefs_modelparams.txt
2018-01-02 18:33:45,021 - INFO - Writing the optimized tree to bootstrap/WSN_intermediate_0_1_randomized_ExpCM_WSN_intermediate_0_1_prefs_tree.newick

2018-01-02 18:33:45,029 - INFO - Successful completion of phydms
