2018-01-02 21:08:13,974 - INFO - Beginning execution of phydms in directory /fh/fast/bloom_j/computational_notebooks/skhilton/2017/divergence_timing_manuscript/analysis/HA/branch_lengths

2018-01-02 21:08:13,974 - INFO - Progress is being logged to bootstrap/WSN_intermediate_0_0_ExpCM_WSN_intermediate_0_0_prefs_gammaomega_log.log

2018-01-02 21:08:13,974 - INFO - Version information:
	Time and date: Tue Jan  2 21:08:12 2018
	Platform: Linux-3.13.0-68-generic-x86_64-with-debian-jessie-sid
	Python version: 3.6.0 |Continuum Analytics, Inc.| (default, Dec 23 2016, 12:22:00)  [GCC 4.4.7 20120313 (Red Hat 4.4.7-1)]
	phydms version: 2.2.0
	Bio version: 1.69
	cython version: 0.25.2
	numpy version: 1.13.3
	scipy version: 0.19.0
	matplotlib version: 2.1.0
	natsort version: 5.0.2
	sympy version: 1.0
	six version: 1.11.0
	pandas version: 0.21.0
	pyvolve version: 0.8.4
	statsmodels version: 0.8.0
	weblogolib version: 3.5.0
	PyPDF2 version: 1.26.0

2018-01-02 21:08:13,974 - INFO - Parsed the following arguments:
	alignment = bootstrap/WSN_intermediate_0_0.fasta
	tree = bootstrap/WSN_intermediate_0_0_RAxML_tree.newick
	model = ('ExpCM', 'bootstrap/WSN_intermediate_0_0_prefs.csv')
	outprefix = bootstrap/WSN_intermediate_0_0_ExpCM_WSN_intermediate_0_0_prefs_gammaomega
	brlen = optimize
	gammaomega = True
	gammabeta = False
	omegabysite = False
	omegabysite_fixsyn = False
	diffprefsbysite = False
	diffprefsprior = ('invquadratic', 150.0, 0.5)
	fitphi = False
	randprefs = False
	avgprefs = False
	divpressure = None
	ncpus = 4
	fitprefsmethod = 2
	ncats = 4
	minbrlen = 1e-06
	minpref = 0.002
	seed = 1
	initparams = None
	profile = False
	opt_details = False
	nograd = False

2018-01-02 21:08:13,975 - INFO - Random number seed: 1

2018-01-02 21:08:13,975 - INFO - Reading alignment from bootstrap/WSN_intermediate_0_0.fasta
2018-01-02 21:08:14,412 - INFO - Read 53 aligned sequences from bootstrap/WSN_intermediate_0_0.fasta, each consisting of 564 codons.

2018-01-02 21:08:14,413 - INFO - The model will be an ExpCM informed by site-specific amino-acid preferences in bootstrap/WSN_intermediate_0_0_prefs.csv
2018-01-02 21:08:15,773 - INFO - Successfully read site-specific amino-acid preferences for all 564 sites.

2018-01-02 21:08:15,776 - INFO - Nucleotide frequency parameters phi will be set so stationary state matches alignment nucleotide frequencies of A = 0.340, C = 0.180, G = 0.241, T = 0.239

2018-01-02 21:08:17,706 - INFO - Omega will be drawn from 4 gamma-distributed categories.

2018-01-02 21:08:29,516 - INFO - Reading tree from bootstrap/WSN_intermediate_0_0_RAxML_tree.newick
2018-01-02 21:08:29,531 - INFO - Tree has 53 tips.
2018-01-02 21:08:29,561 - INFO - Adjusted 1 branch lengths up to minbrlen 1e-06

2018-01-02 21:08:29,564 - INFO - Initializing TreeLikelihood..
2018-01-02 21:10:26,656 - INFO - TreeLikelihood initialized.
2018-01-02 21:10:26,657 - INFO - Maximizing log likelihood (initially -36567.17).
2018-01-02 21:10:26,657 - INFO - Branch lengths will be optimized individually.
2018-01-03 01:04:10,807 - INFO - Maximization complete:
	Step 1: optimized parameters, loglik went from -36567.17 to -32650.44 (23 iterations, 30 function evals)
	Step 2: optimized branches, loglik went from -32650.44 to -32572.92 (140 iterations, 152 function evals)
	Step 3: optimized parameters, loglik went from -32572.92 to -32564.04 (14 iterations, 19 function evals)
	Step 4: optimized branches, loglik went from -32564.04 to -32562.28 (89 iterations, 99 function evals)
	Step 5: optimized parameters, loglik went from -32562.28 to -32561.92 (7 iterations, 10 function evals)
	Step 6: optimized branches, loglik went from -32561.92 to -32561.92 (1 iterations, 4 function evals)
2018-01-03 01:04:10,856 - INFO - Optimized log likelihood is -32561.92.
2018-01-03 01:04:10,856 - INFO - Writing log likelihood to bootstrap/WSN_intermediate_0_0_ExpCM_WSN_intermediate_0_0_prefs_gammaomega_loglikelihood.txt
2018-01-03 01:04:10,883 - INFO - Model parameters after optimization:
	alpha_omega = 1.46624
	beta = 1.27149
	beta_omega = 8.75771
	kappa = 3.7515
	phiA = 0.370412
	phiC = 0.169424
	phiG = 0.245685
2018-01-03 01:04:10,883 - INFO - Writing model parameters to bootstrap/WSN_intermediate_0_0_ExpCM_WSN_intermediate_0_0_prefs_gammaomega_modelparams.txt
2018-01-03 01:04:10,888 - INFO - Writing the optimized tree to bootstrap/WSN_intermediate_0_0_ExpCM_WSN_intermediate_0_0_prefs_gammaomega_tree.newick

2018-01-03 01:04:10,903 - INFO - Successful completion of phydms
