2018-01-02 17:51:45,986 - INFO - Beginning execution of phydms in directory /fh/fast/bloom_j/computational_notebooks/skhilton/2017/divergence_timing_manuscript/analysis/HA/branch_lengths

2018-01-02 17:51:45,986 - INFO - Progress is being logged to bootstrap/WSN_intermediate_0_1_ExpCM_WSN_intermediate_0_1_prefs_gammaomega_log.log

2018-01-02 17:51:45,986 - INFO - Version information:
	Time and date: Tue Jan  2 17:51:44 2018
	Platform: Linux-3.13.0-68-generic-x86_64-with-debian-jessie-sid
	Python version: 3.6.0 |Continuum Analytics, Inc.| (default, Dec 23 2016, 12:22:00)  [GCC 4.4.7 20120313 (Red Hat 4.4.7-1)]
	phydms version: 2.2.0
	Bio version: 1.69
	cython version: 0.25.2
	numpy version: 1.13.3
	scipy version: 0.19.0
	matplotlib version: 2.1.0
	natsort version: 5.0.2
	sympy version: 1.0
	six version: 1.11.0
	pandas version: 0.21.0
	pyvolve version: 0.8.4
	statsmodels version: 0.8.0
	weblogolib version: 3.5.0
	PyPDF2 version: 1.26.0

2018-01-02 17:51:45,986 - INFO - Parsed the following arguments:
	alignment = bootstrap/WSN_intermediate_0_1.fasta
	tree = bootstrap/WSN_intermediate_0_1_RAxML_tree.newick
	model = ('ExpCM', 'bootstrap/WSN_intermediate_0_1_prefs.csv')
	outprefix = bootstrap/WSN_intermediate_0_1_ExpCM_WSN_intermediate_0_1_prefs_gammaomega
	brlen = optimize
	gammaomega = True
	gammabeta = False
	omegabysite = False
	omegabysite_fixsyn = False
	diffprefsbysite = False
	diffprefsprior = ('invquadratic', 150.0, 0.5)
	fitphi = False
	randprefs = False
	avgprefs = False
	divpressure = None
	ncpus = 4
	fitprefsmethod = 2
	ncats = 4
	minbrlen = 1e-06
	minpref = 0.002
	seed = 1
	initparams = None
	profile = False
	opt_details = False
	nograd = False

2018-01-02 17:51:45,986 - INFO - Random number seed: 1

2018-01-02 17:51:45,986 - INFO - Reading alignment from bootstrap/WSN_intermediate_0_1.fasta
2018-01-02 17:51:46,422 - INFO - Read 53 aligned sequences from bootstrap/WSN_intermediate_0_1.fasta, each consisting of 564 codons.

2018-01-02 17:51:46,422 - INFO - The model will be an ExpCM informed by site-specific amino-acid preferences in bootstrap/WSN_intermediate_0_1_prefs.csv
2018-01-02 17:51:47,680 - INFO - Successfully read site-specific amino-acid preferences for all 564 sites.

2018-01-02 17:51:47,681 - INFO - Nucleotide frequency parameters phi will be set so stationary state matches alignment nucleotide frequencies of A = 0.351, C = 0.186, G = 0.229, T = 0.235

2018-01-02 17:51:49,307 - INFO - Omega will be drawn from 4 gamma-distributed categories.

2018-01-02 17:52:01,692 - INFO - Reading tree from bootstrap/WSN_intermediate_0_1_RAxML_tree.newick
2018-01-02 17:52:01,698 - INFO - Tree has 53 tips.
2018-01-02 17:52:01,716 - INFO - Adjusted 1 branch lengths up to minbrlen 1e-06

2018-01-02 17:52:01,716 - INFO - Initializing TreeLikelihood..
2018-01-02 17:53:54,685 - INFO - TreeLikelihood initialized.
2018-01-02 17:53:54,685 - INFO - Maximizing log likelihood (initially -35907.26).
2018-01-02 17:53:54,685 - INFO - Branch lengths will be optimized individually.
2018-01-02 21:07:19,568 - INFO - Maximization complete:
	Step 1: optimized parameters, loglik went from -35907.26 to -31929.69 (21 iterations, 26 function evals)
	Step 2: optimized branches, loglik went from -31929.69 to -31840.94 (135 iterations, 153 function evals)
	Step 3: optimized parameters, loglik went from -31840.94 to -31831.09 (6 iterations, 9 function evals)
	Step 4: optimized branches, loglik went from -31831.09 to -31828.83 (57 iterations, 64 function evals)
	Step 5: optimized parameters, loglik went from -31828.83 to -31828.40 (8 iterations, 10 function evals)
	Step 6: optimized branches, loglik went from -31828.40 to -31828.40 (1 iterations, 4 function evals)
2018-01-02 21:07:19,610 - INFO - Optimized log likelihood is -31828.40.
2018-01-02 21:07:19,610 - INFO - Writing log likelihood to bootstrap/WSN_intermediate_0_1_ExpCM_WSN_intermediate_0_1_prefs_gammaomega_loglikelihood.txt
2018-01-02 21:07:19,623 - INFO - Model parameters after optimization:
	alpha_omega = 1.45294
	beta = 1.30884
	beta_omega =     10
	kappa = 3.85281
	phiA = 0.382029
	phiC = 0.17755
	phiG = 0.229108
2018-01-02 21:07:19,623 - INFO - Writing model parameters to bootstrap/WSN_intermediate_0_1_ExpCM_WSN_intermediate_0_1_prefs_gammaomega_modelparams.txt
2018-01-02 21:07:19,628 - INFO - Writing the optimized tree to bootstrap/WSN_intermediate_0_1_ExpCM_WSN_intermediate_0_1_prefs_gammaomega_tree.newick

2018-01-02 21:07:19,642 - INFO - Successful completion of phydms
