2018-01-02 10:28:00,899 - INFO - Beginning execution of phydms in directory /fh/fast/bloom_j/computational_notebooks/skhilton/2017/divergence_timing_manuscript/analysis/HA/branch_lengths

2018-01-02 10:28:00,900 - INFO - Progress is being logged to bootstrap/WSN_low_0_0_randomized_ExpCM_WSN_low_0_0_prefs_gammaomega_log.log

2018-01-02 10:28:00,900 - INFO - Version information:
	Time and date: Tue Jan  2 10:27:59 2018
	Platform: Linux-3.13.0-68-generic-x86_64-with-debian-jessie-sid
	Python version: 3.6.0 |Continuum Analytics, Inc.| (default, Dec 23 2016, 12:22:00)  [GCC 4.4.7 20120313 (Red Hat 4.4.7-1)]
	phydms version: 2.2.0
	Bio version: 1.69
	cython version: 0.25.2
	numpy version: 1.13.3
	scipy version: 0.19.0
	matplotlib version: 2.1.0
	natsort version: 5.0.2
	sympy version: 1.0
	six version: 1.11.0
	pandas version: 0.21.0
	pyvolve version: 0.8.4
	statsmodels version: 0.8.0
	weblogolib version: 3.5.0
	PyPDF2 version: 1.26.0

2018-01-02 10:28:00,900 - INFO - Parsed the following arguments:
	alignment = bootstrap/WSN_low_0_0.fasta
	tree = bootstrap/WSN_low_0_0_RAxML_tree.newick
	model = ('ExpCM', 'bootstrap/WSN_low_0_0_prefs.csv')
	outprefix = bootstrap/WSN_low_0_0_randomized_ExpCM_WSN_low_0_0_prefs_gammaomega
	brlen = optimize
	gammaomega = True
	gammabeta = False
	omegabysite = False
	omegabysite_fixsyn = False
	diffprefsbysite = False
	diffprefsprior = ('invquadratic', 150.0, 0.5)
	fitphi = False
	randprefs = True
	avgprefs = False
	divpressure = None
	ncpus = 4
	fitprefsmethod = 2
	ncats = 4
	minbrlen = 1e-06
	minpref = 0.002
	seed = 1
	initparams = None
	profile = False
	opt_details = False
	nograd = False

2018-01-02 10:28:00,900 - INFO - Random number seed: 1

2018-01-02 10:28:00,900 - INFO - Reading alignment from bootstrap/WSN_low_0_0.fasta
2018-01-02 10:28:01,350 - INFO - Read 28 aligned sequences from bootstrap/WSN_low_0_0.fasta, each consisting of 564 codons.

2018-01-02 10:28:01,353 - INFO - The model will be an ExpCM informed by site-specific amino-acid preferences in bootstrap/WSN_low_0_0_prefs.csv
2018-01-02 10:28:01,354 - INFO - Preferences will be randomized across sites.
2018-01-02 10:28:03,026 - INFO - Successfully read site-specific amino-acid preferences for all 564 sites.

2018-01-02 10:28:03,028 - INFO - Nucleotide frequency parameters phi will be set so stationary state matches alignment nucleotide frequencies of A = 0.347, C = 0.177, G = 0.241, T = 0.235

2018-01-02 10:28:06,347 - INFO - Omega will be drawn from 4 gamma-distributed categories.

2018-01-02 10:28:14,370 - INFO - Reading tree from bootstrap/WSN_low_0_0_RAxML_tree.newick
2018-01-02 10:28:14,374 - INFO - Tree has 28 tips.
2018-01-02 10:28:14,379 - INFO - Adjusted 1 branch lengths up to minbrlen 1e-06

2018-01-02 10:28:14,379 - INFO - Initializing TreeLikelihood..
2018-01-02 10:29:33,842 - INFO - TreeLikelihood initialized.
2018-01-02 10:29:33,852 - INFO - Maximizing log likelihood (initially -19770.38).
2018-01-02 10:29:33,852 - INFO - Branch lengths will be optimized individually.
2018-01-02 12:02:42,831 - INFO - Maximization complete:
	Step 1: optimized parameters, loglik went from -19770.38 to -17529.86 (16 iterations, 22 function evals)
	Step 2: optimized branches, loglik went from -17529.86 to -17518.40 (71 iterations, 81 function evals)
	Step 3: optimized parameters, loglik went from -17518.40 to -17517.12 (11 iterations, 14 function evals)
	Step 4: optimized branches, loglik went from -17517.12 to -17517.08 (5 iterations, 10 function evals)
	Step 5: optimized parameters, loglik went from -17517.08 to -17517.08 (1 iterations, 3 function evals)
2018-01-02 12:02:42,870 - INFO - Optimized log likelihood is -17517.08.
2018-01-02 12:02:42,871 - INFO - Writing log likelihood to bootstrap/WSN_low_0_0_randomized_ExpCM_WSN_low_0_0_prefs_gammaomega_loglikelihood.txt
2018-01-02 12:02:42,889 - INFO - Model parameters after optimization:
	alpha_omega = 0.474277
	beta = 0.0648355
	beta_omega = 3.34479
	kappa = 3.63585
	phiA = 0.356549
	phiC = 0.164563
	phiG = 0.238093
2018-01-02 12:02:42,889 - INFO - Writing model parameters to bootstrap/WSN_low_0_0_randomized_ExpCM_WSN_low_0_0_prefs_gammaomega_modelparams.txt
2018-01-02 12:02:42,893 - INFO - Writing the optimized tree to bootstrap/WSN_low_0_0_randomized_ExpCM_WSN_low_0_0_prefs_gammaomega_tree.newick

2018-01-02 12:02:42,903 - INFO - Successful completion of phydms
