2018-01-02 10:28:48,046 - INFO - Beginning execution of phydms in directory /fh/fast/bloom_j/computational_notebooks/skhilton/2017/divergence_timing_manuscript/analysis/HA/branch_lengths

2018-01-02 10:28:48,046 - INFO - Progress is being logged to bootstrap/WSN_high_0_1_ExpCM_WSN_high_0_1_prefs_gammaomega_log.log

2018-01-02 10:28:48,046 - INFO - Version information:
	Time and date: Tue Jan  2 10:28:46 2018
	Platform: Linux-3.13.0-68-generic-x86_64-with-debian-jessie-sid
	Python version: 3.6.0 |Continuum Analytics, Inc.| (default, Dec 23 2016, 12:22:00)  [GCC 4.4.7 20120313 (Red Hat 4.4.7-1)]
	phydms version: 2.2.0
	Bio version: 1.69
	cython version: 0.25.2
	numpy version: 1.13.3
	scipy version: 0.19.0
	matplotlib version: 2.1.0
	natsort version: 5.0.2
	sympy version: 1.0
	six version: 1.11.0
	pandas version: 0.21.0
	pyvolve version: 0.8.4
	statsmodels version: 0.8.0
	weblogolib version: 3.5.0
	PyPDF2 version: 1.26.0

2018-01-02 10:28:48,046 - INFO - Parsed the following arguments:
	alignment = bootstrap/WSN_high_0_1.fasta
	tree = bootstrap/WSN_high_0_1_RAxML_tree.newick
	model = ('ExpCM', 'bootstrap/WSN_high_0_1_prefs.csv')
	outprefix = bootstrap/WSN_high_0_1_ExpCM_WSN_high_0_1_prefs_gammaomega
	brlen = optimize
	gammaomega = True
	gammabeta = False
	omegabysite = False
	omegabysite_fixsyn = False
	diffprefsbysite = False
	diffprefsprior = ('invquadratic', 150.0, 0.5)
	fitphi = False
	randprefs = False
	avgprefs = False
	divpressure = None
	ncpus = 4
	fitprefsmethod = 2
	ncats = 4
	minbrlen = 1e-06
	minpref = 0.002
	seed = 1
	initparams = None
	profile = False
	opt_details = False
	nograd = False

2018-01-02 10:28:48,046 - INFO - Random number seed: 1

2018-01-02 10:28:48,046 - INFO - Reading alignment from bootstrap/WSN_high_0_1.fasta
2018-01-02 10:28:48,772 - INFO - Read 87 aligned sequences from bootstrap/WSN_high_0_1.fasta, each consisting of 564 codons.

2018-01-02 10:28:48,772 - INFO - The model will be an ExpCM informed by site-specific amino-acid preferences in bootstrap/WSN_high_0_1_prefs.csv
2018-01-02 10:28:50,280 - INFO - Successfully read site-specific amino-acid preferences for all 564 sites.

2018-01-02 10:28:50,282 - INFO - Nucleotide frequency parameters phi will be set so stationary state matches alignment nucleotide frequencies of A = 0.345, C = 0.188, G = 0.234, T = 0.233

2018-01-02 10:28:54,821 - INFO - Omega will be drawn from 4 gamma-distributed categories.

2018-01-02 10:29:19,615 - INFO - Reading tree from bootstrap/WSN_high_0_1_RAxML_tree.newick
2018-01-02 10:29:19,626 - INFO - Tree has 87 tips.
2018-01-02 10:29:19,679 - INFO - Adjusted 1 branch lengths up to minbrlen 1e-06

2018-01-02 10:29:19,681 - INFO - Initializing TreeLikelihood..
2018-01-02 10:33:12,133 - INFO - TreeLikelihood initialized.
2018-01-02 10:33:12,134 - INFO - Maximizing log likelihood (initially -58048.45).
2018-01-02 10:33:12,134 - INFO - Branch lengths will be optimized individually.
2018-01-02 17:50:51,105 - INFO - Maximization complete:
	Step 1: optimized parameters, loglik went from -58048.45 to -51606.16 (26 iterations, 33 function evals)
	Step 2: optimized branches, loglik went from -51606.16 to -51411.58 (238 iterations, 251 function evals)
	Step 3: optimized parameters, loglik went from -51411.58 to -51388.58 (7 iterations, 10 function evals)
	Step 4: optimized branches, loglik went from -51388.58 to -51385.06 (77 iterations, 83 function evals)
	Step 5: optimized parameters, loglik went from -51385.06 to -51384.51 (5 iterations, 7 function evals)
	Step 6: optimized branches, loglik went from -51384.51 to -51384.51 (1 iterations, 5 function evals)
2018-01-02 17:50:51,106 - INFO - Optimized log likelihood is -51384.51.
2018-01-02 17:50:51,106 - INFO - Writing log likelihood to bootstrap/WSN_high_0_1_ExpCM_WSN_high_0_1_prefs_gammaomega_loglikelihood.txt
2018-01-02 17:50:51,112 - INFO - Model parameters after optimization:
	alpha_omega = 1.12599
	beta = 1.12211
	beta_omega =     10
	kappa = 3.87746
	phiA = 0.36927
	phiC = 0.179998
	phiG = 0.236185
2018-01-02 17:50:51,112 - INFO - Writing model parameters to bootstrap/WSN_high_0_1_ExpCM_WSN_high_0_1_prefs_gammaomega_modelparams.txt
2018-01-02 17:50:51,116 - INFO - Writing the optimized tree to bootstrap/WSN_high_0_1_ExpCM_WSN_high_0_1_prefs_gammaomega_tree.newick

2018-01-02 17:50:51,128 - INFO - Successful completion of phydms
