2018-01-02 17:51:48,112 - INFO - Beginning execution of phydms in directory /fh/fast/bloom_j/computational_notebooks/skhilton/2017/divergence_timing_manuscript/analysis/HA/branch_lengths

2018-01-02 17:51:48,112 - INFO - Progress is being logged to bootstrap/WSN_intermediate_0_1_averaged_ExpCM_WSN_intermediate_0_1_prefs_gammaomega_log.log

2018-01-02 17:51:48,112 - INFO - Version information:
	Time and date: Tue Jan  2 17:51:46 2018
	Platform: Linux-3.13.0-68-generic-x86_64-with-debian-jessie-sid
	Python version: 3.6.0 |Continuum Analytics, Inc.| (default, Dec 23 2016, 12:22:00)  [GCC 4.4.7 20120313 (Red Hat 4.4.7-1)]
	phydms version: 2.2.0
	Bio version: 1.69
	cython version: 0.25.2
	numpy version: 1.13.3
	scipy version: 0.19.0
	matplotlib version: 2.1.0
	natsort version: 5.0.2
	sympy version: 1.0
	six version: 1.11.0
	pandas version: 0.21.0
	pyvolve version: 0.8.4
	statsmodels version: 0.8.0
	weblogolib version: 3.5.0
	PyPDF2 version: 1.26.0

2018-01-02 17:51:48,113 - INFO - Parsed the following arguments:
	alignment = bootstrap/WSN_intermediate_0_1.fasta
	tree = bootstrap/WSN_intermediate_0_1_RAxML_tree.newick
	model = ('ExpCM', 'bootstrap/WSN_intermediate_0_1_prefs.csv')
	outprefix = bootstrap/WSN_intermediate_0_1_averaged_ExpCM_WSN_intermediate_0_1_prefs_gammaomega
	brlen = optimize
	gammaomega = True
	gammabeta = False
	omegabysite = False
	omegabysite_fixsyn = False
	diffprefsbysite = False
	diffprefsprior = ('invquadratic', 150.0, 0.5)
	fitphi = False
	randprefs = False
	avgprefs = True
	divpressure = None
	ncpus = 4
	fitprefsmethod = 2
	ncats = 4
	minbrlen = 1e-06
	minpref = 0.002
	seed = 1
	initparams = None
	profile = False
	opt_details = False
	nograd = False

2018-01-02 17:51:48,113 - INFO - Random number seed: 1

2018-01-02 17:51:48,113 - INFO - Reading alignment from bootstrap/WSN_intermediate_0_1.fasta
2018-01-02 17:51:48,537 - INFO - Read 53 aligned sequences from bootstrap/WSN_intermediate_0_1.fasta, each consisting of 564 codons.

2018-01-02 17:51:48,538 - INFO - The model will be an ExpCM informed by site-specific amino-acid preferences in bootstrap/WSN_intermediate_0_1_prefs.csv
2018-01-02 17:51:48,538 - INFO - Preferences will be averaged across sites.
2018-01-02 17:51:49,969 - INFO - Successfully read site-specific amino-acid preferences for all 564 sites.

2018-01-02 17:51:49,971 - INFO - Nucleotide frequency parameters phi will be set so stationary state matches alignment nucleotide frequencies of A = 0.351, C = 0.186, G = 0.229, T = 0.235

2018-01-02 17:51:53,478 - INFO - Omega will be drawn from 4 gamma-distributed categories.

2018-01-02 17:52:06,416 - INFO - Reading tree from bootstrap/WSN_intermediate_0_1_RAxML_tree.newick
2018-01-02 17:52:06,422 - INFO - Tree has 53 tips.
2018-01-02 17:52:06,437 - INFO - Adjusted 1 branch lengths up to minbrlen 1e-06

2018-01-02 17:52:06,438 - INFO - Initializing TreeLikelihood..
2018-01-02 17:53:58,749 - INFO - TreeLikelihood initialized.
2018-01-02 17:53:58,750 - INFO - Maximizing log likelihood (initially -37741.68).
2018-01-02 17:53:58,751 - INFO - Branch lengths will be optimized individually.
2018-01-02 20:56:58,757 - INFO - Maximization complete:
	Step 1: optimized parameters, loglik went from -37741.68 to -33146.96 (21 iterations, 26 function evals)
	Step 2: optimized branches, loglik went from -33146.96 to -33102.75 (105 iterations, 117 function evals)
	Step 3: optimized parameters, loglik went from -33102.75 to -33096.76 (8 iterations, 12 function evals)
	Step 4: optimized branches, loglik went from -33096.76 to -33095.97 (41 iterations, 49 function evals)
	Step 5: optimized parameters, loglik went from -33095.97 to -33095.87 (3 iterations, 6 function evals)
	Step 6: optimized branches, loglik went from -33095.87 to -33095.72 (14 iterations, 18 function evals)
	Step 7: optimized parameters, loglik went from -33095.72 to -33095.71 (2 iterations, 5 function evals)
	Step 8: optimized branches, loglik went from -33095.71 to -33095.70 (1 iterations, 4 function evals)
2018-01-02 20:56:58,759 - INFO - Optimized log likelihood is -33095.70.
2018-01-02 20:56:58,759 - INFO - Writing log likelihood to bootstrap/WSN_intermediate_0_1_averaged_ExpCM_WSN_intermediate_0_1_prefs_gammaomega_loglikelihood.txt
2018-01-02 20:56:58,769 - INFO - Model parameters after optimization:
	alpha_omega = 0.58149
	beta = 0.736697
	beta_omega = 6.16015
	kappa = 3.88505
	phiA = 0.364938
	phiC = 0.177499
	phiG = 0.22905
2018-01-02 20:56:58,770 - INFO - Writing model parameters to bootstrap/WSN_intermediate_0_1_averaged_ExpCM_WSN_intermediate_0_1_prefs_gammaomega_modelparams.txt
2018-01-02 20:56:58,774 - INFO - Writing the optimized tree to bootstrap/WSN_intermediate_0_1_averaged_ExpCM_WSN_intermediate_0_1_prefs_gammaomega_tree.newick

2018-01-02 20:56:58,785 - INFO - Successful completion of phydms
