2018-01-02 10:28:48,180 - INFO - Beginning execution of phydms in directory /fh/fast/bloom_j/computational_notebooks/skhilton/2017/divergence_timing_manuscript/analysis/HA/branch_lengths

2018-01-02 10:28:48,180 - INFO - Progress is being logged to bootstrap/WSN_high_0_0_ExpCM_WSN_high_0_0_prefs_gammaomega_log.log

2018-01-02 10:28:48,181 - INFO - Version information:
	Time and date: Tue Jan  2 10:28:47 2018
	Platform: Linux-3.13.0-68-generic-x86_64-with-debian-jessie-sid
	Python version: 3.6.0 |Continuum Analytics, Inc.| (default, Dec 23 2016, 12:22:00)  [GCC 4.4.7 20120313 (Red Hat 4.4.7-1)]
	phydms version: 2.2.0
	Bio version: 1.69
	cython version: 0.25.2
	numpy version: 1.13.3
	scipy version: 0.19.0
	matplotlib version: 2.1.0
	natsort version: 5.0.2
	sympy version: 1.0
	six version: 1.11.0
	pandas version: 0.21.0
	pyvolve version: 0.8.4
	statsmodels version: 0.8.0
	weblogolib version: 3.5.0
	PyPDF2 version: 1.26.0

2018-01-02 10:28:48,181 - INFO - Parsed the following arguments:
	alignment = bootstrap/WSN_high_0_0.fasta
	tree = bootstrap/WSN_high_0_0_RAxML_tree.newick
	model = ('ExpCM', 'bootstrap/WSN_high_0_0_prefs.csv')
	outprefix = bootstrap/WSN_high_0_0_ExpCM_WSN_high_0_0_prefs_gammaomega
	brlen = optimize
	gammaomega = True
	gammabeta = False
	omegabysite = False
	omegabysite_fixsyn = False
	diffprefsbysite = False
	diffprefsprior = ('invquadratic', 150.0, 0.5)
	fitphi = False
	randprefs = False
	avgprefs = False
	divpressure = None
	ncpus = 4
	fitprefsmethod = 2
	ncats = 4
	minbrlen = 1e-06
	minpref = 0.002
	seed = 1
	initparams = None
	profile = False
	opt_details = False
	nograd = False

2018-01-02 10:28:48,181 - INFO - Random number seed: 1

2018-01-02 10:28:48,181 - INFO - Reading alignment from bootstrap/WSN_high_0_0.fasta
2018-01-02 10:28:48,879 - INFO - Read 87 aligned sequences from bootstrap/WSN_high_0_0.fasta, each consisting of 564 codons.

2018-01-02 10:28:48,880 - INFO - The model will be an ExpCM informed by site-specific amino-acid preferences in bootstrap/WSN_high_0_0_prefs.csv
2018-01-02 10:28:50,486 - INFO - Successfully read site-specific amino-acid preferences for all 564 sites.

2018-01-02 10:28:50,488 - INFO - Nucleotide frequency parameters phi will be set so stationary state matches alignment nucleotide frequencies of A = 0.337, C = 0.187, G = 0.240, T = 0.235

2018-01-02 10:28:55,274 - INFO - Omega will be drawn from 4 gamma-distributed categories.

2018-01-02 10:29:21,524 - INFO - Reading tree from bootstrap/WSN_high_0_0_RAxML_tree.newick
2018-01-02 10:29:21,536 - INFO - Tree has 87 tips.
2018-01-02 10:29:21,601 - INFO - Adjusted 1 branch lengths up to minbrlen 1e-06

2018-01-02 10:29:21,601 - INFO - Initializing TreeLikelihood..
2018-01-02 10:33:08,977 - INFO - TreeLikelihood initialized.
2018-01-02 10:33:08,978 - INFO - Maximizing log likelihood (initially -59019.57).
2018-01-02 10:33:08,978 - INFO - Branch lengths will be optimized individually.
2018-01-02 16:25:57,451 - INFO - Maximization complete:
	Step 1: optimized parameters, loglik went from -59019.57 to -52752.69 (23 iterations, 30 function evals)
	Step 2: optimized branches, loglik went from -52752.69 to -52602.81 (221 iterations, 233 function evals)
	Step 3: optimized parameters, loglik went from -52602.81 to -52586.43 (13 iterations, 17 function evals)
	Step 4: optimized branches, loglik went from -52586.43 to -52586.42 (1 iterations, 5 function evals)
2018-01-02 16:25:57,502 - INFO - Optimized log likelihood is -52586.42.
2018-01-02 16:25:57,503 - INFO - Writing log likelihood to bootstrap/WSN_high_0_0_ExpCM_WSN_high_0_0_prefs_gammaomega_loglikelihood.txt
2018-01-02 16:25:57,512 - INFO - Model parameters after optimization:
	alpha_omega = 1.19794
	beta = 1.07273
	beta_omega = 9.03868
	kappa = 3.71536
	phiA = 0.360072
	phiC = 0.178363
	phiG = 0.245184
2018-01-02 16:25:57,512 - INFO - Writing model parameters to bootstrap/WSN_high_0_0_ExpCM_WSN_high_0_0_prefs_gammaomega_modelparams.txt
2018-01-02 16:25:57,517 - INFO - Writing the optimized tree to bootstrap/WSN_high_0_0_ExpCM_WSN_high_0_0_prefs_gammaomega_tree.newick

2018-01-02 16:25:57,531 - INFO - Successful completion of phydms
