2018-01-02 10:28:48,924 - INFO - Beginning execution of phydms in directory /fh/fast/bloom_j/computational_notebooks/skhilton/2017/divergence_timing_manuscript/analysis/HA/branch_lengths

2018-01-02 10:28:48,924 - INFO - Progress is being logged to bootstrap/WSN_high_0_1_averaged_ExpCM_WSN_high_0_1_prefs_log.log

2018-01-02 10:28:48,925 - INFO - Version information:
	Time and date: Tue Jan  2 10:28:47 2018
	Platform: Linux-3.13.0-68-generic-x86_64-with-debian-jessie-sid
	Python version: 3.6.0 |Continuum Analytics, Inc.| (default, Dec 23 2016, 12:22:00)  [GCC 4.4.7 20120313 (Red Hat 4.4.7-1)]
	phydms version: 2.2.0
	Bio version: 1.69
	cython version: 0.25.2
	numpy version: 1.13.3
	scipy version: 0.19.0
	matplotlib version: 2.1.0
	natsort version: 5.0.2
	sympy version: 1.0
	six version: 1.11.0
	pandas version: 0.21.0
	pyvolve version: 0.8.4
	statsmodels version: 0.8.0
	weblogolib version: 3.5.0
	PyPDF2 version: 1.26.0

2018-01-02 10:28:48,925 - INFO - Parsed the following arguments:
	alignment = bootstrap/WSN_high_0_1.fasta
	tree = bootstrap/WSN_high_0_1_RAxML_tree.newick
	model = ('ExpCM', 'bootstrap/WSN_high_0_1_prefs.csv')
	outprefix = bootstrap/WSN_high_0_1_averaged_ExpCM_WSN_high_0_1_prefs
	brlen = optimize
	gammaomega = False
	gammabeta = False
	omegabysite = False
	omegabysite_fixsyn = False
	diffprefsbysite = False
	diffprefsprior = ('invquadratic', 150.0, 0.5)
	fitphi = False
	randprefs = False
	avgprefs = True
	divpressure = None
	ncpus = 4
	fitprefsmethod = 2
	ncats = 4
	minbrlen = 1e-06
	minpref = 0.002
	seed = 1
	initparams = None
	profile = False
	opt_details = False
	nograd = False

2018-01-02 10:28:48,925 - INFO - Random number seed: 1

2018-01-02 10:28:48,925 - INFO - Reading alignment from bootstrap/WSN_high_0_1.fasta
2018-01-02 10:28:49,630 - INFO - Read 87 aligned sequences from bootstrap/WSN_high_0_1.fasta, each consisting of 564 codons.

2018-01-02 10:28:49,631 - INFO - The model will be an ExpCM informed by site-specific amino-acid preferences in bootstrap/WSN_high_0_1_prefs.csv
2018-01-02 10:28:49,631 - INFO - Preferences will be averaged across sites.
2018-01-02 10:28:51,529 - INFO - Successfully read site-specific amino-acid preferences for all 564 sites.

2018-01-02 10:28:51,538 - INFO - Nucleotide frequency parameters phi will be set so stationary state matches alignment nucleotide frequencies of A = 0.345, C = 0.188, G = 0.234, T = 0.233

2018-01-02 10:28:56,737 - INFO - Reading tree from bootstrap/WSN_high_0_1_RAxML_tree.newick
2018-01-02 10:28:56,745 - INFO - Tree has 87 tips.
2018-01-02 10:28:56,869 - INFO - Adjusted 1 branch lengths up to minbrlen 1e-06

2018-01-02 10:28:56,882 - INFO - Initializing TreeLikelihood..
2018-01-02 10:30:02,463 - INFO - TreeLikelihood initialized.
2018-01-02 10:30:02,464 - INFO - Maximizing log likelihood (initially -61915.71).
2018-01-02 10:30:02,464 - INFO - Branch lengths will be optimized individually.
2018-01-02 12:13:20,312 - INFO - Maximization complete:
	Step 1: optimized parameters, loglik went from -61915.71 to -54339.15 (24 iterations, 35 function evals)
	Step 2: optimized branches, loglik went from -54339.15 to -54307.69 (98 iterations, 102 function evals)
	Step 3: optimized parameters, loglik went from -54307.69 to -54303.23 (4 iterations, 9 function evals)
	Step 4: optimized branches, loglik went from -54303.23 to -54301.64 (40 iterations, 48 function evals)
	Step 5: optimized parameters, loglik went from -54301.64 to -54300.97 (3 iterations, 7 function evals)
	Step 6: optimized branches, loglik went from -54300.97 to -54300.63 (25 iterations, 29 function evals)
	Step 7: optimized parameters, loglik went from -54300.63 to -54300.30 (3 iterations, 7 function evals)
	Step 8: optimized branches, loglik went from -54300.30 to -54300.20 (7 iterations, 11 function evals)
	Step 9: optimized parameters, loglik went from -54300.20 to -54300.20 (1 iterations, 5 function evals)
2018-01-02 12:13:20,313 - INFO - Optimized log likelihood is -54300.20.
2018-01-02 12:13:20,313 - INFO - Writing log likelihood to bootstrap/WSN_high_0_1_averaged_ExpCM_WSN_high_0_1_prefs_loglikelihood.txt
2018-01-02 12:13:20,319 - INFO - Model parameters after optimization:
	beta = 0.585581
	kappa = 3.51186
	omega = 0.0725367
	phiA = 0.35776
	phiC = 0.178755
	phiG = 0.233516
2018-01-02 12:13:20,319 - INFO - Writing model parameters to bootstrap/WSN_high_0_1_averaged_ExpCM_WSN_high_0_1_prefs_modelparams.txt
2018-01-02 12:13:20,323 - INFO - Writing the optimized tree to bootstrap/WSN_high_0_1_averaged_ExpCM_WSN_high_0_1_prefs_tree.newick

2018-01-02 12:13:20,330 - INFO - Successful completion of phydms
