2018-01-02 10:28:54,464 - INFO - Beginning execution of phydms in directory /fh/fast/bloom_j/computational_notebooks/skhilton/2017/divergence_timing_manuscript/analysis/HA/branch_lengths

2018-01-02 10:28:54,464 - INFO - Progress is being logged to bootstrap/WSN_high_0_0_randomized_ExpCM_WSN_high_0_0_prefs_gammaomega_log.log

2018-01-02 10:28:54,465 - INFO - Version information:
	Time and date: Tue Jan  2 10:28:51 2018
	Platform: Linux-3.13.0-68-generic-x86_64-with-debian-jessie-sid
	Python version: 3.6.0 |Continuum Analytics, Inc.| (default, Dec 23 2016, 12:22:00)  [GCC 4.4.7 20120313 (Red Hat 4.4.7-1)]
	phydms version: 2.2.0
	Bio version: 1.69
	cython version: 0.25.2
	numpy version: 1.13.3
	scipy version: 0.19.0
	matplotlib version: 2.1.0
	natsort version: 5.0.2
	sympy version: 1.0
	six version: 1.11.0
	pandas version: 0.21.0
	pyvolve version: 0.8.4
	statsmodels version: 0.8.0
	weblogolib version: 3.5.0
	PyPDF2 version: 1.26.0

2018-01-02 10:28:54,465 - INFO - Parsed the following arguments:
	alignment = bootstrap/WSN_high_0_0.fasta
	tree = bootstrap/WSN_high_0_0_RAxML_tree.newick
	model = ('ExpCM', 'bootstrap/WSN_high_0_0_prefs.csv')
	outprefix = bootstrap/WSN_high_0_0_randomized_ExpCM_WSN_high_0_0_prefs_gammaomega
	brlen = optimize
	gammaomega = True
	gammabeta = False
	omegabysite = False
	omegabysite_fixsyn = False
	diffprefsbysite = False
	diffprefsprior = ('invquadratic', 150.0, 0.5)
	fitphi = False
	randprefs = True
	avgprefs = False
	divpressure = None
	ncpus = 4
	fitprefsmethod = 2
	ncats = 4
	minbrlen = 1e-06
	minpref = 0.002
	seed = 1
	initparams = None
	profile = False
	opt_details = False
	nograd = False

2018-01-02 10:28:54,465 - INFO - Random number seed: 1

2018-01-02 10:28:54,465 - INFO - Reading alignment from bootstrap/WSN_high_0_0.fasta
2018-01-02 10:28:55,704 - INFO - Read 87 aligned sequences from bootstrap/WSN_high_0_0.fasta, each consisting of 564 codons.

2018-01-02 10:28:55,713 - INFO - The model will be an ExpCM informed by site-specific amino-acid preferences in bootstrap/WSN_high_0_0_prefs.csv
2018-01-02 10:28:55,714 - INFO - Preferences will be randomized across sites.
2018-01-02 10:28:59,093 - INFO - Successfully read site-specific amino-acid preferences for all 564 sites.

2018-01-02 10:28:59,104 - INFO - Nucleotide frequency parameters phi will be set so stationary state matches alignment nucleotide frequencies of A = 0.337, C = 0.187, G = 0.240, T = 0.235

2018-01-02 10:29:03,350 - INFO - Omega will be drawn from 4 gamma-distributed categories.

2018-01-02 10:29:23,425 - INFO - Reading tree from bootstrap/WSN_high_0_0_RAxML_tree.newick
2018-01-02 10:29:23,431 - INFO - Tree has 87 tips.
2018-01-02 10:29:23,474 - INFO - Adjusted 1 branch lengths up to minbrlen 1e-06

2018-01-02 10:29:23,474 - INFO - Initializing TreeLikelihood..
2018-01-02 10:32:47,115 - INFO - TreeLikelihood initialized.
2018-01-02 10:32:47,122 - INFO - Maximizing log likelihood (initially -61283.25).
2018-01-02 10:32:47,122 - INFO - Branch lengths will be optimized individually.
2018-01-02 16:02:58,833 - INFO - Maximization complete:
	Step 1: optimized parameters, loglik went from -61283.25 to -54122.74 (19 iterations, 28 function evals)
	Step 2: optimized branches, loglik went from -54122.74 to -54047.76 (174 iterations, 183 function evals)
	Step 3: optimized parameters, loglik went from -54047.76 to -54039.30 (8 iterations, 13 function evals)
	Step 4: optimized branches, loglik went from -54039.30 to -54038.79 (7 iterations, 12 function evals)
	Step 5: optimized parameters, loglik went from -54038.79 to -54038.65 (3 iterations, 8 function evals)
	Step 6: optimized branches, loglik went from -54038.65 to -54038.65 (1 iterations, 5 function evals)
2018-01-02 16:02:58,888 - INFO - Optimized log likelihood is -54038.65.
2018-01-02 16:02:58,888 - INFO - Writing log likelihood to bootstrap/WSN_high_0_0_randomized_ExpCM_WSN_high_0_0_prefs_gammaomega_loglikelihood.txt
2018-01-02 16:02:58,914 - INFO - Model parameters after optimization:
	alpha_omega = 0.644149
	beta = 0.0501605
	beta_omega = 6.98393
	kappa = 3.62195
	phiA = 0.346272
	phiC = 0.174771
	phiG = 0.237703
2018-01-02 16:02:58,914 - INFO - Writing model parameters to bootstrap/WSN_high_0_0_randomized_ExpCM_WSN_high_0_0_prefs_gammaomega_modelparams.txt
2018-01-02 16:02:58,919 - INFO - Writing the optimized tree to bootstrap/WSN_high_0_0_randomized_ExpCM_WSN_high_0_0_prefs_gammaomega_tree.newick

2018-01-02 16:02:58,935 - INFO - Successful completion of phydms
