2018-01-02 10:28:46,064 - INFO - Beginning execution of phydms in directory /fh/fast/bloom_j/computational_notebooks/skhilton/2017/divergence_timing_manuscript/analysis/HA/branch_lengths

2018-01-02 10:28:46,064 - INFO - Progress is being logged to bootstrap/WSN_high_0_1_YNGKP_M5_log.log

2018-01-02 10:28:46,064 - INFO - Version information:
	Time and date: Tue Jan  2 10:28:44 2018
	Platform: Linux-3.13.0-68-generic-x86_64-with-debian-jessie-sid
	Python version: 3.6.0 |Continuum Analytics, Inc.| (default, Dec 23 2016, 12:22:00)  [GCC 4.4.7 20120313 (Red Hat 4.4.7-1)]
	phydms version: 2.2.0
	Bio version: 1.69
	cython version: 0.25.2
	numpy version: 1.13.3
	scipy version: 0.19.0
	matplotlib version: 2.1.0
	natsort version: 5.0.2
	sympy version: 1.0
	six version: 1.11.0
	pandas version: 0.21.0
	pyvolve version: 0.8.4
	statsmodels version: 0.8.0
	weblogolib version: 3.5.0
	PyPDF2 version: 1.26.0

2018-01-02 10:28:46,065 - INFO - Parsed the following arguments:
	alignment = bootstrap/WSN_high_0_1.fasta
	tree = bootstrap/WSN_high_0_1_RAxML_tree.newick
	model = YNGKP_M5
	outprefix = bootstrap/WSN_high_0_1_YNGKP_M5
	brlen = optimize
	gammaomega = False
	gammabeta = False
	omegabysite = False
	omegabysite_fixsyn = False
	diffprefsbysite = False
	diffprefsprior = ('invquadratic', 150.0, 0.5)
	fitphi = False
	randprefs = False
	avgprefs = False
	divpressure = None
	ncpus = 1
	fitprefsmethod = 2
	ncats = 4
	minbrlen = 1e-06
	minpref = 0.002
	seed = 1
	initparams = None
	profile = False
	opt_details = False
	nograd = False

2018-01-02 10:28:46,065 - INFO - Random number seed: 1

2018-01-02 10:28:46,065 - INFO - Reading alignment from bootstrap/WSN_high_0_1.fasta
2018-01-02 10:28:46,809 - INFO - Read 87 aligned sequences from bootstrap/WSN_high_0_1.fasta, each consisting of 564 codons.

2018-01-02 10:28:46,809 - INFO - Codon substitution model with be M5 version of YNGKP (Yang, Nielsen, Goldman, & Pederson. Genetics. 155:431-449).
2018-01-02 10:28:46,889 - INFO - For this YNGKP_M5 model, omega will be drawn from 4 gamma-distributed categories.
2018-01-02 10:28:46,960 - INFO - Reading tree from bootstrap/WSN_high_0_1_RAxML_tree.newick
2018-01-02 10:28:46,964 - INFO - Tree has 87 tips.
2018-01-02 10:28:47,052 - INFO - Adjusted 1 branch lengths up to minbrlen 1e-06

2018-01-02 10:28:47,052 - INFO - Initializing TreeLikelihood..
2018-01-02 10:29:29,781 - INFO - TreeLikelihood initialized.
2018-01-02 10:29:29,782 - INFO - Maximizing log likelihood (initially -60698.50).
2018-01-02 10:29:29,782 - INFO - Branch lengths will be optimized individually.
2018-01-02 13:56:52,403 - INFO - Maximization complete:
	Step 1: optimized parameters, loglik went from -60698.50 to -53298.12 (22 iterations, 28 function evals)
	Step 2: optimized branches, loglik went from -53298.12 to -53167.92 (201 iterations, 203 function evals)
	Step 3: optimized parameters, loglik went from -53167.92 to -53152.48 (8 iterations, 12 function evals)
	Step 4: optimized branches, loglik went from -53152.48 to -53150.54 (60 iterations, 65 function evals)
	Step 5: optimized parameters, loglik went from -53150.54 to -53150.07 (11 iterations, 16 function evals)
	Step 6: optimized branches, loglik went from -53150.07 to -53149.93 (10 iterations, 13 function evals)
	Step 7: optimized parameters, loglik went from -53149.93 to -53149.87 (3 iterations, 5 function evals)
	Step 8: optimized branches, loglik went from -53149.87 to -53149.83 (6 iterations, 9 function evals)
	Step 9: optimized parameters, loglik went from -53149.83 to -53149.81 (3 iterations, 5 function evals)
	Step 10: optimized branches, loglik went from -53149.81 to -53149.76 (4 iterations, 7 function evals)
	Step 11: optimized parameters, loglik went from -53149.76 to -53149.73 (3 iterations, 5 function evals)
	Step 12: optimized branches, loglik went from -53149.73 to -53149.69 (4 iterations, 6 function evals)
	Step 13: optimized parameters, loglik went from -53149.69 to -53149.65 (4 iterations, 6 function evals)
	Step 14: optimized branches, loglik went from -53149.65 to -53149.63 (3 iterations, 6 function evals)
	Step 15: optimized parameters, loglik went from -53149.63 to -53149.63 (1 iterations, 3 function evals)
2018-01-02 13:56:52,444 - INFO - Optimized log likelihood is -53149.63.
2018-01-02 13:56:52,444 - INFO - Writing log likelihood to bootstrap/WSN_high_0_1_YNGKP_M5_loglikelihood.txt
2018-01-02 13:56:52,451 - INFO - Model parameters after optimization:
	alpha_omega = 0.66317
	beta_omega = 9.64604
	kappa = 3.40771
	phi0A = 0.349915
	phi0C = 0.124374
	phi0G = 0.291888
	phi1A = 0.369503
	phi1C = 0.191684
	phi1G = 0.202121
	phi2A = 0.342278
	phi2C = 0.211906
	phi2G = 0.197184
2018-01-02 13:56:52,451 - INFO - Writing model parameters to bootstrap/WSN_high_0_1_YNGKP_M5_modelparams.txt
2018-01-02 13:56:52,455 - INFO - Writing the optimized tree to bootstrap/WSN_high_0_1_YNGKP_M5_tree.newick

2018-01-02 13:56:52,463 - INFO - Successful completion of phydms
