2018-01-02 10:27:43,764 - INFO - Beginning execution of phydms_comprehensive in directory /fh/fast/bloom_j/computational_notebooks/skhilton/2017/divergence_timing_manuscript/analysis/HA/branch_lengths

2018-01-02 10:27:43,764 - INFO - Progress is being logged to bootstrap/WSN_high_0_0.log

2018-01-02 10:27:43,765 - INFO - Version information:
	Time and date: Tue Jan  2 10:27:38 2018
	Platform: Linux-3.13.0-68-generic-x86_64-with-debian-jessie-sid
	Python version: 3.6.0 |Continuum Analytics, Inc.| (default, Dec 23 2016, 12:22:00)  [GCC 4.4.7 20120313 (Red Hat 4.4.7-1)]
	phydms version: 2.2.0
	Bio version: 1.69
	cython version: 0.25.2
	numpy version: 1.13.3
	scipy version: 0.19.0
	matplotlib version: 2.1.0
	natsort version: 5.0.2
	sympy version: 1.0
	six version: 1.11.0
	pandas version: 0.21.0
	pyvolve version: 0.8.4
	statsmodels version: 0.8.0
	weblogolib version: 3.5.0
	PyPDF2 version: 1.26.0

2018-01-02 10:27:43,765 - INFO - Parsed the following command-line arguments:
	outprefix = bootstrap/WSN_high_0_0_
	alignment = bootstrap/WSN_high_0_0.fasta
	prefsfiles = ['bootstrap/WSN_high_0_0_prefs.csv']
	raxml = raxml
	tree = None
	ncpus = -1
	brlen = optimize
	omegabysite = False
	diffprefsbysite = False
	gammaomega = True
	gammabeta = False
	noavgprefs = False
	randprefs = True

2018-01-02 10:27:43,765 - INFO - Checking that the alignment bootstrap/WSN_high_0_0.fasta is valid...
2018-01-02 10:27:44,420 - INFO - Valid alignment specifying 87 sequences of length 1692.

2018-01-02 10:27:44,420 - INFO - Tree not specified.
2018-01-02 10:27:44,442 - INFO - Inferring tree with RAxML using command raxml
2018-01-02 10:28:42,215 - INFO - RAxML inferred tree is now named bootstrap/WSN_high_0_0_RAxML_tree.newick
2018-01-02 10:28:42,239 - INFO - Starting analysis to optimize tree in bootstrap/WSN_high_0_0_RAxML_tree.newick using model YNGKP_M0. The command is: phydms bootstrap/WSN_high_0_0.fasta bootstrap/WSN_high_0_0_RAxML_tree.newick YNGKP_M0 bootstrap/WSN_high_0_0_YNGKP_M0 --brlen optimize --ncpus 1

2018-01-02 10:28:42,239 - INFO - Starting analysis to optimize tree in bootstrap/WSN_high_0_0_RAxML_tree.newick using model YNGKP_M5. The command is: phydms bootstrap/WSN_high_0_0.fasta bootstrap/WSN_high_0_0_RAxML_tree.newick YNGKP_M5 bootstrap/WSN_high_0_0_YNGKP_M5 --brlen optimize --ncpus 1

2018-01-02 10:28:42,240 - INFO - Starting analysis to optimize tree in bootstrap/WSN_high_0_0_RAxML_tree.newick using model ExpCM_WSN_high_0_0_prefs. The command is: phydms bootstrap/WSN_high_0_0.fasta bootstrap/WSN_high_0_0_RAxML_tree.newick ExpCM_bootstrap/WSN_high_0_0_prefs.csv bootstrap/WSN_high_0_0_ExpCM_WSN_high_0_0_prefs --brlen optimize --ncpus 4

2018-01-02 10:28:42,240 - INFO - Starting analysis to optimize tree in bootstrap/WSN_high_0_0_RAxML_tree.newick using model ExpCM_WSN_high_0_0_prefs_gammaomega. The command is: phydms bootstrap/WSN_high_0_0.fasta bootstrap/WSN_high_0_0_RAxML_tree.newick ExpCM_bootstrap/WSN_high_0_0_prefs.csv bootstrap/WSN_high_0_0_ExpCM_WSN_high_0_0_prefs_gammaomega --brlen optimize --gammaomega --ncpus 4

2018-01-02 10:28:42,240 - INFO - Starting analysis to optimize tree in bootstrap/WSN_high_0_0_RAxML_tree.newick using model averaged_ExpCM_WSN_high_0_0_prefs. The command is: phydms bootstrap/WSN_high_0_0.fasta bootstrap/WSN_high_0_0_RAxML_tree.newick ExpCM_bootstrap/WSN_high_0_0_prefs.csv bootstrap/WSN_high_0_0_averaged_ExpCM_WSN_high_0_0_prefs --brlen optimize --avgprefs --ncpus 4

2018-01-02 10:28:42,240 - INFO - Starting analysis to optimize tree in bootstrap/WSN_high_0_0_RAxML_tree.newick using model averaged_ExpCM_WSN_high_0_0_prefs_gammaomega. The command is: phydms bootstrap/WSN_high_0_0.fasta bootstrap/WSN_high_0_0_RAxML_tree.newick ExpCM_bootstrap/WSN_high_0_0_prefs.csv bootstrap/WSN_high_0_0_averaged_ExpCM_WSN_high_0_0_prefs_gammaomega --brlen optimize --gammaomega --avgprefs --ncpus 4

2018-01-02 10:28:42,240 - INFO - Starting analysis to optimize tree in bootstrap/WSN_high_0_0_RAxML_tree.newick using model randomized_ExpCM_WSN_high_0_0_prefs. The command is: phydms bootstrap/WSN_high_0_0.fasta bootstrap/WSN_high_0_0_RAxML_tree.newick ExpCM_bootstrap/WSN_high_0_0_prefs.csv bootstrap/WSN_high_0_0_randomized_ExpCM_WSN_high_0_0_prefs --brlen optimize --randprefs --ncpus 4

2018-01-02 10:28:42,241 - INFO - Starting analysis to optimize tree in bootstrap/WSN_high_0_0_RAxML_tree.newick using model randomized_ExpCM_WSN_high_0_0_prefs_gammaomega. The command is: phydms bootstrap/WSN_high_0_0.fasta bootstrap/WSN_high_0_0_RAxML_tree.newick ExpCM_bootstrap/WSN_high_0_0_prefs.csv bootstrap/WSN_high_0_0_randomized_ExpCM_WSN_high_0_0_prefs_gammaomega --brlen optimize --gammaomega --randprefs --ncpus 4

2018-01-02 11:00:40,864 - INFO - Analysis completed for YNGKP_M0
2018-01-02 11:00:40,867 - INFO - Found expected output file bootstrap/WSN_high_0_0_YNGKP_M0_log.log
2018-01-02 11:00:40,868 - INFO - Found expected output file bootstrap/WSN_high_0_0_YNGKP_M0_tree.newick
2018-01-02 11:00:40,868 - INFO - Found expected output file bootstrap/WSN_high_0_0_YNGKP_M0_loglikelihood.txt
2018-01-02 11:00:40,869 - INFO - Found expected output file bootstrap/WSN_high_0_0_YNGKP_M0_modelparams.txt
2018-01-02 11:00:40,869 - INFO - Analysis successful for YNGKP_M0

2018-01-02 11:42:27,903 - INFO - Analysis completed for randomized_ExpCM_WSN_high_0_0_prefs
2018-01-02 11:42:27,906 - INFO - Found expected output file bootstrap/WSN_high_0_0_randomized_ExpCM_WSN_high_0_0_prefs_log.log
2018-01-02 11:42:27,906 - INFO - Found expected output file bootstrap/WSN_high_0_0_randomized_ExpCM_WSN_high_0_0_prefs_tree.newick
2018-01-02 11:42:27,906 - INFO - Found expected output file bootstrap/WSN_high_0_0_randomized_ExpCM_WSN_high_0_0_prefs_loglikelihood.txt
2018-01-02 11:42:27,906 - INFO - Found expected output file bootstrap/WSN_high_0_0_randomized_ExpCM_WSN_high_0_0_prefs_modelparams.txt
2018-01-02 11:42:27,907 - INFO - Analysis successful for randomized_ExpCM_WSN_high_0_0_prefs

2018-01-02 12:03:19,401 - INFO - Analysis completed for averaged_ExpCM_WSN_high_0_0_prefs
2018-01-02 12:03:19,403 - INFO - Found expected output file bootstrap/WSN_high_0_0_averaged_ExpCM_WSN_high_0_0_prefs_log.log
2018-01-02 12:03:19,404 - INFO - Found expected output file bootstrap/WSN_high_0_0_averaged_ExpCM_WSN_high_0_0_prefs_tree.newick
2018-01-02 12:03:19,404 - INFO - Found expected output file bootstrap/WSN_high_0_0_averaged_ExpCM_WSN_high_0_0_prefs_loglikelihood.txt
2018-01-02 12:03:19,404 - INFO - Found expected output file bootstrap/WSN_high_0_0_averaged_ExpCM_WSN_high_0_0_prefs_modelparams.txt
2018-01-02 12:03:19,404 - INFO - Analysis successful for averaged_ExpCM_WSN_high_0_0_prefs

2018-01-02 12:04:08,464 - INFO - Analysis completed for ExpCM_WSN_high_0_0_prefs
2018-01-02 12:04:08,466 - INFO - Found expected output file bootstrap/WSN_high_0_0_ExpCM_WSN_high_0_0_prefs_log.log
2018-01-02 12:04:08,466 - INFO - Found expected output file bootstrap/WSN_high_0_0_ExpCM_WSN_high_0_0_prefs_tree.newick
2018-01-02 12:04:08,466 - INFO - Found expected output file bootstrap/WSN_high_0_0_ExpCM_WSN_high_0_0_prefs_loglikelihood.txt
2018-01-02 12:04:08,467 - INFO - Found expected output file bootstrap/WSN_high_0_0_ExpCM_WSN_high_0_0_prefs_modelparams.txt
2018-01-02 12:04:08,467 - INFO - Analysis successful for ExpCM_WSN_high_0_0_prefs

2018-01-02 13:30:37,703 - INFO - Analysis completed for YNGKP_M5
2018-01-02 13:30:37,705 - INFO - Found expected output file bootstrap/WSN_high_0_0_YNGKP_M5_log.log
2018-01-02 13:30:37,705 - INFO - Found expected output file bootstrap/WSN_high_0_0_YNGKP_M5_tree.newick
2018-01-02 13:30:37,705 - INFO - Found expected output file bootstrap/WSN_high_0_0_YNGKP_M5_loglikelihood.txt
2018-01-02 13:30:37,705 - INFO - Found expected output file bootstrap/WSN_high_0_0_YNGKP_M5_modelparams.txt
2018-01-02 13:30:37,706 - INFO - Analysis successful for YNGKP_M5

2018-01-02 16:03:01,522 - INFO - Analysis completed for randomized_ExpCM_WSN_high_0_0_prefs_gammaomega
2018-01-02 16:03:01,525 - INFO - Found expected output file bootstrap/WSN_high_0_0_randomized_ExpCM_WSN_high_0_0_prefs_gammaomega_log.log
2018-01-02 16:03:01,525 - INFO - Found expected output file bootstrap/WSN_high_0_0_randomized_ExpCM_WSN_high_0_0_prefs_gammaomega_tree.newick
2018-01-02 16:03:01,525 - INFO - Found expected output file bootstrap/WSN_high_0_0_randomized_ExpCM_WSN_high_0_0_prefs_gammaomega_loglikelihood.txt
2018-01-02 16:03:01,525 - INFO - Found expected output file bootstrap/WSN_high_0_0_randomized_ExpCM_WSN_high_0_0_prefs_gammaomega_modelparams.txt
2018-01-02 16:03:01,526 - INFO - Analysis successful for randomized_ExpCM_WSN_high_0_0_prefs_gammaomega

2018-01-02 16:26:00,143 - INFO - Analysis completed for ExpCM_WSN_high_0_0_prefs_gammaomega
2018-01-02 16:26:00,145 - INFO - Found expected output file bootstrap/WSN_high_0_0_ExpCM_WSN_high_0_0_prefs_gammaomega_log.log
2018-01-02 16:26:00,146 - INFO - Found expected output file bootstrap/WSN_high_0_0_ExpCM_WSN_high_0_0_prefs_gammaomega_tree.newick
2018-01-02 16:26:00,147 - INFO - Found expected output file bootstrap/WSN_high_0_0_ExpCM_WSN_high_0_0_prefs_gammaomega_loglikelihood.txt
2018-01-02 16:26:00,147 - INFO - Found expected output file bootstrap/WSN_high_0_0_ExpCM_WSN_high_0_0_prefs_gammaomega_modelparams.txt
2018-01-02 16:26:00,148 - INFO - Analysis successful for ExpCM_WSN_high_0_0_prefs_gammaomega

2018-01-02 16:35:34,815 - INFO - Analysis completed for averaged_ExpCM_WSN_high_0_0_prefs_gammaomega
2018-01-02 16:35:34,818 - INFO - Found expected output file bootstrap/WSN_high_0_0_averaged_ExpCM_WSN_high_0_0_prefs_gammaomega_log.log
2018-01-02 16:35:34,818 - INFO - Found expected output file bootstrap/WSN_high_0_0_averaged_ExpCM_WSN_high_0_0_prefs_gammaomega_tree.newick
2018-01-02 16:35:34,818 - INFO - Found expected output file bootstrap/WSN_high_0_0_averaged_ExpCM_WSN_high_0_0_prefs_gammaomega_loglikelihood.txt
2018-01-02 16:35:34,818 - INFO - Found expected output file bootstrap/WSN_high_0_0_averaged_ExpCM_WSN_high_0_0_prefs_gammaomega_modelparams.txt
2018-01-02 16:35:34,818 - INFO - Analysis successful for averaged_ExpCM_WSN_high_0_0_prefs_gammaomega

2018-01-02 16:35:35,858 - INFO - Successful completion of phydms_comprehensive
