2018-01-02 10:28:46,070 - INFO - Beginning execution of phydms in directory /fh/fast/bloom_j/computational_notebooks/skhilton/2017/divergence_timing_manuscript/analysis/HA/branch_lengths

2018-01-02 10:28:46,070 - INFO - Progress is being logged to bootstrap/WSN_high_0_1_YNGKP_M0_log.log

2018-01-02 10:28:46,070 - INFO - Version information:
	Time and date: Tue Jan  2 10:28:44 2018
	Platform: Linux-3.13.0-68-generic-x86_64-with-debian-jessie-sid
	Python version: 3.6.0 |Continuum Analytics, Inc.| (default, Dec 23 2016, 12:22:00)  [GCC 4.4.7 20120313 (Red Hat 4.4.7-1)]
	phydms version: 2.2.0
	Bio version: 1.69
	cython version: 0.25.2
	numpy version: 1.13.3
	scipy version: 0.19.0
	matplotlib version: 2.1.0
	natsort version: 5.0.2
	sympy version: 1.0
	six version: 1.11.0
	pandas version: 0.21.0
	pyvolve version: 0.8.4
	statsmodels version: 0.8.0
	weblogolib version: 3.5.0
	PyPDF2 version: 1.26.0

2018-01-02 10:28:46,070 - INFO - Parsed the following arguments:
	alignment = bootstrap/WSN_high_0_1.fasta
	tree = bootstrap/WSN_high_0_1_RAxML_tree.newick
	model = YNGKP_M0
	outprefix = bootstrap/WSN_high_0_1_YNGKP_M0
	brlen = optimize
	gammaomega = False
	gammabeta = False
	omegabysite = False
	omegabysite_fixsyn = False
	diffprefsbysite = False
	diffprefsprior = ('invquadratic', 150.0, 0.5)
	fitphi = False
	randprefs = False
	avgprefs = False
	divpressure = None
	ncpus = 1
	fitprefsmethod = 2
	ncats = 4
	minbrlen = 1e-06
	minpref = 0.002
	seed = 1
	initparams = None
	profile = False
	opt_details = False
	nograd = False

2018-01-02 10:28:46,071 - INFO - Random number seed: 1

2018-01-02 10:28:46,071 - INFO - Reading alignment from bootstrap/WSN_high_0_1.fasta
2018-01-02 10:28:46,810 - INFO - Read 87 aligned sequences from bootstrap/WSN_high_0_1.fasta, each consisting of 564 codons.

2018-01-02 10:28:46,810 - INFO - Codon substitution model with be M0 version of YNGKP (Yang, Nielsen, Goldman, & Pederson. Genetics. 155:431-449).
2018-01-02 10:28:46,866 - INFO - Reading tree from bootstrap/WSN_high_0_1_RAxML_tree.newick
2018-01-02 10:28:46,870 - INFO - Tree has 87 tips.
2018-01-02 10:28:46,927 - INFO - Adjusted 1 branch lengths up to minbrlen 1e-06

2018-01-02 10:28:46,929 - INFO - Initializing TreeLikelihood..
2018-01-02 10:28:55,532 - INFO - TreeLikelihood initialized.
2018-01-02 10:28:55,538 - INFO - Maximizing log likelihood (initially -62113.29).
2018-01-02 10:28:55,538 - INFO - Branch lengths will be optimized individually.
2018-01-02 11:03:34,531 - INFO - Maximization complete:
	Step 1: optimized parameters, loglik went from -62113.29 to -54657.21 (14 iterations, 25 function evals)
	Step 2: optimized branches, loglik went from -54657.21 to -54615.48 (91 iterations, 96 function evals)
	Step 3: optimized parameters, loglik went from -54615.48 to -54607.54 (4 iterations, 9 function evals)
	Step 4: optimized branches, loglik went from -54607.54 to -54604.65 (63 iterations, 68 function evals)
	Step 5: optimized parameters, loglik went from -54604.65 to -54603.51 (4 iterations, 7 function evals)
	Step 6: optimized branches, loglik went from -54603.51 to -54603.51 (1 iterations, 4 function evals)
2018-01-02 11:03:34,532 - INFO - Optimized log likelihood is -54603.51.
2018-01-02 11:03:34,532 - INFO - Writing log likelihood to bootstrap/WSN_high_0_1_YNGKP_M0_loglikelihood.txt
2018-01-02 11:03:34,539 - INFO - Model parameters after optimization:
	kappa = 3.12427
	omega = 0.0643311
	phi0A = 0.349915
	phi0C = 0.124374
	phi0G = 0.291888
	phi1A = 0.369503
	phi1C = 0.191684
	phi1G = 0.202121
	phi2A = 0.342278
	phi2C = 0.211906
	phi2G = 0.197184
2018-01-02 11:03:34,539 - INFO - Writing model parameters to bootstrap/WSN_high_0_1_YNGKP_M0_modelparams.txt
2018-01-02 11:03:34,544 - INFO - Writing the optimized tree to bootstrap/WSN_high_0_1_YNGKP_M0_tree.newick

2018-01-02 11:03:34,554 - INFO - Successful completion of phydms
