2018-01-02 17:51:42,964 - INFO - Beginning execution of phydms in directory /fh/fast/bloom_j/computational_notebooks/skhilton/2017/divergence_timing_manuscript/analysis/HA/branch_lengths

2018-01-02 17:51:42,964 - INFO - Progress is being logged to bootstrap/WSN_intermediate_0_1_YNGKP_M0_log.log

2018-01-02 17:51:42,964 - INFO - Version information:
	Time and date: Tue Jan  2 17:51:41 2018
	Platform: Linux-3.13.0-68-generic-x86_64-with-debian-jessie-sid
	Python version: 3.6.0 |Continuum Analytics, Inc.| (default, Dec 23 2016, 12:22:00)  [GCC 4.4.7 20120313 (Red Hat 4.4.7-1)]
	phydms version: 2.2.0
	Bio version: 1.69
	cython version: 0.25.2
	numpy version: 1.13.3
	scipy version: 0.19.0
	matplotlib version: 2.1.0
	natsort version: 5.0.2
	sympy version: 1.0
	six version: 1.11.0
	pandas version: 0.21.0
	pyvolve version: 0.8.4
	statsmodels version: 0.8.0
	weblogolib version: 3.5.0
	PyPDF2 version: 1.26.0

2018-01-02 17:51:42,964 - INFO - Parsed the following arguments:
	alignment = bootstrap/WSN_intermediate_0_1.fasta
	tree = bootstrap/WSN_intermediate_0_1_RAxML_tree.newick
	model = YNGKP_M0
	outprefix = bootstrap/WSN_intermediate_0_1_YNGKP_M0
	brlen = optimize
	gammaomega = False
	gammabeta = False
	omegabysite = False
	omegabysite_fixsyn = False
	diffprefsbysite = False
	diffprefsprior = ('invquadratic', 150.0, 0.5)
	fitphi = False
	randprefs = False
	avgprefs = False
	divpressure = None
	ncpus = 1
	fitprefsmethod = 2
	ncats = 4
	minbrlen = 1e-06
	minpref = 0.002
	seed = 1
	initparams = None
	profile = False
	opt_details = False
	nograd = False

2018-01-02 17:51:42,964 - INFO - Random number seed: 1

2018-01-02 17:51:42,965 - INFO - Reading alignment from bootstrap/WSN_intermediate_0_1.fasta
2018-01-02 17:51:43,411 - INFO - Read 53 aligned sequences from bootstrap/WSN_intermediate_0_1.fasta, each consisting of 564 codons.

2018-01-02 17:51:43,412 - INFO - Codon substitution model with be M0 version of YNGKP (Yang, Nielsen, Goldman, & Pederson. Genetics. 155:431-449).
2018-01-02 17:51:43,496 - INFO - Reading tree from bootstrap/WSN_intermediate_0_1_RAxML_tree.newick
2018-01-02 17:51:43,500 - INFO - Tree has 53 tips.
2018-01-02 17:51:43,516 - INFO - Adjusted 1 branch lengths up to minbrlen 1e-06

2018-01-02 17:51:43,516 - INFO - Initializing TreeLikelihood..
2018-01-02 17:51:46,429 - INFO - TreeLikelihood initialized.
2018-01-02 17:51:46,429 - INFO - Maximizing log likelihood (initially -38685.61).
2018-01-02 17:51:46,429 - INFO - Branch lengths will be optimized individually.
2018-01-02 18:04:50,816 - INFO - Maximization complete:
	Step 1: optimized parameters, loglik went from -38685.61 to -34206.41 (16 iterations, 26 function evals)
	Step 2: optimized branches, loglik went from -34206.41 to -34189.76 (64 iterations, 71 function evals)
	Step 3: optimized parameters, loglik went from -34189.76 to -34187.55 (4 iterations, 8 function evals)
	Step 4: optimized branches, loglik went from -34187.55 to -34186.79 (27 iterations, 33 function evals)
	Step 5: optimized parameters, loglik went from -34186.79 to -34186.38 (5 iterations, 8 function evals)
	Step 6: optimized branches, loglik went from -34186.38 to -34186.28 (2 iterations, 5 function evals)
	Step 7: optimized parameters, loglik went from -34186.28 to -34186.21 (6 iterations, 14 function evals)
	Step 8: optimized branches, loglik went from -34186.21 to -34186.17 (2 iterations, 5 function evals)
	Step 9: optimized parameters, loglik went from -34186.17 to -34186.16 (1 iterations, 5 function evals)
2018-01-02 18:04:50,856 - INFO - Optimized log likelihood is -34186.16.
2018-01-02 18:04:50,857 - INFO - Writing log likelihood to bootstrap/WSN_intermediate_0_1_YNGKP_M0_loglikelihood.txt
2018-01-02 18:04:50,878 - INFO - Model parameters after optimization:
	kappa = 3.04722
	omega = 0.0693457
	phi0A = 0.354597
	phi0C = 0.119484
	phi0G = 0.283132
	phi1A = 0.381019
	phi1C = 0.19703
	phi1G = 0.192794
	phi2A = 0.344766
	phi2C = 0.204333
	phi2G = 0.19905
2018-01-02 18:04:50,878 - INFO - Writing model parameters to bootstrap/WSN_intermediate_0_1_YNGKP_M0_modelparams.txt
2018-01-02 18:04:50,882 - INFO - Writing the optimized tree to bootstrap/WSN_intermediate_0_1_YNGKP_M0_tree.newick

2018-01-02 18:04:50,892 - INFO - Successful completion of phydms
