2018-01-02 18:57:49,381 - INFO - Beginning execution of phydms in directory /fh/fast/bloom_j/computational_notebooks/skhilton/2017/divergence_timing_manuscript/analysis/HA/branch_lengths

2018-01-02 18:57:49,381 - INFO - Progress is being logged to bootstrap/WSN_low_0_1_averaged_ExpCM_WSN_low_0_1_prefs_gammaomega_log.log

2018-01-02 18:57:49,382 - INFO - Version information:
	Time and date: Tue Jan  2 18:57:48 2018
	Platform: Linux-3.13.0-68-generic-x86_64-with-debian-jessie-sid
	Python version: 3.6.0 |Continuum Analytics, Inc.| (default, Dec 23 2016, 12:22:00)  [GCC 4.4.7 20120313 (Red Hat 4.4.7-1)]
	phydms version: 2.2.0
	Bio version: 1.69
	cython version: 0.25.2
	numpy version: 1.13.3
	scipy version: 0.19.0
	matplotlib version: 2.1.0
	natsort version: 5.0.2
	sympy version: 1.0
	six version: 1.11.0
	pandas version: 0.21.0
	pyvolve version: 0.8.4
	statsmodels version: 0.8.0
	weblogolib version: 3.5.0
	PyPDF2 version: 1.26.0

2018-01-02 18:57:49,382 - INFO - Parsed the following arguments:
	alignment = bootstrap/WSN_low_0_1.fasta
	tree = bootstrap/WSN_low_0_1_RAxML_tree.newick
	model = ('ExpCM', 'bootstrap/WSN_low_0_1_prefs.csv')
	outprefix = bootstrap/WSN_low_0_1_averaged_ExpCM_WSN_low_0_1_prefs_gammaomega
	brlen = optimize
	gammaomega = True
	gammabeta = False
	omegabysite = False
	omegabysite_fixsyn = False
	diffprefsbysite = False
	diffprefsprior = ('invquadratic', 150.0, 0.5)
	fitphi = False
	randprefs = False
	avgprefs = True
	divpressure = None
	ncpus = 4
	fitprefsmethod = 2
	ncats = 4
	minbrlen = 1e-06
	minpref = 0.002
	seed = 1
	initparams = None
	profile = False
	opt_details = False
	nograd = False

2018-01-02 18:57:49,382 - INFO - Random number seed: 1

2018-01-02 18:57:49,382 - INFO - Reading alignment from bootstrap/WSN_low_0_1.fasta
2018-01-02 18:57:49,622 - INFO - Read 28 aligned sequences from bootstrap/WSN_low_0_1.fasta, each consisting of 564 codons.

2018-01-02 18:57:49,622 - INFO - The model will be an ExpCM informed by site-specific amino-acid preferences in bootstrap/WSN_low_0_1_prefs.csv
2018-01-02 18:57:49,622 - INFO - Preferences will be averaged across sites.
2018-01-02 18:57:50,976 - INFO - Successfully read site-specific amino-acid preferences for all 564 sites.

2018-01-02 18:57:50,977 - INFO - Nucleotide frequency parameters phi will be set so stationary state matches alignment nucleotide frequencies of A = 0.356, C = 0.187, G = 0.222, T = 0.235

2018-01-02 18:57:53,006 - INFO - Omega will be drawn from 4 gamma-distributed categories.

2018-01-02 18:58:03,533 - INFO - Reading tree from bootstrap/WSN_low_0_1_RAxML_tree.newick
2018-01-02 18:58:03,536 - INFO - Tree has 28 tips.
2018-01-02 18:58:03,549 - INFO - Adjusted 1 branch lengths up to minbrlen 1e-06

2018-01-02 18:58:03,549 - INFO - Initializing TreeLikelihood..
2018-01-02 18:59:03,471 - INFO - TreeLikelihood initialized.
2018-01-02 18:59:03,488 - INFO - Maximizing log likelihood (initially -18952.43).
2018-01-02 18:59:03,488 - INFO - Branch lengths will be optimized individually.
2018-01-02 20:06:09,514 - INFO - Maximization complete:
	Step 1: optimized parameters, loglik went from -18952.43 to -16708.09 (19 iterations, 25 function evals)
	Step 2: optimized branches, loglik went from -16708.09 to -16696.64 (55 iterations, 61 function evals)
	Step 3: optimized parameters, loglik went from -16696.64 to -16695.35 (9 iterations, 13 function evals)
	Step 4: optimized branches, loglik went from -16695.35 to -16694.97 (34 iterations, 41 function evals)
	Step 5: optimized parameters, loglik went from -16694.97 to -16694.93 (2 iterations, 4 function evals)
	Step 6: optimized branches, loglik went from -16694.93 to -16694.93 (1 iterations, 4 function evals)
2018-01-02 20:06:09,564 - INFO - Optimized log likelihood is -16694.93.
2018-01-02 20:06:09,565 - INFO - Writing log likelihood to bootstrap/WSN_low_0_1_averaged_ExpCM_WSN_low_0_1_prefs_gammaomega_loglikelihood.txt
2018-01-02 20:06:09,588 - INFO - Model parameters after optimization:
	alpha_omega = 0.45461
	beta = 0.624978
	beta_omega = 3.64715
	kappa =  4.012
	phiA = 0.369803
	phiC = 0.1781
	phiG = 0.221796
2018-01-02 20:06:09,588 - INFO - Writing model parameters to bootstrap/WSN_low_0_1_averaged_ExpCM_WSN_low_0_1_prefs_gammaomega_modelparams.txt
2018-01-02 20:06:09,596 - INFO - Writing the optimized tree to bootstrap/WSN_low_0_1_averaged_ExpCM_WSN_low_0_1_prefs_gammaomega_tree.newick

2018-01-02 20:06:09,611 - INFO - Successful completion of phydms
