2018-01-02 18:57:45,293 - INFO - Beginning execution of phydms in directory /fh/fast/bloom_j/computational_notebooks/skhilton/2017/divergence_timing_manuscript/analysis/HA/branch_lengths

2018-01-02 18:57:45,293 - INFO - Progress is being logged to bootstrap/WSN_low_0_1_YNGKP_M5_log.log

2018-01-02 18:57:45,293 - INFO - Version information:
	Time and date: Tue Jan  2 18:57:44 2018
	Platform: Linux-3.13.0-68-generic-x86_64-with-debian-jessie-sid
	Python version: 3.6.0 |Continuum Analytics, Inc.| (default, Dec 23 2016, 12:22:00)  [GCC 4.4.7 20120313 (Red Hat 4.4.7-1)]
	phydms version: 2.2.0
	Bio version: 1.69
	cython version: 0.25.2
	numpy version: 1.13.3
	scipy version: 0.19.0
	matplotlib version: 2.1.0
	natsort version: 5.0.2
	sympy version: 1.0
	six version: 1.11.0
	pandas version: 0.21.0
	pyvolve version: 0.8.4
	statsmodels version: 0.8.0
	weblogolib version: 3.5.0
	PyPDF2 version: 1.26.0

2018-01-02 18:57:45,293 - INFO - Parsed the following arguments:
	alignment = bootstrap/WSN_low_0_1.fasta
	tree = bootstrap/WSN_low_0_1_RAxML_tree.newick
	model = YNGKP_M5
	outprefix = bootstrap/WSN_low_0_1_YNGKP_M5
	brlen = optimize
	gammaomega = False
	gammabeta = False
	omegabysite = False
	omegabysite_fixsyn = False
	diffprefsbysite = False
	diffprefsprior = ('invquadratic', 150.0, 0.5)
	fitphi = False
	randprefs = False
	avgprefs = False
	divpressure = None
	ncpus = 1
	fitprefsmethod = 2
	ncats = 4
	minbrlen = 1e-06
	minpref = 0.002
	seed = 1
	initparams = None
	profile = False
	opt_details = False
	nograd = False

2018-01-02 18:57:45,293 - INFO - Random number seed: 1

2018-01-02 18:57:45,294 - INFO - Reading alignment from bootstrap/WSN_low_0_1.fasta
2018-01-02 18:57:45,537 - INFO - Read 28 aligned sequences from bootstrap/WSN_low_0_1.fasta, each consisting of 564 codons.

2018-01-02 18:57:45,538 - INFO - Codon substitution model with be M5 version of YNGKP (Yang, Nielsen, Goldman, & Pederson. Genetics. 155:431-449).
2018-01-02 18:57:45,581 - INFO - For this YNGKP_M5 model, omega will be drawn from 4 gamma-distributed categories.
2018-01-02 18:57:45,591 - INFO - Reading tree from bootstrap/WSN_low_0_1_RAxML_tree.newick
2018-01-02 18:57:45,594 - INFO - Tree has 28 tips.
2018-01-02 18:57:45,599 - INFO - Adjusted 1 branch lengths up to minbrlen 1e-06

2018-01-02 18:57:45,599 - INFO - Initializing TreeLikelihood..
2018-01-02 18:57:52,089 - INFO - TreeLikelihood initialized.
2018-01-02 18:57:52,091 - INFO - Maximizing log likelihood (initially -18952.34).
2018-01-02 18:57:52,091 - INFO - Branch lengths will be optimized individually.
2018-01-02 19:17:14,020 - INFO - Maximization complete:
	Step 1: optimized parameters, loglik went from -18952.34 to -16808.12 (16 iterations, 22 function evals)
	Step 2: optimized branches, loglik went from -16808.12 to -16794.33 (82 iterations, 92 function evals)
	Step 3: optimized parameters, loglik went from -16794.33 to -16792.86 (12 iterations, 17 function evals)
	Step 4: optimized branches, loglik went from -16792.86 to -16792.79 (3 iterations, 6 function evals)
	Step 5: optimized parameters, loglik went from -16792.79 to -16792.75 (4 iterations, 6 function evals)
	Step 6: optimized branches, loglik went from -16792.75 to -16792.73 (2 iterations, 5 function evals)
	Step 7: optimized parameters, loglik went from -16792.73 to -16792.71 (4 iterations, 6 function evals)
	Step 8: optimized branches, loglik went from -16792.71 to -16792.71 (1 iterations, 4 function evals)
2018-01-02 19:17:14,063 - INFO - Optimized log likelihood is -16792.71.
2018-01-02 19:17:14,064 - INFO - Writing log likelihood to bootstrap/WSN_low_0_1_YNGKP_M5_loglikelihood.txt
2018-01-02 19:17:14,078 - INFO - Model parameters after optimization:
	alpha_omega = 0.473878
	beta_omega = 4.22243
	kappa = 3.4038
	phi0A = 0.357728
	phi0C = 0.120267
	phi0G = 0.271916
	phi1A = 0.392843
	phi1C = 0.200465
	phi1G = 0.178274
	phi2A = 0.347975
	phi2C = 0.201824
	phi2G = 0.204348
2018-01-02 19:17:14,078 - INFO - Writing model parameters to bootstrap/WSN_low_0_1_YNGKP_M5_modelparams.txt
2018-01-02 19:17:14,089 - INFO - Writing the optimized tree to bootstrap/WSN_low_0_1_YNGKP_M5_tree.newick

2018-01-02 19:17:14,099 - INFO - Successful completion of phydms
