2018-01-02 21:08:16,111 - INFO - Beginning execution of phydms in directory /fh/fast/bloom_j/computational_notebooks/skhilton/2017/divergence_timing_manuscript/analysis/HA/branch_lengths

2018-01-02 21:08:16,111 - INFO - Progress is being logged to bootstrap/WSN_intermediate_0_0_averaged_ExpCM_WSN_intermediate_0_0_prefs_gammaomega_log.log

2018-01-02 21:08:16,111 - INFO - Version information:
	Time and date: Tue Jan  2 21:08:14 2018
	Platform: Linux-3.13.0-68-generic-x86_64-with-debian-jessie-sid
	Python version: 3.6.0 |Continuum Analytics, Inc.| (default, Dec 23 2016, 12:22:00)  [GCC 4.4.7 20120313 (Red Hat 4.4.7-1)]
	phydms version: 2.2.0
	Bio version: 1.69
	cython version: 0.25.2
	numpy version: 1.13.3
	scipy version: 0.19.0
	matplotlib version: 2.1.0
	natsort version: 5.0.2
	sympy version: 1.0
	six version: 1.11.0
	pandas version: 0.21.0
	pyvolve version: 0.8.4
	statsmodels version: 0.8.0
	weblogolib version: 3.5.0
	PyPDF2 version: 1.26.0

2018-01-02 21:08:16,112 - INFO - Parsed the following arguments:
	alignment = bootstrap/WSN_intermediate_0_0.fasta
	tree = bootstrap/WSN_intermediate_0_0_RAxML_tree.newick
	model = ('ExpCM', 'bootstrap/WSN_intermediate_0_0_prefs.csv')
	outprefix = bootstrap/WSN_intermediate_0_0_averaged_ExpCM_WSN_intermediate_0_0_prefs_gammaomega
	brlen = optimize
	gammaomega = True
	gammabeta = False
	omegabysite = False
	omegabysite_fixsyn = False
	diffprefsbysite = False
	diffprefsprior = ('invquadratic', 150.0, 0.5)
	fitphi = False
	randprefs = False
	avgprefs = True
	divpressure = None
	ncpus = 4
	fitprefsmethod = 2
	ncats = 4
	minbrlen = 1e-06
	minpref = 0.002
	seed = 1
	initparams = None
	profile = False
	opt_details = False
	nograd = False

2018-01-02 21:08:16,112 - INFO - Random number seed: 1

2018-01-02 21:08:16,112 - INFO - Reading alignment from bootstrap/WSN_intermediate_0_0.fasta
2018-01-02 21:08:16,570 - INFO - Read 53 aligned sequences from bootstrap/WSN_intermediate_0_0.fasta, each consisting of 564 codons.

2018-01-02 21:08:16,570 - INFO - The model will be an ExpCM informed by site-specific amino-acid preferences in bootstrap/WSN_intermediate_0_0_prefs.csv
2018-01-02 21:08:16,571 - INFO - Preferences will be averaged across sites.
2018-01-02 21:08:18,022 - INFO - Successfully read site-specific amino-acid preferences for all 564 sites.

2018-01-02 21:08:18,024 - INFO - Nucleotide frequency parameters phi will be set so stationary state matches alignment nucleotide frequencies of A = 0.340, C = 0.180, G = 0.241, T = 0.239

2018-01-02 21:08:20,524 - INFO - Omega will be drawn from 4 gamma-distributed categories.

2018-01-02 21:08:32,400 - INFO - Reading tree from bootstrap/WSN_intermediate_0_0_RAxML_tree.newick
2018-01-02 21:08:32,406 - INFO - Tree has 53 tips.
2018-01-02 21:08:32,421 - INFO - Adjusted 1 branch lengths up to minbrlen 1e-06

2018-01-02 21:08:32,421 - INFO - Initializing TreeLikelihood..
2018-01-02 21:10:30,401 - INFO - TreeLikelihood initialized.
2018-01-02 21:10:30,402 - INFO - Maximizing log likelihood (initially -38413.36).
2018-01-02 21:10:30,402 - INFO - Branch lengths will be optimized individually.
2018-01-03 00:00:56,725 - INFO - Maximization complete:
	Step 1: optimized parameters, loglik went from -38413.36 to -33909.88 (19 iterations, 25 function evals)
	Step 2: optimized branches, loglik went from -33909.88 to -33877.90 (90 iterations, 99 function evals)
	Step 3: optimized parameters, loglik went from -33877.90 to -33874.50 (7 iterations, 12 function evals)
	Step 4: optimized branches, loglik went from -33874.50 to -33872.96 (70 iterations, 76 function evals)
	Step 5: optimized parameters, loglik went from -33872.96 to -33872.71 (8 iterations, 12 function evals)
	Step 6: optimized branches, loglik went from -33872.71 to -33872.71 (1 iterations, 4 function evals)
2018-01-03 00:00:56,771 - INFO - Optimized log likelihood is -33872.71.
2018-01-03 00:00:56,771 - INFO - Writing log likelihood to bootstrap/WSN_intermediate_0_0_averaged_ExpCM_WSN_intermediate_0_0_prefs_gammaomega_loglikelihood.txt
2018-01-03 00:00:56,815 - INFO - Model parameters after optimization:
	alpha_omega = 0.606953
	beta = 1.13543
	beta_omega = 5.63931
	kappa = 3.68845
	phiA = 0.358379
	phiC = 0.171018
	phiG = 0.245216
2018-01-03 00:00:56,815 - INFO - Writing model parameters to bootstrap/WSN_intermediate_0_0_averaged_ExpCM_WSN_intermediate_0_0_prefs_gammaomega_modelparams.txt
2018-01-03 00:00:56,822 - INFO - Writing the optimized tree to bootstrap/WSN_intermediate_0_0_averaged_ExpCM_WSN_intermediate_0_0_prefs_gammaomega_tree.newick

2018-01-03 00:00:56,836 - INFO - Successful completion of phydms
