2018-01-02 18:57:47,358 - INFO - Beginning execution of phydms in directory /fh/fast/bloom_j/computational_notebooks/skhilton/2017/divergence_timing_manuscript/analysis/HA/branch_lengths

2018-01-02 18:57:47,358 - INFO - Progress is being logged to bootstrap/WSN_low_0_1_ExpCM_WSN_low_0_1_prefs_gammaomega_log.log

2018-01-02 18:57:47,359 - INFO - Version information:
	Time and date: Tue Jan  2 18:57:46 2018
	Platform: Linux-3.13.0-68-generic-x86_64-with-debian-jessie-sid
	Python version: 3.6.0 |Continuum Analytics, Inc.| (default, Dec 23 2016, 12:22:00)  [GCC 4.4.7 20120313 (Red Hat 4.4.7-1)]
	phydms version: 2.2.0
	Bio version: 1.69
	cython version: 0.25.2
	numpy version: 1.13.3
	scipy version: 0.19.0
	matplotlib version: 2.1.0
	natsort version: 5.0.2
	sympy version: 1.0
	six version: 1.11.0
	pandas version: 0.21.0
	pyvolve version: 0.8.4
	statsmodels version: 0.8.0
	weblogolib version: 3.5.0
	PyPDF2 version: 1.26.0

2018-01-02 18:57:47,359 - INFO - Parsed the following arguments:
	alignment = bootstrap/WSN_low_0_1.fasta
	tree = bootstrap/WSN_low_0_1_RAxML_tree.newick
	model = ('ExpCM', 'bootstrap/WSN_low_0_1_prefs.csv')
	outprefix = bootstrap/WSN_low_0_1_ExpCM_WSN_low_0_1_prefs_gammaomega
	brlen = optimize
	gammaomega = True
	gammabeta = False
	omegabysite = False
	omegabysite_fixsyn = False
	diffprefsbysite = False
	diffprefsprior = ('invquadratic', 150.0, 0.5)
	fitphi = False
	randprefs = False
	avgprefs = False
	divpressure = None
	ncpus = 4
	fitprefsmethod = 2
	ncats = 4
	minbrlen = 1e-06
	minpref = 0.002
	seed = 1
	initparams = None
	profile = False
	opt_details = False
	nograd = False

2018-01-02 18:57:47,359 - INFO - Random number seed: 1

2018-01-02 18:57:47,359 - INFO - Reading alignment from bootstrap/WSN_low_0_1.fasta
2018-01-02 18:57:47,609 - INFO - Read 28 aligned sequences from bootstrap/WSN_low_0_1.fasta, each consisting of 564 codons.

2018-01-02 18:57:47,610 - INFO - The model will be an ExpCM informed by site-specific amino-acid preferences in bootstrap/WSN_low_0_1_prefs.csv
2018-01-02 18:57:49,104 - INFO - Successfully read site-specific amino-acid preferences for all 564 sites.

2018-01-02 18:57:49,105 - INFO - Nucleotide frequency parameters phi will be set so stationary state matches alignment nucleotide frequencies of A = 0.356, C = 0.187, G = 0.222, T = 0.235

2018-01-02 18:57:50,703 - INFO - Omega will be drawn from 4 gamma-distributed categories.

2018-01-02 18:58:01,688 - INFO - Reading tree from bootstrap/WSN_low_0_1_RAxML_tree.newick
2018-01-02 18:58:01,695 - INFO - Tree has 28 tips.
2018-01-02 18:58:01,701 - INFO - Adjusted 1 branch lengths up to minbrlen 1e-06

2018-01-02 18:58:01,701 - INFO - Initializing TreeLikelihood..
2018-01-02 18:59:02,946 - INFO - TreeLikelihood initialized.
2018-01-02 18:59:02,947 - INFO - Maximizing log likelihood (initially -17641.23).
2018-01-02 18:59:02,948 - INFO - Branch lengths will be optimized individually.
2018-01-02 20:42:02,336 - INFO - Maximization complete:
	Step 1: optimized parameters, loglik went from -17641.23 to -15571.81 (20 iterations, 26 function evals)
	Step 2: optimized branches, loglik went from -15571.81 to -15538.57 (121 iterations, 135 function evals)
	Step 3: optimized parameters, loglik went from -15538.57 to -15535.21 (15 iterations, 20 function evals)
	Step 4: optimized branches, loglik went from -15535.21 to -15534.10 (41 iterations, 48 function evals)
	Step 5: optimized parameters, loglik went from -15534.10 to -15533.85 (8 iterations, 11 function evals)
	Step 6: optimized branches, loglik went from -15533.85 to -15533.80 (15 iterations, 18 function evals)
	Step 7: optimized parameters, loglik went from -15533.80 to -15533.79 (2 iterations, 4 function evals)
2018-01-02 20:42:02,382 - INFO - Optimized log likelihood is -15533.79.
2018-01-02 20:42:02,382 - INFO - Writing log likelihood to bootstrap/WSN_low_0_1_ExpCM_WSN_low_0_1_prefs_gammaomega_loglikelihood.txt
2018-01-02 20:42:02,414 - INFO - Model parameters after optimization:
	alpha_omega = 1.22348
	beta = 1.55206
	beta_omega = 5.65714
	kappa = 3.9995
	phiA = 0.397182
	phiC = 0.178414
	phiG = 0.21888
2018-01-02 20:42:02,414 - INFO - Writing model parameters to bootstrap/WSN_low_0_1_ExpCM_WSN_low_0_1_prefs_gammaomega_modelparams.txt
2018-01-02 20:42:02,423 - INFO - Writing the optimized tree to bootstrap/WSN_low_0_1_ExpCM_WSN_low_0_1_prefs_gammaomega_tree.newick

2018-01-02 20:42:02,438 - INFO - Successful completion of phydms
