2018-01-02 10:27:59,257 - INFO - Beginning execution of phydms in directory /fh/fast/bloom_j/computational_notebooks/skhilton/2017/divergence_timing_manuscript/analysis/HA/branch_lengths

2018-01-02 10:27:59,257 - INFO - Progress is being logged to bootstrap/WSN_low_0_0_randomized_ExpCM_WSN_low_0_0_prefs_log.log

2018-01-02 10:27:59,258 - INFO - Version information:
	Time and date: Tue Jan  2 10:27:58 2018
	Platform: Linux-3.13.0-68-generic-x86_64-with-debian-jessie-sid
	Python version: 3.6.0 |Continuum Analytics, Inc.| (default, Dec 23 2016, 12:22:00)  [GCC 4.4.7 20120313 (Red Hat 4.4.7-1)]
	phydms version: 2.2.0
	Bio version: 1.69
	cython version: 0.25.2
	numpy version: 1.13.3
	scipy version: 0.19.0
	matplotlib version: 2.1.0
	natsort version: 5.0.2
	sympy version: 1.0
	six version: 1.11.0
	pandas version: 0.21.0
	pyvolve version: 0.8.4
	statsmodels version: 0.8.0
	weblogolib version: 3.5.0
	PyPDF2 version: 1.26.0

2018-01-02 10:27:59,258 - INFO - Parsed the following arguments:
	alignment = bootstrap/WSN_low_0_0.fasta
	tree = bootstrap/WSN_low_0_0_RAxML_tree.newick
	model = ('ExpCM', 'bootstrap/WSN_low_0_0_prefs.csv')
	outprefix = bootstrap/WSN_low_0_0_randomized_ExpCM_WSN_low_0_0_prefs
	brlen = optimize
	gammaomega = False
	gammabeta = False
	omegabysite = False
	omegabysite_fixsyn = False
	diffprefsbysite = False
	diffprefsprior = ('invquadratic', 150.0, 0.5)
	fitphi = False
	randprefs = True
	avgprefs = False
	divpressure = None
	ncpus = 4
	fitprefsmethod = 2
	ncats = 4
	minbrlen = 1e-06
	minpref = 0.002
	seed = 1
	initparams = None
	profile = False
	opt_details = False
	nograd = False

2018-01-02 10:27:59,258 - INFO - Random number seed: 1

2018-01-02 10:27:59,258 - INFO - Reading alignment from bootstrap/WSN_low_0_0.fasta
2018-01-02 10:27:59,495 - INFO - Read 28 aligned sequences from bootstrap/WSN_low_0_0.fasta, each consisting of 564 codons.

2018-01-02 10:27:59,496 - INFO - The model will be an ExpCM informed by site-specific amino-acid preferences in bootstrap/WSN_low_0_0_prefs.csv
2018-01-02 10:27:59,496 - INFO - Preferences will be randomized across sites.
2018-01-02 10:28:00,935 - INFO - Successfully read site-specific amino-acid preferences for all 564 sites.

2018-01-02 10:28:00,936 - INFO - Nucleotide frequency parameters phi will be set so stationary state matches alignment nucleotide frequencies of A = 0.347, C = 0.177, G = 0.241, T = 0.235

2018-01-02 10:28:02,608 - INFO - Reading tree from bootstrap/WSN_low_0_0_RAxML_tree.newick
2018-01-02 10:28:02,612 - INFO - Tree has 28 tips.
2018-01-02 10:28:02,618 - INFO - Adjusted 1 branch lengths up to minbrlen 1e-06

2018-01-02 10:28:02,618 - INFO - Initializing TreeLikelihood..
2018-01-02 10:28:17,308 - INFO - TreeLikelihood initialized.
2018-01-02 10:28:17,308 - INFO - Maximizing log likelihood (initially -20295.96).
2018-01-02 10:28:17,308 - INFO - Branch lengths will be optimized individually.
2018-01-02 10:52:12,878 - INFO - Maximization complete:
	Step 1: optimized parameters, loglik went from -20295.96 to -18037.44 (20 iterations, 30 function evals)
	Step 2: optimized branches, loglik went from -18037.44 to -18032.73 (37 iterations, 43 function evals)
	Step 3: optimized parameters, loglik went from -18032.73 to -18032.62 (2 iterations, 6 function evals)
	Step 4: optimized branches, loglik went from -18032.62 to -18032.62 (1 iterations, 5 function evals)
2018-01-02 10:52:12,920 - INFO - Optimized log likelihood is -18032.62.
2018-01-02 10:52:12,920 - INFO - Writing log likelihood to bootstrap/WSN_low_0_0_randomized_ExpCM_WSN_low_0_0_prefs_loglikelihood.txt
2018-01-02 10:52:12,936 - INFO - Model parameters after optimization:
	beta = 0.0370419
	kappa = 3.35418
	omega = 0.114983
	phiA = 0.356561
	phiC = 0.164397
	phiG = 0.2377
2018-01-02 10:52:12,936 - INFO - Writing model parameters to bootstrap/WSN_low_0_0_randomized_ExpCM_WSN_low_0_0_prefs_modelparams.txt
2018-01-02 10:52:12,944 - INFO - Writing the optimized tree to bootstrap/WSN_low_0_0_randomized_ExpCM_WSN_low_0_0_prefs_tree.newick

2018-01-02 10:52:12,956 - INFO - Successful completion of phydms
