2018-01-02 17:51:47,020 - INFO - Beginning execution of phydms in directory /fh/fast/bloom_j/computational_notebooks/skhilton/2017/divergence_timing_manuscript/analysis/HA/branch_lengths

2018-01-02 17:51:47,020 - INFO - Progress is being logged to bootstrap/WSN_intermediate_0_1_averaged_ExpCM_WSN_intermediate_0_1_prefs_log.log

2018-01-02 17:51:47,021 - INFO - Version information:
	Time and date: Tue Jan  2 17:51:45 2018
	Platform: Linux-3.13.0-68-generic-x86_64-with-debian-jessie-sid
	Python version: 3.6.0 |Continuum Analytics, Inc.| (default, Dec 23 2016, 12:22:00)  [GCC 4.4.7 20120313 (Red Hat 4.4.7-1)]
	phydms version: 2.2.0
	Bio version: 1.69
	cython version: 0.25.2
	numpy version: 1.13.3
	scipy version: 0.19.0
	matplotlib version: 2.1.0
	natsort version: 5.0.2
	sympy version: 1.0
	six version: 1.11.0
	pandas version: 0.21.0
	pyvolve version: 0.8.4
	statsmodels version: 0.8.0
	weblogolib version: 3.5.0
	PyPDF2 version: 1.26.0

2018-01-02 17:51:47,021 - INFO - Parsed the following arguments:
	alignment = bootstrap/WSN_intermediate_0_1.fasta
	tree = bootstrap/WSN_intermediate_0_1_RAxML_tree.newick
	model = ('ExpCM', 'bootstrap/WSN_intermediate_0_1_prefs.csv')
	outprefix = bootstrap/WSN_intermediate_0_1_averaged_ExpCM_WSN_intermediate_0_1_prefs
	brlen = optimize
	gammaomega = False
	gammabeta = False
	omegabysite = False
	omegabysite_fixsyn = False
	diffprefsbysite = False
	diffprefsprior = ('invquadratic', 150.0, 0.5)
	fitphi = False
	randprefs = False
	avgprefs = True
	divpressure = None
	ncpus = 4
	fitprefsmethod = 2
	ncats = 4
	minbrlen = 1e-06
	minpref = 0.002
	seed = 1
	initparams = None
	profile = False
	opt_details = False
	nograd = False

2018-01-02 17:51:47,021 - INFO - Random number seed: 1

2018-01-02 17:51:47,021 - INFO - Reading alignment from bootstrap/WSN_intermediate_0_1.fasta
2018-01-02 17:51:47,462 - INFO - Read 53 aligned sequences from bootstrap/WSN_intermediate_0_1.fasta, each consisting of 564 codons.

2018-01-02 17:51:47,463 - INFO - The model will be an ExpCM informed by site-specific amino-acid preferences in bootstrap/WSN_intermediate_0_1_prefs.csv
2018-01-02 17:51:47,463 - INFO - Preferences will be averaged across sites.
2018-01-02 17:51:48,825 - INFO - Successfully read site-specific amino-acid preferences for all 564 sites.

2018-01-02 17:51:48,828 - INFO - Nucleotide frequency parameters phi will be set so stationary state matches alignment nucleotide frequencies of A = 0.351, C = 0.186, G = 0.229, T = 0.235

2018-01-02 17:51:50,827 - INFO - Reading tree from bootstrap/WSN_intermediate_0_1_RAxML_tree.newick
2018-01-02 17:51:50,833 - INFO - Tree has 53 tips.
2018-01-02 17:51:50,848 - INFO - Adjusted 1 branch lengths up to minbrlen 1e-06

2018-01-02 17:51:50,849 - INFO - Initializing TreeLikelihood..
2018-01-02 17:52:22,056 - INFO - TreeLikelihood initialized.
2018-01-02 17:52:22,057 - INFO - Maximizing log likelihood (initially -38600.03).
2018-01-02 17:52:22,057 - INFO - Branch lengths will be optimized individually.
2018-01-02 18:21:00,210 - INFO - Maximization complete:
	Step 1: optimized parameters, loglik went from -38600.03 to -34017.06 (19 iterations, 27 function evals)
	Step 2: optimized branches, loglik went from -34017.06 to -34006.42 (55 iterations, 63 function evals)
	Step 3: optimized parameters, loglik went from -34006.42 to -34005.38 (6 iterations, 12 function evals)
	Step 4: optimized branches, loglik went from -34005.38 to -34005.38 (1 iterations, 4 function evals)
2018-01-02 18:21:00,250 - INFO - Optimized log likelihood is -34005.38.
2018-01-02 18:21:00,250 - INFO - Writing log likelihood to bootstrap/WSN_intermediate_0_1_averaged_ExpCM_WSN_intermediate_0_1_prefs_loglikelihood.txt
2018-01-02 18:21:00,256 - INFO - Model parameters after optimization:
	beta = 0.453396
	kappa = 3.49735
	omega = 0.0802645
	phiA = 0.362807
	phiC = 0.175993
	phiG = 0.227663
2018-01-02 18:21:00,256 - INFO - Writing model parameters to bootstrap/WSN_intermediate_0_1_averaged_ExpCM_WSN_intermediate_0_1_prefs_modelparams.txt
2018-01-02 18:21:00,260 - INFO - Writing the optimized tree to bootstrap/WSN_intermediate_0_1_averaged_ExpCM_WSN_intermediate_0_1_prefs_tree.newick

2018-01-02 18:21:00,269 - INFO - Successful completion of phydms
