2018-01-02 17:51:43,937 - INFO - Beginning execution of phydms in directory /fh/fast/bloom_j/computational_notebooks/skhilton/2017/divergence_timing_manuscript/analysis/HA/branch_lengths

2018-01-02 17:51:43,937 - INFO - Progress is being logged to bootstrap/WSN_intermediate_0_1_YNGKP_M5_log.log

2018-01-02 17:51:43,938 - INFO - Version information:
	Time and date: Tue Jan  2 17:51:42 2018
	Platform: Linux-3.13.0-68-generic-x86_64-with-debian-jessie-sid
	Python version: 3.6.0 |Continuum Analytics, Inc.| (default, Dec 23 2016, 12:22:00)  [GCC 4.4.7 20120313 (Red Hat 4.4.7-1)]
	phydms version: 2.2.0
	Bio version: 1.69
	cython version: 0.25.2
	numpy version: 1.13.3
	scipy version: 0.19.0
	matplotlib version: 2.1.0
	natsort version: 5.0.2
	sympy version: 1.0
	six version: 1.11.0
	pandas version: 0.21.0
	pyvolve version: 0.8.4
	statsmodels version: 0.8.0
	weblogolib version: 3.5.0
	PyPDF2 version: 1.26.0

2018-01-02 17:51:43,938 - INFO - Parsed the following arguments:
	alignment = bootstrap/WSN_intermediate_0_1.fasta
	tree = bootstrap/WSN_intermediate_0_1_RAxML_tree.newick
	model = YNGKP_M5
	outprefix = bootstrap/WSN_intermediate_0_1_YNGKP_M5
	brlen = optimize
	gammaomega = False
	gammabeta = False
	omegabysite = False
	omegabysite_fixsyn = False
	diffprefsbysite = False
	diffprefsprior = ('invquadratic', 150.0, 0.5)
	fitphi = False
	randprefs = False
	avgprefs = False
	divpressure = None
	ncpus = 1
	fitprefsmethod = 2
	ncats = 4
	minbrlen = 1e-06
	minpref = 0.002
	seed = 1
	initparams = None
	profile = False
	opt_details = False
	nograd = False

2018-01-02 17:51:43,938 - INFO - Random number seed: 1

2018-01-02 17:51:43,938 - INFO - Reading alignment from bootstrap/WSN_intermediate_0_1.fasta
2018-01-02 17:51:44,402 - INFO - Read 53 aligned sequences from bootstrap/WSN_intermediate_0_1.fasta, each consisting of 564 codons.

2018-01-02 17:51:44,403 - INFO - Codon substitution model with be M5 version of YNGKP (Yang, Nielsen, Goldman, & Pederson. Genetics. 155:431-449).
2018-01-02 17:51:44,436 - INFO - For this YNGKP_M5 model, omega will be drawn from 4 gamma-distributed categories.
2018-01-02 17:51:44,447 - INFO - Reading tree from bootstrap/WSN_intermediate_0_1_RAxML_tree.newick
2018-01-02 17:51:44,450 - INFO - Tree has 53 tips.
2018-01-02 17:51:44,466 - INFO - Adjusted 1 branch lengths up to minbrlen 1e-06

2018-01-02 17:51:44,466 - INFO - Initializing TreeLikelihood..
2018-01-02 17:52:01,054 - INFO - TreeLikelihood initialized.
2018-01-02 17:52:01,055 - INFO - Maximizing log likelihood (initially -37845.42).
2018-01-02 17:52:01,056 - INFO - Branch lengths will be optimized individually.
2018-01-02 19:09:36,141 - INFO - Maximization complete:
	Step 1: optimized parameters, loglik went from -37845.42 to -33381.16 (21 iterations, 28 function evals)
	Step 2: optimized branches, loglik went from -33381.16 to -33322.99 (127 iterations, 137 function evals)
	Step 3: optimized parameters, loglik went from -33322.99 to -33314.17 (9 iterations, 13 function evals)
	Step 4: optimized branches, loglik went from -33314.17 to -33312.91 (61 iterations, 69 function evals)
	Step 5: optimized parameters, loglik went from -33312.91 to -33312.73 (4 iterations, 7 function evals)
	Step 6: optimized branches, loglik went from -33312.73 to -33312.69 (2 iterations, 5 function evals)
	Step 7: optimized parameters, loglik went from -33312.69 to -33312.67 (4 iterations, 6 function evals)
	Step 8: optimized branches, loglik went from -33312.67 to -33312.66 (1 iterations, 4 function evals)
2018-01-02 19:09:36,187 - INFO - Optimized log likelihood is -33312.66.
2018-01-02 19:09:36,187 - INFO - Writing log likelihood to bootstrap/WSN_intermediate_0_1_YNGKP_M5_loglikelihood.txt
2018-01-02 19:09:36,360 - INFO - Model parameters after optimization:
	alpha_omega = 0.579118
	beta_omega = 7.1183
	kappa = 3.38113
	phi0A = 0.354597
	phi0C = 0.119484
	phi0G = 0.283132
	phi1A = 0.381019
	phi1C = 0.19703
	phi1G = 0.192794
	phi2A = 0.344766
	phi2C = 0.204333
	phi2G = 0.19905
2018-01-02 19:09:36,361 - INFO - Writing model parameters to bootstrap/WSN_intermediate_0_1_YNGKP_M5_modelparams.txt
2018-01-02 19:09:36,369 - INFO - Writing the optimized tree to bootstrap/WSN_intermediate_0_1_YNGKP_M5_tree.newick

2018-01-02 19:09:36,376 - INFO - Successful completion of phydms
