2018-01-02 10:28:53,757 - INFO - Beginning execution of phydms in directory /fh/fast/bloom_j/computational_notebooks/skhilton/2017/divergence_timing_manuscript/analysis/HA/branch_lengths

2018-01-02 10:28:53,758 - INFO - Progress is being logged to bootstrap/WSN_high_0_1_randomized_ExpCM_WSN_high_0_1_prefs_gammaomega_log.log

2018-01-02 10:28:53,758 - INFO - Version information:
	Time and date: Tue Jan  2 10:28:51 2018
	Platform: Linux-3.13.0-68-generic-x86_64-with-debian-jessie-sid
	Python version: 3.6.0 |Continuum Analytics, Inc.| (default, Dec 23 2016, 12:22:00)  [GCC 4.4.7 20120313 (Red Hat 4.4.7-1)]
	phydms version: 2.2.0
	Bio version: 1.69
	cython version: 0.25.2
	numpy version: 1.13.3
	scipy version: 0.19.0
	matplotlib version: 2.1.0
	natsort version: 5.0.2
	sympy version: 1.0
	six version: 1.11.0
	pandas version: 0.21.0
	pyvolve version: 0.8.4
	statsmodels version: 0.8.0
	weblogolib version: 3.5.0
	PyPDF2 version: 1.26.0

2018-01-02 10:28:53,758 - INFO - Parsed the following arguments:
	alignment = bootstrap/WSN_high_0_1.fasta
	tree = bootstrap/WSN_high_0_1_RAxML_tree.newick
	model = ('ExpCM', 'bootstrap/WSN_high_0_1_prefs.csv')
	outprefix = bootstrap/WSN_high_0_1_randomized_ExpCM_WSN_high_0_1_prefs_gammaomega
	brlen = optimize
	gammaomega = True
	gammabeta = False
	omegabysite = False
	omegabysite_fixsyn = False
	diffprefsbysite = False
	diffprefsprior = ('invquadratic', 150.0, 0.5)
	fitphi = False
	randprefs = True
	avgprefs = False
	divpressure = None
	ncpus = 4
	fitprefsmethod = 2
	ncats = 4
	minbrlen = 1e-06
	minpref = 0.002
	seed = 1
	initparams = None
	profile = False
	opt_details = False
	nograd = False

2018-01-02 10:28:53,758 - INFO - Random number seed: 1

2018-01-02 10:28:53,758 - INFO - Reading alignment from bootstrap/WSN_high_0_1.fasta
2018-01-02 10:28:55,022 - INFO - Read 87 aligned sequences from bootstrap/WSN_high_0_1.fasta, each consisting of 564 codons.

2018-01-02 10:28:55,023 - INFO - The model will be an ExpCM informed by site-specific amino-acid preferences in bootstrap/WSN_high_0_1_prefs.csv
2018-01-02 10:28:55,023 - INFO - Preferences will be randomized across sites.
2018-01-02 10:28:59,864 - INFO - Successfully read site-specific amino-acid preferences for all 564 sites.

2018-01-02 10:28:59,872 - INFO - Nucleotide frequency parameters phi will be set so stationary state matches alignment nucleotide frequencies of A = 0.345, C = 0.188, G = 0.234, T = 0.233

2018-01-02 10:29:06,825 - INFO - Omega will be drawn from 4 gamma-distributed categories.

2018-01-02 10:29:26,762 - INFO - Reading tree from bootstrap/WSN_high_0_1_RAxML_tree.newick
2018-01-02 10:29:26,771 - INFO - Tree has 87 tips.
2018-01-02 10:29:26,808 - INFO - Adjusted 1 branch lengths up to minbrlen 1e-06

2018-01-02 10:29:26,809 - INFO - Initializing TreeLikelihood..
2018-01-02 10:32:53,321 - INFO - TreeLikelihood initialized.
2018-01-02 10:32:53,322 - INFO - Maximizing log likelihood (initially -60275.83).
2018-01-02 10:32:53,322 - INFO - Branch lengths will be optimized individually.
2018-01-02 16:43:15,224 - INFO - Maximization complete:
	Step 1: optimized parameters, loglik went from -60275.83 to -52908.81 (25 iterations, 31 function evals)
	Step 2: optimized branches, loglik went from -52908.81 to -52806.94 (172 iterations, 180 function evals)
	Step 3: optimized parameters, loglik went from -52806.94 to -52794.59 (8 iterations, 12 function evals)
	Step 4: optimized branches, loglik went from -52794.59 to -52793.41 (33 iterations, 39 function evals)
	Step 5: optimized parameters, loglik went from -52793.41 to -52793.14 (10 iterations, 16 function evals)
	Step 6: optimized branches, loglik went from -52793.14 to -52793.14 (1 iterations, 4 function evals)
2018-01-02 16:43:15,225 - INFO - Optimized log likelihood is -52793.14.
2018-01-02 16:43:15,225 - INFO - Writing log likelihood to bootstrap/WSN_high_0_1_randomized_ExpCM_WSN_high_0_1_prefs_gammaomega_loglikelihood.txt
2018-01-02 16:43:15,231 - INFO - Model parameters after optimization:
	alpha_omega = 0.654122
	beta = 0.0570915
	beta_omega = 8.12353
	kappa = 3.8666
	phiA = 0.353923
	phiC = 0.175237
	phiG = 0.231537
2018-01-02 16:43:15,231 - INFO - Writing model parameters to bootstrap/WSN_high_0_1_randomized_ExpCM_WSN_high_0_1_prefs_gammaomega_modelparams.txt
2018-01-02 16:43:15,236 - INFO - Writing the optimized tree to bootstrap/WSN_high_0_1_randomized_ExpCM_WSN_high_0_1_prefs_gammaomega_tree.newick

2018-01-02 16:43:15,246 - INFO - Successful completion of phydms
