2018-01-15 09:20:52,148 - INFO - Beginning execution of phydms in directory /fh/fast/bloom_j/computational_notebooks/skhilton/2017/divergence_timing_manuscript/analysis/simulations

2018-01-15 09:20:52,148 - INFO - Progress is being logged to phydms/WSN_high_0_1_ExpCM_HA_Doud_prefs_gammaomega_log.log

2018-01-15 09:20:52,148 - INFO - Version information:
	Time and date: Mon Jan 15 09:20:50 2018
	Platform: Linux-3.13.0-68-generic-x86_64-with-debian-jessie-sid
	Python version: 3.6.0 |Continuum Analytics, Inc.| (default, Dec 23 2016, 12:22:00)  [GCC 4.4.7 20120313 (Red Hat 4.4.7-1)]
	phydms version: 2.2.0
	Bio version: 1.69
	cython version: 0.25.2
	numpy version: 1.13.3
	scipy version: 0.19.0
	matplotlib version: 2.1.0
	natsort version: 5.0.2
	sympy version: 1.0
	six version: 1.11.0
	pandas version: 0.21.0
	pyvolve version: 0.8.4
	statsmodels version: 0.8.0
	weblogolib version: 3.5.0
	PyPDF2 version: 1.26.0

2018-01-15 09:20:52,148 - INFO - Parsed the following arguments:
	alignment = _WSN_high_0_1_simulatedalignment.fasta
	tree = phydms/WSN_high_0_1_RAxML_tree.newick
	model = ('ExpCM', '../HA/data/references/HA_Doud_prefs.csv')
	outprefix = phydms/WSN_high_0_1_ExpCM_HA_Doud_prefs_gammaomega
	brlen = optimize
	gammaomega = True
	gammabeta = False
	omegabysite = False
	omegabysite_fixsyn = False
	diffprefsbysite = False
	diffprefsprior = ('invquadratic', 150.0, 0.5)
	fitphi = False
	randprefs = False
	avgprefs = False
	divpressure = None
	ncpus = 4
	fitprefsmethod = 2
	ncats = 4
	minbrlen = 1e-06
	minpref = 0.002
	seed = 1
	initparams = None
	profile = False
	opt_details = False
	nograd = False

2018-01-15 09:20:52,148 - INFO - Random number seed: 1

2018-01-15 09:20:52,148 - INFO - Reading alignment from _WSN_high_0_1_simulatedalignment.fasta
2018-01-15 09:20:52,861 - INFO - Read 87 aligned sequences from _WSN_high_0_1_simulatedalignment.fasta, each consisting of 564 codons.

2018-01-15 09:20:52,862 - INFO - The model will be an ExpCM informed by site-specific amino-acid preferences in ../HA/data/references/HA_Doud_prefs.csv
2018-01-15 09:20:54,050 - INFO - Successfully read site-specific amino-acid preferences for all 564 sites.

2018-01-15 09:20:54,052 - INFO - Nucleotide frequency parameters phi will be set so stationary state matches alignment nucleotide frequencies of A = 0.349, C = 0.179, G = 0.236, T = 0.237

2018-01-15 09:20:55,514 - INFO - Omega will be drawn from 4 gamma-distributed categories.

2018-01-15 09:21:02,596 - INFO - Reading tree from phydms/WSN_high_0_1_RAxML_tree.newick
2018-01-15 09:21:02,602 - INFO - Tree has 87 tips.
2018-01-15 09:21:02,638 - INFO - Adjusted 1 branch lengths up to minbrlen 1e-06

2018-01-15 09:21:02,638 - INFO - Initializing TreeLikelihood..
2018-01-15 09:23:47,371 - INFO - TreeLikelihood initialized.
2018-01-15 09:23:47,372 - INFO - Maximizing log likelihood (initially -61267.37).
2018-01-15 09:23:47,372 - INFO - Branch lengths will be optimized individually.
2018-01-15 13:49:10,038 - INFO - Maximization complete:
	Step 1: optimized parameters, loglik went from -61267.37 to -54624.15 (21 iterations, 28 function evals)
	Step 2: optimized branches, loglik went from -54624.15 to -54464.85 (135 iterations, 143 function evals)
	Step 3: optimized parameters, loglik went from -54464.85 to -54451.39 (8 iterations, 11 function evals)
	Step 4: optimized branches, loglik went from -54451.39 to -54450.93 (8 iterations, 13 function evals)
	Step 5: optimized parameters, loglik went from -54450.93 to -54450.87 (3 iterations, 6 function evals)
	Step 6: optimized branches, loglik went from -54450.87 to -54450.68 (13 iterations, 18 function evals)
	Step 7: optimized parameters, loglik went from -54450.68 to -54450.60 (2 iterations, 6 function evals)
	Step 8: optimized branches, loglik went from -54450.60 to -54450.60 (1 iterations, 5 function evals)
2018-01-15 13:49:10,079 - INFO - Optimized log likelihood is -54450.60.
2018-01-15 13:49:10,079 - INFO - Writing log likelihood to phydms/WSN_high_0_1_ExpCM_HA_Doud_prefs_gammaomega_loglikelihood.txt
2018-01-15 13:49:10,089 - INFO - Model parameters after optimization:
	alpha_omega = 2.77151
	beta = 1.5529
	beta_omega =     10
	kappa = 3.4861
	phiA = 0.394779
	phiC = 0.167235
	phiG = 0.233139
2018-01-15 13:49:10,089 - INFO - Writing model parameters to phydms/WSN_high_0_1_ExpCM_HA_Doud_prefs_gammaomega_modelparams.txt
2018-01-15 13:49:10,093 - INFO - Writing the optimized tree to phydms/WSN_high_0_1_ExpCM_HA_Doud_prefs_gammaomega_tree.newick

2018-01-15 13:49:10,106 - INFO - Successful completion of phydms
