2018-01-15 09:20:51,322 - INFO - Beginning execution of phydms in directory /fh/fast/bloom_j/computational_notebooks/skhilton/2017/divergence_timing_manuscript/analysis/simulations

2018-01-15 09:20:51,322 - INFO - Progress is being logged to phydms/WSN_high_0_0_YNGKP_M0_log.log

2018-01-15 09:20:51,322 - INFO - Version information:
	Time and date: Mon Jan 15 09:20:49 2018
	Platform: Linux-3.13.0-68-generic-x86_64-with-debian-jessie-sid
	Python version: 3.6.0 |Continuum Analytics, Inc.| (default, Dec 23 2016, 12:22:00)  [GCC 4.4.7 20120313 (Red Hat 4.4.7-1)]
	phydms version: 2.2.0
	Bio version: 1.69
	cython version: 0.25.2
	numpy version: 1.13.3
	scipy version: 0.19.0
	matplotlib version: 2.1.0
	natsort version: 5.0.2
	sympy version: 1.0
	six version: 1.11.0
	pandas version: 0.21.0
	pyvolve version: 0.8.4
	statsmodels version: 0.8.0
	weblogolib version: 3.5.0
	PyPDF2 version: 1.26.0

2018-01-15 09:20:51,322 - INFO - Parsed the following arguments:
	alignment = _WSN_high_0_0_simulatedalignment.fasta
	tree = phydms/WSN_high_0_0_RAxML_tree.newick
	model = YNGKP_M0
	outprefix = phydms/WSN_high_0_0_YNGKP_M0
	brlen = optimize
	gammaomega = False
	gammabeta = False
	omegabysite = False
	omegabysite_fixsyn = False
	diffprefsbysite = False
	diffprefsprior = ('invquadratic', 150.0, 0.5)
	fitphi = False
	randprefs = False
	avgprefs = False
	divpressure = None
	ncpus = 1
	fitprefsmethod = 2
	ncats = 4
	minbrlen = 1e-06
	minpref = 0.002
	seed = 1
	initparams = None
	profile = False
	opt_details = False
	nograd = False

2018-01-15 09:20:51,323 - INFO - Random number seed: 1

2018-01-15 09:20:51,323 - INFO - Reading alignment from _WSN_high_0_0_simulatedalignment.fasta
2018-01-15 09:20:51,938 - INFO - Read 87 aligned sequences from _WSN_high_0_0_simulatedalignment.fasta, each consisting of 564 codons.

2018-01-15 09:20:51,938 - INFO - Codon substitution model with be M0 version of YNGKP (Yang, Nielsen, Goldman, & Pederson. Genetics. 155:431-449).
2018-01-15 09:20:51,994 - INFO - Reading tree from phydms/WSN_high_0_0_RAxML_tree.newick
2018-01-15 09:20:51,999 - INFO - Tree has 87 tips.
2018-01-15 09:20:52,038 - INFO - Adjusted 1 branch lengths up to minbrlen 1e-06

2018-01-15 09:20:52,038 - INFO - Initializing TreeLikelihood..
2018-01-15 09:20:57,371 - INFO - TreeLikelihood initialized.
2018-01-15 09:20:57,372 - INFO - Maximizing log likelihood (initially -64357.93).
2018-01-15 09:20:57,372 - INFO - Branch lengths will be optimized individually.
2018-01-15 09:42:05,438 - INFO - Maximization complete:
	Step 1: optimized parameters, loglik went from -64357.93 to -56986.79 (10 iterations, 17 function evals)
	Step 2: optimized branches, loglik went from -56986.79 to -56956.79 (70 iterations, 77 function evals)
	Step 3: optimized parameters, loglik went from -56956.79 to -56950.07 (4 iterations, 9 function evals)
	Step 4: optimized branches, loglik went from -56950.07 to -56948.53 (20 iterations, 23 function evals)
	Step 5: optimized parameters, loglik went from -56948.53 to -56948.14 (3 iterations, 8 function evals)
	Step 6: optimized branches, loglik went from -56948.14 to -56948.06 (3 iterations, 6 function evals)
	Step 7: optimized parameters, loglik went from -56948.06 to -56948.06 (1 iterations, 4 function evals)
2018-01-15 09:42:05,440 - INFO - Optimized log likelihood is -56948.06.
2018-01-15 09:42:05,440 - INFO - Writing log likelihood to phydms/WSN_high_0_0_YNGKP_M0_loglikelihood.txt
2018-01-15 09:42:05,448 - INFO - Model parameters after optimization:
	kappa = 2.89991
	omega = 0.0880661
	phi0A = 0.342877
	phi0C = 0.152984
	phi0G = 0.249181
	phi1A = 0.341919
	phi1C = 0.163007
	phi1G = 0.227496
	phi2A = 0.352322
	phi2C = 0.192186
	phi2G = 0.219403
2018-01-15 09:42:05,448 - INFO - Writing model parameters to phydms/WSN_high_0_0_YNGKP_M0_modelparams.txt
2018-01-15 09:42:05,452 - INFO - Writing the optimized tree to phydms/WSN_high_0_0_YNGKP_M0_tree.newick

2018-01-15 09:42:05,463 - INFO - Successful completion of phydms
