2018-01-14 19:53:34,597 - INFO - Beginning execution of phydms in directory /fh/fast/bloom_j/computational_notebooks/skhilton/2017/divergence_timing_manuscript/analysis/simulations

2018-01-14 19:53:34,597 - INFO - Progress is being logged to phydms/WSN_high_0_2_ExpCM_HA_Doud_prefs_gammaomega_log.log

2018-01-14 19:53:34,597 - INFO - Version information:
	Time and date: Sun Jan 14 19:53:33 2018
	Platform: Linux-3.13.0-68-generic-x86_64-with-debian-jessie-sid
	Python version: 3.6.0 |Continuum Analytics, Inc.| (default, Dec 23 2016, 12:22:00)  [GCC 4.4.7 20120313 (Red Hat 4.4.7-1)]
	phydms version: 2.2.0
	Bio version: 1.69
	cython version: 0.25.2
	numpy version: 1.13.3
	scipy version: 0.19.0
	matplotlib version: 2.1.0
	natsort version: 5.0.2
	sympy version: 1.0
	six version: 1.11.0
	pandas version: 0.21.0
	pyvolve version: 0.8.4
	statsmodels version: 0.8.0
	weblogolib version: 3.5.0
	PyPDF2 version: 1.26.0

2018-01-14 19:53:34,597 - INFO - Parsed the following arguments:
	alignment = _WSN_high_0_2_simulatedalignment.fasta
	tree = phydms/WSN_high_0_2_RAxML_tree.newick
	model = ('ExpCM', '../HA/data/references/HA_Doud_prefs.csv')
	outprefix = phydms/WSN_high_0_2_ExpCM_HA_Doud_prefs_gammaomega
	brlen = optimize
	gammaomega = True
	gammabeta = False
	omegabysite = False
	omegabysite_fixsyn = False
	diffprefsbysite = False
	diffprefsprior = ('invquadratic', 150.0, 0.5)
	fitphi = False
	randprefs = False
	avgprefs = False
	divpressure = None
	ncpus = 4
	fitprefsmethod = 2
	ncats = 4
	minbrlen = 1e-06
	minpref = 0.002
	seed = 1
	initparams = None
	profile = False
	opt_details = False
	nograd = False

2018-01-14 19:53:34,597 - INFO - Random number seed: 1

2018-01-14 19:53:34,597 - INFO - Reading alignment from _WSN_high_0_2_simulatedalignment.fasta
2018-01-14 19:53:35,290 - INFO - Read 87 aligned sequences from _WSN_high_0_2_simulatedalignment.fasta, each consisting of 564 codons.

2018-01-14 19:53:35,291 - INFO - The model will be an ExpCM informed by site-specific amino-acid preferences in ../HA/data/references/HA_Doud_prefs.csv
2018-01-14 19:53:36,560 - INFO - Successfully read site-specific amino-acid preferences for all 564 sites.

2018-01-14 19:53:36,563 - INFO - Nucleotide frequency parameters phi will be set so stationary state matches alignment nucleotide frequencies of A = 0.351, C = 0.176, G = 0.240, T = 0.233

2018-01-14 19:53:38,075 - INFO - Omega will be drawn from 4 gamma-distributed categories.

2018-01-14 19:53:54,101 - INFO - Reading tree from phydms/WSN_high_0_2_RAxML_tree.newick
2018-01-14 19:53:54,115 - INFO - Tree has 87 tips.
2018-01-14 19:53:54,205 - INFO - Adjusted 1 branch lengths up to minbrlen 1e-06

2018-01-14 19:53:54,216 - INFO - Initializing TreeLikelihood..
2018-01-14 19:57:22,536 - INFO - TreeLikelihood initialized.
2018-01-14 19:57:22,537 - INFO - Maximizing log likelihood (initially -60652.83).
2018-01-14 19:57:22,537 - INFO - Branch lengths will be optimized individually.
2018-01-15 01:33:28,181 - INFO - Maximization complete:
	Step 1: optimized parameters, loglik went from -60652.83 to -54101.42 (22 iterations, 29 function evals)
	Step 2: optimized branches, loglik went from -54101.42 to -53928.17 (178 iterations, 191 function evals)
	Step 3: optimized parameters, loglik went from -53928.17 to -53911.56 (9 iterations, 12 function evals)
	Step 4: optimized branches, loglik went from -53911.56 to -53910.02 (44 iterations, 54 function evals)
	Step 5: optimized parameters, loglik went from -53910.02 to -53909.90 (6 iterations, 9 function evals)
	Step 6: optimized branches, loglik went from -53909.90 to -53909.90 (1 iterations, 4 function evals)
2018-01-15 01:33:28,222 - INFO - Optimized log likelihood is -53909.90.
2018-01-15 01:33:28,222 - INFO - Writing log likelihood to phydms/WSN_high_0_2_ExpCM_HA_Doud_prefs_gammaomega_loglikelihood.txt
2018-01-15 01:33:28,244 - INFO - Model parameters after optimization:
	alpha_omega = 2.75222
	beta = 1.57478
	beta_omega =     10
	kappa = 3.57492
	phiA = 0.398202
	phiC = 0.16296
	phiG = 0.239146
2018-01-15 01:33:28,244 - INFO - Writing model parameters to phydms/WSN_high_0_2_ExpCM_HA_Doud_prefs_gammaomega_modelparams.txt
2018-01-15 01:33:28,249 - INFO - Writing the optimized tree to phydms/WSN_high_0_2_ExpCM_HA_Doud_prefs_gammaomega_tree.newick

2018-01-15 01:33:28,263 - INFO - Successful completion of phydms
