2018-01-15 10:20:03,523 - INFO - Beginning execution of phydms in directory /fh/fast/bloom_j/computational_notebooks/skhilton/2017/divergence_timing_manuscript/analysis/simulations

2018-01-15 10:20:03,524 - INFO - Progress is being logged to phydms/WSN_high_0_4_randomized_ExpCM_HA_Doud_prefs_gammaomega_log.log

2018-01-15 10:20:03,524 - INFO - Version information:
	Time and date: Mon Jan 15 10:20:01 2018
	Platform: Linux-3.13.0-68-generic-x86_64-with-debian-jessie-sid
	Python version: 3.6.0 |Continuum Analytics, Inc.| (default, Dec 23 2016, 12:22:00)  [GCC 4.4.7 20120313 (Red Hat 4.4.7-1)]
	phydms version: 2.2.0
	Bio version: 1.69
	cython version: 0.25.2
	numpy version: 1.13.3
	scipy version: 0.19.0
	matplotlib version: 2.1.0
	natsort version: 5.0.2
	sympy version: 1.0
	six version: 1.11.0
	pandas version: 0.21.0
	pyvolve version: 0.8.4
	statsmodels version: 0.8.0
	weblogolib version: 3.5.0
	PyPDF2 version: 1.26.0

2018-01-15 10:20:03,524 - INFO - Parsed the following arguments:
	alignment = _WSN_high_0_4_simulatedalignment.fasta
	tree = phydms/WSN_high_0_4_RAxML_tree.newick
	model = ('ExpCM', '../HA/data/references/HA_Doud_prefs.csv')
	outprefix = phydms/WSN_high_0_4_randomized_ExpCM_HA_Doud_prefs_gammaomega
	brlen = optimize
	gammaomega = True
	gammabeta = False
	omegabysite = False
	omegabysite_fixsyn = False
	diffprefsbysite = False
	diffprefsprior = ('invquadratic', 150.0, 0.5)
	fitphi = False
	randprefs = True
	avgprefs = False
	divpressure = None
	ncpus = 4
	fitprefsmethod = 2
	ncats = 4
	minbrlen = 1e-06
	minpref = 0.002
	seed = 1
	initparams = None
	profile = False
	opt_details = False
	nograd = False

2018-01-15 10:20:03,524 - INFO - Random number seed: 1

2018-01-15 10:20:03,525 - INFO - Reading alignment from _WSN_high_0_4_simulatedalignment.fasta
2018-01-15 10:20:06,492 - INFO - Read 87 aligned sequences from _WSN_high_0_4_simulatedalignment.fasta, each consisting of 564 codons.

2018-01-15 10:20:06,492 - INFO - The model will be an ExpCM informed by site-specific amino-acid preferences in ../HA/data/references/HA_Doud_prefs.csv
2018-01-15 10:20:06,492 - INFO - Preferences will be randomized across sites.
2018-01-15 10:20:18,307 - INFO - Successfully read site-specific amino-acid preferences for all 564 sites.

2018-01-15 10:20:18,380 - INFO - Nucleotide frequency parameters phi will be set so stationary state matches alignment nucleotide frequencies of A = 0.338, C = 0.183, G = 0.233, T = 0.245

2018-01-15 10:20:35,578 - INFO - Omega will be drawn from 4 gamma-distributed categories.

2018-01-15 10:21:40,797 - INFO - Reading tree from phydms/WSN_high_0_4_RAxML_tree.newick
2018-01-15 10:21:40,805 - INFO - Tree has 87 tips.
2018-01-15 10:21:40,888 - INFO - Adjusted 1 branch lengths up to minbrlen 1e-06

2018-01-15 10:21:40,891 - INFO - Initializing TreeLikelihood..
2018-01-15 10:28:23,283 - INFO - TreeLikelihood initialized.
2018-01-15 10:28:23,284 - INFO - Maximizing log likelihood (initially -64947.41).
2018-01-15 10:28:23,284 - INFO - Branch lengths will be optimized individually.
2018-01-15 16:02:52,576 - INFO - Maximization complete:
	Step 1: optimized parameters, loglik went from -64947.41 to -57841.16 (24 iterations, 37 function evals)
	Step 2: optimized branches, loglik went from -57841.16 to -57805.90 (105 iterations, 117 function evals)
	Step 3: optimized parameters, loglik went from -57805.90 to -57803.74 (6 iterations, 9 function evals)
	Step 4: optimized branches, loglik went from -57803.74 to -57803.74 (1 iterations, 5 function evals)
2018-01-15 16:02:52,578 - INFO - Optimized log likelihood is -57803.74.
2018-01-15 16:02:52,578 - INFO - Writing log likelihood to phydms/WSN_high_0_4_randomized_ExpCM_HA_Doud_prefs_gammaomega_loglikelihood.txt
2018-01-15 16:02:52,596 - INFO - Model parameters after optimization:
	alpha_omega = 1.05416
	beta = 0.0445236
	beta_omega =     10
	kappa = 3.21745
	phiA = 0.347892
	phiC = 0.170794
	phiG = 0.230611
2018-01-15 16:02:52,596 - INFO - Writing model parameters to phydms/WSN_high_0_4_randomized_ExpCM_HA_Doud_prefs_gammaomega_modelparams.txt
2018-01-15 16:02:52,600 - INFO - Writing the optimized tree to phydms/WSN_high_0_4_randomized_ExpCM_HA_Doud_prefs_gammaomega_tree.newick

2018-01-15 16:02:52,612 - INFO - Successful completion of phydms
