2018-01-15 13:49:46,180 - INFO - Beginning execution of phydms_comprehensive in directory /fh/fast/bloom_j/computational_notebooks/skhilton/2017/divergence_timing_manuscript/analysis/simulations

2018-01-15 13:49:46,181 - INFO - Progress is being logged to phydms/WSN_high_0_9.log

2018-01-15 13:49:46,181 - INFO - Version information:
	Time and date: Mon Jan 15 13:49:44 2018
	Platform: Linux-3.13.0-68-generic-x86_64-with-debian-jessie-sid
	Python version: 3.6.0 |Continuum Analytics, Inc.| (default, Dec 23 2016, 12:22:00)  [GCC 4.4.7 20120313 (Red Hat 4.4.7-1)]
	phydms version: 2.2.0
	Bio version: 1.69
	cython version: 0.25.2
	numpy version: 1.13.3
	scipy version: 0.19.0
	matplotlib version: 2.1.0
	natsort version: 5.0.2
	sympy version: 1.0
	six version: 1.11.0
	pandas version: 0.21.0
	pyvolve version: 0.8.4
	statsmodels version: 0.8.0
	weblogolib version: 3.5.0
	PyPDF2 version: 1.26.0

2018-01-15 13:49:46,181 - INFO - Parsed the following command-line arguments:
	outprefix = phydms/WSN_high_0_9_
	alignment = _WSN_high_0_9_simulatedalignment.fasta
	prefsfiles = ['../HA/data/references/HA_Doud_prefs.csv']
	raxml = raxml
	tree = None
	ncpus = -1
	brlen = optimize
	omegabysite = False
	diffprefsbysite = False
	gammaomega = True
	gammabeta = False
	noavgprefs = False
	randprefs = True

2018-01-15 13:49:46,182 - INFO - Checking that the alignment _WSN_high_0_9_simulatedalignment.fasta is valid...
2018-01-15 13:49:46,996 - INFO - Valid alignment specifying 87 sequences of length 1692.

2018-01-15 13:49:46,996 - INFO - Tree not specified.
2018-01-15 13:49:47,009 - INFO - Inferring tree with RAxML using command raxml
2018-01-15 13:51:01,139 - INFO - RAxML inferred tree is now named phydms/WSN_high_0_9_RAxML_tree.newick
2018-01-15 13:51:01,198 - INFO - Removed the following existing files that have names that match the names of output files that will be created: phydms/WSN_high_0_9_YNGKP_M0_log.log, phydms/WSN_high_0_9_YNGKP_M5_log.log, phydms/WSN_high_0_9_ExpCM_HA_Doud_prefs_log.log, phydms/WSN_high_0_9_ExpCM_HA_Doud_prefs_gammaomega_log.log, phydms/WSN_high_0_9_averaged_ExpCM_HA_Doud_prefs_log.log, phydms/WSN_high_0_9_averaged_ExpCM_HA_Doud_prefs_gammaomega_log.log, phydms/WSN_high_0_9_randomized_ExpCM_HA_Doud_prefs_log.log, phydms/WSN_high_0_9_randomized_ExpCM_HA_Doud_prefs_gammaomega_log.log

2018-01-15 13:51:01,199 - INFO - Starting analysis to optimize tree in phydms/WSN_high_0_9_RAxML_tree.newick using model YNGKP_M0. The command is: phydms _WSN_high_0_9_simulatedalignment.fasta phydms/WSN_high_0_9_RAxML_tree.newick YNGKP_M0 phydms/WSN_high_0_9_YNGKP_M0 --brlen optimize --ncpus 1

2018-01-15 13:51:01,199 - INFO - Starting analysis to optimize tree in phydms/WSN_high_0_9_RAxML_tree.newick using model YNGKP_M5. The command is: phydms _WSN_high_0_9_simulatedalignment.fasta phydms/WSN_high_0_9_RAxML_tree.newick YNGKP_M5 phydms/WSN_high_0_9_YNGKP_M5 --brlen optimize --ncpus 1

2018-01-15 13:51:01,199 - INFO - Starting analysis to optimize tree in phydms/WSN_high_0_9_RAxML_tree.newick using model ExpCM_HA_Doud_prefs. The command is: phydms _WSN_high_0_9_simulatedalignment.fasta phydms/WSN_high_0_9_RAxML_tree.newick ExpCM_../HA/data/references/HA_Doud_prefs.csv phydms/WSN_high_0_9_ExpCM_HA_Doud_prefs --brlen optimize --ncpus 4

2018-01-15 13:51:01,200 - INFO - Starting analysis to optimize tree in phydms/WSN_high_0_9_RAxML_tree.newick using model ExpCM_HA_Doud_prefs_gammaomega. The command is: phydms _WSN_high_0_9_simulatedalignment.fasta phydms/WSN_high_0_9_RAxML_tree.newick ExpCM_../HA/data/references/HA_Doud_prefs.csv phydms/WSN_high_0_9_ExpCM_HA_Doud_prefs_gammaomega --brlen optimize --gammaomega --ncpus 4

2018-01-15 13:51:01,200 - INFO - Starting analysis to optimize tree in phydms/WSN_high_0_9_RAxML_tree.newick using model averaged_ExpCM_HA_Doud_prefs. The command is: phydms _WSN_high_0_9_simulatedalignment.fasta phydms/WSN_high_0_9_RAxML_tree.newick ExpCM_../HA/data/references/HA_Doud_prefs.csv phydms/WSN_high_0_9_averaged_ExpCM_HA_Doud_prefs --brlen optimize --avgprefs --ncpus 4

2018-01-15 13:51:01,200 - INFO - Starting analysis to optimize tree in phydms/WSN_high_0_9_RAxML_tree.newick using model averaged_ExpCM_HA_Doud_prefs_gammaomega. The command is: phydms _WSN_high_0_9_simulatedalignment.fasta phydms/WSN_high_0_9_RAxML_tree.newick ExpCM_../HA/data/references/HA_Doud_prefs.csv phydms/WSN_high_0_9_averaged_ExpCM_HA_Doud_prefs_gammaomega --brlen optimize --gammaomega --avgprefs --ncpus 4

2018-01-15 13:51:01,202 - INFO - Starting analysis to optimize tree in phydms/WSN_high_0_9_RAxML_tree.newick using model randomized_ExpCM_HA_Doud_prefs. The command is: phydms _WSN_high_0_9_simulatedalignment.fasta phydms/WSN_high_0_9_RAxML_tree.newick ExpCM_../HA/data/references/HA_Doud_prefs.csv phydms/WSN_high_0_9_randomized_ExpCM_HA_Doud_prefs --brlen optimize --randprefs --ncpus 4

2018-01-15 13:51:01,202 - INFO - Starting analysis to optimize tree in phydms/WSN_high_0_9_RAxML_tree.newick using model randomized_ExpCM_HA_Doud_prefs_gammaomega. The command is: phydms _WSN_high_0_9_simulatedalignment.fasta phydms/WSN_high_0_9_RAxML_tree.newick ExpCM_../HA/data/references/HA_Doud_prefs.csv phydms/WSN_high_0_9_randomized_ExpCM_HA_Doud_prefs_gammaomega --brlen optimize --gammaomega --randprefs --ncpus 4

2018-01-15 14:05:51,303 - INFO - Analysis completed for YNGKP_M0
2018-01-15 14:05:51,305 - INFO - Found expected output file phydms/WSN_high_0_9_YNGKP_M0_log.log
2018-01-15 14:05:51,306 - INFO - Found expected output file phydms/WSN_high_0_9_YNGKP_M0_tree.newick
2018-01-15 14:05:51,306 - INFO - Found expected output file phydms/WSN_high_0_9_YNGKP_M0_loglikelihood.txt
2018-01-15 14:05:51,306 - INFO - Found expected output file phydms/WSN_high_0_9_YNGKP_M0_modelparams.txt
2018-01-15 14:05:51,306 - INFO - Analysis successful for YNGKP_M0

2018-01-15 14:44:39,085 - INFO - Analysis completed for randomized_ExpCM_HA_Doud_prefs
2018-01-15 14:44:39,087 - INFO - Found expected output file phydms/WSN_high_0_9_randomized_ExpCM_HA_Doud_prefs_log.log
2018-01-15 14:44:39,088 - INFO - Found expected output file phydms/WSN_high_0_9_randomized_ExpCM_HA_Doud_prefs_tree.newick
2018-01-15 14:44:39,088 - INFO - Found expected output file phydms/WSN_high_0_9_randomized_ExpCM_HA_Doud_prefs_loglikelihood.txt
2018-01-15 14:44:39,088 - INFO - Found expected output file phydms/WSN_high_0_9_randomized_ExpCM_HA_Doud_prefs_modelparams.txt
2018-01-15 14:44:39,088 - INFO - Analysis successful for randomized_ExpCM_HA_Doud_prefs

2018-01-15 14:47:16,276 - INFO - Analysis completed for averaged_ExpCM_HA_Doud_prefs
2018-01-15 14:47:16,278 - INFO - Found expected output file phydms/WSN_high_0_9_averaged_ExpCM_HA_Doud_prefs_log.log
2018-01-15 14:47:16,278 - INFO - Found expected output file phydms/WSN_high_0_9_averaged_ExpCM_HA_Doud_prefs_tree.newick
2018-01-15 14:47:16,279 - INFO - Found expected output file phydms/WSN_high_0_9_averaged_ExpCM_HA_Doud_prefs_loglikelihood.txt
2018-01-15 14:47:16,279 - INFO - Found expected output file phydms/WSN_high_0_9_averaged_ExpCM_HA_Doud_prefs_modelparams.txt
2018-01-15 14:47:16,279 - INFO - Analysis successful for averaged_ExpCM_HA_Doud_prefs

2018-01-15 15:00:35,222 - INFO - Analysis completed for YNGKP_M5
2018-01-15 15:00:35,224 - INFO - Found expected output file phydms/WSN_high_0_9_YNGKP_M5_log.log
2018-01-15 15:00:35,224 - INFO - Found expected output file phydms/WSN_high_0_9_YNGKP_M5_tree.newick
2018-01-15 15:00:35,224 - INFO - Found expected output file phydms/WSN_high_0_9_YNGKP_M5_loglikelihood.txt
2018-01-15 15:00:35,224 - INFO - Found expected output file phydms/WSN_high_0_9_YNGKP_M5_modelparams.txt
2018-01-15 15:00:35,224 - INFO - Analysis successful for YNGKP_M5

2018-01-15 15:14:44,217 - INFO - Analysis completed for ExpCM_HA_Doud_prefs
2018-01-15 15:14:44,218 - INFO - Found expected output file phydms/WSN_high_0_9_ExpCM_HA_Doud_prefs_log.log
2018-01-15 15:14:44,219 - INFO - Found expected output file phydms/WSN_high_0_9_ExpCM_HA_Doud_prefs_tree.newick
2018-01-15 15:14:44,219 - INFO - Found expected output file phydms/WSN_high_0_9_ExpCM_HA_Doud_prefs_loglikelihood.txt
2018-01-15 15:14:44,219 - INFO - Found expected output file phydms/WSN_high_0_9_ExpCM_HA_Doud_prefs_modelparams.txt
2018-01-15 15:14:44,219 - INFO - Analysis successful for ExpCM_HA_Doud_prefs

2018-01-15 17:01:35,749 - INFO - Analysis completed for randomized_ExpCM_HA_Doud_prefs_gammaomega
2018-01-15 17:01:35,751 - INFO - Found expected output file phydms/WSN_high_0_9_randomized_ExpCM_HA_Doud_prefs_gammaomega_log.log
2018-01-15 17:01:35,752 - INFO - Found expected output file phydms/WSN_high_0_9_randomized_ExpCM_HA_Doud_prefs_gammaomega_tree.newick
2018-01-15 17:01:35,752 - INFO - Found expected output file phydms/WSN_high_0_9_randomized_ExpCM_HA_Doud_prefs_gammaomega_loglikelihood.txt
2018-01-15 17:01:35,752 - INFO - Found expected output file phydms/WSN_high_0_9_randomized_ExpCM_HA_Doud_prefs_gammaomega_modelparams.txt
2018-01-15 17:01:35,752 - INFO - Analysis successful for randomized_ExpCM_HA_Doud_prefs_gammaomega

2018-01-15 17:21:51,165 - INFO - Analysis completed for averaged_ExpCM_HA_Doud_prefs_gammaomega
2018-01-15 17:21:51,167 - INFO - Found expected output file phydms/WSN_high_0_9_averaged_ExpCM_HA_Doud_prefs_gammaomega_log.log
2018-01-15 17:21:51,168 - INFO - Found expected output file phydms/WSN_high_0_9_averaged_ExpCM_HA_Doud_prefs_gammaomega_tree.newick
2018-01-15 17:21:51,168 - INFO - Found expected output file phydms/WSN_high_0_9_averaged_ExpCM_HA_Doud_prefs_gammaomega_loglikelihood.txt
2018-01-15 17:21:51,168 - INFO - Found expected output file phydms/WSN_high_0_9_averaged_ExpCM_HA_Doud_prefs_gammaomega_modelparams.txt
2018-01-15 17:21:51,168 - INFO - Analysis successful for averaged_ExpCM_HA_Doud_prefs_gammaomega

2018-01-15 18:46:17,149 - INFO - Analysis completed for ExpCM_HA_Doud_prefs_gammaomega
2018-01-15 18:46:17,158 - INFO - Found expected output file phydms/WSN_high_0_9_ExpCM_HA_Doud_prefs_gammaomega_log.log
2018-01-15 18:46:17,158 - INFO - Found expected output file phydms/WSN_high_0_9_ExpCM_HA_Doud_prefs_gammaomega_tree.newick
2018-01-15 18:46:17,158 - INFO - Found expected output file phydms/WSN_high_0_9_ExpCM_HA_Doud_prefs_gammaomega_loglikelihood.txt
2018-01-15 18:46:17,158 - INFO - Found expected output file phydms/WSN_high_0_9_ExpCM_HA_Doud_prefs_gammaomega_modelparams.txt
2018-01-15 18:46:17,158 - INFO - Analysis successful for ExpCM_HA_Doud_prefs_gammaomega

2018-01-15 18:46:18,317 - INFO - Successful completion of phydms_comprehensive
