2018-01-14 19:53:44,155 - INFO - Beginning execution of phydms in directory /fh/fast/bloom_j/computational_notebooks/skhilton/2017/divergence_timing_manuscript/analysis/simulations

2018-01-14 19:53:44,155 - INFO - Progress is being logged to phydms/WSN_high_0_6_ExpCM_HA_Doud_prefs_log.log

2018-01-14 19:53:44,155 - INFO - Version information:
	Time and date: Sun Jan 14 19:53:43 2018
	Platform: Linux-3.13.0-68-generic-x86_64-with-debian-jessie-sid
	Python version: 3.6.0 |Continuum Analytics, Inc.| (default, Dec 23 2016, 12:22:00)  [GCC 4.4.7 20120313 (Red Hat 4.4.7-1)]
	phydms version: 2.2.0
	Bio version: 1.69
	cython version: 0.25.2
	numpy version: 1.13.3
	scipy version: 0.19.0
	matplotlib version: 2.1.0
	natsort version: 5.0.2
	sympy version: 1.0
	six version: 1.11.0
	pandas version: 0.21.0
	pyvolve version: 0.8.4
	statsmodels version: 0.8.0
	weblogolib version: 3.5.0
	PyPDF2 version: 1.26.0

2018-01-14 19:53:44,155 - INFO - Parsed the following arguments:
	alignment = _WSN_high_0_6_simulatedalignment.fasta
	tree = phydms/WSN_high_0_6_RAxML_tree.newick
	model = ('ExpCM', '../HA/data/references/HA_Doud_prefs.csv')
	outprefix = phydms/WSN_high_0_6_ExpCM_HA_Doud_prefs
	brlen = optimize
	gammaomega = False
	gammabeta = False
	omegabysite = False
	omegabysite_fixsyn = False
	diffprefsbysite = False
	diffprefsprior = ('invquadratic', 150.0, 0.5)
	fitphi = False
	randprefs = False
	avgprefs = False
	divpressure = None
	ncpus = 4
	fitprefsmethod = 2
	ncats = 4
	minbrlen = 1e-06
	minpref = 0.002
	seed = 1
	initparams = None
	profile = False
	opt_details = False
	nograd = False

2018-01-14 19:53:44,156 - INFO - Random number seed: 1

2018-01-14 19:53:44,156 - INFO - Reading alignment from _WSN_high_0_6_simulatedalignment.fasta
2018-01-14 19:53:44,836 - INFO - Read 87 aligned sequences from _WSN_high_0_6_simulatedalignment.fasta, each consisting of 564 codons.

2018-01-14 19:53:44,836 - INFO - The model will be an ExpCM informed by site-specific amino-acid preferences in ../HA/data/references/HA_Doud_prefs.csv
2018-01-14 19:53:46,287 - INFO - Successfully read site-specific amino-acid preferences for all 564 sites.

2018-01-14 19:53:46,290 - INFO - Nucleotide frequency parameters phi will be set so stationary state matches alignment nucleotide frequencies of A = 0.342, C = 0.178, G = 0.235, T = 0.244

2018-01-14 19:53:50,697 - INFO - Reading tree from phydms/WSN_high_0_6_RAxML_tree.newick
2018-01-14 19:53:50,703 - INFO - Tree has 87 tips.
2018-01-14 19:53:50,740 - INFO - Adjusted 1 branch lengths up to minbrlen 1e-06

2018-01-14 19:53:50,741 - INFO - Initializing TreeLikelihood..
2018-01-14 19:54:49,687 - INFO - TreeLikelihood initialized.
2018-01-14 19:54:49,688 - INFO - Maximizing log likelihood (initially -62262.26).
2018-01-14 19:54:49,689 - INFO - Branch lengths will be optimized individually.
2018-01-14 21:48:07,161 - INFO - Maximization complete:
	Step 1: optimized parameters, loglik went from -62262.26 to -54824.44 (17 iterations, 24 function evals)
	Step 2: optimized branches, loglik went from -54824.44 to -54687.15 (128 iterations, 138 function evals)
	Step 3: optimized parameters, loglik went from -54687.15 to -54662.74 (13 iterations, 20 function evals)
	Step 4: optimized branches, loglik went from -54662.74 to -54656.65 (79 iterations, 88 function evals)
	Step 5: optimized parameters, loglik went from -54656.65 to -54655.17 (6 iterations, 11 function evals)
	Step 6: optimized branches, loglik went from -54655.17 to -54654.82 (10 iterations, 15 function evals)
	Step 7: optimized parameters, loglik went from -54654.82 to -54654.76 (3 iterations, 7 function evals)
	Step 8: optimized branches, loglik went from -54654.76 to -54654.76 (1 iterations, 4 function evals)
2018-01-14 21:48:07,211 - INFO - Optimized log likelihood is -54654.76.
2018-01-14 21:48:07,211 - INFO - Writing log likelihood to phydms/WSN_high_0_6_ExpCM_HA_Doud_prefs_loglikelihood.txt
2018-01-14 21:48:07,220 - INFO - Model parameters after optimization:
	beta = 1.52731
	kappa = 3.32984
	omega = 0.217164
	phiA = 0.38477
	phiC = 0.167269
	phiG = 0.23294
2018-01-14 21:48:07,220 - INFO - Writing model parameters to phydms/WSN_high_0_6_ExpCM_HA_Doud_prefs_modelparams.txt
2018-01-14 21:48:07,224 - INFO - Writing the optimized tree to phydms/WSN_high_0_6_ExpCM_HA_Doud_prefs_tree.newick

2018-01-14 21:48:07,235 - INFO - Successful completion of phydms
