2018-01-14 19:53:45,012 - INFO - Beginning execution of phydms in directory /fh/fast/bloom_j/computational_notebooks/skhilton/2017/divergence_timing_manuscript/analysis/simulations

2018-01-14 19:53:45,012 - INFO - Progress is being logged to phydms/WSN_high_0_6_ExpCM_HA_Doud_prefs_gammaomega_log.log

2018-01-14 19:53:45,012 - INFO - Version information:
	Time and date: Sun Jan 14 19:53:43 2018
	Platform: Linux-3.13.0-68-generic-x86_64-with-debian-jessie-sid
	Python version: 3.6.0 |Continuum Analytics, Inc.| (default, Dec 23 2016, 12:22:00)  [GCC 4.4.7 20120313 (Red Hat 4.4.7-1)]
	phydms version: 2.2.0
	Bio version: 1.69
	cython version: 0.25.2
	numpy version: 1.13.3
	scipy version: 0.19.0
	matplotlib version: 2.1.0
	natsort version: 5.0.2
	sympy version: 1.0
	six version: 1.11.0
	pandas version: 0.21.0
	pyvolve version: 0.8.4
	statsmodels version: 0.8.0
	weblogolib version: 3.5.0
	PyPDF2 version: 1.26.0

2018-01-14 19:53:45,013 - INFO - Parsed the following arguments:
	alignment = _WSN_high_0_6_simulatedalignment.fasta
	tree = phydms/WSN_high_0_6_RAxML_tree.newick
	model = ('ExpCM', '../HA/data/references/HA_Doud_prefs.csv')
	outprefix = phydms/WSN_high_0_6_ExpCM_HA_Doud_prefs_gammaomega
	brlen = optimize
	gammaomega = True
	gammabeta = False
	omegabysite = False
	omegabysite_fixsyn = False
	diffprefsbysite = False
	diffprefsprior = ('invquadratic', 150.0, 0.5)
	fitphi = False
	randprefs = False
	avgprefs = False
	divpressure = None
	ncpus = 4
	fitprefsmethod = 2
	ncats = 4
	minbrlen = 1e-06
	minpref = 0.002
	seed = 1
	initparams = None
	profile = False
	opt_details = False
	nograd = False

2018-01-14 19:53:45,013 - INFO - Random number seed: 1

2018-01-14 19:53:45,013 - INFO - Reading alignment from _WSN_high_0_6_simulatedalignment.fasta
2018-01-14 19:53:45,692 - INFO - Read 87 aligned sequences from _WSN_high_0_6_simulatedalignment.fasta, each consisting of 564 codons.

2018-01-14 19:53:45,692 - INFO - The model will be an ExpCM informed by site-specific amino-acid preferences in ../HA/data/references/HA_Doud_prefs.csv
2018-01-14 19:53:47,159 - INFO - Successfully read site-specific amino-acid preferences for all 564 sites.

2018-01-14 19:53:47,161 - INFO - Nucleotide frequency parameters phi will be set so stationary state matches alignment nucleotide frequencies of A = 0.342, C = 0.178, G = 0.235, T = 0.244

2018-01-14 19:53:51,362 - INFO - Omega will be drawn from 4 gamma-distributed categories.

2018-01-14 19:54:08,800 - INFO - Reading tree from phydms/WSN_high_0_6_RAxML_tree.newick
2018-01-14 19:54:08,807 - INFO - Tree has 87 tips.
2018-01-14 19:54:08,845 - INFO - Adjusted 1 branch lengths up to minbrlen 1e-06

2018-01-14 19:54:08,845 - INFO - Initializing TreeLikelihood..
2018-01-14 19:57:35,361 - INFO - TreeLikelihood initialized.
2018-01-14 19:57:35,362 - INFO - Maximizing log likelihood (initially -61524.25).
2018-01-14 19:57:35,362 - INFO - Branch lengths will be optimized individually.
2018-01-15 02:04:08,028 - INFO - Maximization complete:
	Step 1: optimized parameters, loglik went from -61524.25 to -55044.54 (22 iterations, 29 function evals)
	Step 2: optimized branches, loglik went from -55044.54 to -54880.22 (209 iterations, 226 function evals)
	Step 3: optimized parameters, loglik went from -54880.22 to -54866.35 (9 iterations, 12 function evals)
	Step 4: optimized branches, loglik went from -54866.35 to -54865.16 (27 iterations, 32 function evals)
	Step 5: optimized parameters, loglik went from -54865.16 to -54865.07 (6 iterations, 9 function evals)
	Step 6: optimized branches, loglik went from -54865.07 to -54865.05 (3 iterations, 8 function evals)
	Step 7: optimized parameters, loglik went from -54865.05 to -54865.05 (1 iterations, 3 function evals)
2018-01-15 02:04:08,076 - INFO - Optimized log likelihood is -54865.05.
2018-01-15 02:04:08,076 - INFO - Writing log likelihood to phydms/WSN_high_0_6_ExpCM_HA_Doud_prefs_gammaomega_loglikelihood.txt
2018-01-15 02:04:08,088 - INFO - Model parameters after optimization:
	alpha_omega = 2.68625
	beta = 1.53814
	beta_omega =     10
	kappa = 3.41753
	phiA = 0.385112
	phiC = 0.167232
	phiG = 0.232865
2018-01-15 02:04:08,088 - INFO - Writing model parameters to phydms/WSN_high_0_6_ExpCM_HA_Doud_prefs_gammaomega_modelparams.txt
2018-01-15 02:04:08,096 - INFO - Writing the optimized tree to phydms/WSN_high_0_6_ExpCM_HA_Doud_prefs_gammaomega_tree.newick

2018-01-15 02:04:08,109 - INFO - Successful completion of phydms
