2018-01-15 09:21:10,534 - INFO - Beginning execution of phydms in directory /fh/fast/bloom_j/computational_notebooks/skhilton/2017/divergence_timing_manuscript/analysis/simulations

2018-01-15 09:21:10,534 - INFO - Progress is being logged to phydms/WSN_high_0_8_averaged_ExpCM_HA_Doud_prefs_gammaomega_log.log

2018-01-15 09:21:10,534 - INFO - Version information:
	Time and date: Mon Jan 15 09:21:08 2018
	Platform: Linux-3.13.0-68-generic-x86_64-with-debian-jessie-sid
	Python version: 3.6.0 |Continuum Analytics, Inc.| (default, Dec 23 2016, 12:22:00)  [GCC 4.4.7 20120313 (Red Hat 4.4.7-1)]
	phydms version: 2.2.0
	Bio version: 1.69
	cython version: 0.25.2
	numpy version: 1.13.3
	scipy version: 0.19.0
	matplotlib version: 2.1.0
	natsort version: 5.0.2
	sympy version: 1.0
	six version: 1.11.0
	pandas version: 0.21.0
	pyvolve version: 0.8.4
	statsmodels version: 0.8.0
	weblogolib version: 3.5.0
	PyPDF2 version: 1.26.0

2018-01-15 09:21:10,535 - INFO - Parsed the following arguments:
	alignment = _WSN_high_0_8_simulatedalignment.fasta
	tree = phydms/WSN_high_0_8_RAxML_tree.newick
	model = ('ExpCM', '../HA/data/references/HA_Doud_prefs.csv')
	outprefix = phydms/WSN_high_0_8_averaged_ExpCM_HA_Doud_prefs_gammaomega
	brlen = optimize
	gammaomega = True
	gammabeta = False
	omegabysite = False
	omegabysite_fixsyn = False
	diffprefsbysite = False
	diffprefsprior = ('invquadratic', 150.0, 0.5)
	fitphi = False
	randprefs = False
	avgprefs = True
	divpressure = None
	ncpus = 4
	fitprefsmethod = 2
	ncats = 4
	minbrlen = 1e-06
	minpref = 0.002
	seed = 1
	initparams = None
	profile = False
	opt_details = False
	nograd = False

2018-01-15 09:21:10,535 - INFO - Random number seed: 1

2018-01-15 09:21:10,535 - INFO - Reading alignment from _WSN_high_0_8_simulatedalignment.fasta
2018-01-15 09:21:11,597 - INFO - Read 87 aligned sequences from _WSN_high_0_8_simulatedalignment.fasta, each consisting of 564 codons.

2018-01-15 09:21:11,598 - INFO - The model will be an ExpCM informed by site-specific amino-acid preferences in ../HA/data/references/HA_Doud_prefs.csv
2018-01-15 09:21:11,598 - INFO - Preferences will be averaged across sites.
2018-01-15 09:21:13,411 - INFO - Successfully read site-specific amino-acid preferences for all 564 sites.

2018-01-15 09:21:13,413 - INFO - Nucleotide frequency parameters phi will be set so stationary state matches alignment nucleotide frequencies of A = 0.335, C = 0.185, G = 0.234, T = 0.245

2018-01-15 09:21:20,850 - INFO - Omega will be drawn from 4 gamma-distributed categories.

2018-01-15 09:21:42,096 - INFO - Reading tree from phydms/WSN_high_0_8_RAxML_tree.newick
2018-01-15 09:21:42,103 - INFO - Tree has 87 tips.
2018-01-15 09:21:42,140 - INFO - Adjusted 1 branch lengths up to minbrlen 1e-06

2018-01-15 09:21:42,140 - INFO - Initializing TreeLikelihood..
2018-01-15 09:26:28,665 - INFO - TreeLikelihood initialized.
2018-01-15 09:26:28,666 - INFO - Maximizing log likelihood (initially -66519.06).
2018-01-15 09:26:28,666 - INFO - Branch lengths will be optimized individually.
2018-01-15 14:12:39,743 - INFO - Maximization complete:
	Step 1: optimized parameters, loglik went from -66519.06 to -59148.20 (21 iterations, 28 function evals)
	Step 2: optimized branches, loglik went from -59148.20 to -59113.80 (69 iterations, 76 function evals)
	Step 3: optimized parameters, loglik went from -59113.80 to -59111.90 (6 iterations, 9 function evals)
	Step 4: optimized branches, loglik went from -59111.90 to -59111.90 (1 iterations, 5 function evals)
2018-01-15 14:12:39,778 - INFO - Optimized log likelihood is -59111.90.
2018-01-15 14:12:39,778 - INFO - Writing log likelihood to phydms/WSN_high_0_8_averaged_ExpCM_HA_Doud_prefs_gammaomega_loglikelihood.txt
2018-01-15 14:12:39,785 - INFO - Model parameters after optimization:
	alpha_omega = 1.1295
	beta = 1.41726
	beta_omega =     10
	kappa = 3.21052
	phiA = 0.360901
	phiC = 0.178218
	phiG = 0.235993
2018-01-15 14:12:39,785 - INFO - Writing model parameters to phydms/WSN_high_0_8_averaged_ExpCM_HA_Doud_prefs_gammaomega_modelparams.txt
2018-01-15 14:12:39,788 - INFO - Writing the optimized tree to phydms/WSN_high_0_8_averaged_ExpCM_HA_Doud_prefs_gammaomega_tree.newick

2018-01-15 14:12:39,800 - INFO - Successful completion of phydms
