2018-01-14 19:20:44,256 - INFO - Beginning execution of phydms in directory /fh/fast/bloom_j/computational_notebooks/skhilton/2017/divergence_timing_manuscript/analysis/simulations

2018-01-14 19:20:44,256 - INFO - Progress is being logged to phydms/WSN_high_0_5_YNGKP_M0_log.log

2018-01-14 19:20:44,256 - INFO - Version information:
	Time and date: Sun Jan 14 19:20:42 2018
	Platform: Linux-3.13.0-68-generic-x86_64-with-debian-jessie-sid
	Python version: 3.6.0 |Continuum Analytics, Inc.| (default, Dec 23 2016, 12:22:00)  [GCC 4.4.7 20120313 (Red Hat 4.4.7-1)]
	phydms version: 2.2.0
	Bio version: 1.69
	cython version: 0.25.2
	numpy version: 1.13.3
	scipy version: 0.19.0
	matplotlib version: 2.1.0
	natsort version: 5.0.2
	sympy version: 1.0
	six version: 1.11.0
	pandas version: 0.21.0
	pyvolve version: 0.8.4
	statsmodels version: 0.8.0
	weblogolib version: 3.5.0
	PyPDF2 version: 1.26.0

2018-01-14 19:20:44,256 - INFO - Parsed the following arguments:
	alignment = _WSN_high_0_5_simulatedalignment.fasta
	tree = phydms/WSN_high_0_5_RAxML_tree.newick
	model = YNGKP_M0
	outprefix = phydms/WSN_high_0_5_YNGKP_M0
	brlen = optimize
	gammaomega = False
	gammabeta = False
	omegabysite = False
	omegabysite_fixsyn = False
	diffprefsbysite = False
	diffprefsprior = ('invquadratic', 150.0, 0.5)
	fitphi = False
	randprefs = False
	avgprefs = False
	divpressure = None
	ncpus = 1
	fitprefsmethod = 2
	ncats = 4
	minbrlen = 1e-06
	minpref = 0.002
	seed = 1
	initparams = None
	profile = False
	opt_details = False
	nograd = False

2018-01-14 19:20:44,256 - INFO - Random number seed: 1

2018-01-14 19:20:44,257 - INFO - Reading alignment from _WSN_high_0_5_simulatedalignment.fasta
2018-01-14 19:20:45,082 - INFO - Read 87 aligned sequences from _WSN_high_0_5_simulatedalignment.fasta, each consisting of 564 codons.

2018-01-14 19:20:45,451 - INFO - Codon substitution model with be M0 version of YNGKP (Yang, Nielsen, Goldman, & Pederson. Genetics. 155:431-449).
2018-01-14 19:20:45,547 - INFO - Reading tree from phydms/WSN_high_0_5_RAxML_tree.newick
2018-01-14 19:20:45,566 - INFO - Tree has 87 tips.
2018-01-14 19:20:45,602 - INFO - Adjusted 1 branch lengths up to minbrlen 1e-06

2018-01-14 19:20:45,602 - INFO - Initializing TreeLikelihood..
2018-01-14 19:20:54,775 - INFO - TreeLikelihood initialized.
2018-01-14 19:20:54,794 - INFO - Maximizing log likelihood (initially -66277.05).
2018-01-14 19:20:54,795 - INFO - Branch lengths will be optimized individually.
2018-01-14 19:50:12,079 - INFO - Maximization complete:
	Step 1: optimized parameters, loglik went from -66277.05 to -58804.07 (10 iterations, 18 function evals)
	Step 2: optimized branches, loglik went from -58804.07 to -58775.57 (68 iterations, 75 function evals)
	Step 3: optimized parameters, loglik went from -58775.57 to -58769.08 (11 iterations, 16 function evals)
	Step 4: optimized branches, loglik went from -58769.08 to -58767.51 (52 iterations, 58 function evals)
	Step 5: optimized parameters, loglik went from -58767.51 to -58767.14 (4 iterations, 10 function evals)
	Step 6: optimized branches, loglik went from -58767.14 to -58767.14 (1 iterations, 4 function evals)
2018-01-14 19:50:12,118 - INFO - Optimized log likelihood is -58767.14.
2018-01-14 19:50:12,119 - INFO - Writing log likelihood to phydms/WSN_high_0_5_YNGKP_M0_loglikelihood.txt
2018-01-14 19:50:12,140 - INFO - Model parameters after optimization:
	kappa = 2.72735
	omega = 0.0862918
	phi0A = 0.329696
	phi0C = 0.162523
	phi0G = 0.263685
	phi1A = 0.385068
	phi1C = 0.155323
	phi1G = 0.203672
	phi2A = 0.3681
	phi2C = 0.188055
	phi2G = 0.210756
2018-01-14 19:50:12,140 - INFO - Writing model parameters to phydms/WSN_high_0_5_YNGKP_M0_modelparams.txt
2018-01-14 19:50:12,149 - INFO - Writing the optimized tree to phydms/WSN_high_0_5_YNGKP_M0_tree.newick

2018-01-14 19:50:12,165 - INFO - Successful completion of phydms
