2018-01-14 19:53:38,837 - INFO - Beginning execution of phydms in directory /fh/fast/bloom_j/computational_notebooks/skhilton/2017/divergence_timing_manuscript/analysis/simulations

2018-01-14 19:53:38,837 - INFO - Progress is being logged to phydms/WSN_high_0_2_randomized_ExpCM_HA_Doud_prefs_gammaomega_log.log

2018-01-14 19:53:38,837 - INFO - Version information:
	Time and date: Sun Jan 14 19:53:37 2018
	Platform: Linux-3.13.0-68-generic-x86_64-with-debian-jessie-sid
	Python version: 3.6.0 |Continuum Analytics, Inc.| (default, Dec 23 2016, 12:22:00)  [GCC 4.4.7 20120313 (Red Hat 4.4.7-1)]
	phydms version: 2.2.0
	Bio version: 1.69
	cython version: 0.25.2
	numpy version: 1.13.3
	scipy version: 0.19.0
	matplotlib version: 2.1.0
	natsort version: 5.0.2
	sympy version: 1.0
	six version: 1.11.0
	pandas version: 0.21.0
	pyvolve version: 0.8.4
	statsmodels version: 0.8.0
	weblogolib version: 3.5.0
	PyPDF2 version: 1.26.0

2018-01-14 19:53:38,837 - INFO - Parsed the following arguments:
	alignment = _WSN_high_0_2_simulatedalignment.fasta
	tree = phydms/WSN_high_0_2_RAxML_tree.newick
	model = ('ExpCM', '../HA/data/references/HA_Doud_prefs.csv')
	outprefix = phydms/WSN_high_0_2_randomized_ExpCM_HA_Doud_prefs_gammaomega
	brlen = optimize
	gammaomega = True
	gammabeta = False
	omegabysite = False
	omegabysite_fixsyn = False
	diffprefsbysite = False
	diffprefsprior = ('invquadratic', 150.0, 0.5)
	fitphi = False
	randprefs = True
	avgprefs = False
	divpressure = None
	ncpus = 4
	fitprefsmethod = 2
	ncats = 4
	minbrlen = 1e-06
	minpref = 0.002
	seed = 1
	initparams = None
	profile = False
	opt_details = False
	nograd = False

2018-01-14 19:53:38,837 - INFO - Random number seed: 1

2018-01-14 19:53:38,837 - INFO - Reading alignment from _WSN_high_0_2_simulatedalignment.fasta
2018-01-14 19:53:39,556 - INFO - Read 87 aligned sequences from _WSN_high_0_2_simulatedalignment.fasta, each consisting of 564 codons.

2018-01-14 19:53:39,557 - INFO - The model will be an ExpCM informed by site-specific amino-acid preferences in ../HA/data/references/HA_Doud_prefs.csv
2018-01-14 19:53:39,557 - INFO - Preferences will be randomized across sites.
2018-01-14 19:53:40,816 - INFO - Successfully read site-specific amino-acid preferences for all 564 sites.

2018-01-14 19:53:40,819 - INFO - Nucleotide frequency parameters phi will be set so stationary state matches alignment nucleotide frequencies of A = 0.351, C = 0.176, G = 0.240, T = 0.233

2018-01-14 19:53:43,742 - INFO - Omega will be drawn from 4 gamma-distributed categories.

2018-01-14 19:54:00,984 - INFO - Reading tree from phydms/WSN_high_0_2_RAxML_tree.newick
2018-01-14 19:54:00,992 - INFO - Tree has 87 tips.
2018-01-14 19:54:01,031 - INFO - Adjusted 1 branch lengths up to minbrlen 1e-06

2018-01-14 19:54:01,031 - INFO - Initializing TreeLikelihood..
2018-01-14 19:57:29,927 - INFO - TreeLikelihood initialized.
2018-01-14 19:57:29,928 - INFO - Maximizing log likelihood (initially -64110.33).
2018-01-14 19:57:29,928 - INFO - Branch lengths will be optimized individually.
2018-01-15 00:04:35,702 - INFO - Maximization complete:
	Step 1: optimized parameters, loglik went from -64110.33 to -57147.56 (22 iterations, 29 function evals)
	Step 2: optimized branches, loglik went from -57147.56 to -57115.64 (79 iterations, 90 function evals)
	Step 3: optimized parameters, loglik went from -57115.64 to -57113.76 (7 iterations, 11 function evals)
	Step 4: optimized branches, loglik went from -57113.76 to -57113.15 (46 iterations, 51 function evals)
	Step 5: optimized parameters, loglik went from -57113.15 to -57113.14 (2 iterations, 4 function evals)
	Step 6: optimized branches, loglik went from -57113.14 to -57113.14 (1 iterations, 5 function evals)
2018-01-15 00:04:35,743 - INFO - Optimized log likelihood is -57113.14.
2018-01-15 00:04:35,743 - INFO - Writing log likelihood to phydms/WSN_high_0_2_randomized_ExpCM_HA_Doud_prefs_gammaomega_loglikelihood.txt
2018-01-15 00:04:35,768 - INFO - Model parameters after optimization:
	alpha_omega = 1.03932
	beta = 0.0520974
	beta_omega =     10
	kappa = 3.24977
	phiA = 0.359793
	phiC = 0.163491
	phiG = 0.237292
2018-01-15 00:04:35,768 - INFO - Writing model parameters to phydms/WSN_high_0_2_randomized_ExpCM_HA_Doud_prefs_gammaomega_modelparams.txt
2018-01-15 00:04:35,776 - INFO - Writing the optimized tree to phydms/WSN_high_0_2_randomized_ExpCM_HA_Doud_prefs_gammaomega_tree.newick

2018-01-15 00:04:35,789 - INFO - Successful completion of phydms
