2018-01-15 13:51:07,873 - INFO - Beginning execution of phydms in directory /fh/fast/bloom_j/computational_notebooks/skhilton/2017/divergence_timing_manuscript/analysis/simulations

2018-01-15 13:51:07,873 - INFO - Progress is being logged to phydms/WSN_high_0_9_averaged_ExpCM_HA_Doud_prefs_log.log

2018-01-15 13:51:07,873 - INFO - Version information:
	Time and date: Mon Jan 15 13:51:06 2018
	Platform: Linux-3.13.0-68-generic-x86_64-with-debian-jessie-sid
	Python version: 3.6.0 |Continuum Analytics, Inc.| (default, Dec 23 2016, 12:22:00)  [GCC 4.4.7 20120313 (Red Hat 4.4.7-1)]
	phydms version: 2.2.0
	Bio version: 1.69
	cython version: 0.25.2
	numpy version: 1.13.3
	scipy version: 0.19.0
	matplotlib version: 2.1.0
	natsort version: 5.0.2
	sympy version: 1.0
	six version: 1.11.0
	pandas version: 0.21.0
	pyvolve version: 0.8.4
	statsmodels version: 0.8.0
	weblogolib version: 3.5.0
	PyPDF2 version: 1.26.0

2018-01-15 13:51:07,873 - INFO - Parsed the following arguments:
	alignment = _WSN_high_0_9_simulatedalignment.fasta
	tree = phydms/WSN_high_0_9_RAxML_tree.newick
	model = ('ExpCM', '../HA/data/references/HA_Doud_prefs.csv')
	outprefix = phydms/WSN_high_0_9_averaged_ExpCM_HA_Doud_prefs
	brlen = optimize
	gammaomega = False
	gammabeta = False
	omegabysite = False
	omegabysite_fixsyn = False
	diffprefsbysite = False
	diffprefsprior = ('invquadratic', 150.0, 0.5)
	fitphi = False
	randprefs = False
	avgprefs = True
	divpressure = None
	ncpus = 4
	fitprefsmethod = 2
	ncats = 4
	minbrlen = 1e-06
	minpref = 0.002
	seed = 1
	initparams = None
	profile = False
	opt_details = False
	nograd = False

2018-01-15 13:51:07,873 - INFO - Random number seed: 1

2018-01-15 13:51:07,873 - INFO - Reading alignment from _WSN_high_0_9_simulatedalignment.fasta
2018-01-15 13:51:08,593 - INFO - Read 87 aligned sequences from _WSN_high_0_9_simulatedalignment.fasta, each consisting of 564 codons.

2018-01-15 13:51:08,594 - INFO - The model will be an ExpCM informed by site-specific amino-acid preferences in ../HA/data/references/HA_Doud_prefs.csv
2018-01-15 13:51:08,594 - INFO - Preferences will be averaged across sites.
2018-01-15 13:51:09,839 - INFO - Successfully read site-specific amino-acid preferences for all 564 sites.

2018-01-15 13:51:09,842 - INFO - Nucleotide frequency parameters phi will be set so stationary state matches alignment nucleotide frequencies of A = 0.344, C = 0.180, G = 0.236, T = 0.241

2018-01-15 13:51:11,256 - INFO - Reading tree from phydms/WSN_high_0_9_RAxML_tree.newick
2018-01-15 13:51:11,261 - INFO - Tree has 87 tips.
2018-01-15 13:51:11,297 - INFO - Adjusted 1 branch lengths up to minbrlen 1e-06

2018-01-15 13:51:11,297 - INFO - Initializing TreeLikelihood..
2018-01-15 13:51:56,412 - INFO - TreeLikelihood initialized.
2018-01-15 13:51:56,413 - INFO - Maximizing log likelihood (initially -64901.22).
2018-01-15 13:51:56,413 - INFO - Branch lengths will be optimized individually.
2018-01-15 14:47:15,768 - INFO - Maximization complete:
	Step 1: optimized parameters, loglik went from -64901.22 to -57577.66 (15 iterations, 23 function evals)
	Step 2: optimized branches, loglik went from -57577.66 to -57562.49 (67 iterations, 71 function evals)
	Step 3: optimized parameters, loglik went from -57562.49 to -57560.42 (4 iterations, 8 function evals)
	Step 4: optimized branches, loglik went from -57560.42 to -57559.73 (19 iterations, 24 function evals)
	Step 5: optimized parameters, loglik went from -57559.73 to -57559.36 (2 iterations, 5 function evals)
	Step 6: optimized branches, loglik went from -57559.36 to -57559.19 (10 iterations, 14 function evals)
	Step 7: optimized parameters, loglik went from -57559.19 to -57559.16 (2 iterations, 5 function evals)
	Step 8: optimized branches, loglik went from -57559.16 to -57559.16 (1 iterations, 4 function evals)
2018-01-15 14:47:15,769 - INFO - Optimized log likelihood is -57559.16.
2018-01-15 14:47:15,769 - INFO - Writing log likelihood to phydms/WSN_high_0_9_averaged_ExpCM_HA_Doud_prefs_loglikelihood.txt
2018-01-15 14:47:15,792 - INFO - Model parameters after optimization:
	beta = 1.16602
	kappa = 3.27784
	omega = 0.106902
	phiA = 0.366565
	phiC = 0.171654
	phiG = 0.236136
2018-01-15 14:47:15,793 - INFO - Writing model parameters to phydms/WSN_high_0_9_averaged_ExpCM_HA_Doud_prefs_modelparams.txt
2018-01-15 14:47:15,796 - INFO - Writing the optimized tree to phydms/WSN_high_0_9_averaged_ExpCM_HA_Doud_prefs_tree.newick

2018-01-15 14:47:15,807 - INFO - Successful completion of phydms
