2018-01-15 10:19:59,610 - INFO - Beginning execution of phydms in directory /fh/fast/bloom_j/computational_notebooks/skhilton/2017/divergence_timing_manuscript/analysis/simulations

2018-01-15 10:19:59,610 - INFO - Progress is being logged to phydms/WSN_high_0_3_randomized_ExpCM_HA_Doud_prefs_log.log

2018-01-15 10:19:59,610 - INFO - Version information:
	Time and date: Mon Jan 15 10:19:56 2018
	Platform: Linux-3.13.0-68-generic-x86_64-with-debian-jessie-sid
	Python version: 3.6.0 |Continuum Analytics, Inc.| (default, Dec 23 2016, 12:22:00)  [GCC 4.4.7 20120313 (Red Hat 4.4.7-1)]
	phydms version: 2.2.0
	Bio version: 1.69
	cython version: 0.25.2
	numpy version: 1.13.3
	scipy version: 0.19.0
	matplotlib version: 2.1.0
	natsort version: 5.0.2
	sympy version: 1.0
	six version: 1.11.0
	pandas version: 0.21.0
	pyvolve version: 0.8.4
	statsmodels version: 0.8.0
	weblogolib version: 3.5.0
	PyPDF2 version: 1.26.0

2018-01-15 10:19:59,610 - INFO - Parsed the following arguments:
	alignment = _WSN_high_0_3_simulatedalignment.fasta
	tree = phydms/WSN_high_0_3_RAxML_tree.newick
	model = ('ExpCM', '../HA/data/references/HA_Doud_prefs.csv')
	outprefix = phydms/WSN_high_0_3_randomized_ExpCM_HA_Doud_prefs
	brlen = optimize
	gammaomega = False
	gammabeta = False
	omegabysite = False
	omegabysite_fixsyn = False
	diffprefsbysite = False
	diffprefsprior = ('invquadratic', 150.0, 0.5)
	fitphi = False
	randprefs = True
	avgprefs = False
	divpressure = None
	ncpus = 4
	fitprefsmethod = 2
	ncats = 4
	minbrlen = 1e-06
	minpref = 0.002
	seed = 1
	initparams = None
	profile = False
	opt_details = False
	nograd = False

2018-01-15 10:19:59,610 - INFO - Random number seed: 1

2018-01-15 10:19:59,611 - INFO - Reading alignment from _WSN_high_0_3_simulatedalignment.fasta
2018-01-15 10:20:01,287 - INFO - Read 87 aligned sequences from _WSN_high_0_3_simulatedalignment.fasta, each consisting of 564 codons.

2018-01-15 10:20:01,315 - INFO - The model will be an ExpCM informed by site-specific amino-acid preferences in ../HA/data/references/HA_Doud_prefs.csv
2018-01-15 10:20:01,324 - INFO - Preferences will be randomized across sites.
2018-01-15 10:20:09,117 - INFO - Successfully read site-specific amino-acid preferences for all 564 sites.

2018-01-15 10:20:09,120 - INFO - Nucleotide frequency parameters phi will be set so stationary state matches alignment nucleotide frequencies of A = 0.346, C = 0.186, G = 0.226, T = 0.242

2018-01-15 10:20:19,836 - INFO - Reading tree from phydms/WSN_high_0_3_RAxML_tree.newick
2018-01-15 10:20:19,846 - INFO - Tree has 87 tips.
2018-01-15 10:20:19,941 - INFO - Adjusted 1 branch lengths up to minbrlen 1e-06

2018-01-15 10:20:19,948 - INFO - Initializing TreeLikelihood..
2018-01-15 10:21:50,547 - INFO - TreeLikelihood initialized.
2018-01-15 10:21:50,552 - INFO - Maximizing log likelihood (initially -66164.34).
2018-01-15 10:21:50,552 - INFO - Branch lengths will be optimized individually.
2018-01-15 12:25:10,238 - INFO - Maximization complete:
	Step 1: optimized parameters, loglik went from -66164.34 to -58816.08 (22 iterations, 35 function evals)
	Step 2: optimized branches, loglik went from -58816.08 to -58796.98 (54 iterations, 60 function evals)
	Step 3: optimized parameters, loglik went from -58796.98 to -58793.74 (4 iterations, 8 function evals)
	Step 4: optimized branches, loglik went from -58793.74 to -58792.63 (27 iterations, 32 function evals)
	Step 5: optimized parameters, loglik went from -58792.63 to -58791.96 (9 iterations, 14 function evals)
	Step 6: optimized branches, loglik went from -58791.96 to -58791.96 (1 iterations, 5 function evals)
2018-01-15 12:25:10,240 - INFO - Optimized log likelihood is -58791.96.
2018-01-15 12:25:10,240 - INFO - Writing log likelihood to phydms/WSN_high_0_3_randomized_ExpCM_HA_Doud_prefs_loglikelihood.txt
2018-01-15 12:25:10,246 - INFO - Model parameters after optimization:
	beta = 0.033022
	kappa = 3.12834
	omega = 0.100077
	phiA = 0.355772
	phiC = 0.173418
	phiG = 0.2233
2018-01-15 12:25:10,246 - INFO - Writing model parameters to phydms/WSN_high_0_3_randomized_ExpCM_HA_Doud_prefs_modelparams.txt
2018-01-15 12:25:10,252 - INFO - Writing the optimized tree to phydms/WSN_high_0_3_randomized_ExpCM_HA_Doud_prefs_tree.newick

2018-01-15 12:25:10,262 - INFO - Successful completion of phydms
