2018-01-15 09:20:52,948 - INFO - Beginning execution of phydms in directory /fh/fast/bloom_j/computational_notebooks/skhilton/2017/divergence_timing_manuscript/analysis/simulations

2018-01-15 09:20:52,948 - INFO - Progress is being logged to phydms/WSN_high_0_0_ExpCM_HA_Doud_prefs_gammaomega_log.log

2018-01-15 09:20:52,948 - INFO - Version information:
	Time and date: Mon Jan 15 09:20:51 2018
	Platform: Linux-3.13.0-68-generic-x86_64-with-debian-jessie-sid
	Python version: 3.6.0 |Continuum Analytics, Inc.| (default, Dec 23 2016, 12:22:00)  [GCC 4.4.7 20120313 (Red Hat 4.4.7-1)]
	phydms version: 2.2.0
	Bio version: 1.69
	cython version: 0.25.2
	numpy version: 1.13.3
	scipy version: 0.19.0
	matplotlib version: 2.1.0
	natsort version: 5.0.2
	sympy version: 1.0
	six version: 1.11.0
	pandas version: 0.21.0
	pyvolve version: 0.8.4
	statsmodels version: 0.8.0
	weblogolib version: 3.5.0
	PyPDF2 version: 1.26.0

2018-01-15 09:20:52,948 - INFO - Parsed the following arguments:
	alignment = _WSN_high_0_0_simulatedalignment.fasta
	tree = phydms/WSN_high_0_0_RAxML_tree.newick
	model = ('ExpCM', '../HA/data/references/HA_Doud_prefs.csv')
	outprefix = phydms/WSN_high_0_0_ExpCM_HA_Doud_prefs_gammaomega
	brlen = optimize
	gammaomega = True
	gammabeta = False
	omegabysite = False
	omegabysite_fixsyn = False
	diffprefsbysite = False
	diffprefsprior = ('invquadratic', 150.0, 0.5)
	fitphi = False
	randprefs = False
	avgprefs = False
	divpressure = None
	ncpus = 4
	fitprefsmethod = 2
	ncats = 4
	minbrlen = 1e-06
	minpref = 0.002
	seed = 1
	initparams = None
	profile = False
	opt_details = False
	nograd = False

2018-01-15 09:20:52,948 - INFO - Random number seed: 1

2018-01-15 09:20:52,948 - INFO - Reading alignment from _WSN_high_0_0_simulatedalignment.fasta
2018-01-15 09:20:53,674 - INFO - Read 87 aligned sequences from _WSN_high_0_0_simulatedalignment.fasta, each consisting of 564 codons.

2018-01-15 09:20:53,674 - INFO - The model will be an ExpCM informed by site-specific amino-acid preferences in ../HA/data/references/HA_Doud_prefs.csv
2018-01-15 09:20:54,941 - INFO - Successfully read site-specific amino-acid preferences for all 564 sites.

2018-01-15 09:20:54,944 - INFO - Nucleotide frequency parameters phi will be set so stationary state matches alignment nucleotide frequencies of A = 0.336, C = 0.182, G = 0.235, T = 0.247

2018-01-15 09:20:56,342 - INFO - Omega will be drawn from 4 gamma-distributed categories.

2018-01-15 09:21:07,894 - INFO - Reading tree from phydms/WSN_high_0_0_RAxML_tree.newick
2018-01-15 09:21:07,905 - INFO - Tree has 87 tips.
2018-01-15 09:21:07,974 - INFO - Adjusted 1 branch lengths up to minbrlen 1e-06

2018-01-15 09:21:07,974 - INFO - Initializing TreeLikelihood..
2018-01-15 09:25:39,553 - INFO - TreeLikelihood initialized.
2018-01-15 09:25:39,553 - INFO - Maximizing log likelihood (initially -59909.75).
2018-01-15 09:25:39,554 - INFO - Branch lengths will be optimized individually.
2018-01-15 15:58:06,811 - INFO - Maximization complete:
	Step 1: optimized parameters, loglik went from -59909.75 to -53022.63 (24 iterations, 29 function evals)
	Step 2: optimized branches, loglik went from -53022.63 to -52833.67 (165 iterations, 177 function evals)
	Step 3: optimized parameters, loglik went from -52833.67 to -52813.79 (9 iterations, 13 function evals)
	Step 4: optimized branches, loglik went from -52813.79 to -52813.79 (1 iterations, 5 function evals)
2018-01-15 15:58:06,813 - INFO - Optimized log likelihood is -52813.79.
2018-01-15 15:58:06,813 - INFO - Writing log likelihood to phydms/WSN_high_0_0_ExpCM_HA_Doud_prefs_gammaomega_loglikelihood.txt
2018-01-15 15:58:06,818 - INFO - Model parameters after optimization:
	alpha_omega = 2.76267
	beta = 1.57563
	beta_omega =     10
	kappa = 3.64243
	phiA = 0.377365
	phiC = 0.172355
	phiG = 0.232715
2018-01-15 15:58:06,818 - INFO - Writing model parameters to phydms/WSN_high_0_0_ExpCM_HA_Doud_prefs_gammaomega_modelparams.txt
2018-01-15 15:58:06,822 - INFO - Writing the optimized tree to phydms/WSN_high_0_0_ExpCM_HA_Doud_prefs_gammaomega_tree.newick

2018-01-15 15:58:06,856 - INFO - Successful completion of phydms
