2018-01-15 09:21:08,896 - INFO - Beginning execution of phydms in directory /fh/fast/bloom_j/computational_notebooks/skhilton/2017/divergence_timing_manuscript/analysis/simulations

2018-01-15 09:21:08,900 - INFO - Progress is being logged to phydms/WSN_high_0_8_averaged_ExpCM_HA_Doud_prefs_log.log

2018-01-15 09:21:08,900 - INFO - Version information:
	Time and date: Mon Jan 15 09:21:07 2018
	Platform: Linux-3.13.0-68-generic-x86_64-with-debian-jessie-sid
	Python version: 3.6.0 |Continuum Analytics, Inc.| (default, Dec 23 2016, 12:22:00)  [GCC 4.4.7 20120313 (Red Hat 4.4.7-1)]
	phydms version: 2.2.0
	Bio version: 1.69
	cython version: 0.25.2
	numpy version: 1.13.3
	scipy version: 0.19.0
	matplotlib version: 2.1.0
	natsort version: 5.0.2
	sympy version: 1.0
	six version: 1.11.0
	pandas version: 0.21.0
	pyvolve version: 0.8.4
	statsmodels version: 0.8.0
	weblogolib version: 3.5.0
	PyPDF2 version: 1.26.0

2018-01-15 09:21:08,900 - INFO - Parsed the following arguments:
	alignment = _WSN_high_0_8_simulatedalignment.fasta
	tree = phydms/WSN_high_0_8_RAxML_tree.newick
	model = ('ExpCM', '../HA/data/references/HA_Doud_prefs.csv')
	outprefix = phydms/WSN_high_0_8_averaged_ExpCM_HA_Doud_prefs
	brlen = optimize
	gammaomega = False
	gammabeta = False
	omegabysite = False
	omegabysite_fixsyn = False
	diffprefsbysite = False
	diffprefsprior = ('invquadratic', 150.0, 0.5)
	fitphi = False
	randprefs = False
	avgprefs = True
	divpressure = None
	ncpus = 4
	fitprefsmethod = 2
	ncats = 4
	minbrlen = 1e-06
	minpref = 0.002
	seed = 1
	initparams = None
	profile = False
	opt_details = False
	nograd = False

2018-01-15 09:21:08,900 - INFO - Random number seed: 1

2018-01-15 09:21:08,900 - INFO - Reading alignment from _WSN_high_0_8_simulatedalignment.fasta
2018-01-15 09:21:09,757 - INFO - Read 87 aligned sequences from _WSN_high_0_8_simulatedalignment.fasta, each consisting of 564 codons.

2018-01-15 09:21:09,758 - INFO - The model will be an ExpCM informed by site-specific amino-acid preferences in ../HA/data/references/HA_Doud_prefs.csv
2018-01-15 09:21:09,758 - INFO - Preferences will be averaged across sites.
2018-01-15 09:21:13,850 - INFO - Successfully read site-specific amino-acid preferences for all 564 sites.

2018-01-15 09:21:13,876 - INFO - Nucleotide frequency parameters phi will be set so stationary state matches alignment nucleotide frequencies of A = 0.335, C = 0.185, G = 0.234, T = 0.245

2018-01-15 09:21:18,687 - INFO - Reading tree from phydms/WSN_high_0_8_RAxML_tree.newick
2018-01-15 09:21:18,709 - INFO - Tree has 87 tips.
2018-01-15 09:21:18,831 - INFO - Adjusted 1 branch lengths up to minbrlen 1e-06

2018-01-15 09:21:18,831 - INFO - Initializing TreeLikelihood..
2018-01-15 09:22:34,988 - INFO - TreeLikelihood initialized.
2018-01-15 09:22:34,989 - INFO - Maximizing log likelihood (initially -67299.43).
2018-01-15 09:22:34,990 - INFO - Branch lengths will be optimized individually.
2018-01-15 11:12:53,907 - INFO - Maximization complete:
	Step 1: optimized parameters, loglik went from -67299.43 to -59723.08 (19 iterations, 25 function evals)
	Step 2: optimized branches, loglik went from -59723.08 to -59706.38 (52 iterations, 59 function evals)
	Step 3: optimized parameters, loglik went from -59706.38 to -59702.92 (4 iterations, 8 function evals)
	Step 4: optimized branches, loglik went from -59702.92 to -59702.04 (17 iterations, 23 function evals)
	Step 5: optimized parameters, loglik went from -59702.04 to -59701.41 (2 iterations, 5 function evals)
	Step 6: optimized branches, loglik went from -59701.41 to -59701.25 (12 iterations, 15 function evals)
	Step 7: optimized parameters, loglik went from -59701.25 to -59701.06 (3 iterations, 7 function evals)
	Step 8: optimized branches, loglik went from -59701.06 to -59701.06 (1 iterations, 4 function evals)
2018-01-15 11:12:53,912 - INFO - Optimized log likelihood is -59701.06.
2018-01-15 11:12:53,913 - INFO - Writing log likelihood to phydms/WSN_high_0_8_averaged_ExpCM_HA_Doud_prefs_loglikelihood.txt
2018-01-15 11:12:53,922 - INFO - Model parameters after optimization:
	beta = 1.24247
	kappa = 3.1105
	omega = 0.107999
	phiA = 0.358534
	phiC = 0.177913
	phiG = 0.235394
2018-01-15 11:12:53,922 - INFO - Writing model parameters to phydms/WSN_high_0_8_averaged_ExpCM_HA_Doud_prefs_modelparams.txt
2018-01-15 11:12:53,932 - INFO - Writing the optimized tree to phydms/WSN_high_0_8_averaged_ExpCM_HA_Doud_prefs_tree.newick

2018-01-15 11:12:53,947 - INFO - Successful completion of phydms
