2018-01-15 09:20:51,317 - INFO - Beginning execution of phydms in directory /fh/fast/bloom_j/computational_notebooks/skhilton/2017/divergence_timing_manuscript/analysis/simulations

2018-01-15 09:20:51,317 - INFO - Progress is being logged to phydms/WSN_high_0_0_YNGKP_M5_log.log

2018-01-15 09:20:51,317 - INFO - Version information:
	Time and date: Mon Jan 15 09:20:49 2018
	Platform: Linux-3.13.0-68-generic-x86_64-with-debian-jessie-sid
	Python version: 3.6.0 |Continuum Analytics, Inc.| (default, Dec 23 2016, 12:22:00)  [GCC 4.4.7 20120313 (Red Hat 4.4.7-1)]
	phydms version: 2.2.0
	Bio version: 1.69
	cython version: 0.25.2
	numpy version: 1.13.3
	scipy version: 0.19.0
	matplotlib version: 2.1.0
	natsort version: 5.0.2
	sympy version: 1.0
	six version: 1.11.0
	pandas version: 0.21.0
	pyvolve version: 0.8.4
	statsmodels version: 0.8.0
	weblogolib version: 3.5.0
	PyPDF2 version: 1.26.0

2018-01-15 09:20:51,317 - INFO - Parsed the following arguments:
	alignment = _WSN_high_0_0_simulatedalignment.fasta
	tree = phydms/WSN_high_0_0_RAxML_tree.newick
	model = YNGKP_M5
	outprefix = phydms/WSN_high_0_0_YNGKP_M5
	brlen = optimize
	gammaomega = False
	gammabeta = False
	omegabysite = False
	omegabysite_fixsyn = False
	diffprefsbysite = False
	diffprefsprior = ('invquadratic', 150.0, 0.5)
	fitphi = False
	randprefs = False
	avgprefs = False
	divpressure = None
	ncpus = 1
	fitprefsmethod = 2
	ncats = 4
	minbrlen = 1e-06
	minpref = 0.002
	seed = 1
	initparams = None
	profile = False
	opt_details = False
	nograd = False

2018-01-15 09:20:51,317 - INFO - Random number seed: 1

2018-01-15 09:20:51,318 - INFO - Reading alignment from _WSN_high_0_0_simulatedalignment.fasta
2018-01-15 09:20:52,015 - INFO - Read 87 aligned sequences from _WSN_high_0_0_simulatedalignment.fasta, each consisting of 564 codons.

2018-01-15 09:20:52,015 - INFO - Codon substitution model with be M5 version of YNGKP (Yang, Nielsen, Goldman, & Pederson. Genetics. 155:431-449).
2018-01-15 09:20:52,068 - INFO - For this YNGKP_M5 model, omega will be drawn from 4 gamma-distributed categories.
2018-01-15 09:20:52,083 - INFO - Reading tree from phydms/WSN_high_0_0_RAxML_tree.newick
2018-01-15 09:20:52,090 - INFO - Tree has 87 tips.
2018-01-15 09:20:52,155 - INFO - Adjusted 1 branch lengths up to minbrlen 1e-06

2018-01-15 09:20:52,156 - INFO - Initializing TreeLikelihood..
2018-01-15 09:21:22,066 - INFO - TreeLikelihood initialized.
2018-01-15 09:21:22,067 - INFO - Maximizing log likelihood (initially -63664.45).
2018-01-15 09:21:22,067 - INFO - Branch lengths will be optimized individually.
2018-01-15 11:01:37,513 - INFO - Maximization complete:
	Step 1: optimized parameters, loglik went from -63664.45 to -56407.23 (20 iterations, 25 function evals)
	Step 2: optimized branches, loglik went from -56407.23 to -56357.85 (87 iterations, 93 function evals)
	Step 3: optimized parameters, loglik went from -56357.85 to -56355.20 (5 iterations, 8 function evals)
	Step 4: optimized branches, loglik went from -56355.20 to -56355.20 (1 iterations, 4 function evals)
2018-01-15 11:01:37,516 - INFO - Optimized log likelihood is -56355.20.
2018-01-15 11:01:37,516 - INFO - Writing log likelihood to phydms/WSN_high_0_0_YNGKP_M5_loglikelihood.txt
2018-01-15 11:01:37,533 - INFO - Model parameters after optimization:
	alpha_omega = 0.997482
	beta_omega =     10
	kappa = 2.99056
	phi0A = 0.342877
	phi0C = 0.152984
	phi0G = 0.249181
	phi1A = 0.341919
	phi1C = 0.163007
	phi1G = 0.227496
	phi2A = 0.352322
	phi2C = 0.192186
	phi2G = 0.219403
2018-01-15 11:01:37,533 - INFO - Writing model parameters to phydms/WSN_high_0_0_YNGKP_M5_modelparams.txt
2018-01-15 11:01:37,538 - INFO - Writing the optimized tree to phydms/WSN_high_0_0_YNGKP_M5_tree.newick

2018-01-15 11:01:37,546 - INFO - Successful completion of phydms
