2018-01-14 19:19:18,772 - INFO - Beginning execution of phydms_comprehensive in directory /fh/fast/bloom_j/computational_notebooks/skhilton/2017/divergence_timing_manuscript/analysis/simulations

2018-01-14 19:19:18,773 - INFO - Progress is being logged to phydms/WSN_high_0_5.log

2018-01-14 19:19:18,773 - INFO - Version information:
	Time and date: Sun Jan 14 19:19:16 2018
	Platform: Linux-3.13.0-68-generic-x86_64-with-debian-jessie-sid
	Python version: 3.6.0 |Continuum Analytics, Inc.| (default, Dec 23 2016, 12:22:00)  [GCC 4.4.7 20120313 (Red Hat 4.4.7-1)]
	phydms version: 2.2.0
	Bio version: 1.69
	cython version: 0.25.2
	numpy version: 1.13.3
	scipy version: 0.19.0
	matplotlib version: 2.1.0
	natsort version: 5.0.2
	sympy version: 1.0
	six version: 1.11.0
	pandas version: 0.21.0
	pyvolve version: 0.8.4
	statsmodels version: 0.8.0
	weblogolib version: 3.5.0
	PyPDF2 version: 1.26.0

2018-01-14 19:19:18,773 - INFO - Parsed the following command-line arguments:
	outprefix = phydms/WSN_high_0_5_
	alignment = _WSN_high_0_5_simulatedalignment.fasta
	prefsfiles = ['../HA/data/references/HA_Doud_prefs.csv']
	raxml = raxml
	tree = None
	ncpus = -1
	brlen = optimize
	omegabysite = False
	diffprefsbysite = False
	gammaomega = True
	gammabeta = False
	noavgprefs = False
	randprefs = True

2018-01-14 19:19:18,773 - INFO - Checking that the alignment _WSN_high_0_5_simulatedalignment.fasta is valid...
2018-01-14 19:19:19,453 - INFO - Valid alignment specifying 87 sequences of length 1692.

2018-01-14 19:19:19,453 - INFO - Tree not specified.
2018-01-14 19:19:19,468 - INFO - Inferring tree with RAxML using command raxml
2018-01-14 19:20:40,722 - INFO - RAxML inferred tree is now named phydms/WSN_high_0_5_RAxML_tree.newick
2018-01-14 19:20:40,769 - INFO - Starting analysis to optimize tree in phydms/WSN_high_0_5_RAxML_tree.newick using model YNGKP_M0. The command is: phydms _WSN_high_0_5_simulatedalignment.fasta phydms/WSN_high_0_5_RAxML_tree.newick YNGKP_M0 phydms/WSN_high_0_5_YNGKP_M0 --brlen optimize --ncpus 1

2018-01-14 19:20:40,770 - INFO - Starting analysis to optimize tree in phydms/WSN_high_0_5_RAxML_tree.newick using model YNGKP_M5. The command is: phydms _WSN_high_0_5_simulatedalignment.fasta phydms/WSN_high_0_5_RAxML_tree.newick YNGKP_M5 phydms/WSN_high_0_5_YNGKP_M5 --brlen optimize --ncpus 1

2018-01-14 19:20:40,770 - INFO - Starting analysis to optimize tree in phydms/WSN_high_0_5_RAxML_tree.newick using model ExpCM_HA_Doud_prefs. The command is: phydms _WSN_high_0_5_simulatedalignment.fasta phydms/WSN_high_0_5_RAxML_tree.newick ExpCM_../HA/data/references/HA_Doud_prefs.csv phydms/WSN_high_0_5_ExpCM_HA_Doud_prefs --brlen optimize --ncpus 4

2018-01-14 19:20:40,771 - INFO - Starting analysis to optimize tree in phydms/WSN_high_0_5_RAxML_tree.newick using model ExpCM_HA_Doud_prefs_gammaomega. The command is: phydms _WSN_high_0_5_simulatedalignment.fasta phydms/WSN_high_0_5_RAxML_tree.newick ExpCM_../HA/data/references/HA_Doud_prefs.csv phydms/WSN_high_0_5_ExpCM_HA_Doud_prefs_gammaomega --brlen optimize --gammaomega --ncpus 4

2018-01-14 19:20:40,771 - INFO - Starting analysis to optimize tree in phydms/WSN_high_0_5_RAxML_tree.newick using model averaged_ExpCM_HA_Doud_prefs. The command is: phydms _WSN_high_0_5_simulatedalignment.fasta phydms/WSN_high_0_5_RAxML_tree.newick ExpCM_../HA/data/references/HA_Doud_prefs.csv phydms/WSN_high_0_5_averaged_ExpCM_HA_Doud_prefs --brlen optimize --avgprefs --ncpus 4

2018-01-14 19:20:40,771 - INFO - Starting analysis to optimize tree in phydms/WSN_high_0_5_RAxML_tree.newick using model averaged_ExpCM_HA_Doud_prefs_gammaomega. The command is: phydms _WSN_high_0_5_simulatedalignment.fasta phydms/WSN_high_0_5_RAxML_tree.newick ExpCM_../HA/data/references/HA_Doud_prefs.csv phydms/WSN_high_0_5_averaged_ExpCM_HA_Doud_prefs_gammaomega --brlen optimize --gammaomega --avgprefs --ncpus 4

2018-01-14 19:20:40,771 - INFO - Starting analysis to optimize tree in phydms/WSN_high_0_5_RAxML_tree.newick using model randomized_ExpCM_HA_Doud_prefs. The command is: phydms _WSN_high_0_5_simulatedalignment.fasta phydms/WSN_high_0_5_RAxML_tree.newick ExpCM_../HA/data/references/HA_Doud_prefs.csv phydms/WSN_high_0_5_randomized_ExpCM_HA_Doud_prefs --brlen optimize --randprefs --ncpus 4

2018-01-14 19:20:40,771 - INFO - Starting analysis to optimize tree in phydms/WSN_high_0_5_RAxML_tree.newick using model randomized_ExpCM_HA_Doud_prefs_gammaomega. The command is: phydms _WSN_high_0_5_simulatedalignment.fasta phydms/WSN_high_0_5_RAxML_tree.newick ExpCM_../HA/data/references/HA_Doud_prefs.csv phydms/WSN_high_0_5_randomized_ExpCM_HA_Doud_prefs_gammaomega --brlen optimize --gammaomega --randprefs --ncpus 4

2018-01-14 19:50:12,847 - INFO - Analysis completed for YNGKP_M0
2018-01-14 19:50:12,857 - INFO - Found expected output file phydms/WSN_high_0_5_YNGKP_M0_log.log
2018-01-14 19:50:12,859 - INFO - Found expected output file phydms/WSN_high_0_5_YNGKP_M0_tree.newick
2018-01-14 19:50:12,859 - INFO - Found expected output file phydms/WSN_high_0_5_YNGKP_M0_loglikelihood.txt
2018-01-14 19:50:12,859 - INFO - Found expected output file phydms/WSN_high_0_5_YNGKP_M0_modelparams.txt
2018-01-14 19:50:12,859 - INFO - Analysis successful for YNGKP_M0

2018-01-14 21:04:11,606 - INFO - Analysis completed for randomized_ExpCM_HA_Doud_prefs
2018-01-14 21:04:11,611 - INFO - Found expected output file phydms/WSN_high_0_5_randomized_ExpCM_HA_Doud_prefs_log.log
2018-01-14 21:04:11,611 - INFO - Found expected output file phydms/WSN_high_0_5_randomized_ExpCM_HA_Doud_prefs_tree.newick
2018-01-14 21:04:11,611 - INFO - Found expected output file phydms/WSN_high_0_5_randomized_ExpCM_HA_Doud_prefs_loglikelihood.txt
2018-01-14 21:04:11,612 - INFO - Found expected output file phydms/WSN_high_0_5_randomized_ExpCM_HA_Doud_prefs_modelparams.txt
2018-01-14 21:04:11,612 - INFO - Analysis successful for randomized_ExpCM_HA_Doud_prefs

2018-01-14 21:07:24,799 - INFO - Analysis completed for averaged_ExpCM_HA_Doud_prefs
2018-01-14 21:07:24,803 - INFO - Found expected output file phydms/WSN_high_0_5_averaged_ExpCM_HA_Doud_prefs_log.log
2018-01-14 21:07:24,804 - INFO - Found expected output file phydms/WSN_high_0_5_averaged_ExpCM_HA_Doud_prefs_tree.newick
2018-01-14 21:07:24,804 - INFO - Found expected output file phydms/WSN_high_0_5_averaged_ExpCM_HA_Doud_prefs_loglikelihood.txt
2018-01-14 21:07:24,804 - INFO - Found expected output file phydms/WSN_high_0_5_averaged_ExpCM_HA_Doud_prefs_modelparams.txt
2018-01-14 21:07:24,804 - INFO - Analysis successful for averaged_ExpCM_HA_Doud_prefs

2018-01-14 21:09:53,944 - INFO - Analysis completed for YNGKP_M5
2018-01-14 21:09:53,947 - INFO - Found expected output file phydms/WSN_high_0_5_YNGKP_M5_log.log
2018-01-14 21:09:53,947 - INFO - Found expected output file phydms/WSN_high_0_5_YNGKP_M5_tree.newick
2018-01-14 21:09:53,947 - INFO - Found expected output file phydms/WSN_high_0_5_YNGKP_M5_loglikelihood.txt
2018-01-14 21:09:53,948 - INFO - Found expected output file phydms/WSN_high_0_5_YNGKP_M5_modelparams.txt
2018-01-14 21:09:53,948 - INFO - Analysis successful for YNGKP_M5

2018-01-14 21:51:58,364 - INFO - Analysis completed for ExpCM_HA_Doud_prefs
2018-01-14 21:51:58,367 - INFO - Found expected output file phydms/WSN_high_0_5_ExpCM_HA_Doud_prefs_log.log
2018-01-14 21:51:58,367 - INFO - Found expected output file phydms/WSN_high_0_5_ExpCM_HA_Doud_prefs_tree.newick
2018-01-14 21:51:58,369 - INFO - Found expected output file phydms/WSN_high_0_5_ExpCM_HA_Doud_prefs_loglikelihood.txt
2018-01-14 21:51:58,369 - INFO - Found expected output file phydms/WSN_high_0_5_ExpCM_HA_Doud_prefs_modelparams.txt
2018-01-14 21:51:58,370 - INFO - Analysis successful for ExpCM_HA_Doud_prefs

2018-01-14 23:43:25,855 - INFO - Analysis completed for randomized_ExpCM_HA_Doud_prefs_gammaomega
2018-01-14 23:43:25,858 - INFO - Found expected output file phydms/WSN_high_0_5_randomized_ExpCM_HA_Doud_prefs_gammaomega_log.log
2018-01-14 23:43:25,858 - INFO - Found expected output file phydms/WSN_high_0_5_randomized_ExpCM_HA_Doud_prefs_gammaomega_tree.newick
2018-01-14 23:43:25,858 - INFO - Found expected output file phydms/WSN_high_0_5_randomized_ExpCM_HA_Doud_prefs_gammaomega_loglikelihood.txt
2018-01-14 23:43:25,859 - INFO - Found expected output file phydms/WSN_high_0_5_randomized_ExpCM_HA_Doud_prefs_gammaomega_modelparams.txt
2018-01-14 23:43:25,859 - INFO - Analysis successful for randomized_ExpCM_HA_Doud_prefs_gammaomega

2018-01-15 00:13:46,623 - INFO - Analysis completed for averaged_ExpCM_HA_Doud_prefs_gammaomega
2018-01-15 00:13:46,626 - INFO - Found expected output file phydms/WSN_high_0_5_averaged_ExpCM_HA_Doud_prefs_gammaomega_log.log
2018-01-15 00:13:46,626 - INFO - Found expected output file phydms/WSN_high_0_5_averaged_ExpCM_HA_Doud_prefs_gammaomega_tree.newick
2018-01-15 00:13:46,627 - INFO - Found expected output file phydms/WSN_high_0_5_averaged_ExpCM_HA_Doud_prefs_gammaomega_loglikelihood.txt
2018-01-15 00:13:46,627 - INFO - Found expected output file phydms/WSN_high_0_5_averaged_ExpCM_HA_Doud_prefs_gammaomega_modelparams.txt
2018-01-15 00:13:46,627 - INFO - Analysis successful for averaged_ExpCM_HA_Doud_prefs_gammaomega

2018-01-15 02:33:37,673 - INFO - Analysis completed for ExpCM_HA_Doud_prefs_gammaomega
2018-01-15 02:33:37,677 - INFO - Found expected output file phydms/WSN_high_0_5_ExpCM_HA_Doud_prefs_gammaomega_log.log
2018-01-15 02:33:37,678 - INFO - Found expected output file phydms/WSN_high_0_5_ExpCM_HA_Doud_prefs_gammaomega_tree.newick
2018-01-15 02:33:37,678 - INFO - Found expected output file phydms/WSN_high_0_5_ExpCM_HA_Doud_prefs_gammaomega_loglikelihood.txt
2018-01-15 02:33:37,679 - INFO - Found expected output file phydms/WSN_high_0_5_ExpCM_HA_Doud_prefs_gammaomega_modelparams.txt
2018-01-15 02:33:37,679 - INFO - Analysis successful for ExpCM_HA_Doud_prefs_gammaomega

2018-01-15 02:33:38,723 - INFO - Successful completion of phydms_comprehensive
