2018-01-15 10:18:16,530 - INFO - Beginning execution of phydms_comprehensive in directory /fh/fast/bloom_j/computational_notebooks/skhilton/2017/divergence_timing_manuscript/analysis/simulations

2018-01-15 10:18:16,530 - INFO - Progress is being logged to phydms/WSN_high_0_4.log

2018-01-15 10:18:16,530 - INFO - Version information:
	Time and date: Mon Jan 15 10:18:14 2018
	Platform: Linux-3.13.0-68-generic-x86_64-with-debian-jessie-sid
	Python version: 3.6.0 |Continuum Analytics, Inc.| (default, Dec 23 2016, 12:22:00)  [GCC 4.4.7 20120313 (Red Hat 4.4.7-1)]
	phydms version: 2.2.0
	Bio version: 1.69
	cython version: 0.25.2
	numpy version: 1.13.3
	scipy version: 0.19.0
	matplotlib version: 2.1.0
	natsort version: 5.0.2
	sympy version: 1.0
	six version: 1.11.0
	pandas version: 0.21.0
	pyvolve version: 0.8.4
	statsmodels version: 0.8.0
	weblogolib version: 3.5.0
	PyPDF2 version: 1.26.0

2018-01-15 10:18:16,530 - INFO - Parsed the following command-line arguments:
	outprefix = phydms/WSN_high_0_4_
	alignment = _WSN_high_0_4_simulatedalignment.fasta
	prefsfiles = ['../HA/data/references/HA_Doud_prefs.csv']
	raxml = raxml
	tree = None
	ncpus = -1
	brlen = optimize
	omegabysite = False
	diffprefsbysite = False
	gammaomega = True
	gammabeta = False
	noavgprefs = False
	randprefs = True

2018-01-15 10:18:16,530 - INFO - Checking that the alignment _WSN_high_0_4_simulatedalignment.fasta is valid...
2018-01-15 10:18:17,230 - INFO - Valid alignment specifying 87 sequences of length 1692.

2018-01-15 10:18:17,230 - INFO - Tree not specified.
2018-01-15 10:18:17,242 - INFO - Inferring tree with RAxML using command raxml
2018-01-15 10:19:51,661 - INFO - RAxML inferred tree is now named phydms/WSN_high_0_4_RAxML_tree.newick
2018-01-15 10:19:51,834 - INFO - Removed the following existing files that have names that match the names of output files that will be created: phydms/WSN_high_0_4_YNGKP_M0_log.log, phydms/WSN_high_0_4_YNGKP_M0_tree.newick, phydms/WSN_high_0_4_YNGKP_M0_loglikelihood.txt, phydms/WSN_high_0_4_YNGKP_M0_modelparams.txt, phydms/WSN_high_0_4_YNGKP_M5_log.log, phydms/WSN_high_0_4_YNGKP_M5_tree.newick, phydms/WSN_high_0_4_YNGKP_M5_loglikelihood.txt, phydms/WSN_high_0_4_YNGKP_M5_modelparams.txt, phydms/WSN_high_0_4_ExpCM_HA_Doud_prefs_log.log, phydms/WSN_high_0_4_ExpCM_HA_Doud_prefs_tree.newick, phydms/WSN_high_0_4_ExpCM_HA_Doud_prefs_loglikelihood.txt, phydms/WSN_high_0_4_ExpCM_HA_Doud_prefs_modelparams.txt, phydms/WSN_high_0_4_ExpCM_HA_Doud_prefs_gammaomega_log.log, phydms/WSN_high_0_4_averaged_ExpCM_HA_Doud_prefs_log.log, phydms/WSN_high_0_4_averaged_ExpCM_HA_Doud_prefs_tree.newick, phydms/WSN_high_0_4_averaged_ExpCM_HA_Doud_prefs_loglikelihood.txt, phydms/WSN_high_0_4_averaged_ExpCM_HA_Doud_prefs_modelparams.txt, phydms/WSN_high_0_4_averaged_ExpCM_HA_Doud_prefs_gammaomega_log.log, phydms/WSN_high_0_4_randomized_ExpCM_HA_Doud_prefs_log.log, phydms/WSN_high_0_4_randomized_ExpCM_HA_Doud_prefs_tree.newick, phydms/WSN_high_0_4_randomized_ExpCM_HA_Doud_prefs_loglikelihood.txt, phydms/WSN_high_0_4_randomized_ExpCM_HA_Doud_prefs_modelparams.txt, phydms/WSN_high_0_4_randomized_ExpCM_HA_Doud_prefs_gammaomega_log.log

2018-01-15 10:19:51,834 - INFO - Starting analysis to optimize tree in phydms/WSN_high_0_4_RAxML_tree.newick using model YNGKP_M0. The command is: phydms _WSN_high_0_4_simulatedalignment.fasta phydms/WSN_high_0_4_RAxML_tree.newick YNGKP_M0 phydms/WSN_high_0_4_YNGKP_M0 --brlen optimize --ncpus 1

2018-01-15 10:19:51,835 - INFO - Starting analysis to optimize tree in phydms/WSN_high_0_4_RAxML_tree.newick using model YNGKP_M5. The command is: phydms _WSN_high_0_4_simulatedalignment.fasta phydms/WSN_high_0_4_RAxML_tree.newick YNGKP_M5 phydms/WSN_high_0_4_YNGKP_M5 --brlen optimize --ncpus 1

2018-01-15 10:19:51,835 - INFO - Starting analysis to optimize tree in phydms/WSN_high_0_4_RAxML_tree.newick using model ExpCM_HA_Doud_prefs. The command is: phydms _WSN_high_0_4_simulatedalignment.fasta phydms/WSN_high_0_4_RAxML_tree.newick ExpCM_../HA/data/references/HA_Doud_prefs.csv phydms/WSN_high_0_4_ExpCM_HA_Doud_prefs --brlen optimize --ncpus 4

2018-01-15 10:19:51,835 - INFO - Starting analysis to optimize tree in phydms/WSN_high_0_4_RAxML_tree.newick using model ExpCM_HA_Doud_prefs_gammaomega. The command is: phydms _WSN_high_0_4_simulatedalignment.fasta phydms/WSN_high_0_4_RAxML_tree.newick ExpCM_../HA/data/references/HA_Doud_prefs.csv phydms/WSN_high_0_4_ExpCM_HA_Doud_prefs_gammaomega --brlen optimize --gammaomega --ncpus 4

2018-01-15 10:19:51,835 - INFO - Starting analysis to optimize tree in phydms/WSN_high_0_4_RAxML_tree.newick using model averaged_ExpCM_HA_Doud_prefs. The command is: phydms _WSN_high_0_4_simulatedalignment.fasta phydms/WSN_high_0_4_RAxML_tree.newick ExpCM_../HA/data/references/HA_Doud_prefs.csv phydms/WSN_high_0_4_averaged_ExpCM_HA_Doud_prefs --brlen optimize --avgprefs --ncpus 4

2018-01-15 10:19:51,835 - INFO - Starting analysis to optimize tree in phydms/WSN_high_0_4_RAxML_tree.newick using model averaged_ExpCM_HA_Doud_prefs_gammaomega. The command is: phydms _WSN_high_0_4_simulatedalignment.fasta phydms/WSN_high_0_4_RAxML_tree.newick ExpCM_../HA/data/references/HA_Doud_prefs.csv phydms/WSN_high_0_4_averaged_ExpCM_HA_Doud_prefs_gammaomega --brlen optimize --gammaomega --avgprefs --ncpus 4

2018-01-15 10:19:51,835 - INFO - Starting analysis to optimize tree in phydms/WSN_high_0_4_RAxML_tree.newick using model randomized_ExpCM_HA_Doud_prefs. The command is: phydms _WSN_high_0_4_simulatedalignment.fasta phydms/WSN_high_0_4_RAxML_tree.newick ExpCM_../HA/data/references/HA_Doud_prefs.csv phydms/WSN_high_0_4_randomized_ExpCM_HA_Doud_prefs --brlen optimize --randprefs --ncpus 4

2018-01-15 10:19:51,835 - INFO - Starting analysis to optimize tree in phydms/WSN_high_0_4_RAxML_tree.newick using model randomized_ExpCM_HA_Doud_prefs_gammaomega. The command is: phydms _WSN_high_0_4_simulatedalignment.fasta phydms/WSN_high_0_4_RAxML_tree.newick ExpCM_../HA/data/references/HA_Doud_prefs.csv phydms/WSN_high_0_4_randomized_ExpCM_HA_Doud_prefs_gammaomega --brlen optimize --gammaomega --randprefs --ncpus 4

2018-01-15 11:18:29,355 - INFO - Analysis completed for YNGKP_M0
2018-01-15 11:18:29,360 - INFO - Found expected output file phydms/WSN_high_0_4_YNGKP_M0_log.log
2018-01-15 11:18:29,361 - INFO - Found expected output file phydms/WSN_high_0_4_YNGKP_M0_tree.newick
2018-01-15 11:18:29,361 - INFO - Found expected output file phydms/WSN_high_0_4_YNGKP_M0_loglikelihood.txt
2018-01-15 11:18:29,361 - INFO - Found expected output file phydms/WSN_high_0_4_YNGKP_M0_modelparams.txt
2018-01-15 11:18:29,361 - INFO - Analysis successful for YNGKP_M0

2018-01-15 12:12:59,286 - INFO - Analysis completed for randomized_ExpCM_HA_Doud_prefs
2018-01-15 12:12:59,288 - INFO - Found expected output file phydms/WSN_high_0_4_randomized_ExpCM_HA_Doud_prefs_log.log
2018-01-15 12:12:59,288 - INFO - Found expected output file phydms/WSN_high_0_4_randomized_ExpCM_HA_Doud_prefs_tree.newick
2018-01-15 12:12:59,288 - INFO - Found expected output file phydms/WSN_high_0_4_randomized_ExpCM_HA_Doud_prefs_loglikelihood.txt
2018-01-15 12:12:59,288 - INFO - Found expected output file phydms/WSN_high_0_4_randomized_ExpCM_HA_Doud_prefs_modelparams.txt
2018-01-15 12:12:59,289 - INFO - Analysis successful for randomized_ExpCM_HA_Doud_prefs

2018-01-15 12:33:45,809 - INFO - Analysis completed for averaged_ExpCM_HA_Doud_prefs
2018-01-15 12:33:45,811 - INFO - Found expected output file phydms/WSN_high_0_4_averaged_ExpCM_HA_Doud_prefs_log.log
2018-01-15 12:33:45,811 - INFO - Found expected output file phydms/WSN_high_0_4_averaged_ExpCM_HA_Doud_prefs_tree.newick
2018-01-15 12:33:45,811 - INFO - Found expected output file phydms/WSN_high_0_4_averaged_ExpCM_HA_Doud_prefs_loglikelihood.txt
2018-01-15 12:33:45,811 - INFO - Found expected output file phydms/WSN_high_0_4_averaged_ExpCM_HA_Doud_prefs_modelparams.txt
2018-01-15 12:33:45,811 - INFO - Analysis successful for averaged_ExpCM_HA_Doud_prefs

2018-01-15 12:48:07,696 - INFO - Analysis completed for YNGKP_M5
2018-01-15 12:48:07,698 - INFO - Found expected output file phydms/WSN_high_0_4_YNGKP_M5_log.log
2018-01-15 12:48:07,699 - INFO - Found expected output file phydms/WSN_high_0_4_YNGKP_M5_tree.newick
2018-01-15 12:48:07,699 - INFO - Found expected output file phydms/WSN_high_0_4_YNGKP_M5_loglikelihood.txt
2018-01-15 12:48:07,699 - INFO - Found expected output file phydms/WSN_high_0_4_YNGKP_M5_modelparams.txt
2018-01-15 12:48:07,699 - INFO - Analysis successful for YNGKP_M5

2018-01-15 13:09:28,103 - INFO - Analysis completed for ExpCM_HA_Doud_prefs
2018-01-15 13:09:28,105 - INFO - Found expected output file phydms/WSN_high_0_4_ExpCM_HA_Doud_prefs_log.log
2018-01-15 13:09:28,105 - INFO - Found expected output file phydms/WSN_high_0_4_ExpCM_HA_Doud_prefs_tree.newick
2018-01-15 13:09:28,105 - INFO - Found expected output file phydms/WSN_high_0_4_ExpCM_HA_Doud_prefs_loglikelihood.txt
2018-01-15 13:09:28,105 - INFO - Found expected output file phydms/WSN_high_0_4_ExpCM_HA_Doud_prefs_modelparams.txt
2018-01-15 13:09:28,106 - INFO - Analysis successful for ExpCM_HA_Doud_prefs

2018-01-15 15:41:55,278 - INFO - Analysis completed for averaged_ExpCM_HA_Doud_prefs_gammaomega
2018-01-15 15:41:55,283 - INFO - Found expected output file phydms/WSN_high_0_4_averaged_ExpCM_HA_Doud_prefs_gammaomega_log.log
2018-01-15 15:41:55,283 - INFO - Found expected output file phydms/WSN_high_0_4_averaged_ExpCM_HA_Doud_prefs_gammaomega_tree.newick
2018-01-15 15:41:55,283 - INFO - Found expected output file phydms/WSN_high_0_4_averaged_ExpCM_HA_Doud_prefs_gammaomega_loglikelihood.txt
2018-01-15 15:41:55,283 - INFO - Found expected output file phydms/WSN_high_0_4_averaged_ExpCM_HA_Doud_prefs_gammaomega_modelparams.txt
2018-01-15 15:41:55,283 - INFO - Analysis successful for averaged_ExpCM_HA_Doud_prefs_gammaomega

2018-01-15 16:02:55,462 - INFO - Analysis completed for randomized_ExpCM_HA_Doud_prefs_gammaomega
2018-01-15 16:02:55,464 - INFO - Found expected output file phydms/WSN_high_0_4_randomized_ExpCM_HA_Doud_prefs_gammaomega_log.log
2018-01-15 16:02:55,464 - INFO - Found expected output file phydms/WSN_high_0_4_randomized_ExpCM_HA_Doud_prefs_gammaomega_tree.newick
2018-01-15 16:02:55,464 - INFO - Found expected output file phydms/WSN_high_0_4_randomized_ExpCM_HA_Doud_prefs_gammaomega_loglikelihood.txt
2018-01-15 16:02:55,465 - INFO - Found expected output file phydms/WSN_high_0_4_randomized_ExpCM_HA_Doud_prefs_gammaomega_modelparams.txt
2018-01-15 16:02:55,465 - INFO - Analysis successful for randomized_ExpCM_HA_Doud_prefs_gammaomega

2018-01-15 18:01:30,356 - INFO - Analysis completed for ExpCM_HA_Doud_prefs_gammaomega
2018-01-15 18:01:30,358 - INFO - Found expected output file phydms/WSN_high_0_4_ExpCM_HA_Doud_prefs_gammaomega_log.log
2018-01-15 18:01:30,358 - INFO - Found expected output file phydms/WSN_high_0_4_ExpCM_HA_Doud_prefs_gammaomega_tree.newick
2018-01-15 18:01:30,359 - INFO - Found expected output file phydms/WSN_high_0_4_ExpCM_HA_Doud_prefs_gammaomega_loglikelihood.txt
2018-01-15 18:01:30,359 - INFO - Found expected output file phydms/WSN_high_0_4_ExpCM_HA_Doud_prefs_gammaomega_modelparams.txt
2018-01-15 18:01:30,360 - INFO - Analysis successful for ExpCM_HA_Doud_prefs_gammaomega

2018-01-15 18:01:31,399 - INFO - Successful completion of phydms_comprehensive
