2018-01-14 19:53:32,532 - INFO - Beginning execution of phydms in directory /fh/fast/bloom_j/computational_notebooks/skhilton/2017/divergence_timing_manuscript/analysis/simulations

2018-01-14 19:53:32,532 - INFO - Progress is being logged to phydms/WSN_high_0_2_YNGKP_M0_log.log

2018-01-14 19:53:32,532 - INFO - Version information:
	Time and date: Sun Jan 14 19:53:31 2018
	Platform: Linux-3.13.0-68-generic-x86_64-with-debian-jessie-sid
	Python version: 3.6.0 |Continuum Analytics, Inc.| (default, Dec 23 2016, 12:22:00)  [GCC 4.4.7 20120313 (Red Hat 4.4.7-1)]
	phydms version: 2.2.0
	Bio version: 1.69
	cython version: 0.25.2
	numpy version: 1.13.3
	scipy version: 0.19.0
	matplotlib version: 2.1.0
	natsort version: 5.0.2
	sympy version: 1.0
	six version: 1.11.0
	pandas version: 0.21.0
	pyvolve version: 0.8.4
	statsmodels version: 0.8.0
	weblogolib version: 3.5.0
	PyPDF2 version: 1.26.0

2018-01-14 19:53:32,533 - INFO - Parsed the following arguments:
	alignment = _WSN_high_0_2_simulatedalignment.fasta
	tree = phydms/WSN_high_0_2_RAxML_tree.newick
	model = YNGKP_M0
	outprefix = phydms/WSN_high_0_2_YNGKP_M0
	brlen = optimize
	gammaomega = False
	gammabeta = False
	omegabysite = False
	omegabysite_fixsyn = False
	diffprefsbysite = False
	diffprefsprior = ('invquadratic', 150.0, 0.5)
	fitphi = False
	randprefs = False
	avgprefs = False
	divpressure = None
	ncpus = 1
	fitprefsmethod = 2
	ncats = 4
	minbrlen = 1e-06
	minpref = 0.002
	seed = 1
	initparams = None
	profile = False
	opt_details = False
	nograd = False

2018-01-14 19:53:32,533 - INFO - Random number seed: 1

2018-01-14 19:53:32,533 - INFO - Reading alignment from _WSN_high_0_2_simulatedalignment.fasta
2018-01-14 19:53:33,209 - INFO - Read 87 aligned sequences from _WSN_high_0_2_simulatedalignment.fasta, each consisting of 564 codons.

2018-01-14 19:53:33,209 - INFO - Codon substitution model with be M0 version of YNGKP (Yang, Nielsen, Goldman, & Pederson. Genetics. 155:431-449).
2018-01-14 19:53:33,279 - INFO - Reading tree from phydms/WSN_high_0_2_RAxML_tree.newick
2018-01-14 19:53:33,284 - INFO - Tree has 87 tips.
2018-01-14 19:53:33,318 - INFO - Adjusted 1 branch lengths up to minbrlen 1e-06

2018-01-14 19:53:33,318 - INFO - Initializing TreeLikelihood..
2018-01-14 19:53:38,016 - INFO - TreeLikelihood initialized.
2018-01-14 19:53:38,017 - INFO - Maximizing log likelihood (initially -65486.47).
2018-01-14 19:53:38,017 - INFO - Branch lengths will be optimized individually.
2018-01-14 20:17:52,465 - INFO - Maximization complete:
	Step 1: optimized parameters, loglik went from -65486.47 to -58294.95 (11 iterations, 18 function evals)
	Step 2: optimized branches, loglik went from -58294.95 to -58268.66 (62 iterations, 67 function evals)
	Step 3: optimized parameters, loglik went from -58268.66 to -58264.71 (4 iterations, 8 function evals)
	Step 4: optimized branches, loglik went from -58264.71 to -58263.51 (36 iterations, 39 function evals)
	Step 5: optimized parameters, loglik went from -58263.51 to -58262.48 (10 iterations, 14 function evals)
	Step 6: optimized branches, loglik went from -58262.48 to -58262.39 (3 iterations, 6 function evals)
	Step 7: optimized parameters, loglik went from -58262.39 to -58262.39 (1 iterations, 5 function evals)
2018-01-14 20:17:52,509 - INFO - Optimized log likelihood is -58262.39.
2018-01-14 20:17:52,510 - INFO - Writing log likelihood to phydms/WSN_high_0_2_YNGKP_M0_loglikelihood.txt
2018-01-14 20:17:52,533 - INFO - Model parameters after optimization:
	kappa = 2.83122
	omega = 0.0890414
	phi0A = 0.357779
	phi0C = 0.149129
	phi0G = 0.267563
	phi1A = 0.345666
	phi1C = 0.165686
	phi1G = 0.220418
	phi2A = 0.374321
	phi2C = 0.17828
	phi2G = 0.222076
2018-01-14 20:17:52,533 - INFO - Writing model parameters to phydms/WSN_high_0_2_YNGKP_M0_modelparams.txt
2018-01-14 20:17:52,538 - INFO - Writing the optimized tree to phydms/WSN_high_0_2_YNGKP_M0_tree.newick

2018-01-14 20:17:52,549 - INFO - Successful completion of phydms
