2018-01-15 13:51:09,990 - INFO - Beginning execution of phydms in directory /fh/fast/bloom_j/computational_notebooks/skhilton/2017/divergence_timing_manuscript/analysis/simulations

2018-01-15 13:51:09,990 - INFO - Progress is being logged to phydms/WSN_high_0_9_randomized_ExpCM_HA_Doud_prefs_log.log

2018-01-15 13:51:09,990 - INFO - Version information:
	Time and date: Mon Jan 15 13:51:08 2018
	Platform: Linux-3.13.0-68-generic-x86_64-with-debian-jessie-sid
	Python version: 3.6.0 |Continuum Analytics, Inc.| (default, Dec 23 2016, 12:22:00)  [GCC 4.4.7 20120313 (Red Hat 4.4.7-1)]
	phydms version: 2.2.0
	Bio version: 1.69
	cython version: 0.25.2
	numpy version: 1.13.3
	scipy version: 0.19.0
	matplotlib version: 2.1.0
	natsort version: 5.0.2
	sympy version: 1.0
	six version: 1.11.0
	pandas version: 0.21.0
	pyvolve version: 0.8.4
	statsmodels version: 0.8.0
	weblogolib version: 3.5.0
	PyPDF2 version: 1.26.0

2018-01-15 13:51:09,990 - INFO - Parsed the following arguments:
	alignment = _WSN_high_0_9_simulatedalignment.fasta
	tree = phydms/WSN_high_0_9_RAxML_tree.newick
	model = ('ExpCM', '../HA/data/references/HA_Doud_prefs.csv')
	outprefix = phydms/WSN_high_0_9_randomized_ExpCM_HA_Doud_prefs
	brlen = optimize
	gammaomega = False
	gammabeta = False
	omegabysite = False
	omegabysite_fixsyn = False
	diffprefsbysite = False
	diffprefsprior = ('invquadratic', 150.0, 0.5)
	fitphi = False
	randprefs = True
	avgprefs = False
	divpressure = None
	ncpus = 4
	fitprefsmethod = 2
	ncats = 4
	minbrlen = 1e-06
	minpref = 0.002
	seed = 1
	initparams = None
	profile = False
	opt_details = False
	nograd = False

2018-01-15 13:51:09,990 - INFO - Random number seed: 1

2018-01-15 13:51:09,990 - INFO - Reading alignment from _WSN_high_0_9_simulatedalignment.fasta
2018-01-15 13:51:10,730 - INFO - Read 87 aligned sequences from _WSN_high_0_9_simulatedalignment.fasta, each consisting of 564 codons.

2018-01-15 13:51:10,730 - INFO - The model will be an ExpCM informed by site-specific amino-acid preferences in ../HA/data/references/HA_Doud_prefs.csv
2018-01-15 13:51:10,730 - INFO - Preferences will be randomized across sites.
2018-01-15 13:51:11,989 - INFO - Successfully read site-specific amino-acid preferences for all 564 sites.

2018-01-15 13:51:11,992 - INFO - Nucleotide frequency parameters phi will be set so stationary state matches alignment nucleotide frequencies of A = 0.344, C = 0.180, G = 0.236, T = 0.241

2018-01-15 13:51:14,587 - INFO - Reading tree from phydms/WSN_high_0_9_RAxML_tree.newick
2018-01-15 13:51:14,597 - INFO - Tree has 87 tips.
2018-01-15 13:51:14,663 - INFO - Adjusted 1 branch lengths up to minbrlen 1e-06

2018-01-15 13:51:14,672 - INFO - Initializing TreeLikelihood..
2018-01-15 13:51:59,331 - INFO - TreeLikelihood initialized.
2018-01-15 13:51:59,331 - INFO - Maximizing log likelihood (initially -64834.33).
2018-01-15 13:51:59,332 - INFO - Branch lengths will be optimized individually.
2018-01-15 14:44:38,153 - INFO - Maximization complete:
	Step 1: optimized parameters, loglik went from -64834.33 to -57657.83 (19 iterations, 29 function evals)
	Step 2: optimized branches, loglik went from -57657.83 to -57643.89 (57 iterations, 63 function evals)
	Step 3: optimized parameters, loglik went from -57643.89 to -57641.98 (4 iterations, 8 function evals)
	Step 4: optimized branches, loglik went from -57641.98 to -57641.30 (28 iterations, 33 function evals)
	Step 5: optimized parameters, loglik went from -57641.30 to -57641.14 (2 iterations, 5 function evals)
	Step 6: optimized branches, loglik went from -57641.14 to -57641.14 (1 iterations, 4 function evals)
2018-01-15 14:44:38,195 - INFO - Optimized log likelihood is -57641.14.
2018-01-15 14:44:38,195 - INFO - Writing log likelihood to phydms/WSN_high_0_9_randomized_ExpCM_HA_Doud_prefs_loglikelihood.txt
2018-01-15 14:44:38,204 - INFO - Model parameters after optimization:
	beta = 1.1e-05
	kappa = 3.31369
	omega = 0.108045
	phiA = 0.353299
	phiC = 0.166801
	phiG = 0.232263
2018-01-15 14:44:38,205 - INFO - Writing model parameters to phydms/WSN_high_0_9_randomized_ExpCM_HA_Doud_prefs_modelparams.txt
2018-01-15 14:44:38,210 - INFO - Writing the optimized tree to phydms/WSN_high_0_9_randomized_ExpCM_HA_Doud_prefs_tree.newick

2018-01-15 14:44:38,242 - INFO - Successful completion of phydms
