2018-01-15 10:19:51,963 - INFO - Beginning execution of phydms in directory /fh/fast/bloom_j/computational_notebooks/skhilton/2017/divergence_timing_manuscript/analysis/simulations

2018-01-15 10:19:51,964 - INFO - Progress is being logged to phydms/WSN_high_0_3_YNGKP_M0_log.log

2018-01-15 10:19:51,964 - INFO - Version information:
	Time and date: Mon Jan 15 10:19:49 2018
	Platform: Linux-3.13.0-68-generic-x86_64-with-debian-jessie-sid
	Python version: 3.6.0 |Continuum Analytics, Inc.| (default, Dec 23 2016, 12:22:00)  [GCC 4.4.7 20120313 (Red Hat 4.4.7-1)]
	phydms version: 2.2.0
	Bio version: 1.69
	cython version: 0.25.2
	numpy version: 1.13.3
	scipy version: 0.19.0
	matplotlib version: 2.1.0
	natsort version: 5.0.2
	sympy version: 1.0
	six version: 1.11.0
	pandas version: 0.21.0
	pyvolve version: 0.8.4
	statsmodels version: 0.8.0
	weblogolib version: 3.5.0
	PyPDF2 version: 1.26.0

2018-01-15 10:19:51,964 - INFO - Parsed the following arguments:
	alignment = _WSN_high_0_3_simulatedalignment.fasta
	tree = phydms/WSN_high_0_3_RAxML_tree.newick
	model = YNGKP_M0
	outprefix = phydms/WSN_high_0_3_YNGKP_M0
	brlen = optimize
	gammaomega = False
	gammabeta = False
	omegabysite = False
	omegabysite_fixsyn = False
	diffprefsbysite = False
	diffprefsprior = ('invquadratic', 150.0, 0.5)
	fitphi = False
	randprefs = False
	avgprefs = False
	divpressure = None
	ncpus = 1
	fitprefsmethod = 2
	ncats = 4
	minbrlen = 1e-06
	minpref = 0.002
	seed = 1
	initparams = None
	profile = False
	opt_details = False
	nograd = False

2018-01-15 10:19:51,964 - INFO - Random number seed: 1

2018-01-15 10:19:51,964 - INFO - Reading alignment from _WSN_high_0_3_simulatedalignment.fasta
2018-01-15 10:19:52,726 - INFO - Read 87 aligned sequences from _WSN_high_0_3_simulatedalignment.fasta, each consisting of 564 codons.

2018-01-15 10:19:52,726 - INFO - Codon substitution model with be M0 version of YNGKP (Yang, Nielsen, Goldman, & Pederson. Genetics. 155:431-449).
2018-01-15 10:19:52,817 - INFO - Reading tree from phydms/WSN_high_0_3_RAxML_tree.newick
2018-01-15 10:19:52,825 - INFO - Tree has 87 tips.
2018-01-15 10:19:52,886 - INFO - Adjusted 1 branch lengths up to minbrlen 1e-06

2018-01-15 10:19:52,886 - INFO - Initializing TreeLikelihood..
2018-01-15 10:20:11,213 - INFO - TreeLikelihood initialized.
2018-01-15 10:20:11,227 - INFO - Maximizing log likelihood (initially -66644.86).
2018-01-15 10:20:11,228 - INFO - Branch lengths will be optimized individually.
2018-01-15 11:20:08,464 - INFO - Maximization complete:
	Step 1: optimized parameters, loglik went from -66644.86 to -59359.08 (11 iterations, 19 function evals)
	Step 2: optimized branches, loglik went from -59359.08 to -59330.38 (61 iterations, 66 function evals)
	Step 3: optimized parameters, loglik went from -59330.38 to -59325.66 (4 iterations, 8 function evals)
	Step 4: optimized branches, loglik went from -59325.66 to -59324.08 (39 iterations, 42 function evals)
	Step 5: optimized parameters, loglik went from -59324.08 to -59322.25 (11 iterations, 16 function evals)
	Step 6: optimized branches, loglik went from -59322.25 to -59322.13 (7 iterations, 10 function evals)
	Step 7: optimized parameters, loglik went from -59322.13 to -59322.12 (1 iterations, 5 function evals)
2018-01-15 11:20:08,465 - INFO - Optimized log likelihood is -59322.12.
2018-01-15 11:20:08,465 - INFO - Writing log likelihood to phydms/WSN_high_0_3_YNGKP_M0_loglikelihood.txt
2018-01-15 11:20:08,470 - INFO - Model parameters after optimization:
	kappa = 2.80667
	omega = 0.0873596
	phi0A = 0.34934
	phi0C = 0.150491
	phi0G = 0.24823
	phi1A = 0.357464
	phi1C = 0.178297
	phi1G = 0.208224
	phi2A = 0.361765
	phi2C = 0.190742
	phi2G = 0.21114
2018-01-15 11:20:08,471 - INFO - Writing model parameters to phydms/WSN_high_0_3_YNGKP_M0_modelparams.txt
2018-01-15 11:20:08,476 - INFO - Writing the optimized tree to phydms/WSN_high_0_3_YNGKP_M0_tree.newick

2018-01-15 11:20:08,487 - INFO - Successful completion of phydms
