2018-01-14 19:20:51,559 - INFO - Beginning execution of phydms in directory /fh/fast/bloom_j/computational_notebooks/skhilton/2017/divergence_timing_manuscript/analysis/simulations

2018-01-14 19:20:51,559 - INFO - Progress is being logged to phydms/WSN_high_0_5_randomized_ExpCM_HA_Doud_prefs_log.log

2018-01-14 19:20:51,559 - INFO - Version information:
	Time and date: Sun Jan 14 19:20:49 2018
	Platform: Linux-3.13.0-68-generic-x86_64-with-debian-jessie-sid
	Python version: 3.6.0 |Continuum Analytics, Inc.| (default, Dec 23 2016, 12:22:00)  [GCC 4.4.7 20120313 (Red Hat 4.4.7-1)]
	phydms version: 2.2.0
	Bio version: 1.69
	cython version: 0.25.2
	numpy version: 1.13.3
	scipy version: 0.19.0
	matplotlib version: 2.1.0
	natsort version: 5.0.2
	sympy version: 1.0
	six version: 1.11.0
	pandas version: 0.21.0
	pyvolve version: 0.8.4
	statsmodels version: 0.8.0
	weblogolib version: 3.5.0
	PyPDF2 version: 1.26.0

2018-01-14 19:20:51,559 - INFO - Parsed the following arguments:
	alignment = _WSN_high_0_5_simulatedalignment.fasta
	tree = phydms/WSN_high_0_5_RAxML_tree.newick
	model = ('ExpCM', '../HA/data/references/HA_Doud_prefs.csv')
	outprefix = phydms/WSN_high_0_5_randomized_ExpCM_HA_Doud_prefs
	brlen = optimize
	gammaomega = False
	gammabeta = False
	omegabysite = False
	omegabysite_fixsyn = False
	diffprefsbysite = False
	diffprefsprior = ('invquadratic', 150.0, 0.5)
	fitphi = False
	randprefs = True
	avgprefs = False
	divpressure = None
	ncpus = 4
	fitprefsmethod = 2
	ncats = 4
	minbrlen = 1e-06
	minpref = 0.002
	seed = 1
	initparams = None
	profile = False
	opt_details = False
	nograd = False

2018-01-14 19:20:51,560 - INFO - Random number seed: 1

2018-01-14 19:20:51,560 - INFO - Reading alignment from _WSN_high_0_5_simulatedalignment.fasta
2018-01-14 19:20:52,550 - INFO - Read 87 aligned sequences from _WSN_high_0_5_simulatedalignment.fasta, each consisting of 564 codons.

2018-01-14 19:20:52,551 - INFO - The model will be an ExpCM informed by site-specific amino-acid preferences in ../HA/data/references/HA_Doud_prefs.csv
2018-01-14 19:20:52,551 - INFO - Preferences will be randomized across sites.
2018-01-14 19:20:54,655 - INFO - Successfully read site-specific amino-acid preferences for all 564 sites.

2018-01-14 19:20:54,658 - INFO - Nucleotide frequency parameters phi will be set so stationary state matches alignment nucleotide frequencies of A = 0.351, C = 0.182, G = 0.230, T = 0.237

2018-01-14 19:20:59,994 - INFO - Reading tree from phydms/WSN_high_0_5_RAxML_tree.newick
2018-01-14 19:21:00,089 - INFO - Tree has 87 tips.
2018-01-14 19:21:00,162 - INFO - Adjusted 1 branch lengths up to minbrlen 1e-06

2018-01-14 19:21:00,162 - INFO - Initializing TreeLikelihood..
2018-01-14 19:22:26,101 - INFO - TreeLikelihood initialized.
2018-01-14 19:22:26,102 - INFO - Maximizing log likelihood (initially -65693.87).
2018-01-14 19:22:26,102 - INFO - Branch lengths will be optimized individually.
2018-01-14 21:04:09,894 - INFO - Maximization complete:
	Step 1: optimized parameters, loglik went from -65693.87 to -58228.96 (27 iterations, 38 function evals)
	Step 2: optimized branches, loglik went from -58228.96 to -58210.79 (73 iterations, 80 function evals)
	Step 3: optimized parameters, loglik went from -58210.79 to -58207.91 (4 iterations, 8 function evals)
	Step 4: optimized branches, loglik went from -58207.91 to -58207.27 (8 iterations, 13 function evals)
	Step 5: optimized parameters, loglik went from -58207.27 to -58207.05 (2 iterations, 5 function evals)
	Step 6: optimized branches, loglik went from -58207.05 to -58207.03 (2 iterations, 6 function evals)
	Step 7: optimized parameters, loglik went from -58207.03 to -58206.87 (3 iterations, 7 function evals)
	Step 8: optimized branches, loglik went from -58206.87 to -58206.86 (1 iterations, 4 function evals)
2018-01-14 21:04:09,960 - INFO - Optimized log likelihood is -58206.86.
2018-01-14 21:04:09,960 - INFO - Writing log likelihood to phydms/WSN_high_0_5_randomized_ExpCM_HA_Doud_prefs_loglikelihood.txt
2018-01-14 21:04:10,046 - INFO - Model parameters after optimization:
	beta = 0.0189322
	kappa = 3.09396
	omega = 0.100582
	phiA = 0.359982
	phiC = 0.16899
	phiG = 0.227111
2018-01-14 21:04:10,046 - INFO - Writing model parameters to phydms/WSN_high_0_5_randomized_ExpCM_HA_Doud_prefs_modelparams.txt
2018-01-14 21:04:10,063 - INFO - Writing the optimized tree to phydms/WSN_high_0_5_randomized_ExpCM_HA_Doud_prefs_tree.newick

2018-01-14 21:04:10,077 - INFO - Successful completion of phydms
