2018-01-14 19:53:32,654 - INFO - Beginning execution of phydms in directory /fh/fast/bloom_j/computational_notebooks/skhilton/2017/divergence_timing_manuscript/analysis/simulations

2018-01-14 19:53:32,654 - INFO - Progress is being logged to phydms/WSN_high_0_2_YNGKP_M5_log.log

2018-01-14 19:53:32,654 - INFO - Version information:
	Time and date: Sun Jan 14 19:53:31 2018
	Platform: Linux-3.13.0-68-generic-x86_64-with-debian-jessie-sid
	Python version: 3.6.0 |Continuum Analytics, Inc.| (default, Dec 23 2016, 12:22:00)  [GCC 4.4.7 20120313 (Red Hat 4.4.7-1)]
	phydms version: 2.2.0
	Bio version: 1.69
	cython version: 0.25.2
	numpy version: 1.13.3
	scipy version: 0.19.0
	matplotlib version: 2.1.0
	natsort version: 5.0.2
	sympy version: 1.0
	six version: 1.11.0
	pandas version: 0.21.0
	pyvolve version: 0.8.4
	statsmodels version: 0.8.0
	weblogolib version: 3.5.0
	PyPDF2 version: 1.26.0

2018-01-14 19:53:32,654 - INFO - Parsed the following arguments:
	alignment = _WSN_high_0_2_simulatedalignment.fasta
	tree = phydms/WSN_high_0_2_RAxML_tree.newick
	model = YNGKP_M5
	outprefix = phydms/WSN_high_0_2_YNGKP_M5
	brlen = optimize
	gammaomega = False
	gammabeta = False
	omegabysite = False
	omegabysite_fixsyn = False
	diffprefsbysite = False
	diffprefsprior = ('invquadratic', 150.0, 0.5)
	fitphi = False
	randprefs = False
	avgprefs = False
	divpressure = None
	ncpus = 1
	fitprefsmethod = 2
	ncats = 4
	minbrlen = 1e-06
	minpref = 0.002
	seed = 1
	initparams = None
	profile = False
	opt_details = False
	nograd = False

2018-01-14 19:53:32,654 - INFO - Random number seed: 1

2018-01-14 19:53:32,655 - INFO - Reading alignment from _WSN_high_0_2_simulatedalignment.fasta
2018-01-14 19:53:33,358 - INFO - Read 87 aligned sequences from _WSN_high_0_2_simulatedalignment.fasta, each consisting of 564 codons.

2018-01-14 19:53:33,358 - INFO - Codon substitution model with be M5 version of YNGKP (Yang, Nielsen, Goldman, & Pederson. Genetics. 155:431-449).
2018-01-14 19:53:33,399 - INFO - For this YNGKP_M5 model, omega will be drawn from 4 gamma-distributed categories.
2018-01-14 19:53:33,409 - INFO - Reading tree from phydms/WSN_high_0_2_RAxML_tree.newick
2018-01-14 19:53:33,413 - INFO - Tree has 87 tips.
2018-01-14 19:53:33,467 - INFO - Adjusted 1 branch lengths up to minbrlen 1e-06

2018-01-14 19:53:33,476 - INFO - Initializing TreeLikelihood..
2018-01-14 19:54:03,059 - INFO - TreeLikelihood initialized.
2018-01-14 19:54:03,061 - INFO - Maximizing log likelihood (initially -64748.34).
2018-01-14 19:54:03,061 - INFO - Branch lengths will be optimized individually.
2018-01-14 21:12:56,141 - INFO - Maximization complete:
	Step 1: optimized parameters, loglik went from -64748.34 to -57679.37 (19 iterations, 26 function evals)
	Step 2: optimized branches, loglik went from -57679.37 to -57633.33 (93 iterations, 99 function evals)
	Step 3: optimized parameters, loglik went from -57633.33 to -57630.88 (6 iterations, 9 function evals)
	Step 4: optimized branches, loglik went from -57630.88 to -57630.87 (1 iterations, 4 function evals)
2018-01-14 21:12:56,143 - INFO - Optimized log likelihood is -57630.87.
2018-01-14 21:12:56,143 - INFO - Writing log likelihood to phydms/WSN_high_0_2_YNGKP_M5_loglikelihood.txt
2018-01-14 21:12:56,158 - INFO - Model parameters after optimization:
	alpha_omega = 1.0136
	beta_omega =     10
	kappa = 2.97923
	phi0A = 0.357779
	phi0C = 0.149129
	phi0G = 0.267563
	phi1A = 0.345666
	phi1C = 0.165686
	phi1G = 0.220418
	phi2A = 0.374321
	phi2C = 0.17828
	phi2G = 0.222076
2018-01-14 21:12:56,158 - INFO - Writing model parameters to phydms/WSN_high_0_2_YNGKP_M5_modelparams.txt
2018-01-14 21:12:56,163 - INFO - Writing the optimized tree to phydms/WSN_high_0_2_YNGKP_M5_tree.newick

2018-01-14 21:12:56,177 - INFO - Successful completion of phydms
