2018-01-15 10:20:00,765 - INFO - Beginning execution of phydms in directory /fh/fast/bloom_j/computational_notebooks/skhilton/2017/divergence_timing_manuscript/analysis/simulations

2018-01-15 10:20:00,765 - INFO - Progress is being logged to phydms/WSN_high_0_4_averaged_ExpCM_HA_Doud_prefs_log.log

2018-01-15 10:20:00,765 - INFO - Version information:
	Time and date: Mon Jan 15 10:19:58 2018
	Platform: Linux-3.13.0-68-generic-x86_64-with-debian-jessie-sid
	Python version: 3.6.0 |Continuum Analytics, Inc.| (default, Dec 23 2016, 12:22:00)  [GCC 4.4.7 20120313 (Red Hat 4.4.7-1)]
	phydms version: 2.2.0
	Bio version: 1.69
	cython version: 0.25.2
	numpy version: 1.13.3
	scipy version: 0.19.0
	matplotlib version: 2.1.0
	natsort version: 5.0.2
	sympy version: 1.0
	six version: 1.11.0
	pandas version: 0.21.0
	pyvolve version: 0.8.4
	statsmodels version: 0.8.0
	weblogolib version: 3.5.0
	PyPDF2 version: 1.26.0

2018-01-15 10:20:00,765 - INFO - Parsed the following arguments:
	alignment = _WSN_high_0_4_simulatedalignment.fasta
	tree = phydms/WSN_high_0_4_RAxML_tree.newick
	model = ('ExpCM', '../HA/data/references/HA_Doud_prefs.csv')
	outprefix = phydms/WSN_high_0_4_averaged_ExpCM_HA_Doud_prefs
	brlen = optimize
	gammaomega = False
	gammabeta = False
	omegabysite = False
	omegabysite_fixsyn = False
	diffprefsbysite = False
	diffprefsprior = ('invquadratic', 150.0, 0.5)
	fitphi = False
	randprefs = False
	avgprefs = True
	divpressure = None
	ncpus = 4
	fitprefsmethod = 2
	ncats = 4
	minbrlen = 1e-06
	minpref = 0.002
	seed = 1
	initparams = None
	profile = False
	opt_details = False
	nograd = False

2018-01-15 10:20:00,765 - INFO - Random number seed: 1

2018-01-15 10:20:00,765 - INFO - Reading alignment from _WSN_high_0_4_simulatedalignment.fasta
2018-01-15 10:20:01,579 - INFO - Read 87 aligned sequences from _WSN_high_0_4_simulatedalignment.fasta, each consisting of 564 codons.

2018-01-15 10:20:01,580 - INFO - The model will be an ExpCM informed by site-specific amino-acid preferences in ../HA/data/references/HA_Doud_prefs.csv
2018-01-15 10:20:01,580 - INFO - Preferences will be averaged across sites.
2018-01-15 10:20:06,023 - INFO - Successfully read site-specific amino-acid preferences for all 564 sites.

2018-01-15 10:20:06,026 - INFO - Nucleotide frequency parameters phi will be set so stationary state matches alignment nucleotide frequencies of A = 0.338, C = 0.183, G = 0.233, T = 0.245

2018-01-15 10:20:19,810 - INFO - Reading tree from phydms/WSN_high_0_4_RAxML_tree.newick
2018-01-15 10:20:19,826 - INFO - Tree has 87 tips.
2018-01-15 10:20:19,995 - INFO - Adjusted 1 branch lengths up to minbrlen 1e-06

2018-01-15 10:20:19,999 - INFO - Initializing TreeLikelihood..
2018-01-15 10:22:29,587 - INFO - TreeLikelihood initialized.
2018-01-15 10:22:29,588 - INFO - Maximizing log likelihood (initially -65924.66).
2018-01-15 10:22:29,588 - INFO - Branch lengths will be optimized individually.
2018-01-15 12:33:44,249 - INFO - Maximization complete:
	Step 1: optimized parameters, loglik went from -65924.66 to -58407.07 (23 iterations, 33 function evals)
	Step 2: optimized branches, loglik went from -58407.07 to -58389.23 (77 iterations, 84 function evals)
	Step 3: optimized parameters, loglik went from -58389.23 to -58385.96 (4 iterations, 8 function evals)
	Step 4: optimized branches, loglik went from -58385.96 to -58385.05 (30 iterations, 38 function evals)
	Step 5: optimized parameters, loglik went from -58385.05 to -58384.45 (10 iterations, 15 function evals)
	Step 6: optimized branches, loglik went from -58384.45 to -58384.45 (1 iterations, 5 function evals)
2018-01-15 12:33:44,251 - INFO - Optimized log likelihood is -58384.45.
2018-01-15 12:33:44,251 - INFO - Writing log likelihood to phydms/WSN_high_0_4_averaged_ExpCM_HA_Doud_prefs_loglikelihood.txt
2018-01-15 12:33:44,258 - INFO - Model parameters after optimization:
	beta = 1.47104
	kappa = 3.07578
	omega = 0.10171
	phiA = 0.364853
	phiC = 0.176293
	phiG = 0.235101
2018-01-15 12:33:44,258 - INFO - Writing model parameters to phydms/WSN_high_0_4_averaged_ExpCM_HA_Doud_prefs_modelparams.txt
2018-01-15 12:33:44,262 - INFO - Writing the optimized tree to phydms/WSN_high_0_4_averaged_ExpCM_HA_Doud_prefs_tree.newick

2018-01-15 12:33:44,272 - INFO - Successful completion of phydms
