2018-01-15 09:19:28,779 - INFO - Beginning execution of phydms_comprehensive in directory /fh/fast/bloom_j/computational_notebooks/skhilton/2017/divergence_timing_manuscript/analysis/simulations

2018-01-15 09:19:28,779 - INFO - Progress is being logged to phydms/WSN_high_0_8.log

2018-01-15 09:19:28,779 - INFO - Version information:
	Time and date: Mon Jan 15 09:19:24 2018
	Platform: Linux-3.13.0-68-generic-x86_64-with-debian-jessie-sid
	Python version: 3.6.0 |Continuum Analytics, Inc.| (default, Dec 23 2016, 12:22:00)  [GCC 4.4.7 20120313 (Red Hat 4.4.7-1)]
	phydms version: 2.2.0
	Bio version: 1.69
	cython version: 0.25.2
	numpy version: 1.13.3
	scipy version: 0.19.0
	matplotlib version: 2.1.0
	natsort version: 5.0.2
	sympy version: 1.0
	six version: 1.11.0
	pandas version: 0.21.0
	pyvolve version: 0.8.4
	statsmodels version: 0.8.0
	weblogolib version: 3.5.0
	PyPDF2 version: 1.26.0

2018-01-15 09:19:28,779 - INFO - Parsed the following command-line arguments:
	outprefix = phydms/WSN_high_0_8_
	alignment = _WSN_high_0_8_simulatedalignment.fasta
	prefsfiles = ['../HA/data/references/HA_Doud_prefs.csv']
	raxml = raxml
	tree = None
	ncpus = -1
	brlen = optimize
	omegabysite = False
	diffprefsbysite = False
	gammaomega = True
	gammabeta = False
	noavgprefs = False
	randprefs = True

2018-01-15 09:19:28,780 - INFO - Checking that the alignment _WSN_high_0_8_simulatedalignment.fasta is valid...
2018-01-15 09:19:29,546 - INFO - Valid alignment specifying 87 sequences of length 1692.

2018-01-15 09:19:29,546 - INFO - Tree not specified.
2018-01-15 09:19:29,555 - INFO - Inferring tree with RAxML using command raxml
2018-01-15 09:21:01,491 - INFO - RAxML inferred tree is now named phydms/WSN_high_0_8_RAxML_tree.newick
2018-01-15 09:21:01,519 - INFO - Removed the following existing files that have names that match the names of output files that will be created: phydms/WSN_high_0_8_YNGKP_M0_log.log, phydms/WSN_high_0_8_YNGKP_M5_log.log

2018-01-15 09:21:01,521 - INFO - Starting analysis to optimize tree in phydms/WSN_high_0_8_RAxML_tree.newick using model YNGKP_M0. The command is: phydms _WSN_high_0_8_simulatedalignment.fasta phydms/WSN_high_0_8_RAxML_tree.newick YNGKP_M0 phydms/WSN_high_0_8_YNGKP_M0 --brlen optimize --ncpus 1

2018-01-15 09:21:01,521 - INFO - Starting analysis to optimize tree in phydms/WSN_high_0_8_RAxML_tree.newick using model YNGKP_M5. The command is: phydms _WSN_high_0_8_simulatedalignment.fasta phydms/WSN_high_0_8_RAxML_tree.newick YNGKP_M5 phydms/WSN_high_0_8_YNGKP_M5 --brlen optimize --ncpus 1

2018-01-15 09:21:01,522 - INFO - Starting analysis to optimize tree in phydms/WSN_high_0_8_RAxML_tree.newick using model ExpCM_HA_Doud_prefs. The command is: phydms _WSN_high_0_8_simulatedalignment.fasta phydms/WSN_high_0_8_RAxML_tree.newick ExpCM_../HA/data/references/HA_Doud_prefs.csv phydms/WSN_high_0_8_ExpCM_HA_Doud_prefs --brlen optimize --ncpus 4

2018-01-15 09:21:01,522 - INFO - Starting analysis to optimize tree in phydms/WSN_high_0_8_RAxML_tree.newick using model ExpCM_HA_Doud_prefs_gammaomega. The command is: phydms _WSN_high_0_8_simulatedalignment.fasta phydms/WSN_high_0_8_RAxML_tree.newick ExpCM_../HA/data/references/HA_Doud_prefs.csv phydms/WSN_high_0_8_ExpCM_HA_Doud_prefs_gammaomega --brlen optimize --gammaomega --ncpus 4

2018-01-15 09:21:01,522 - INFO - Starting analysis to optimize tree in phydms/WSN_high_0_8_RAxML_tree.newick using model averaged_ExpCM_HA_Doud_prefs. The command is: phydms _WSN_high_0_8_simulatedalignment.fasta phydms/WSN_high_0_8_RAxML_tree.newick ExpCM_../HA/data/references/HA_Doud_prefs.csv phydms/WSN_high_0_8_averaged_ExpCM_HA_Doud_prefs --brlen optimize --avgprefs --ncpus 4

2018-01-15 09:21:01,522 - INFO - Starting analysis to optimize tree in phydms/WSN_high_0_8_RAxML_tree.newick using model averaged_ExpCM_HA_Doud_prefs_gammaomega. The command is: phydms _WSN_high_0_8_simulatedalignment.fasta phydms/WSN_high_0_8_RAxML_tree.newick ExpCM_../HA/data/references/HA_Doud_prefs.csv phydms/WSN_high_0_8_averaged_ExpCM_HA_Doud_prefs_gammaomega --brlen optimize --gammaomega --avgprefs --ncpus 4

2018-01-15 09:21:01,523 - INFO - Starting analysis to optimize tree in phydms/WSN_high_0_8_RAxML_tree.newick using model randomized_ExpCM_HA_Doud_prefs. The command is: phydms _WSN_high_0_8_simulatedalignment.fasta phydms/WSN_high_0_8_RAxML_tree.newick ExpCM_../HA/data/references/HA_Doud_prefs.csv phydms/WSN_high_0_8_randomized_ExpCM_HA_Doud_prefs --brlen optimize --randprefs --ncpus 4

2018-01-15 09:21:01,523 - INFO - Starting analysis to optimize tree in phydms/WSN_high_0_8_RAxML_tree.newick using model randomized_ExpCM_HA_Doud_prefs_gammaomega. The command is: phydms _WSN_high_0_8_simulatedalignment.fasta phydms/WSN_high_0_8_RAxML_tree.newick ExpCM_../HA/data/references/HA_Doud_prefs.csv phydms/WSN_high_0_8_randomized_ExpCM_HA_Doud_prefs_gammaomega --brlen optimize --gammaomega --randprefs --ncpus 4

2018-01-15 09:55:16,109 - INFO - Analysis completed for YNGKP_M0
2018-01-15 09:55:16,111 - INFO - Found expected output file phydms/WSN_high_0_8_YNGKP_M0_log.log
2018-01-15 09:55:16,112 - INFO - Found expected output file phydms/WSN_high_0_8_YNGKP_M0_tree.newick
2018-01-15 09:55:16,112 - INFO - Found expected output file phydms/WSN_high_0_8_YNGKP_M0_loglikelihood.txt
2018-01-15 09:55:16,112 - INFO - Found expected output file phydms/WSN_high_0_8_YNGKP_M0_modelparams.txt
2018-01-15 09:55:16,112 - INFO - Analysis successful for YNGKP_M0

2018-01-15 11:12:55,656 - INFO - Analysis completed for averaged_ExpCM_HA_Doud_prefs
2018-01-15 11:12:55,659 - INFO - Found expected output file phydms/WSN_high_0_8_averaged_ExpCM_HA_Doud_prefs_log.log
2018-01-15 11:12:55,659 - INFO - Found expected output file phydms/WSN_high_0_8_averaged_ExpCM_HA_Doud_prefs_tree.newick
2018-01-15 11:12:55,659 - INFO - Found expected output file phydms/WSN_high_0_8_averaged_ExpCM_HA_Doud_prefs_loglikelihood.txt
2018-01-15 11:12:55,659 - INFO - Found expected output file phydms/WSN_high_0_8_averaged_ExpCM_HA_Doud_prefs_modelparams.txt
2018-01-15 11:12:55,659 - INFO - Analysis successful for averaged_ExpCM_HA_Doud_prefs

2018-01-15 11:29:34,628 - INFO - Analysis completed for randomized_ExpCM_HA_Doud_prefs
2018-01-15 11:29:34,631 - INFO - Found expected output file phydms/WSN_high_0_8_randomized_ExpCM_HA_Doud_prefs_log.log
2018-01-15 11:29:34,631 - INFO - Found expected output file phydms/WSN_high_0_8_randomized_ExpCM_HA_Doud_prefs_tree.newick
2018-01-15 11:29:34,631 - INFO - Found expected output file phydms/WSN_high_0_8_randomized_ExpCM_HA_Doud_prefs_loglikelihood.txt
2018-01-15 11:29:34,631 - INFO - Found expected output file phydms/WSN_high_0_8_randomized_ExpCM_HA_Doud_prefs_modelparams.txt
2018-01-15 11:29:34,631 - INFO - Analysis successful for randomized_ExpCM_HA_Doud_prefs

2018-01-15 11:30:21,711 - INFO - Analysis completed for YNGKP_M5
2018-01-15 11:30:21,713 - INFO - Found expected output file phydms/WSN_high_0_8_YNGKP_M5_log.log
2018-01-15 11:30:21,713 - INFO - Found expected output file phydms/WSN_high_0_8_YNGKP_M5_tree.newick
2018-01-15 11:30:21,713 - INFO - Found expected output file phydms/WSN_high_0_8_YNGKP_M5_loglikelihood.txt
2018-01-15 11:30:21,713 - INFO - Found expected output file phydms/WSN_high_0_8_YNGKP_M5_modelparams.txt
2018-01-15 11:30:21,714 - INFO - Analysis successful for YNGKP_M5

2018-01-15 12:01:23,537 - INFO - Analysis completed for ExpCM_HA_Doud_prefs
2018-01-15 12:01:23,539 - INFO - Found expected output file phydms/WSN_high_0_8_ExpCM_HA_Doud_prefs_log.log
2018-01-15 12:01:23,542 - INFO - Found expected output file phydms/WSN_high_0_8_ExpCM_HA_Doud_prefs_tree.newick
2018-01-15 12:01:23,542 - INFO - Found expected output file phydms/WSN_high_0_8_ExpCM_HA_Doud_prefs_loglikelihood.txt
2018-01-15 12:01:23,542 - INFO - Found expected output file phydms/WSN_high_0_8_ExpCM_HA_Doud_prefs_modelparams.txt
2018-01-15 12:01:23,543 - INFO - Analysis successful for ExpCM_HA_Doud_prefs

2018-01-15 14:12:41,746 - INFO - Analysis completed for averaged_ExpCM_HA_Doud_prefs_gammaomega
2018-01-15 14:12:41,753 - INFO - Found expected output file phydms/WSN_high_0_8_averaged_ExpCM_HA_Doud_prefs_gammaomega_log.log
2018-01-15 14:12:41,754 - INFO - Found expected output file phydms/WSN_high_0_8_averaged_ExpCM_HA_Doud_prefs_gammaomega_tree.newick
2018-01-15 14:12:41,755 - INFO - Found expected output file phydms/WSN_high_0_8_averaged_ExpCM_HA_Doud_prefs_gammaomega_loglikelihood.txt
2018-01-15 14:12:41,755 - INFO - Found expected output file phydms/WSN_high_0_8_averaged_ExpCM_HA_Doud_prefs_gammaomega_modelparams.txt
2018-01-15 14:12:41,755 - INFO - Analysis successful for averaged_ExpCM_HA_Doud_prefs_gammaomega

2018-01-15 14:17:29,074 - INFO - Analysis completed for randomized_ExpCM_HA_Doud_prefs_gammaomega
2018-01-15 14:17:29,076 - INFO - Found expected output file phydms/WSN_high_0_8_randomized_ExpCM_HA_Doud_prefs_gammaomega_log.log
2018-01-15 14:17:29,077 - INFO - Found expected output file phydms/WSN_high_0_8_randomized_ExpCM_HA_Doud_prefs_gammaomega_tree.newick
2018-01-15 14:17:29,077 - INFO - Found expected output file phydms/WSN_high_0_8_randomized_ExpCM_HA_Doud_prefs_gammaomega_loglikelihood.txt
2018-01-15 14:17:29,077 - INFO - Found expected output file phydms/WSN_high_0_8_randomized_ExpCM_HA_Doud_prefs_gammaomega_modelparams.txt
2018-01-15 14:17:29,077 - INFO - Analysis successful for randomized_ExpCM_HA_Doud_prefs_gammaomega

2018-01-15 16:20:50,930 - INFO - Analysis completed for ExpCM_HA_Doud_prefs_gammaomega
2018-01-15 16:20:50,932 - INFO - Found expected output file phydms/WSN_high_0_8_ExpCM_HA_Doud_prefs_gammaomega_log.log
2018-01-15 16:20:50,932 - INFO - Found expected output file phydms/WSN_high_0_8_ExpCM_HA_Doud_prefs_gammaomega_tree.newick
2018-01-15 16:20:50,932 - INFO - Found expected output file phydms/WSN_high_0_8_ExpCM_HA_Doud_prefs_gammaomega_loglikelihood.txt
2018-01-15 16:20:50,932 - INFO - Found expected output file phydms/WSN_high_0_8_ExpCM_HA_Doud_prefs_gammaomega_modelparams.txt
2018-01-15 16:20:50,933 - INFO - Analysis successful for ExpCM_HA_Doud_prefs_gammaomega

2018-01-15 16:20:51,985 - INFO - Successful completion of phydms_comprehensive
