2018-01-14 19:53:37,439 - INFO - Beginning execution of phydms in directory /fh/fast/bloom_j/computational_notebooks/skhilton/2017/divergence_timing_manuscript/analysis/simulations

2018-01-14 19:53:37,439 - INFO - Progress is being logged to phydms/WSN_high_0_2_randomized_ExpCM_HA_Doud_prefs_log.log

2018-01-14 19:53:37,439 - INFO - Version information:
	Time and date: Sun Jan 14 19:53:36 2018
	Platform: Linux-3.13.0-68-generic-x86_64-with-debian-jessie-sid
	Python version: 3.6.0 |Continuum Analytics, Inc.| (default, Dec 23 2016, 12:22:00)  [GCC 4.4.7 20120313 (Red Hat 4.4.7-1)]
	phydms version: 2.2.0
	Bio version: 1.69
	cython version: 0.25.2
	numpy version: 1.13.3
	scipy version: 0.19.0
	matplotlib version: 2.1.0
	natsort version: 5.0.2
	sympy version: 1.0
	six version: 1.11.0
	pandas version: 0.21.0
	pyvolve version: 0.8.4
	statsmodels version: 0.8.0
	weblogolib version: 3.5.0
	PyPDF2 version: 1.26.0

2018-01-14 19:53:37,439 - INFO - Parsed the following arguments:
	alignment = _WSN_high_0_2_simulatedalignment.fasta
	tree = phydms/WSN_high_0_2_RAxML_tree.newick
	model = ('ExpCM', '../HA/data/references/HA_Doud_prefs.csv')
	outprefix = phydms/WSN_high_0_2_randomized_ExpCM_HA_Doud_prefs
	brlen = optimize
	gammaomega = False
	gammabeta = False
	omegabysite = False
	omegabysite_fixsyn = False
	diffprefsbysite = False
	diffprefsprior = ('invquadratic', 150.0, 0.5)
	fitphi = False
	randprefs = True
	avgprefs = False
	divpressure = None
	ncpus = 4
	fitprefsmethod = 2
	ncats = 4
	minbrlen = 1e-06
	minpref = 0.002
	seed = 1
	initparams = None
	profile = False
	opt_details = False
	nograd = False

2018-01-14 19:53:37,439 - INFO - Random number seed: 1

2018-01-14 19:53:37,440 - INFO - Reading alignment from _WSN_high_0_2_simulatedalignment.fasta
2018-01-14 19:53:38,200 - INFO - Read 87 aligned sequences from _WSN_high_0_2_simulatedalignment.fasta, each consisting of 564 codons.

2018-01-14 19:53:38,201 - INFO - The model will be an ExpCM informed by site-specific amino-acid preferences in ../HA/data/references/HA_Doud_prefs.csv
2018-01-14 19:53:38,201 - INFO - Preferences will be randomized across sites.
2018-01-14 19:53:39,577 - INFO - Successfully read site-specific amino-acid preferences for all 564 sites.

2018-01-14 19:53:39,583 - INFO - Nucleotide frequency parameters phi will be set so stationary state matches alignment nucleotide frequencies of A = 0.351, C = 0.176, G = 0.240, T = 0.233

2018-01-14 19:53:41,803 - INFO - Reading tree from phydms/WSN_high_0_2_RAxML_tree.newick
2018-01-14 19:53:41,809 - INFO - Tree has 87 tips.
2018-01-14 19:53:41,876 - INFO - Adjusted 1 branch lengths up to minbrlen 1e-06

2018-01-14 19:53:41,878 - INFO - Initializing TreeLikelihood..
2018-01-14 19:54:36,348 - INFO - TreeLikelihood initialized.
2018-01-14 19:54:36,349 - INFO - Maximizing log likelihood (initially -65010.15).
2018-01-14 19:54:36,349 - INFO - Branch lengths will be optimized individually.
2018-01-14 20:55:25,691 - INFO - Maximization complete:
	Step 1: optimized parameters, loglik went from -65010.15 to -57813.44 (21 iterations, 31 function evals)
	Step 2: optimized branches, loglik went from -57813.44 to -57795.28 (54 iterations, 59 function evals)
	Step 3: optimized parameters, loglik went from -57795.28 to -57792.94 (4 iterations, 8 function evals)
	Step 4: optimized branches, loglik went from -57792.94 to -57792.23 (21 iterations, 28 function evals)
	Step 5: optimized parameters, loglik went from -57792.23 to -57791.93 (3 iterations, 6 function evals)
	Step 6: optimized branches, loglik went from -57791.93 to -57791.92 (1 iterations, 5 function evals)
2018-01-14 20:55:25,692 - INFO - Optimized log likelihood is -57791.92.
2018-01-14 20:55:25,692 - INFO - Writing log likelihood to phydms/WSN_high_0_2_randomized_ExpCM_HA_Doud_prefs_loglikelihood.txt
2018-01-14 20:55:25,698 - INFO - Model parameters after optimization:
	beta = 1.1e-05
	kappa = 3.09901
	omega = 0.103326
	phiA = 0.35978
	phiC = 0.163142
	phiG = 0.236688
2018-01-14 20:55:25,698 - INFO - Writing model parameters to phydms/WSN_high_0_2_randomized_ExpCM_HA_Doud_prefs_modelparams.txt
2018-01-14 20:55:25,701 - INFO - Writing the optimized tree to phydms/WSN_high_0_2_randomized_ExpCM_HA_Doud_prefs_tree.newick

2018-01-14 20:55:25,711 - INFO - Successful completion of phydms
