2018-01-14 19:20:46,771 - INFO - Beginning execution of phydms in directory /fh/fast/bloom_j/computational_notebooks/skhilton/2017/divergence_timing_manuscript/analysis/simulations

2018-01-14 19:20:46,771 - INFO - Progress is being logged to phydms/WSN_high_0_5_ExpCM_HA_Doud_prefs_log.log

2018-01-14 19:20:46,771 - INFO - Version information:
	Time and date: Sun Jan 14 19:20:45 2018
	Platform: Linux-3.13.0-68-generic-x86_64-with-debian-jessie-sid
	Python version: 3.6.0 |Continuum Analytics, Inc.| (default, Dec 23 2016, 12:22:00)  [GCC 4.4.7 20120313 (Red Hat 4.4.7-1)]
	phydms version: 2.2.0
	Bio version: 1.69
	cython version: 0.25.2
	numpy version: 1.13.3
	scipy version: 0.19.0
	matplotlib version: 2.1.0
	natsort version: 5.0.2
	sympy version: 1.0
	six version: 1.11.0
	pandas version: 0.21.0
	pyvolve version: 0.8.4
	statsmodels version: 0.8.0
	weblogolib version: 3.5.0
	PyPDF2 version: 1.26.0

2018-01-14 19:20:46,771 - INFO - Parsed the following arguments:
	alignment = _WSN_high_0_5_simulatedalignment.fasta
	tree = phydms/WSN_high_0_5_RAxML_tree.newick
	model = ('ExpCM', '../HA/data/references/HA_Doud_prefs.csv')
	outprefix = phydms/WSN_high_0_5_ExpCM_HA_Doud_prefs
	brlen = optimize
	gammaomega = False
	gammabeta = False
	omegabysite = False
	omegabysite_fixsyn = False
	diffprefsbysite = False
	diffprefsprior = ('invquadratic', 150.0, 0.5)
	fitphi = False
	randprefs = False
	avgprefs = False
	divpressure = None
	ncpus = 4
	fitprefsmethod = 2
	ncats = 4
	minbrlen = 1e-06
	minpref = 0.002
	seed = 1
	initparams = None
	profile = False
	opt_details = False
	nograd = False

2018-01-14 19:20:46,771 - INFO - Random number seed: 1

2018-01-14 19:20:46,772 - INFO - Reading alignment from _WSN_high_0_5_simulatedalignment.fasta
2018-01-14 19:20:47,483 - INFO - Read 87 aligned sequences from _WSN_high_0_5_simulatedalignment.fasta, each consisting of 564 codons.

2018-01-14 19:20:47,483 - INFO - The model will be an ExpCM informed by site-specific amino-acid preferences in ../HA/data/references/HA_Doud_prefs.csv
2018-01-14 19:20:49,072 - INFO - Successfully read site-specific amino-acid preferences for all 564 sites.

2018-01-14 19:20:49,075 - INFO - Nucleotide frequency parameters phi will be set so stationary state matches alignment nucleotide frequencies of A = 0.351, C = 0.182, G = 0.230, T = 0.237

2018-01-14 19:20:52,127 - INFO - Reading tree from phydms/WSN_high_0_5_RAxML_tree.newick
2018-01-14 19:20:52,780 - INFO - Tree has 87 tips.
2018-01-14 19:20:52,845 - INFO - Adjusted 1 branch lengths up to minbrlen 1e-06

2018-01-14 19:20:52,846 - INFO - Initializing TreeLikelihood..
2018-01-14 19:22:21,206 - INFO - TreeLikelihood initialized.
2018-01-14 19:22:21,208 - INFO - Maximizing log likelihood (initially -62347.61).
2018-01-14 19:22:21,208 - INFO - Branch lengths will be optimized individually.
2018-01-14 21:51:56,676 - INFO - Maximization complete:
	Step 1: optimized parameters, loglik went from -62347.61 to -54490.53 (17 iterations, 23 function evals)
	Step 2: optimized branches, loglik went from -54490.53 to -54353.08 (151 iterations, 164 function evals)
	Step 3: optimized parameters, loglik went from -54353.08 to -54329.41 (10 iterations, 15 function evals)
	Step 4: optimized branches, loglik went from -54329.41 to -54323.01 (101 iterations, 111 function evals)
	Step 5: optimized parameters, loglik went from -54323.01 to -54321.09 (8 iterations, 13 function evals)
	Step 6: optimized branches, loglik went from -54321.09 to -54321.09 (1 iterations, 5 function evals)
2018-01-14 21:51:56,716 - INFO - Optimized log likelihood is -54321.09.
2018-01-14 21:51:56,716 - INFO - Writing log likelihood to phydms/WSN_high_0_5_ExpCM_HA_Doud_prefs_loglikelihood.txt
2018-01-14 21:51:56,727 - INFO - Model parameters after optimization:
	beta = 1.52961
	kappa = 3.41744
	omega = 0.215624
	phiA = 0.396195
	phiC = 0.17086
	phiG = 0.226299
2018-01-14 21:51:56,727 - INFO - Writing model parameters to phydms/WSN_high_0_5_ExpCM_HA_Doud_prefs_modelparams.txt
2018-01-14 21:51:56,732 - INFO - Writing the optimized tree to phydms/WSN_high_0_5_ExpCM_HA_Doud_prefs_tree.newick

2018-01-14 21:51:56,747 - INFO - Successful completion of phydms
