2018-01-14 19:20:48,210 - INFO - Beginning execution of phydms in directory /fh/fast/bloom_j/computational_notebooks/skhilton/2017/divergence_timing_manuscript/analysis/simulations

2018-01-14 19:20:48,210 - INFO - Progress is being logged to phydms/WSN_high_0_5_averaged_ExpCM_HA_Doud_prefs_log.log

2018-01-14 19:20:48,210 - INFO - Version information:
	Time and date: Sun Jan 14 19:20:46 2018
	Platform: Linux-3.13.0-68-generic-x86_64-with-debian-jessie-sid
	Python version: 3.6.0 |Continuum Analytics, Inc.| (default, Dec 23 2016, 12:22:00)  [GCC 4.4.7 20120313 (Red Hat 4.4.7-1)]
	phydms version: 2.2.0
	Bio version: 1.69
	cython version: 0.25.2
	numpy version: 1.13.3
	scipy version: 0.19.0
	matplotlib version: 2.1.0
	natsort version: 5.0.2
	sympy version: 1.0
	six version: 1.11.0
	pandas version: 0.21.0
	pyvolve version: 0.8.4
	statsmodels version: 0.8.0
	weblogolib version: 3.5.0
	PyPDF2 version: 1.26.0

2018-01-14 19:20:48,211 - INFO - Parsed the following arguments:
	alignment = _WSN_high_0_5_simulatedalignment.fasta
	tree = phydms/WSN_high_0_5_RAxML_tree.newick
	model = ('ExpCM', '../HA/data/references/HA_Doud_prefs.csv')
	outprefix = phydms/WSN_high_0_5_averaged_ExpCM_HA_Doud_prefs
	brlen = optimize
	gammaomega = False
	gammabeta = False
	omegabysite = False
	omegabysite_fixsyn = False
	diffprefsbysite = False
	diffprefsprior = ('invquadratic', 150.0, 0.5)
	fitphi = False
	randprefs = False
	avgprefs = True
	divpressure = None
	ncpus = 4
	fitprefsmethod = 2
	ncats = 4
	minbrlen = 1e-06
	minpref = 0.002
	seed = 1
	initparams = None
	profile = False
	opt_details = False
	nograd = False

2018-01-14 19:20:48,211 - INFO - Random number seed: 1

2018-01-14 19:20:48,211 - INFO - Reading alignment from _WSN_high_0_5_simulatedalignment.fasta
2018-01-14 19:20:48,925 - INFO - Read 87 aligned sequences from _WSN_high_0_5_simulatedalignment.fasta, each consisting of 564 codons.

2018-01-14 19:20:48,926 - INFO - The model will be an ExpCM informed by site-specific amino-acid preferences in ../HA/data/references/HA_Doud_prefs.csv
2018-01-14 19:20:48,926 - INFO - Preferences will be averaged across sites.
2018-01-14 19:20:51,138 - INFO - Successfully read site-specific amino-acid preferences for all 564 sites.

2018-01-14 19:20:51,145 - INFO - Nucleotide frequency parameters phi will be set so stationary state matches alignment nucleotide frequencies of A = 0.351, C = 0.182, G = 0.230, T = 0.237

2018-01-14 19:20:54,268 - INFO - Reading tree from phydms/WSN_high_0_5_RAxML_tree.newick
2018-01-14 19:20:54,273 - INFO - Tree has 87 tips.
2018-01-14 19:20:54,308 - INFO - Adjusted 1 branch lengths up to minbrlen 1e-06

2018-01-14 19:20:54,308 - INFO - Initializing TreeLikelihood..
2018-01-14 19:22:23,547 - INFO - TreeLikelihood initialized.
2018-01-14 19:22:23,548 - INFO - Maximizing log likelihood (initially -65840.95).
2018-01-14 19:22:23,549 - INFO - Branch lengths will be optimized individually.
2018-01-14 21:07:23,277 - INFO - Maximization complete:
	Step 1: optimized parameters, loglik went from -65840.95 to -58130.23 (19 iterations, 26 function evals)
	Step 2: optimized branches, loglik went from -58130.23 to -58111.24 (65 iterations, 72 function evals)
	Step 3: optimized parameters, loglik went from -58111.24 to -58107.66 (4 iterations, 8 function evals)
	Step 4: optimized branches, loglik went from -58107.66 to -58106.59 (29 iterations, 37 function evals)
	Step 5: optimized parameters, loglik went from -58106.59 to -58105.85 (9 iterations, 14 function evals)
	Step 6: optimized branches, loglik went from -58105.85 to -58105.75 (5 iterations, 10 function evals)
	Step 7: optimized parameters, loglik went from -58105.75 to -58105.74 (2 iterations, 5 function evals)
	Step 8: optimized branches, loglik went from -58105.74 to -58105.74 (1 iterations, 4 function evals)
2018-01-14 21:07:23,279 - INFO - Optimized log likelihood is -58105.74.
2018-01-14 21:07:23,279 - INFO - Writing log likelihood to phydms/WSN_high_0_5_averaged_ExpCM_HA_Doud_prefs_loglikelihood.txt
2018-01-14 21:07:23,290 - INFO - Model parameters after optimization:
	beta = 1.3177
	kappa = 3.07019
	omega = 0.100444
	phiA = 0.375559
	phiC = 0.17398
	phiG = 0.231194
2018-01-14 21:07:23,290 - INFO - Writing model parameters to phydms/WSN_high_0_5_averaged_ExpCM_HA_Doud_prefs_modelparams.txt
2018-01-14 21:07:23,294 - INFO - Writing the optimized tree to phydms/WSN_high_0_5_averaged_ExpCM_HA_Doud_prefs_tree.newick

2018-01-14 21:07:23,305 - INFO - Successful completion of phydms
