2018-01-15 10:19:56,201 - INFO - Beginning execution of phydms in directory /fh/fast/bloom_j/computational_notebooks/skhilton/2017/divergence_timing_manuscript/analysis/simulations

2018-01-15 10:19:56,202 - INFO - Progress is being logged to phydms/WSN_high_0_4_YNGKP_M0_log.log

2018-01-15 10:19:56,202 - INFO - Version information:
	Time and date: Mon Jan 15 10:19:54 2018
	Platform: Linux-3.13.0-68-generic-x86_64-with-debian-jessie-sid
	Python version: 3.6.0 |Continuum Analytics, Inc.| (default, Dec 23 2016, 12:22:00)  [GCC 4.4.7 20120313 (Red Hat 4.4.7-1)]
	phydms version: 2.2.0
	Bio version: 1.69
	cython version: 0.25.2
	numpy version: 1.13.3
	scipy version: 0.19.0
	matplotlib version: 2.1.0
	natsort version: 5.0.2
	sympy version: 1.0
	six version: 1.11.0
	pandas version: 0.21.0
	pyvolve version: 0.8.4
	statsmodels version: 0.8.0
	weblogolib version: 3.5.0
	PyPDF2 version: 1.26.0

2018-01-15 10:19:56,202 - INFO - Parsed the following arguments:
	alignment = _WSN_high_0_4_simulatedalignment.fasta
	tree = phydms/WSN_high_0_4_RAxML_tree.newick
	model = YNGKP_M0
	outprefix = phydms/WSN_high_0_4_YNGKP_M0
	brlen = optimize
	gammaomega = False
	gammabeta = False
	omegabysite = False
	omegabysite_fixsyn = False
	diffprefsbysite = False
	diffprefsprior = ('invquadratic', 150.0, 0.5)
	fitphi = False
	randprefs = False
	avgprefs = False
	divpressure = None
	ncpus = 1
	fitprefsmethod = 2
	ncats = 4
	minbrlen = 1e-06
	minpref = 0.002
	seed = 1
	initparams = None
	profile = False
	opt_details = False
	nograd = False

2018-01-15 10:19:56,202 - INFO - Random number seed: 1

2018-01-15 10:19:56,202 - INFO - Reading alignment from _WSN_high_0_4_simulatedalignment.fasta
2018-01-15 10:19:57,105 - INFO - Read 87 aligned sequences from _WSN_high_0_4_simulatedalignment.fasta, each consisting of 564 codons.

2018-01-15 10:19:57,106 - INFO - Codon substitution model with be M0 version of YNGKP (Yang, Nielsen, Goldman, & Pederson. Genetics. 155:431-449).
2018-01-15 10:19:57,227 - INFO - Reading tree from phydms/WSN_high_0_4_RAxML_tree.newick
2018-01-15 10:19:57,239 - INFO - Tree has 87 tips.
2018-01-15 10:19:57,338 - INFO - Adjusted 1 branch lengths up to minbrlen 1e-06

2018-01-15 10:19:57,338 - INFO - Initializing TreeLikelihood..
2018-01-15 10:20:18,250 - INFO - TreeLikelihood initialized.
2018-01-15 10:20:18,259 - INFO - Maximizing log likelihood (initially -66198.40).
2018-01-15 10:20:18,260 - INFO - Branch lengths will be optimized individually.
2018-01-15 11:18:28,801 - INFO - Maximization complete:
	Step 1: optimized parameters, loglik went from -66198.40 to -58942.34 (11 iterations, 18 function evals)
	Step 2: optimized branches, loglik went from -58942.34 to -58913.62 (84 iterations, 90 function evals)
	Step 3: optimized parameters, loglik went from -58913.62 to -58907.49 (8 iterations, 14 function evals)
	Step 4: optimized branches, loglik went from -58907.49 to -58905.98 (28 iterations, 34 function evals)
	Step 5: optimized parameters, loglik went from -58905.98 to -58905.61 (4 iterations, 9 function evals)
	Step 6: optimized branches, loglik went from -58905.61 to -58905.61 (1 iterations, 4 function evals)
2018-01-15 11:18:28,802 - INFO - Optimized log likelihood is -58905.61.
2018-01-15 11:18:28,802 - INFO - Writing log likelihood to phydms/WSN_high_0_4_YNGKP_M0_loglikelihood.txt
2018-01-15 11:18:28,808 - INFO - Model parameters after optimization:
	kappa = 2.78951
	omega = 0.0890416
	phi0A = 0.323098
	phi0C = 0.167095
	phi0G = 0.255961
	phi1A = 0.350649
	phi1C = 0.161029
	phi1G = 0.209308
	phi2A = 0.372713
	phi2C = 0.182022
	phi2G = 0.222976
2018-01-15 11:18:28,808 - INFO - Writing model parameters to phydms/WSN_high_0_4_YNGKP_M0_modelparams.txt
2018-01-15 11:18:28,815 - INFO - Writing the optimized tree to phydms/WSN_high_0_4_YNGKP_M0_tree.newick

2018-01-15 11:18:28,828 - INFO - Successful completion of phydms
