2018-01-15 10:20:02,672 - INFO - Beginning execution of phydms in directory /fh/fast/bloom_j/computational_notebooks/skhilton/2017/divergence_timing_manuscript/analysis/simulations

2018-01-15 10:20:02,672 - INFO - Progress is being logged to phydms/WSN_high_0_3_randomized_ExpCM_HA_Doud_prefs_gammaomega_log.log

2018-01-15 10:20:02,672 - INFO - Version information:
	Time and date: Mon Jan 15 10:19:57 2018
	Platform: Linux-3.13.0-68-generic-x86_64-with-debian-jessie-sid
	Python version: 3.6.0 |Continuum Analytics, Inc.| (default, Dec 23 2016, 12:22:00)  [GCC 4.4.7 20120313 (Red Hat 4.4.7-1)]
	phydms version: 2.2.0
	Bio version: 1.69
	cython version: 0.25.2
	numpy version: 1.13.3
	scipy version: 0.19.0
	matplotlib version: 2.1.0
	natsort version: 5.0.2
	sympy version: 1.0
	six version: 1.11.0
	pandas version: 0.21.0
	pyvolve version: 0.8.4
	statsmodels version: 0.8.0
	weblogolib version: 3.5.0
	PyPDF2 version: 1.26.0

2018-01-15 10:20:02,672 - INFO - Parsed the following arguments:
	alignment = _WSN_high_0_3_simulatedalignment.fasta
	tree = phydms/WSN_high_0_3_RAxML_tree.newick
	model = ('ExpCM', '../HA/data/references/HA_Doud_prefs.csv')
	outprefix = phydms/WSN_high_0_3_randomized_ExpCM_HA_Doud_prefs_gammaomega
	brlen = optimize
	gammaomega = True
	gammabeta = False
	omegabysite = False
	omegabysite_fixsyn = False
	diffprefsbysite = False
	diffprefsprior = ('invquadratic', 150.0, 0.5)
	fitphi = False
	randprefs = True
	avgprefs = False
	divpressure = None
	ncpus = 4
	fitprefsmethod = 2
	ncats = 4
	minbrlen = 1e-06
	minpref = 0.002
	seed = 1
	initparams = None
	profile = False
	opt_details = False
	nograd = False

2018-01-15 10:20:02,672 - INFO - Random number seed: 1

2018-01-15 10:20:02,673 - INFO - Reading alignment from _WSN_high_0_3_simulatedalignment.fasta
2018-01-15 10:20:07,290 - INFO - Read 87 aligned sequences from _WSN_high_0_3_simulatedalignment.fasta, each consisting of 564 codons.

2018-01-15 10:20:07,298 - INFO - The model will be an ExpCM informed by site-specific amino-acid preferences in ../HA/data/references/HA_Doud_prefs.csv
2018-01-15 10:20:07,305 - INFO - Preferences will be randomized across sites.
2018-01-15 10:20:12,172 - INFO - Successfully read site-specific amino-acid preferences for all 564 sites.

2018-01-15 10:20:12,175 - INFO - Nucleotide frequency parameters phi will be set so stationary state matches alignment nucleotide frequencies of A = 0.346, C = 0.186, G = 0.226, T = 0.242

2018-01-15 10:20:21,130 - INFO - Omega will be drawn from 4 gamma-distributed categories.

2018-01-15 10:21:00,081 - INFO - Reading tree from phydms/WSN_high_0_3_RAxML_tree.newick
2018-01-15 10:21:00,086 - INFO - Tree has 87 tips.
2018-01-15 10:21:00,129 - INFO - Adjusted 1 branch lengths up to minbrlen 1e-06

2018-01-15 10:21:00,130 - INFO - Initializing TreeLikelihood..
2018-01-15 10:26:39,452 - INFO - TreeLikelihood initialized.
2018-01-15 10:26:39,464 - INFO - Maximizing log likelihood (initially -65346.15).
2018-01-15 10:26:39,464 - INFO - Branch lengths will be optimized individually.
2018-01-15 15:18:47,680 - INFO - Maximization complete:
	Step 1: optimized parameters, loglik went from -65346.15 to -58162.37 (23 iterations, 33 function evals)
	Step 2: optimized branches, loglik went from -58162.37 to -58124.99 (88 iterations, 97 function evals)
	Step 3: optimized parameters, loglik went from -58124.99 to -58123.71 (6 iterations, 9 function evals)
	Step 4: optimized branches, loglik went from -58123.71 to -58123.71 (1 iterations, 4 function evals)
2018-01-15 15:18:47,681 - INFO - Optimized log likelihood is -58123.71.
2018-01-15 15:18:47,682 - INFO - Writing log likelihood to phydms/WSN_high_0_3_randomized_ExpCM_HA_Doud_prefs_gammaomega_loglikelihood.txt
2018-01-15 15:18:47,687 - INFO - Model parameters after optimization:
	alpha_omega = 1.04305
	beta = 0.0611427
	beta_omega =     10
	kappa = 3.29037
	phiA = 0.355778
	phiC = 0.173646
	phiG = 0.223598
2018-01-15 15:18:47,687 - INFO - Writing model parameters to phydms/WSN_high_0_3_randomized_ExpCM_HA_Doud_prefs_gammaomega_modelparams.txt
2018-01-15 15:18:47,691 - INFO - Writing the optimized tree to phydms/WSN_high_0_3_randomized_ExpCM_HA_Doud_prefs_gammaomega_tree.newick

2018-01-15 15:18:47,700 - INFO - Successful completion of phydms
