2018-01-15 13:51:06,946 - INFO - Beginning execution of phydms in directory /fh/fast/bloom_j/computational_notebooks/skhilton/2017/divergence_timing_manuscript/analysis/simulations

2018-01-15 13:51:06,947 - INFO - Progress is being logged to phydms/WSN_high_0_9_ExpCM_HA_Doud_prefs_gammaomega_log.log

2018-01-15 13:51:06,947 - INFO - Version information:
	Time and date: Mon Jan 15 13:51:05 2018
	Platform: Linux-3.13.0-68-generic-x86_64-with-debian-jessie-sid
	Python version: 3.6.0 |Continuum Analytics, Inc.| (default, Dec 23 2016, 12:22:00)  [GCC 4.4.7 20120313 (Red Hat 4.4.7-1)]
	phydms version: 2.2.0
	Bio version: 1.69
	cython version: 0.25.2
	numpy version: 1.13.3
	scipy version: 0.19.0
	matplotlib version: 2.1.0
	natsort version: 5.0.2
	sympy version: 1.0
	six version: 1.11.0
	pandas version: 0.21.0
	pyvolve version: 0.8.4
	statsmodels version: 0.8.0
	weblogolib version: 3.5.0
	PyPDF2 version: 1.26.0

2018-01-15 13:51:06,947 - INFO - Parsed the following arguments:
	alignment = _WSN_high_0_9_simulatedalignment.fasta
	tree = phydms/WSN_high_0_9_RAxML_tree.newick
	model = ('ExpCM', '../HA/data/references/HA_Doud_prefs.csv')
	outprefix = phydms/WSN_high_0_9_ExpCM_HA_Doud_prefs_gammaomega
	brlen = optimize
	gammaomega = True
	gammabeta = False
	omegabysite = False
	omegabysite_fixsyn = False
	diffprefsbysite = False
	diffprefsprior = ('invquadratic', 150.0, 0.5)
	fitphi = False
	randprefs = False
	avgprefs = False
	divpressure = None
	ncpus = 4
	fitprefsmethod = 2
	ncats = 4
	minbrlen = 1e-06
	minpref = 0.002
	seed = 1
	initparams = None
	profile = False
	opt_details = False
	nograd = False

2018-01-15 13:51:06,947 - INFO - Random number seed: 1

2018-01-15 13:51:06,947 - INFO - Reading alignment from _WSN_high_0_9_simulatedalignment.fasta
2018-01-15 13:51:07,666 - INFO - Read 87 aligned sequences from _WSN_high_0_9_simulatedalignment.fasta, each consisting of 564 codons.

2018-01-15 13:51:07,666 - INFO - The model will be an ExpCM informed by site-specific amino-acid preferences in ../HA/data/references/HA_Doud_prefs.csv
2018-01-15 13:51:08,895 - INFO - Successfully read site-specific amino-acid preferences for all 564 sites.

2018-01-15 13:51:08,897 - INFO - Nucleotide frequency parameters phi will be set so stationary state matches alignment nucleotide frequencies of A = 0.344, C = 0.180, G = 0.236, T = 0.241

2018-01-15 13:51:10,390 - INFO - Omega will be drawn from 4 gamma-distributed categories.

2018-01-15 13:51:18,716 - INFO - Reading tree from phydms/WSN_high_0_9_RAxML_tree.newick
2018-01-15 13:51:18,724 - INFO - Tree has 87 tips.
2018-01-15 13:51:18,762 - INFO - Adjusted 1 branch lengths up to minbrlen 1e-06

2018-01-15 13:51:18,763 - INFO - Initializing TreeLikelihood..
2018-01-15 13:54:12,581 - INFO - TreeLikelihood initialized.
2018-01-15 13:54:12,582 - INFO - Maximizing log likelihood (initially -60564.14).
2018-01-15 13:54:12,582 - INFO - Branch lengths will be optimized individually.
2018-01-15 18:46:15,297 - INFO - Maximization complete:
	Step 1: optimized parameters, loglik went from -60564.14 to -54038.29 (22 iterations, 32 function evals)
	Step 2: optimized branches, loglik went from -54038.29 to -53877.08 (136 iterations, 150 function evals)
	Step 3: optimized parameters, loglik went from -53877.08 to -53863.29 (8 iterations, 11 function evals)
	Step 4: optimized branches, loglik went from -53863.29 to -53861.57 (59 iterations, 63 function evals)
	Step 5: optimized parameters, loglik went from -53861.57 to -53861.41 (6 iterations, 9 function evals)
	Step 6: optimized branches, loglik went from -53861.41 to -53861.41 (1 iterations, 4 function evals)
2018-01-15 18:46:15,342 - INFO - Optimized log likelihood is -53861.41.
2018-01-15 18:46:15,343 - INFO - Writing log likelihood to phydms/WSN_high_0_9_ExpCM_HA_Doud_prefs_gammaomega_loglikelihood.txt
2018-01-15 18:46:15,366 - INFO - Model parameters after optimization:
	alpha_omega = 2.79134
	beta = 1.54225
	beta_omega =     10
	kappa = 3.8141
	phiA = 0.387491
	phiC = 0.168621
	phiG = 0.233187
2018-01-15 18:46:15,366 - INFO - Writing model parameters to phydms/WSN_high_0_9_ExpCM_HA_Doud_prefs_gammaomega_modelparams.txt
2018-01-15 18:46:15,373 - INFO - Writing the optimized tree to phydms/WSN_high_0_9_ExpCM_HA_Doud_prefs_gammaomega_tree.newick

2018-01-15 18:46:15,388 - INFO - Successful completion of phydms
