2018-01-14 19:20:41,800 - INFO - Beginning execution of phydms in directory /fh/fast/bloom_j/computational_notebooks/skhilton/2017/divergence_timing_manuscript/analysis/simulations

2018-01-14 19:20:41,801 - INFO - Progress is being logged to phydms/WSN_high_0_7_ExpCM_HA_Doud_prefs_gammaomega_log.log

2018-01-14 19:20:41,801 - INFO - Version information:
	Time and date: Sun Jan 14 19:20:40 2018
	Platform: Linux-3.13.0-68-generic-x86_64-with-debian-jessie-sid
	Python version: 3.6.0 |Continuum Analytics, Inc.| (default, Dec 23 2016, 12:22:00)  [GCC 4.4.7 20120313 (Red Hat 4.4.7-1)]
	phydms version: 2.2.0
	Bio version: 1.69
	cython version: 0.25.2
	numpy version: 1.13.3
	scipy version: 0.19.0
	matplotlib version: 2.1.0
	natsort version: 5.0.2
	sympy version: 1.0
	six version: 1.11.0
	pandas version: 0.21.0
	pyvolve version: 0.8.4
	statsmodels version: 0.8.0
	weblogolib version: 3.5.0
	PyPDF2 version: 1.26.0

2018-01-14 19:20:41,801 - INFO - Parsed the following arguments:
	alignment = _WSN_high_0_7_simulatedalignment.fasta
	tree = phydms/WSN_high_0_7_RAxML_tree.newick
	model = ('ExpCM', '../HA/data/references/HA_Doud_prefs.csv')
	outprefix = phydms/WSN_high_0_7_ExpCM_HA_Doud_prefs_gammaomega
	brlen = optimize
	gammaomega = True
	gammabeta = False
	omegabysite = False
	omegabysite_fixsyn = False
	diffprefsbysite = False
	diffprefsprior = ('invquadratic', 150.0, 0.5)
	fitphi = False
	randprefs = False
	avgprefs = False
	divpressure = None
	ncpus = 4
	fitprefsmethod = 2
	ncats = 4
	minbrlen = 1e-06
	minpref = 0.002
	seed = 1
	initparams = None
	profile = False
	opt_details = False
	nograd = False

2018-01-14 19:20:41,802 - INFO - Random number seed: 1

2018-01-14 19:20:41,802 - INFO - Reading alignment from _WSN_high_0_7_simulatedalignment.fasta
2018-01-14 19:20:42,570 - INFO - Read 87 aligned sequences from _WSN_high_0_7_simulatedalignment.fasta, each consisting of 564 codons.

2018-01-14 19:20:42,571 - INFO - The model will be an ExpCM informed by site-specific amino-acid preferences in ../HA/data/references/HA_Doud_prefs.csv
2018-01-14 19:20:43,814 - INFO - Successfully read site-specific amino-acid preferences for all 564 sites.

2018-01-14 19:20:43,816 - INFO - Nucleotide frequency parameters phi will be set so stationary state matches alignment nucleotide frequencies of A = 0.345, C = 0.187, G = 0.225, T = 0.243

2018-01-14 19:20:46,166 - INFO - Omega will be drawn from 4 gamma-distributed categories.

2018-01-14 19:21:12,143 - INFO - Reading tree from phydms/WSN_high_0_7_RAxML_tree.newick
2018-01-14 19:21:12,162 - INFO - Tree has 87 tips.
2018-01-14 19:21:12,274 - INFO - Adjusted 1 branch lengths up to minbrlen 1e-06

2018-01-14 19:21:12,274 - INFO - Initializing TreeLikelihood..
2018-01-14 19:26:01,228 - INFO - TreeLikelihood initialized.
2018-01-14 19:26:01,231 - INFO - Maximizing log likelihood (initially -61030.57).
2018-01-14 19:26:01,231 - INFO - Branch lengths will be optimized individually.
2018-01-15 02:00:44,307 - INFO - Maximization complete:
	Step 1: optimized parameters, loglik went from -61030.57 to -54443.40 (21 iterations, 27 function evals)
	Step 2: optimized branches, loglik went from -54443.40 to -54257.91 (170 iterations, 183 function evals)
	Step 3: optimized parameters, loglik went from -54257.91 to -54241.64 (9 iterations, 12 function evals)
	Step 4: optimized branches, loglik went from -54241.64 to -54240.09 (55 iterations, 64 function evals)
	Step 5: optimized parameters, loglik went from -54240.09 to -54239.95 (6 iterations, 9 function evals)
	Step 6: optimized branches, loglik went from -54239.95 to -54239.94 (1 iterations, 5 function evals)
2018-01-15 02:00:44,352 - INFO - Optimized log likelihood is -54239.94.
2018-01-15 02:00:44,352 - INFO - Writing log likelihood to phydms/WSN_high_0_7_ExpCM_HA_Doud_prefs_gammaomega_loglikelihood.txt
2018-01-15 02:00:44,379 - INFO - Model parameters after optimization:
	alpha_omega = 2.75316
	beta = 1.5559
	beta_omega =     10
	kappa = 3.44824
	phiA = 0.389631
	phiC = 0.177139
	phiG = 0.219773
2018-01-15 02:00:44,380 - INFO - Writing model parameters to phydms/WSN_high_0_7_ExpCM_HA_Doud_prefs_gammaomega_modelparams.txt
2018-01-15 02:00:44,387 - INFO - Writing the optimized tree to phydms/WSN_high_0_7_ExpCM_HA_Doud_prefs_gammaomega_tree.newick

2018-01-15 02:00:44,413 - INFO - Successful completion of phydms
