2018-01-15 09:20:51,221 - INFO - Beginning execution of phydms in directory /fh/fast/bloom_j/computational_notebooks/skhilton/2017/divergence_timing_manuscript/analysis/simulations

2018-01-15 09:20:51,222 - INFO - Progress is being logged to phydms/WSN_high_0_1_ExpCM_HA_Doud_prefs_log.log

2018-01-15 09:20:51,222 - INFO - Version information:
	Time and date: Mon Jan 15 09:20:49 2018
	Platform: Linux-3.13.0-68-generic-x86_64-with-debian-jessie-sid
	Python version: 3.6.0 |Continuum Analytics, Inc.| (default, Dec 23 2016, 12:22:00)  [GCC 4.4.7 20120313 (Red Hat 4.4.7-1)]
	phydms version: 2.2.0
	Bio version: 1.69
	cython version: 0.25.2
	numpy version: 1.13.3
	scipy version: 0.19.0
	matplotlib version: 2.1.0
	natsort version: 5.0.2
	sympy version: 1.0
	six version: 1.11.0
	pandas version: 0.21.0
	pyvolve version: 0.8.4
	statsmodels version: 0.8.0
	weblogolib version: 3.5.0
	PyPDF2 version: 1.26.0

2018-01-15 09:20:51,222 - INFO - Parsed the following arguments:
	alignment = _WSN_high_0_1_simulatedalignment.fasta
	tree = phydms/WSN_high_0_1_RAxML_tree.newick
	model = ('ExpCM', '../HA/data/references/HA_Doud_prefs.csv')
	outprefix = phydms/WSN_high_0_1_ExpCM_HA_Doud_prefs
	brlen = optimize
	gammaomega = False
	gammabeta = False
	omegabysite = False
	omegabysite_fixsyn = False
	diffprefsbysite = False
	diffprefsprior = ('invquadratic', 150.0, 0.5)
	fitphi = False
	randprefs = False
	avgprefs = False
	divpressure = None
	ncpus = 4
	fitprefsmethod = 2
	ncats = 4
	minbrlen = 1e-06
	minpref = 0.002
	seed = 1
	initparams = None
	profile = False
	opt_details = False
	nograd = False

2018-01-15 09:20:51,222 - INFO - Random number seed: 1

2018-01-15 09:20:51,222 - INFO - Reading alignment from _WSN_high_0_1_simulatedalignment.fasta
2018-01-15 09:20:51,935 - INFO - Read 87 aligned sequences from _WSN_high_0_1_simulatedalignment.fasta, each consisting of 564 codons.

2018-01-15 09:20:51,935 - INFO - The model will be an ExpCM informed by site-specific amino-acid preferences in ../HA/data/references/HA_Doud_prefs.csv
2018-01-15 09:20:53,094 - INFO - Successfully read site-specific amino-acid preferences for all 564 sites.

2018-01-15 09:20:53,096 - INFO - Nucleotide frequency parameters phi will be set so stationary state matches alignment nucleotide frequencies of A = 0.349, C = 0.179, G = 0.236, T = 0.237

2018-01-15 09:20:54,661 - INFO - Reading tree from phydms/WSN_high_0_1_RAxML_tree.newick
2018-01-15 09:20:54,667 - INFO - Tree has 87 tips.
2018-01-15 09:20:54,703 - INFO - Adjusted 1 branch lengths up to minbrlen 1e-06

2018-01-15 09:20:54,703 - INFO - Initializing TreeLikelihood..
2018-01-15 09:21:37,048 - INFO - TreeLikelihood initialized.
2018-01-15 09:21:37,049 - INFO - Maximizing log likelihood (initially -62074.01).
2018-01-15 09:21:37,049 - INFO - Branch lengths will be optimized individually.
2018-01-15 10:50:21,378 - INFO - Maximization complete:
	Step 1: optimized parameters, loglik went from -62074.01 to -54427.44 (17 iterations, 23 function evals)
	Step 2: optimized branches, loglik went from -54427.44 to -54295.34 (114 iterations, 125 function evals)
	Step 3: optimized parameters, loglik went from -54295.34 to -54272.16 (10 iterations, 17 function evals)
	Step 4: optimized branches, loglik went from -54272.16 to -54267.26 (59 iterations, 67 function evals)
	Step 5: optimized parameters, loglik went from -54267.26 to -54266.13 (7 iterations, 12 function evals)
	Step 6: optimized branches, loglik went from -54266.13 to -54265.81 (14 iterations, 19 function evals)
	Step 7: optimized parameters, loglik went from -54265.81 to -54265.76 (4 iterations, 7 function evals)
	Step 8: optimized branches, loglik went from -54265.76 to -54265.76 (1 iterations, 5 function evals)
2018-01-15 10:50:21,418 - INFO - Optimized log likelihood is -54265.76.
2018-01-15 10:50:21,418 - INFO - Writing log likelihood to phydms/WSN_high_0_1_ExpCM_HA_Doud_prefs_loglikelihood.txt
2018-01-15 10:50:21,425 - INFO - Model parameters after optimization:
	beta = 1.53683
	kappa = 3.40392
	omega = 0.222264
	phiA = 0.394219
	phiC = 0.167302
	phiG = 0.233246
2018-01-15 10:50:21,425 - INFO - Writing model parameters to phydms/WSN_high_0_1_ExpCM_HA_Doud_prefs_modelparams.txt
2018-01-15 10:50:21,429 - INFO - Writing the optimized tree to phydms/WSN_high_0_1_ExpCM_HA_Doud_prefs_tree.newick

2018-01-15 10:50:21,438 - INFO - Successful completion of phydms
