2018-01-14 19:53:41,655 - INFO - Beginning execution of phydms in directory /fh/fast/bloom_j/computational_notebooks/skhilton/2017/divergence_timing_manuscript/analysis/simulations

2018-01-14 19:53:41,656 - INFO - Progress is being logged to phydms/WSN_high_0_6_YNGKP_M0_log.log

2018-01-14 19:53:41,656 - INFO - Version information:
	Time and date: Sun Jan 14 19:53:40 2018
	Platform: Linux-3.13.0-68-generic-x86_64-with-debian-jessie-sid
	Python version: 3.6.0 |Continuum Analytics, Inc.| (default, Dec 23 2016, 12:22:00)  [GCC 4.4.7 20120313 (Red Hat 4.4.7-1)]
	phydms version: 2.2.0
	Bio version: 1.69
	cython version: 0.25.2
	numpy version: 1.13.3
	scipy version: 0.19.0
	matplotlib version: 2.1.0
	natsort version: 5.0.2
	sympy version: 1.0
	six version: 1.11.0
	pandas version: 0.21.0
	pyvolve version: 0.8.4
	statsmodels version: 0.8.0
	weblogolib version: 3.5.0
	PyPDF2 version: 1.26.0

2018-01-14 19:53:41,656 - INFO - Parsed the following arguments:
	alignment = _WSN_high_0_6_simulatedalignment.fasta
	tree = phydms/WSN_high_0_6_RAxML_tree.newick
	model = YNGKP_M0
	outprefix = phydms/WSN_high_0_6_YNGKP_M0
	brlen = optimize
	gammaomega = False
	gammabeta = False
	omegabysite = False
	omegabysite_fixsyn = False
	diffprefsbysite = False
	diffprefsprior = ('invquadratic', 150.0, 0.5)
	fitphi = False
	randprefs = False
	avgprefs = False
	divpressure = None
	ncpus = 1
	fitprefsmethod = 2
	ncats = 4
	minbrlen = 1e-06
	minpref = 0.002
	seed = 1
	initparams = None
	profile = False
	opt_details = False
	nograd = False

2018-01-14 19:53:41,656 - INFO - Random number seed: 1

2018-01-14 19:53:41,656 - INFO - Reading alignment from _WSN_high_0_6_simulatedalignment.fasta
2018-01-14 19:53:42,463 - INFO - Read 87 aligned sequences from _WSN_high_0_6_simulatedalignment.fasta, each consisting of 564 codons.

2018-01-14 19:53:42,463 - INFO - Codon substitution model with be M0 version of YNGKP (Yang, Nielsen, Goldman, & Pederson. Genetics. 155:431-449).
2018-01-14 19:53:42,562 - INFO - Reading tree from phydms/WSN_high_0_6_RAxML_tree.newick
2018-01-14 19:53:42,568 - INFO - Tree has 87 tips.
2018-01-14 19:53:42,612 - INFO - Adjusted 1 branch lengths up to minbrlen 1e-06

2018-01-14 19:53:42,613 - INFO - Initializing TreeLikelihood..
2018-01-14 19:53:49,310 - INFO - TreeLikelihood initialized.
2018-01-14 19:53:49,320 - INFO - Maximizing log likelihood (initially -66107.62).
2018-01-14 19:53:49,320 - INFO - Branch lengths will be optimized individually.
2018-01-14 20:22:55,832 - INFO - Maximization complete:
	Step 1: optimized parameters, loglik went from -66107.62 to -59036.29 (20 iterations, 27 function evals)
	Step 2: optimized branches, loglik went from -59036.29 to -59009.96 (60 iterations, 66 function evals)
	Step 3: optimized parameters, loglik went from -59009.96 to -59005.21 (4 iterations, 9 function evals)
	Step 4: optimized branches, loglik went from -59005.21 to -59003.68 (50 iterations, 56 function evals)
	Step 5: optimized parameters, loglik went from -59003.68 to -59002.80 (10 iterations, 14 function evals)
	Step 6: optimized branches, loglik went from -59002.80 to -59002.69 (6 iterations, 9 function evals)
	Step 7: optimized parameters, loglik went from -59002.69 to -59002.69 (1 iterations, 5 function evals)
2018-01-14 20:22:55,833 - INFO - Optimized log likelihood is -59002.69.
2018-01-14 20:22:55,833 - INFO - Writing log likelihood to phydms/WSN_high_0_6_YNGKP_M0_loglikelihood.txt
2018-01-14 20:22:55,843 - INFO - Model parameters after optimization:
	kappa = 2.73463
	omega = 0.0920039
	phi0A = 0.32896
	phi0C = 0.157611
	phi0G = 0.25612
	phi1A = 0.352624
	phi1C = 0.162624
	phi1G = 0.217268
	phi2A = 0.37672
	phi2C = 0.17444
	phi2G = 0.220575
2018-01-14 20:22:55,843 - INFO - Writing model parameters to phydms/WSN_high_0_6_YNGKP_M0_modelparams.txt
2018-01-14 20:22:55,848 - INFO - Writing the optimized tree to phydms/WSN_high_0_6_YNGKP_M0_tree.newick

2018-01-14 20:22:55,860 - INFO - Successful completion of phydms
