2018-01-14 19:53:46,230 - INFO - Beginning execution of phydms in directory /fh/fast/bloom_j/computational_notebooks/skhilton/2017/divergence_timing_manuscript/analysis/simulations

2018-01-14 19:53:46,230 - INFO - Progress is being logged to phydms/WSN_high_0_6_averaged_ExpCM_HA_Doud_prefs_log.log

2018-01-14 19:53:46,230 - INFO - Version information:
	Time and date: Sun Jan 14 19:53:44 2018
	Platform: Linux-3.13.0-68-generic-x86_64-with-debian-jessie-sid
	Python version: 3.6.0 |Continuum Analytics, Inc.| (default, Dec 23 2016, 12:22:00)  [GCC 4.4.7 20120313 (Red Hat 4.4.7-1)]
	phydms version: 2.2.0
	Bio version: 1.69
	cython version: 0.25.2
	numpy version: 1.13.3
	scipy version: 0.19.0
	matplotlib version: 2.1.0
	natsort version: 5.0.2
	sympy version: 1.0
	six version: 1.11.0
	pandas version: 0.21.0
	pyvolve version: 0.8.4
	statsmodels version: 0.8.0
	weblogolib version: 3.5.0
	PyPDF2 version: 1.26.0

2018-01-14 19:53:46,230 - INFO - Parsed the following arguments:
	alignment = _WSN_high_0_6_simulatedalignment.fasta
	tree = phydms/WSN_high_0_6_RAxML_tree.newick
	model = ('ExpCM', '../HA/data/references/HA_Doud_prefs.csv')
	outprefix = phydms/WSN_high_0_6_averaged_ExpCM_HA_Doud_prefs
	brlen = optimize
	gammaomega = False
	gammabeta = False
	omegabysite = False
	omegabysite_fixsyn = False
	diffprefsbysite = False
	diffprefsprior = ('invquadratic', 150.0, 0.5)
	fitphi = False
	randprefs = False
	avgprefs = True
	divpressure = None
	ncpus = 4
	fitprefsmethod = 2
	ncats = 4
	minbrlen = 1e-06
	minpref = 0.002
	seed = 1
	initparams = None
	profile = False
	opt_details = False
	nograd = False

2018-01-14 19:53:46,230 - INFO - Random number seed: 1

2018-01-14 19:53:46,231 - INFO - Reading alignment from _WSN_high_0_6_simulatedalignment.fasta
2018-01-14 19:53:47,243 - INFO - Read 87 aligned sequences from _WSN_high_0_6_simulatedalignment.fasta, each consisting of 564 codons.

2018-01-14 19:53:47,245 - INFO - The model will be an ExpCM informed by site-specific amino-acid preferences in ../HA/data/references/HA_Doud_prefs.csv
2018-01-14 19:53:47,245 - INFO - Preferences will be averaged across sites.
2018-01-14 19:53:49,951 - INFO - Successfully read site-specific amino-acid preferences for all 564 sites.

2018-01-14 19:53:49,956 - INFO - Nucleotide frequency parameters phi will be set so stationary state matches alignment nucleotide frequencies of A = 0.342, C = 0.178, G = 0.235, T = 0.244

2018-01-14 19:53:54,657 - INFO - Reading tree from phydms/WSN_high_0_6_RAxML_tree.newick
2018-01-14 19:53:54,670 - INFO - Tree has 87 tips.
2018-01-14 19:53:54,732 - INFO - Adjusted 1 branch lengths up to minbrlen 1e-06

2018-01-14 19:53:54,743 - INFO - Initializing TreeLikelihood..
2018-01-14 19:54:52,933 - INFO - TreeLikelihood initialized.
2018-01-14 19:54:52,937 - INFO - Maximizing log likelihood (initially -65759.39).
2018-01-14 19:54:52,937 - INFO - Branch lengths will be optimized individually.
2018-01-14 21:11:28,348 - INFO - Maximization complete:
	Step 1: optimized parameters, loglik went from -65759.39 to -58461.24 (15 iterations, 25 function evals)
	Step 2: optimized branches, loglik went from -58461.24 to -58443.68 (49 iterations, 56 function evals)
	Step 3: optimized parameters, loglik went from -58443.68 to -58440.16 (4 iterations, 10 function evals)
	Step 4: optimized branches, loglik went from -58440.16 to -58439.05 (40 iterations, 45 function evals)
	Step 5: optimized parameters, loglik went from -58439.05 to -58437.97 (9 iterations, 14 function evals)
	Step 6: optimized branches, loglik went from -58437.97 to -58437.85 (10 iterations, 16 function evals)
	Step 7: optimized parameters, loglik went from -58437.85 to -58437.83 (2 iterations, 6 function evals)
	Step 8: optimized branches, loglik went from -58437.83 to -58437.83 (1 iterations, 5 function evals)
2018-01-14 21:11:28,386 - INFO - Optimized log likelihood is -58437.83.
2018-01-14 21:11:28,386 - INFO - Writing log likelihood to phydms/WSN_high_0_6_averaged_ExpCM_HA_Doud_prefs_loglikelihood.txt
2018-01-14 21:11:28,400 - INFO - Model parameters after optimization:
	beta = 1.43616
	kappa = 3.00681
	omega = 0.105674
	phiA = 0.36876
	phiC = 0.17065
	phiG = 0.23698
2018-01-14 21:11:28,400 - INFO - Writing model parameters to phydms/WSN_high_0_6_averaged_ExpCM_HA_Doud_prefs_modelparams.txt
2018-01-14 21:11:28,405 - INFO - Writing the optimized tree to phydms/WSN_high_0_6_averaged_ExpCM_HA_Doud_prefs_tree.newick

2018-01-14 21:11:28,419 - INFO - Successful completion of phydms
