2018-01-14 19:53:33,577 - INFO - Beginning execution of phydms in directory /fh/fast/bloom_j/computational_notebooks/skhilton/2017/divergence_timing_manuscript/analysis/simulations

2018-01-14 19:53:33,577 - INFO - Progress is being logged to phydms/WSN_high_0_2_ExpCM_HA_Doud_prefs_log.log

2018-01-14 19:53:33,577 - INFO - Version information:
	Time and date: Sun Jan 14 19:53:32 2018
	Platform: Linux-3.13.0-68-generic-x86_64-with-debian-jessie-sid
	Python version: 3.6.0 |Continuum Analytics, Inc.| (default, Dec 23 2016, 12:22:00)  [GCC 4.4.7 20120313 (Red Hat 4.4.7-1)]
	phydms version: 2.2.0
	Bio version: 1.69
	cython version: 0.25.2
	numpy version: 1.13.3
	scipy version: 0.19.0
	matplotlib version: 2.1.0
	natsort version: 5.0.2
	sympy version: 1.0
	six version: 1.11.0
	pandas version: 0.21.0
	pyvolve version: 0.8.4
	statsmodels version: 0.8.0
	weblogolib version: 3.5.0
	PyPDF2 version: 1.26.0

2018-01-14 19:53:33,577 - INFO - Parsed the following arguments:
	alignment = _WSN_high_0_2_simulatedalignment.fasta
	tree = phydms/WSN_high_0_2_RAxML_tree.newick
	model = ('ExpCM', '../HA/data/references/HA_Doud_prefs.csv')
	outprefix = phydms/WSN_high_0_2_ExpCM_HA_Doud_prefs
	brlen = optimize
	gammaomega = False
	gammabeta = False
	omegabysite = False
	omegabysite_fixsyn = False
	diffprefsbysite = False
	diffprefsprior = ('invquadratic', 150.0, 0.5)
	fitphi = False
	randprefs = False
	avgprefs = False
	divpressure = None
	ncpus = 4
	fitprefsmethod = 2
	ncats = 4
	minbrlen = 1e-06
	minpref = 0.002
	seed = 1
	initparams = None
	profile = False
	opt_details = False
	nograd = False

2018-01-14 19:53:33,577 - INFO - Random number seed: 1

2018-01-14 19:53:33,577 - INFO - Reading alignment from _WSN_high_0_2_simulatedalignment.fasta
2018-01-14 19:53:34,212 - INFO - Read 87 aligned sequences from _WSN_high_0_2_simulatedalignment.fasta, each consisting of 564 codons.

2018-01-14 19:53:34,212 - INFO - The model will be an ExpCM informed by site-specific amino-acid preferences in ../HA/data/references/HA_Doud_prefs.csv
2018-01-14 19:53:35,347 - INFO - Successfully read site-specific amino-acid preferences for all 564 sites.

2018-01-14 19:53:35,349 - INFO - Nucleotide frequency parameters phi will be set so stationary state matches alignment nucleotide frequencies of A = 0.351, C = 0.176, G = 0.240, T = 0.233

2018-01-14 19:53:36,713 - INFO - Reading tree from phydms/WSN_high_0_2_RAxML_tree.newick
2018-01-14 19:53:36,723 - INFO - Tree has 87 tips.
2018-01-14 19:53:36,756 - INFO - Adjusted 1 branch lengths up to minbrlen 1e-06

2018-01-14 19:53:36,756 - INFO - Initializing TreeLikelihood..
2018-01-14 19:54:29,498 - INFO - TreeLikelihood initialized.
2018-01-14 19:54:29,499 - INFO - Maximizing log likelihood (initially -61456.22).
2018-01-14 19:54:29,499 - INFO - Branch lengths will be optimized individually.
2018-01-14 21:40:17,301 - INFO - Maximization complete:
	Step 1: optimized parameters, loglik went from -61456.22 to -53894.18 (17 iterations, 23 function evals)
	Step 2: optimized branches, loglik went from -53894.18 to -53748.98 (128 iterations, 140 function evals)
	Step 3: optimized parameters, loglik went from -53748.98 to -53723.01 (9 iterations, 14 function evals)
	Step 4: optimized branches, loglik went from -53723.01 to -53716.29 (90 iterations, 101 function evals)
	Step 5: optimized parameters, loglik went from -53716.29 to -53714.59 (6 iterations, 11 function evals)
	Step 6: optimized branches, loglik went from -53714.59 to -53714.27 (6 iterations, 11 function evals)
	Step 7: optimized parameters, loglik went from -53714.27 to -53714.25 (2 iterations, 6 function evals)
	Step 8: optimized branches, loglik went from -53714.25 to -53714.25 (1 iterations, 4 function evals)
2018-01-14 21:40:17,303 - INFO - Optimized log likelihood is -53714.25.
2018-01-14 21:40:17,303 - INFO - Writing log likelihood to phydms/WSN_high_0_2_ExpCM_HA_Doud_prefs_loglikelihood.txt
2018-01-14 21:40:17,314 - INFO - Model parameters after optimization:
	beta = 1.56937
	kappa = 3.50651
	omega = 0.222047
	phiA = 0.39801
	phiC = 0.162989
	phiG = 0.239172
2018-01-14 21:40:17,314 - INFO - Writing model parameters to phydms/WSN_high_0_2_ExpCM_HA_Doud_prefs_modelparams.txt
2018-01-14 21:40:17,319 - INFO - Writing the optimized tree to phydms/WSN_high_0_2_ExpCM_HA_Doud_prefs_tree.newick

2018-01-14 21:40:17,331 - INFO - Successful completion of phydms
