2018-01-15 09:21:07,978 - INFO - Beginning execution of phydms in directory /fh/fast/bloom_j/computational_notebooks/skhilton/2017/divergence_timing_manuscript/analysis/simulations

2018-01-15 09:21:07,978 - INFO - Progress is being logged to phydms/WSN_high_0_8_ExpCM_HA_Doud_prefs_gammaomega_log.log

2018-01-15 09:21:07,978 - INFO - Version information:
	Time and date: Mon Jan 15 09:21:06 2018
	Platform: Linux-3.13.0-68-generic-x86_64-with-debian-jessie-sid
	Python version: 3.6.0 |Continuum Analytics, Inc.| (default, Dec 23 2016, 12:22:00)  [GCC 4.4.7 20120313 (Red Hat 4.4.7-1)]
	phydms version: 2.2.0
	Bio version: 1.69
	cython version: 0.25.2
	numpy version: 1.13.3
	scipy version: 0.19.0
	matplotlib version: 2.1.0
	natsort version: 5.0.2
	sympy version: 1.0
	six version: 1.11.0
	pandas version: 0.21.0
	pyvolve version: 0.8.4
	statsmodels version: 0.8.0
	weblogolib version: 3.5.0
	PyPDF2 version: 1.26.0

2018-01-15 09:21:07,978 - INFO - Parsed the following arguments:
	alignment = _WSN_high_0_8_simulatedalignment.fasta
	tree = phydms/WSN_high_0_8_RAxML_tree.newick
	model = ('ExpCM', '../HA/data/references/HA_Doud_prefs.csv')
	outprefix = phydms/WSN_high_0_8_ExpCM_HA_Doud_prefs_gammaomega
	brlen = optimize
	gammaomega = True
	gammabeta = False
	omegabysite = False
	omegabysite_fixsyn = False
	diffprefsbysite = False
	diffprefsprior = ('invquadratic', 150.0, 0.5)
	fitphi = False
	randprefs = False
	avgprefs = False
	divpressure = None
	ncpus = 4
	fitprefsmethod = 2
	ncats = 4
	minbrlen = 1e-06
	minpref = 0.002
	seed = 1
	initparams = None
	profile = False
	opt_details = False
	nograd = False

2018-01-15 09:21:07,979 - INFO - Random number seed: 1

2018-01-15 09:21:07,979 - INFO - Reading alignment from _WSN_high_0_8_simulatedalignment.fasta
2018-01-15 09:21:08,663 - INFO - Read 87 aligned sequences from _WSN_high_0_8_simulatedalignment.fasta, each consisting of 564 codons.

2018-01-15 09:21:08,663 - INFO - The model will be an ExpCM informed by site-specific amino-acid preferences in ../HA/data/references/HA_Doud_prefs.csv
2018-01-15 09:21:10,116 - INFO - Successfully read site-specific amino-acid preferences for all 564 sites.

2018-01-15 09:21:10,120 - INFO - Nucleotide frequency parameters phi will be set so stationary state matches alignment nucleotide frequencies of A = 0.335, C = 0.185, G = 0.234, T = 0.245

2018-01-15 09:21:15,618 - INFO - Omega will be drawn from 4 gamma-distributed categories.

2018-01-15 09:21:38,197 - INFO - Reading tree from phydms/WSN_high_0_8_RAxML_tree.newick
2018-01-15 09:21:38,207 - INFO - Tree has 87 tips.
2018-01-15 09:21:38,243 - INFO - Adjusted 1 branch lengths up to minbrlen 1e-06

2018-01-15 09:21:38,244 - INFO - Initializing TreeLikelihood..
2018-01-15 09:26:21,658 - INFO - TreeLikelihood initialized.
2018-01-15 09:26:21,659 - INFO - Maximizing log likelihood (initially -63025.53).
2018-01-15 09:26:21,660 - INFO - Branch lengths will be optimized individually.
2018-01-15 16:20:48,098 - INFO - Maximization complete:
	Step 1: optimized parameters, loglik went from -63025.53 to -56323.71 (19 iterations, 26 function evals)
	Step 2: optimized branches, loglik went from -56323.71 to -56146.21 (130 iterations, 137 function evals)
	Step 3: optimized parameters, loglik went from -56146.21 to -56132.71 (9 iterations, 12 function evals)
	Step 4: optimized branches, loglik went from -56132.71 to -56130.79 (51 iterations, 58 function evals)
	Step 5: optimized parameters, loglik went from -56130.79 to -56130.60 (5 iterations, 8 function evals)
	Step 6: optimized branches, loglik went from -56130.60 to -56130.59 (1 iterations, 4 function evals)
2018-01-15 16:20:48,100 - INFO - Optimized log likelihood is -56130.59.
2018-01-15 16:20:48,100 - INFO - Writing log likelihood to phydms/WSN_high_0_8_ExpCM_HA_Doud_prefs_gammaomega_loglikelihood.txt
2018-01-15 16:20:48,109 - INFO - Model parameters after optimization:
	alpha_omega = 2.76451
	beta = 1.52852
	beta_omega =     10
	kappa = 3.50995
	phiA = 0.375217
	phiC = 0.176073
	phiG = 0.231703
2018-01-15 16:20:48,110 - INFO - Writing model parameters to phydms/WSN_high_0_8_ExpCM_HA_Doud_prefs_gammaomega_modelparams.txt
2018-01-15 16:20:48,117 - INFO - Writing the optimized tree to phydms/WSN_high_0_8_ExpCM_HA_Doud_prefs_gammaomega_tree.newick

2018-01-15 16:20:48,134 - INFO - Successful completion of phydms
