2018-01-15 10:19:59,785 - INFO - Beginning execution of phydms in directory /fh/fast/bloom_j/computational_notebooks/skhilton/2017/divergence_timing_manuscript/analysis/simulations

2018-01-15 10:19:59,785 - INFO - Progress is being logged to phydms/WSN_high_0_4_ExpCM_HA_Doud_prefs_gammaomega_log.log

2018-01-15 10:19:59,785 - INFO - Version information:
	Time and date: Mon Jan 15 10:19:57 2018
	Platform: Linux-3.13.0-68-generic-x86_64-with-debian-jessie-sid
	Python version: 3.6.0 |Continuum Analytics, Inc.| (default, Dec 23 2016, 12:22:00)  [GCC 4.4.7 20120313 (Red Hat 4.4.7-1)]
	phydms version: 2.2.0
	Bio version: 1.69
	cython version: 0.25.2
	numpy version: 1.13.3
	scipy version: 0.19.0
	matplotlib version: 2.1.0
	natsort version: 5.0.2
	sympy version: 1.0
	six version: 1.11.0
	pandas version: 0.21.0
	pyvolve version: 0.8.4
	statsmodels version: 0.8.0
	weblogolib version: 3.5.0
	PyPDF2 version: 1.26.0

2018-01-15 10:19:59,785 - INFO - Parsed the following arguments:
	alignment = _WSN_high_0_4_simulatedalignment.fasta
	tree = phydms/WSN_high_0_4_RAxML_tree.newick
	model = ('ExpCM', '../HA/data/references/HA_Doud_prefs.csv')
	outprefix = phydms/WSN_high_0_4_ExpCM_HA_Doud_prefs_gammaomega
	brlen = optimize
	gammaomega = True
	gammabeta = False
	omegabysite = False
	omegabysite_fixsyn = False
	diffprefsbysite = False
	diffprefsprior = ('invquadratic', 150.0, 0.5)
	fitphi = False
	randprefs = False
	avgprefs = False
	divpressure = None
	ncpus = 4
	fitprefsmethod = 2
	ncats = 4
	minbrlen = 1e-06
	minpref = 0.002
	seed = 1
	initparams = None
	profile = False
	opt_details = False
	nograd = False

2018-01-15 10:19:59,785 - INFO - Random number seed: 1

2018-01-15 10:19:59,785 - INFO - Reading alignment from _WSN_high_0_4_simulatedalignment.fasta
2018-01-15 10:20:00,737 - INFO - Read 87 aligned sequences from _WSN_high_0_4_simulatedalignment.fasta, each consisting of 564 codons.

2018-01-15 10:20:00,738 - INFO - The model will be an ExpCM informed by site-specific amino-acid preferences in ../HA/data/references/HA_Doud_prefs.csv
2018-01-15 10:20:03,509 - INFO - Successfully read site-specific amino-acid preferences for all 564 sites.

2018-01-15 10:20:03,516 - INFO - Nucleotide frequency parameters phi will be set so stationary state matches alignment nucleotide frequencies of A = 0.338, C = 0.183, G = 0.233, T = 0.245

2018-01-15 10:20:22,239 - INFO - Omega will be drawn from 4 gamma-distributed categories.

2018-01-15 10:21:27,976 - INFO - Reading tree from phydms/WSN_high_0_4_RAxML_tree.newick
2018-01-15 10:21:28,021 - INFO - Tree has 87 tips.
2018-01-15 10:21:28,232 - INFO - Adjusted 1 branch lengths up to minbrlen 1e-06

2018-01-15 10:21:28,234 - INFO - Initializing TreeLikelihood..
2018-01-15 10:29:16,022 - INFO - TreeLikelihood initialized.
2018-01-15 10:29:16,023 - INFO - Maximizing log likelihood (initially -61481.66).
2018-01-15 10:29:16,023 - INFO - Branch lengths will be optimized individually.
2018-01-15 18:01:26,504 - INFO - Maximization complete:
	Step 1: optimized parameters, loglik went from -61481.66 to -54735.43 (21 iterations, 27 function evals)
	Step 2: optimized branches, loglik went from -54735.43 to -54565.30 (166 iterations, 178 function evals)
	Step 3: optimized parameters, loglik went from -54565.30 to -54550.37 (8 iterations, 11 function evals)
	Step 4: optimized branches, loglik went from -54550.37 to -54548.24 (84 iterations, 95 function evals)
	Step 5: optimized parameters, loglik went from -54548.24 to -54548.03 (6 iterations, 9 function evals)
	Step 6: optimized branches, loglik went from -54548.03 to -54548.03 (1 iterations, 5 function evals)
2018-01-15 18:01:26,532 - INFO - Optimized log likelihood is -54548.03.
2018-01-15 18:01:26,532 - INFO - Writing log likelihood to phydms/WSN_high_0_4_ExpCM_HA_Doud_prefs_gammaomega_loglikelihood.txt
2018-01-15 18:01:26,556 - INFO - Model parameters after optimization:
	alpha_omega = 2.74685
	beta = 1.58808
	beta_omega =     10
	kappa = 3.4906
	phiA = 0.381009
	phiC = 0.173654
	phiG = 0.229801
2018-01-15 18:01:26,556 - INFO - Writing model parameters to phydms/WSN_high_0_4_ExpCM_HA_Doud_prefs_gammaomega_modelparams.txt
2018-01-15 18:01:26,562 - INFO - Writing the optimized tree to phydms/WSN_high_0_4_ExpCM_HA_Doud_prefs_gammaomega_tree.newick

2018-01-15 18:01:26,583 - INFO - Successful completion of phydms
