2018-01-15 09:21:05,009 - INFO - Beginning execution of phydms in directory /fh/fast/bloom_j/computational_notebooks/skhilton/2017/divergence_timing_manuscript/analysis/simulations

2018-01-15 09:21:05,009 - INFO - Progress is being logged to phydms/WSN_high_0_8_YNGKP_M0_log.log

2018-01-15 09:21:05,009 - INFO - Version information:
	Time and date: Mon Jan 15 09:21:03 2018
	Platform: Linux-3.13.0-68-generic-x86_64-with-debian-jessie-sid
	Python version: 3.6.0 |Continuum Analytics, Inc.| (default, Dec 23 2016, 12:22:00)  [GCC 4.4.7 20120313 (Red Hat 4.4.7-1)]
	phydms version: 2.2.0
	Bio version: 1.69
	cython version: 0.25.2
	numpy version: 1.13.3
	scipy version: 0.19.0
	matplotlib version: 2.1.0
	natsort version: 5.0.2
	sympy version: 1.0
	six version: 1.11.0
	pandas version: 0.21.0
	pyvolve version: 0.8.4
	statsmodels version: 0.8.0
	weblogolib version: 3.5.0
	PyPDF2 version: 1.26.0

2018-01-15 09:21:05,010 - INFO - Parsed the following arguments:
	alignment = _WSN_high_0_8_simulatedalignment.fasta
	tree = phydms/WSN_high_0_8_RAxML_tree.newick
	model = YNGKP_M0
	outprefix = phydms/WSN_high_0_8_YNGKP_M0
	brlen = optimize
	gammaomega = False
	gammabeta = False
	omegabysite = False
	omegabysite_fixsyn = False
	diffprefsbysite = False
	diffprefsprior = ('invquadratic', 150.0, 0.5)
	fitphi = False
	randprefs = False
	avgprefs = False
	divpressure = None
	ncpus = 1
	fitprefsmethod = 2
	ncats = 4
	minbrlen = 1e-06
	minpref = 0.002
	seed = 1
	initparams = None
	profile = False
	opt_details = False
	nograd = False

2018-01-15 09:21:05,010 - INFO - Random number seed: 1

2018-01-15 09:21:05,010 - INFO - Reading alignment from _WSN_high_0_8_simulatedalignment.fasta
2018-01-15 09:21:05,788 - INFO - Read 87 aligned sequences from _WSN_high_0_8_simulatedalignment.fasta, each consisting of 564 codons.

2018-01-15 09:21:05,789 - INFO - Codon substitution model with be M0 version of YNGKP (Yang, Nielsen, Goldman, & Pederson. Genetics. 155:431-449).
2018-01-15 09:21:05,848 - INFO - Reading tree from phydms/WSN_high_0_8_RAxML_tree.newick
2018-01-15 09:21:05,856 - INFO - Tree has 87 tips.
2018-01-15 09:21:05,928 - INFO - Adjusted 1 branch lengths up to minbrlen 1e-06

2018-01-15 09:21:05,928 - INFO - Initializing TreeLikelihood..
2018-01-15 09:21:15,623 - INFO - TreeLikelihood initialized.
2018-01-15 09:21:15,624 - INFO - Maximizing log likelihood (initially -67624.51).
2018-01-15 09:21:15,624 - INFO - Branch lengths will be optimized individually.
2018-01-15 09:55:14,995 - INFO - Maximization complete:
	Step 1: optimized parameters, loglik went from -67624.51 to -60256.41 (10 iterations, 18 function evals)
	Step 2: optimized branches, loglik went from -60256.41 to -60227.97 (45 iterations, 50 function evals)
	Step 3: optimized parameters, loglik went from -60227.97 to -60222.27 (4 iterations, 9 function evals)
	Step 4: optimized branches, loglik went from -60222.27 to -60220.18 (45 iterations, 50 function evals)
	Step 5: optimized parameters, loglik went from -60220.18 to -60219.64 (2 iterations, 5 function evals)
	Step 6: optimized branches, loglik went from -60219.64 to -60219.60 (3 iterations, 5 function evals)
	Step 7: optimized parameters, loglik went from -60219.60 to -60219.48 (3 iterations, 7 function evals)
	Step 8: optimized branches, loglik went from -60219.48 to -60219.41 (4 iterations, 7 function evals)
	Step 9: optimized parameters, loglik went from -60219.41 to -60219.40 (1 iterations, 5 function evals)
2018-01-15 09:55:14,996 - INFO - Optimized log likelihood is -60219.40.
2018-01-15 09:55:14,996 - INFO - Writing log likelihood to phydms/WSN_high_0_8_YNGKP_M0_loglikelihood.txt
2018-01-15 09:55:15,004 - INFO - Model parameters after optimization:
	kappa = 2.87613
	omega = 0.0946025
	phi0A = 0.337814
	phi0C = 0.146344
	phi0G = 0.269562
	phi1A = 0.332095
	phi1C = 0.185342
	phi1G = 0.202248
	phi2A = 0.365007
	phi2C = 0.187055
	phi2G = 0.220838
2018-01-15 09:55:15,004 - INFO - Writing model parameters to phydms/WSN_high_0_8_YNGKP_M0_modelparams.txt
2018-01-15 09:55:15,008 - INFO - Writing the optimized tree to phydms/WSN_high_0_8_YNGKP_M0_tree.newick

2018-01-15 09:55:15,020 - INFO - Successful completion of phydms
