2018-01-15 09:20:50,706 - INFO - Beginning execution of phydms in directory /fh/fast/bloom_j/computational_notebooks/skhilton/2017/divergence_timing_manuscript/analysis/simulations

2018-01-15 09:20:50,706 - INFO - Progress is being logged to phydms/WSN_high_0_1_YNGKP_M0_log.log

2018-01-15 09:20:50,706 - INFO - Version information:
	Time and date: Mon Jan 15 09:20:49 2018
	Platform: Linux-3.13.0-68-generic-x86_64-with-debian-jessie-sid
	Python version: 3.6.0 |Continuum Analytics, Inc.| (default, Dec 23 2016, 12:22:00)  [GCC 4.4.7 20120313 (Red Hat 4.4.7-1)]
	phydms version: 2.2.0
	Bio version: 1.69
	cython version: 0.25.2
	numpy version: 1.13.3
	scipy version: 0.19.0
	matplotlib version: 2.1.0
	natsort version: 5.0.2
	sympy version: 1.0
	six version: 1.11.0
	pandas version: 0.21.0
	pyvolve version: 0.8.4
	statsmodels version: 0.8.0
	weblogolib version: 3.5.0
	PyPDF2 version: 1.26.0

2018-01-15 09:20:50,706 - INFO - Parsed the following arguments:
	alignment = _WSN_high_0_1_simulatedalignment.fasta
	tree = phydms/WSN_high_0_1_RAxML_tree.newick
	model = YNGKP_M0
	outprefix = phydms/WSN_high_0_1_YNGKP_M0
	brlen = optimize
	gammaomega = False
	gammabeta = False
	omegabysite = False
	omegabysite_fixsyn = False
	diffprefsbysite = False
	diffprefsprior = ('invquadratic', 150.0, 0.5)
	fitphi = False
	randprefs = False
	avgprefs = False
	divpressure = None
	ncpus = 1
	fitprefsmethod = 2
	ncats = 4
	minbrlen = 1e-06
	minpref = 0.002
	seed = 1
	initparams = None
	profile = False
	opt_details = False
	nograd = False

2018-01-15 09:20:50,706 - INFO - Random number seed: 1

2018-01-15 09:20:50,707 - INFO - Reading alignment from _WSN_high_0_1_simulatedalignment.fasta
2018-01-15 09:20:51,300 - INFO - Read 87 aligned sequences from _WSN_high_0_1_simulatedalignment.fasta, each consisting of 564 codons.

2018-01-15 09:20:51,301 - INFO - Codon substitution model with be M0 version of YNGKP (Yang, Nielsen, Goldman, & Pederson. Genetics. 155:431-449).
2018-01-15 09:20:51,354 - INFO - Reading tree from phydms/WSN_high_0_1_RAxML_tree.newick
2018-01-15 09:20:51,358 - INFO - Tree has 87 tips.
2018-01-15 09:20:51,392 - INFO - Adjusted 1 branch lengths up to minbrlen 1e-06

2018-01-15 09:20:51,392 - INFO - Initializing TreeLikelihood..
2018-01-15 09:20:56,440 - INFO - TreeLikelihood initialized.
2018-01-15 09:20:56,442 - INFO - Maximizing log likelihood (initially -66022.62).
2018-01-15 09:20:56,442 - INFO - Branch lengths will be optimized individually.
2018-01-15 09:39:39,132 - INFO - Maximization complete:
	Step 1: optimized parameters, loglik went from -66022.62 to -58716.72 (11 iterations, 19 function evals)
	Step 2: optimized branches, loglik went from -58716.72 to -58691.71 (71 iterations, 80 function evals)
	Step 3: optimized parameters, loglik went from -58691.71 to -58687.13 (4 iterations, 9 function evals)
	Step 4: optimized branches, loglik went from -58687.13 to -58686.10 (28 iterations, 32 function evals)
	Step 5: optimized parameters, loglik went from -58686.10 to -58685.80 (4 iterations, 8 function evals)
	Step 6: optimized branches, loglik went from -58685.80 to -58685.80 (1 iterations, 4 function evals)
2018-01-15 09:39:39,180 - INFO - Optimized log likelihood is -58685.80.
2018-01-15 09:39:39,180 - INFO - Writing log likelihood to phydms/WSN_high_0_1_YNGKP_M0_loglikelihood.txt
2018-01-15 09:39:39,186 - INFO - Model parameters after optimization:
	kappa = 2.88849
	omega = 0.0914839
	phi0A = 0.351758
	phi0C = 0.148194
	phi0G = 0.266372
	phi1A = 0.348395
	phi1C = 0.170924
	phi1G = 0.216269
	phi2A = 0.373717
	phi2C = 0.181956
	phi2G = 0.21324
2018-01-15 09:39:39,186 - INFO - Writing model parameters to phydms/WSN_high_0_1_YNGKP_M0_modelparams.txt
2018-01-15 09:39:39,191 - INFO - Writing the optimized tree to phydms/WSN_high_0_1_YNGKP_M0_tree.newick

2018-01-15 09:39:39,200 - INFO - Successful completion of phydms
