2018-01-14 19:20:39,037 - INFO - Beginning execution of phydms in directory /fh/fast/bloom_j/computational_notebooks/skhilton/2017/divergence_timing_manuscript/analysis/simulations

2018-01-14 19:20:39,037 - INFO - Progress is being logged to phydms/WSN_high_0_7_YNGKP_M0_log.log

2018-01-14 19:20:39,037 - INFO - Version information:
	Time and date: Sun Jan 14 19:20:37 2018
	Platform: Linux-3.13.0-68-generic-x86_64-with-debian-jessie-sid
	Python version: 3.6.0 |Continuum Analytics, Inc.| (default, Dec 23 2016, 12:22:00)  [GCC 4.4.7 20120313 (Red Hat 4.4.7-1)]
	phydms version: 2.2.0
	Bio version: 1.69
	cython version: 0.25.2
	numpy version: 1.13.3
	scipy version: 0.19.0
	matplotlib version: 2.1.0
	natsort version: 5.0.2
	sympy version: 1.0
	six version: 1.11.0
	pandas version: 0.21.0
	pyvolve version: 0.8.4
	statsmodels version: 0.8.0
	weblogolib version: 3.5.0
	PyPDF2 version: 1.26.0

2018-01-14 19:20:39,038 - INFO - Parsed the following arguments:
	alignment = _WSN_high_0_7_simulatedalignment.fasta
	tree = phydms/WSN_high_0_7_RAxML_tree.newick
	model = YNGKP_M0
	outprefix = phydms/WSN_high_0_7_YNGKP_M0
	brlen = optimize
	gammaomega = False
	gammabeta = False
	omegabysite = False
	omegabysite_fixsyn = False
	diffprefsbysite = False
	diffprefsprior = ('invquadratic', 150.0, 0.5)
	fitphi = False
	randprefs = False
	avgprefs = False
	divpressure = None
	ncpus = 1
	fitprefsmethod = 2
	ncats = 4
	minbrlen = 1e-06
	minpref = 0.002
	seed = 1
	initparams = None
	profile = False
	opt_details = False
	nograd = False

2018-01-14 19:20:39,038 - INFO - Random number seed: 1

2018-01-14 19:20:39,038 - INFO - Reading alignment from _WSN_high_0_7_simulatedalignment.fasta
2018-01-14 19:20:39,628 - INFO - Read 87 aligned sequences from _WSN_high_0_7_simulatedalignment.fasta, each consisting of 564 codons.

2018-01-14 19:20:39,629 - INFO - Codon substitution model with be M0 version of YNGKP (Yang, Nielsen, Goldman, & Pederson. Genetics. 155:431-449).
2018-01-14 19:20:39,682 - INFO - Reading tree from phydms/WSN_high_0_7_RAxML_tree.newick
2018-01-14 19:20:40,532 - INFO - Tree has 87 tips.
2018-01-14 19:20:40,563 - INFO - Adjusted 1 branch lengths up to minbrlen 1e-06

2018-01-14 19:20:40,563 - INFO - Initializing TreeLikelihood..
2018-01-14 19:20:45,426 - INFO - TreeLikelihood initialized.
2018-01-14 19:20:45,437 - INFO - Maximizing log likelihood (initially -65640.49).
2018-01-14 19:20:45,437 - INFO - Branch lengths will be optimized individually.
2018-01-14 19:51:03,627 - INFO - Maximization complete:
	Step 1: optimized parameters, loglik went from -65640.49 to -58449.15 (11 iterations, 18 function evals)
	Step 2: optimized branches, loglik went from -58449.15 to -58422.94 (85 iterations, 92 function evals)
	Step 3: optimized parameters, loglik went from -58422.94 to -58417.66 (11 iterations, 16 function evals)
	Step 4: optimized branches, loglik went from -58417.66 to -58416.26 (27 iterations, 32 function evals)
	Step 5: optimized parameters, loglik went from -58416.26 to -58415.92 (4 iterations, 9 function evals)
	Step 6: optimized branches, loglik went from -58415.92 to -58415.92 (1 iterations, 4 function evals)
2018-01-14 19:51:03,628 - INFO - Optimized log likelihood is -58415.92.
2018-01-14 19:51:03,628 - INFO - Writing log likelihood to phydms/WSN_high_0_7_YNGKP_M0_loglikelihood.txt
2018-01-14 19:51:03,633 - INFO - Model parameters after optimization:
	kappa = 2.77861
	omega = 0.0912785
	phi0A = 0.345072
	phi0C = 0.176504
	phi0G = 0.237529
	phi1A = 0.349796
	phi1C = 0.160555
	phi1G = 0.209893
	phi2A = 0.370076
	phi2C = 0.184251
	phi2G = 0.218892
2018-01-14 19:51:03,634 - INFO - Writing model parameters to phydms/WSN_high_0_7_YNGKP_M0_modelparams.txt
2018-01-14 19:51:03,641 - INFO - Writing the optimized tree to phydms/WSN_high_0_7_YNGKP_M0_tree.newick

2018-01-14 19:51:03,652 - INFO - Successful completion of phydms
