2018-01-14 19:53:48,422 - INFO - Beginning execution of phydms in directory /fh/fast/bloom_j/computational_notebooks/skhilton/2017/divergence_timing_manuscript/analysis/simulations

2018-01-14 19:53:48,422 - INFO - Progress is being logged to phydms/WSN_high_0_6_randomized_ExpCM_HA_Doud_prefs_log.log

2018-01-14 19:53:48,422 - INFO - Version information:
	Time and date: Sun Jan 14 19:53:46 2018
	Platform: Linux-3.13.0-68-generic-x86_64-with-debian-jessie-sid
	Python version: 3.6.0 |Continuum Analytics, Inc.| (default, Dec 23 2016, 12:22:00)  [GCC 4.4.7 20120313 (Red Hat 4.4.7-1)]
	phydms version: 2.2.0
	Bio version: 1.69
	cython version: 0.25.2
	numpy version: 1.13.3
	scipy version: 0.19.0
	matplotlib version: 2.1.0
	natsort version: 5.0.2
	sympy version: 1.0
	six version: 1.11.0
	pandas version: 0.21.0
	pyvolve version: 0.8.4
	statsmodels version: 0.8.0
	weblogolib version: 3.5.0
	PyPDF2 version: 1.26.0

2018-01-14 19:53:48,422 - INFO - Parsed the following arguments:
	alignment = _WSN_high_0_6_simulatedalignment.fasta
	tree = phydms/WSN_high_0_6_RAxML_tree.newick
	model = ('ExpCM', '../HA/data/references/HA_Doud_prefs.csv')
	outprefix = phydms/WSN_high_0_6_randomized_ExpCM_HA_Doud_prefs
	brlen = optimize
	gammaomega = False
	gammabeta = False
	omegabysite = False
	omegabysite_fixsyn = False
	diffprefsbysite = False
	diffprefsprior = ('invquadratic', 150.0, 0.5)
	fitphi = False
	randprefs = True
	avgprefs = False
	divpressure = None
	ncpus = 4
	fitprefsmethod = 2
	ncats = 4
	minbrlen = 1e-06
	minpref = 0.002
	seed = 1
	initparams = None
	profile = False
	opt_details = False
	nograd = False

2018-01-14 19:53:48,422 - INFO - Random number seed: 1

2018-01-14 19:53:48,422 - INFO - Reading alignment from _WSN_high_0_6_simulatedalignment.fasta
2018-01-14 19:53:49,730 - INFO - Read 87 aligned sequences from _WSN_high_0_6_simulatedalignment.fasta, each consisting of 564 codons.

2018-01-14 19:53:49,735 - INFO - The model will be an ExpCM informed by site-specific amino-acid preferences in ../HA/data/references/HA_Doud_prefs.csv
2018-01-14 19:53:49,736 - INFO - Preferences will be randomized across sites.
2018-01-14 19:53:51,768 - INFO - Successfully read site-specific amino-acid preferences for all 564 sites.

2018-01-14 19:53:51,772 - INFO - Nucleotide frequency parameters phi will be set so stationary state matches alignment nucleotide frequencies of A = 0.342, C = 0.178, G = 0.235, T = 0.244

2018-01-14 19:53:57,316 - INFO - Reading tree from phydms/WSN_high_0_6_RAxML_tree.newick
2018-01-14 19:53:57,330 - INFO - Tree has 87 tips.
2018-01-14 19:53:57,414 - INFO - Adjusted 1 branch lengths up to minbrlen 1e-06

2018-01-14 19:53:57,415 - INFO - Initializing TreeLikelihood..
2018-01-14 19:54:52,509 - INFO - TreeLikelihood initialized.
2018-01-14 19:54:52,510 - INFO - Maximizing log likelihood (initially -65676.21).
2018-01-14 19:54:52,511 - INFO - Branch lengths will be optimized individually.
2018-01-14 20:50:34,608 - INFO - Maximization complete:
	Step 1: optimized parameters, loglik went from -65676.21 to -58582.02 (17 iterations, 28 function evals)
	Step 2: optimized branches, loglik went from -58582.02 to -58565.50 (53 iterations, 60 function evals)
	Step 3: optimized parameters, loglik went from -58565.50 to -58562.59 (4 iterations, 8 function evals)
	Step 4: optimized branches, loglik went from -58562.59 to -58561.80 (16 iterations, 20 function evals)
	Step 5: optimized parameters, loglik went from -58561.80 to -58561.35 (2 iterations, 5 function evals)
	Step 6: optimized branches, loglik went from -58561.35 to -58561.35 (1 iterations, 4 function evals)
2018-01-14 20:50:34,649 - INFO - Optimized log likelihood is -58561.35.
2018-01-14 20:50:34,650 - INFO - Writing log likelihood to phydms/WSN_high_0_6_randomized_ExpCM_HA_Doud_prefs_loglikelihood.txt
2018-01-14 20:50:34,662 - INFO - Model parameters after optimization:
	beta = 0.0140125
	kappa = 3.02416
	omega = 0.10624
	phiA = 0.351734
	phiC = 0.165586
	phiG = 0.232212
2018-01-14 20:50:34,662 - INFO - Writing model parameters to phydms/WSN_high_0_6_randomized_ExpCM_HA_Doud_prefs_modelparams.txt
2018-01-14 20:50:34,667 - INFO - Writing the optimized tree to phydms/WSN_high_0_6_randomized_ExpCM_HA_Doud_prefs_tree.newick

2018-01-14 20:50:34,678 - INFO - Successful completion of phydms
