2018-01-15 13:51:05,973 - INFO - Beginning execution of phydms in directory /fh/fast/bloom_j/computational_notebooks/skhilton/2017/divergence_timing_manuscript/analysis/simulations

2018-01-15 13:51:05,973 - INFO - Progress is being logged to phydms/WSN_high_0_9_ExpCM_HA_Doud_prefs_log.log

2018-01-15 13:51:05,973 - INFO - Version information:
	Time and date: Mon Jan 15 13:51:04 2018
	Platform: Linux-3.13.0-68-generic-x86_64-with-debian-jessie-sid
	Python version: 3.6.0 |Continuum Analytics, Inc.| (default, Dec 23 2016, 12:22:00)  [GCC 4.4.7 20120313 (Red Hat 4.4.7-1)]
	phydms version: 2.2.0
	Bio version: 1.69
	cython version: 0.25.2
	numpy version: 1.13.3
	scipy version: 0.19.0
	matplotlib version: 2.1.0
	natsort version: 5.0.2
	sympy version: 1.0
	six version: 1.11.0
	pandas version: 0.21.0
	pyvolve version: 0.8.4
	statsmodels version: 0.8.0
	weblogolib version: 3.5.0
	PyPDF2 version: 1.26.0

2018-01-15 13:51:05,974 - INFO - Parsed the following arguments:
	alignment = _WSN_high_0_9_simulatedalignment.fasta
	tree = phydms/WSN_high_0_9_RAxML_tree.newick
	model = ('ExpCM', '../HA/data/references/HA_Doud_prefs.csv')
	outprefix = phydms/WSN_high_0_9_ExpCM_HA_Doud_prefs
	brlen = optimize
	gammaomega = False
	gammabeta = False
	omegabysite = False
	omegabysite_fixsyn = False
	diffprefsbysite = False
	diffprefsprior = ('invquadratic', 150.0, 0.5)
	fitphi = False
	randprefs = False
	avgprefs = False
	divpressure = None
	ncpus = 4
	fitprefsmethod = 2
	ncats = 4
	minbrlen = 1e-06
	minpref = 0.002
	seed = 1
	initparams = None
	profile = False
	opt_details = False
	nograd = False

2018-01-15 13:51:05,974 - INFO - Random number seed: 1

2018-01-15 13:51:05,974 - INFO - Reading alignment from _WSN_high_0_9_simulatedalignment.fasta
2018-01-15 13:51:06,666 - INFO - Read 87 aligned sequences from _WSN_high_0_9_simulatedalignment.fasta, each consisting of 564 codons.

2018-01-15 13:51:06,667 - INFO - The model will be an ExpCM informed by site-specific amino-acid preferences in ../HA/data/references/HA_Doud_prefs.csv
2018-01-15 13:51:07,946 - INFO - Successfully read site-specific amino-acid preferences for all 564 sites.

2018-01-15 13:51:07,949 - INFO - Nucleotide frequency parameters phi will be set so stationary state matches alignment nucleotide frequencies of A = 0.344, C = 0.180, G = 0.236, T = 0.241

2018-01-15 13:51:09,584 - INFO - Reading tree from phydms/WSN_high_0_9_RAxML_tree.newick
2018-01-15 13:51:09,592 - INFO - Tree has 87 tips.
2018-01-15 13:51:09,634 - INFO - Adjusted 1 branch lengths up to minbrlen 1e-06

2018-01-15 13:51:09,634 - INFO - Initializing TreeLikelihood..
2018-01-15 13:51:57,321 - INFO - TreeLikelihood initialized.
2018-01-15 13:51:57,322 - INFO - Maximizing log likelihood (initially -61407.47).
2018-01-15 13:51:57,322 - INFO - Branch lengths will be optimized individually.
2018-01-15 15:14:43,386 - INFO - Maximization complete:
	Step 1: optimized parameters, loglik went from -61407.47 to -53838.93 (17 iterations, 23 function evals)
	Step 2: optimized branches, loglik went from -53838.93 to -53704.58 (130 iterations, 142 function evals)
	Step 3: optimized parameters, loglik went from -53704.58 to -53683.07 (8 iterations, 15 function evals)
	Step 4: optimized branches, loglik went from -53683.07 to -53676.85 (72 iterations, 79 function evals)
	Step 5: optimized parameters, loglik went from -53676.85 to -53675.38 (6 iterations, 10 function evals)
	Step 6: optimized branches, loglik went from -53675.38 to -53675.38 (1 iterations, 5 function evals)
2018-01-15 15:14:43,388 - INFO - Optimized log likelihood is -53675.38.
2018-01-15 15:14:43,388 - INFO - Writing log likelihood to phydms/WSN_high_0_9_ExpCM_HA_Doud_prefs_loglikelihood.txt
2018-01-15 15:14:43,395 - INFO - Model parameters after optimization:
	beta = 1.52781
	kappa = 3.66406
	omega = 0.226328
	phiA = 0.387023
	phiC = 0.168671
	phiG = 0.233284
2018-01-15 15:14:43,396 - INFO - Writing model parameters to phydms/WSN_high_0_9_ExpCM_HA_Doud_prefs_modelparams.txt
2018-01-15 15:14:43,400 - INFO - Writing the optimized tree to phydms/WSN_high_0_9_ExpCM_HA_Doud_prefs_tree.newick

2018-01-15 15:14:43,409 - INFO - Successful completion of phydms
