2018-01-14 19:53:42,933 - INFO - Beginning execution of phydms in directory /fh/fast/bloom_j/computational_notebooks/skhilton/2017/divergence_timing_manuscript/analysis/simulations

2018-01-14 19:53:42,933 - INFO - Progress is being logged to phydms/WSN_high_0_6_YNGKP_M5_log.log

2018-01-14 19:53:42,933 - INFO - Version information:
	Time and date: Sun Jan 14 19:53:41 2018
	Platform: Linux-3.13.0-68-generic-x86_64-with-debian-jessie-sid
	Python version: 3.6.0 |Continuum Analytics, Inc.| (default, Dec 23 2016, 12:22:00)  [GCC 4.4.7 20120313 (Red Hat 4.4.7-1)]
	phydms version: 2.2.0
	Bio version: 1.69
	cython version: 0.25.2
	numpy version: 1.13.3
	scipy version: 0.19.0
	matplotlib version: 2.1.0
	natsort version: 5.0.2
	sympy version: 1.0
	six version: 1.11.0
	pandas version: 0.21.0
	pyvolve version: 0.8.4
	statsmodels version: 0.8.0
	weblogolib version: 3.5.0
	PyPDF2 version: 1.26.0

2018-01-14 19:53:42,934 - INFO - Parsed the following arguments:
	alignment = _WSN_high_0_6_simulatedalignment.fasta
	tree = phydms/WSN_high_0_6_RAxML_tree.newick
	model = YNGKP_M5
	outprefix = phydms/WSN_high_0_6_YNGKP_M5
	brlen = optimize
	gammaomega = False
	gammabeta = False
	omegabysite = False
	omegabysite_fixsyn = False
	diffprefsbysite = False
	diffprefsprior = ('invquadratic', 150.0, 0.5)
	fitphi = False
	randprefs = False
	avgprefs = False
	divpressure = None
	ncpus = 1
	fitprefsmethod = 2
	ncats = 4
	minbrlen = 1e-06
	minpref = 0.002
	seed = 1
	initparams = None
	profile = False
	opt_details = False
	nograd = False

2018-01-14 19:53:42,934 - INFO - Random number seed: 1

2018-01-14 19:53:42,934 - INFO - Reading alignment from _WSN_high_0_6_simulatedalignment.fasta
2018-01-14 19:53:43,603 - INFO - Read 87 aligned sequences from _WSN_high_0_6_simulatedalignment.fasta, each consisting of 564 codons.

2018-01-14 19:53:43,604 - INFO - Codon substitution model with be M5 version of YNGKP (Yang, Nielsen, Goldman, & Pederson. Genetics. 155:431-449).
2018-01-14 19:53:43,704 - INFO - For this YNGKP_M5 model, omega will be drawn from 4 gamma-distributed categories.
2018-01-14 19:53:43,752 - INFO - Reading tree from phydms/WSN_high_0_6_RAxML_tree.newick
2018-01-14 19:53:43,757 - INFO - Tree has 87 tips.
2018-01-14 19:53:43,808 - INFO - Adjusted 1 branch lengths up to minbrlen 1e-06

2018-01-14 19:53:43,808 - INFO - Initializing TreeLikelihood..
2018-01-14 19:54:19,243 - INFO - TreeLikelihood initialized.
2018-01-14 19:54:19,244 - INFO - Maximizing log likelihood (initially -65443.16).
2018-01-14 19:54:19,244 - INFO - Branch lengths will be optimized individually.
2018-01-14 21:33:09,852 - INFO - Maximization complete:
	Step 1: optimized parameters, loglik went from -65443.16 to -58457.79 (20 iterations, 27 function evals)
	Step 2: optimized branches, loglik went from -58457.79 to -58406.71 (96 iterations, 101 function evals)
	Step 3: optimized parameters, loglik went from -58406.71 to -58404.11 (6 iterations, 9 function evals)
	Step 4: optimized branches, loglik went from -58404.11 to -58404.01 (5 iterations, 9 function evals)
	Step 5: optimized parameters, loglik went from -58404.01 to -58403.97 (3 iterations, 5 function evals)
	Step 6: optimized branches, loglik went from -58403.97 to -58403.94 (3 iterations, 5 function evals)
	Step 7: optimized parameters, loglik went from -58403.94 to -58403.92 (2 iterations, 4 function evals)
	Step 8: optimized branches, loglik went from -58403.92 to -58403.90 (3 iterations, 6 function evals)
	Step 9: optimized parameters, loglik went from -58403.90 to -58403.88 (2 iterations, 4 function evals)
	Step 10: optimized branches, loglik went from -58403.88 to -58403.88 (1 iterations, 4 function evals)
2018-01-14 21:33:09,888 - INFO - Optimized log likelihood is -58403.88.
2018-01-14 21:33:09,888 - INFO - Writing log likelihood to phydms/WSN_high_0_6_YNGKP_M5_loglikelihood.txt
2018-01-14 21:33:09,903 - INFO - Model parameters after optimization:
	alpha_omega = 1.10953
	beta_omega =     10
	kappa = 2.89161
	phi0A = 0.32896
	phi0C = 0.157611
	phi0G = 0.25612
	phi1A = 0.352624
	phi1C = 0.162624
	phi1G = 0.217268
	phi2A = 0.37672
	phi2C = 0.17444
	phi2G = 0.220575
2018-01-14 21:33:09,903 - INFO - Writing model parameters to phydms/WSN_high_0_6_YNGKP_M5_modelparams.txt
2018-01-14 21:33:09,910 - INFO - Writing the optimized tree to phydms/WSN_high_0_6_YNGKP_M5_tree.newick

2018-01-14 21:33:09,919 - INFO - Successful completion of phydms
