2018-01-15 09:20:53,946 - INFO - Beginning execution of phydms in directory /fh/fast/bloom_j/computational_notebooks/skhilton/2017/divergence_timing_manuscript/analysis/simulations

2018-01-15 09:20:53,946 - INFO - Progress is being logged to phydms/WSN_high_0_0_averaged_ExpCM_HA_Doud_prefs_log.log

2018-01-15 09:20:53,946 - INFO - Version information:
	Time and date: Mon Jan 15 09:20:52 2018
	Platform: Linux-3.13.0-68-generic-x86_64-with-debian-jessie-sid
	Python version: 3.6.0 |Continuum Analytics, Inc.| (default, Dec 23 2016, 12:22:00)  [GCC 4.4.7 20120313 (Red Hat 4.4.7-1)]
	phydms version: 2.2.0
	Bio version: 1.69
	cython version: 0.25.2
	numpy version: 1.13.3
	scipy version: 0.19.0
	matplotlib version: 2.1.0
	natsort version: 5.0.2
	sympy version: 1.0
	six version: 1.11.0
	pandas version: 0.21.0
	pyvolve version: 0.8.4
	statsmodels version: 0.8.0
	weblogolib version: 3.5.0
	PyPDF2 version: 1.26.0

2018-01-15 09:20:53,947 - INFO - Parsed the following arguments:
	alignment = _WSN_high_0_0_simulatedalignment.fasta
	tree = phydms/WSN_high_0_0_RAxML_tree.newick
	model = ('ExpCM', '../HA/data/references/HA_Doud_prefs.csv')
	outprefix = phydms/WSN_high_0_0_averaged_ExpCM_HA_Doud_prefs
	brlen = optimize
	gammaomega = False
	gammabeta = False
	omegabysite = False
	omegabysite_fixsyn = False
	diffprefsbysite = False
	diffprefsprior = ('invquadratic', 150.0, 0.5)
	fitphi = False
	randprefs = False
	avgprefs = True
	divpressure = None
	ncpus = 4
	fitprefsmethod = 2
	ncats = 4
	minbrlen = 1e-06
	minpref = 0.002
	seed = 1
	initparams = None
	profile = False
	opt_details = False
	nograd = False

2018-01-15 09:20:53,947 - INFO - Random number seed: 1

2018-01-15 09:20:53,947 - INFO - Reading alignment from _WSN_high_0_0_simulatedalignment.fasta
2018-01-15 09:20:54,782 - INFO - Read 87 aligned sequences from _WSN_high_0_0_simulatedalignment.fasta, each consisting of 564 codons.

2018-01-15 09:20:54,783 - INFO - The model will be an ExpCM informed by site-specific amino-acid preferences in ../HA/data/references/HA_Doud_prefs.csv
2018-01-15 09:20:54,783 - INFO - Preferences will be averaged across sites.
2018-01-15 09:20:56,133 - INFO - Successfully read site-specific amino-acid preferences for all 564 sites.

2018-01-15 09:20:56,136 - INFO - Nucleotide frequency parameters phi will be set so stationary state matches alignment nucleotide frequencies of A = 0.336, C = 0.182, G = 0.235, T = 0.247

2018-01-15 09:20:58,836 - INFO - Reading tree from phydms/WSN_high_0_0_RAxML_tree.newick
2018-01-15 09:20:58,842 - INFO - Tree has 87 tips.
2018-01-15 09:20:58,878 - INFO - Adjusted 1 branch lengths up to minbrlen 1e-06

2018-01-15 09:20:58,878 - INFO - Initializing TreeLikelihood..
2018-01-15 09:21:59,380 - INFO - TreeLikelihood initialized.
2018-01-15 09:21:59,381 - INFO - Maximizing log likelihood (initially -64131.11).
2018-01-15 09:21:59,381 - INFO - Branch lengths will be optimized individually.
2018-01-15 11:14:29,653 - INFO - Maximization complete:
	Step 1: optimized parameters, loglik went from -64131.11 to -56451.44 (17 iterations, 24 function evals)
	Step 2: optimized branches, loglik went from -56451.44 to -56427.91 (74 iterations, 84 function evals)
	Step 3: optimized parameters, loglik went from -56427.91 to -56423.41 (4 iterations, 9 function evals)
	Step 4: optimized branches, loglik went from -56423.41 to -56422.35 (18 iterations, 23 function evals)
	Step 5: optimized parameters, loglik went from -56422.35 to -56421.20 (7 iterations, 11 function evals)
	Step 6: optimized branches, loglik went from -56421.20 to -56421.19 (1 iterations, 5 function evals)
2018-01-15 11:14:29,654 - INFO - Optimized log likelihood is -56421.19.
2018-01-15 11:14:29,654 - INFO - Writing log likelihood to phydms/WSN_high_0_0_averaged_ExpCM_HA_Doud_prefs_loglikelihood.txt
2018-01-15 11:14:29,658 - INFO - Model parameters after optimization:
	beta = 1.38888
	kappa = 3.16542
	omega = 0.0988105
	phiA = 0.361257
	phiC = 0.174993
	phiG =  0.237
2018-01-15 11:14:29,659 - INFO - Writing model parameters to phydms/WSN_high_0_0_averaged_ExpCM_HA_Doud_prefs_modelparams.txt
2018-01-15 11:14:29,662 - INFO - Writing the optimized tree to phydms/WSN_high_0_0_averaged_ExpCM_HA_Doud_prefs_tree.newick

2018-01-15 11:14:29,672 - INFO - Successful completion of phydms
