2018-01-15 10:18:16,534 - INFO - Beginning execution of phydms_comprehensive in directory /fh/fast/bloom_j/computational_notebooks/skhilton/2017/divergence_timing_manuscript/analysis/simulations

2018-01-15 10:18:16,534 - INFO - Progress is being logged to phydms/WSN_high_0_3.log

2018-01-15 10:18:16,534 - INFO - Version information:
	Time and date: Mon Jan 15 10:18:14 2018
	Platform: Linux-3.13.0-68-generic-x86_64-with-debian-jessie-sid
	Python version: 3.6.0 |Continuum Analytics, Inc.| (default, Dec 23 2016, 12:22:00)  [GCC 4.4.7 20120313 (Red Hat 4.4.7-1)]
	phydms version: 2.2.0
	Bio version: 1.69
	cython version: 0.25.2
	numpy version: 1.13.3
	scipy version: 0.19.0
	matplotlib version: 2.1.0
	natsort version: 5.0.2
	sympy version: 1.0
	six version: 1.11.0
	pandas version: 0.21.0
	pyvolve version: 0.8.4
	statsmodels version: 0.8.0
	weblogolib version: 3.5.0
	PyPDF2 version: 1.26.0

2018-01-15 10:18:16,535 - INFO - Parsed the following command-line arguments:
	outprefix = phydms/WSN_high_0_3_
	alignment = _WSN_high_0_3_simulatedalignment.fasta
	prefsfiles = ['../HA/data/references/HA_Doud_prefs.csv']
	raxml = raxml
	tree = None
	ncpus = -1
	brlen = optimize
	omegabysite = False
	diffprefsbysite = False
	gammaomega = True
	gammabeta = False
	noavgprefs = False
	randprefs = True

2018-01-15 10:18:16,535 - INFO - Checking that the alignment _WSN_high_0_3_simulatedalignment.fasta is valid...
2018-01-15 10:18:17,206 - INFO - Valid alignment specifying 87 sequences of length 1692.

2018-01-15 10:18:17,207 - INFO - Tree not specified.
2018-01-15 10:18:17,220 - INFO - Inferring tree with RAxML using command raxml
2018-01-15 10:19:46,648 - INFO - RAxML inferred tree is now named phydms/WSN_high_0_3_RAxML_tree.newick
2018-01-15 10:19:46,738 - INFO - Removed the following existing files that have names that match the names of output files that will be created: phydms/WSN_high_0_3_YNGKP_M0_log.log, phydms/WSN_high_0_3_YNGKP_M0_tree.newick, phydms/WSN_high_0_3_YNGKP_M0_loglikelihood.txt, phydms/WSN_high_0_3_YNGKP_M0_modelparams.txt, phydms/WSN_high_0_3_YNGKP_M5_log.log, phydms/WSN_high_0_3_ExpCM_HA_Doud_prefs_log.log, phydms/WSN_high_0_3_ExpCM_HA_Doud_prefs_gammaomega_log.log, phydms/WSN_high_0_3_averaged_ExpCM_HA_Doud_prefs_log.log, phydms/WSN_high_0_3_averaged_ExpCM_HA_Doud_prefs_gammaomega_log.log, phydms/WSN_high_0_3_randomized_ExpCM_HA_Doud_prefs_log.log, phydms/WSN_high_0_3_randomized_ExpCM_HA_Doud_prefs_gammaomega_log.log

2018-01-15 10:19:46,739 - INFO - Starting analysis to optimize tree in phydms/WSN_high_0_3_RAxML_tree.newick using model YNGKP_M0. The command is: phydms _WSN_high_0_3_simulatedalignment.fasta phydms/WSN_high_0_3_RAxML_tree.newick YNGKP_M0 phydms/WSN_high_0_3_YNGKP_M0 --brlen optimize --ncpus 1

2018-01-15 10:19:46,739 - INFO - Starting analysis to optimize tree in phydms/WSN_high_0_3_RAxML_tree.newick using model YNGKP_M5. The command is: phydms _WSN_high_0_3_simulatedalignment.fasta phydms/WSN_high_0_3_RAxML_tree.newick YNGKP_M5 phydms/WSN_high_0_3_YNGKP_M5 --brlen optimize --ncpus 1

2018-01-15 10:19:46,739 - INFO - Starting analysis to optimize tree in phydms/WSN_high_0_3_RAxML_tree.newick using model ExpCM_HA_Doud_prefs. The command is: phydms _WSN_high_0_3_simulatedalignment.fasta phydms/WSN_high_0_3_RAxML_tree.newick ExpCM_../HA/data/references/HA_Doud_prefs.csv phydms/WSN_high_0_3_ExpCM_HA_Doud_prefs --brlen optimize --ncpus 4

2018-01-15 10:19:46,739 - INFO - Starting analysis to optimize tree in phydms/WSN_high_0_3_RAxML_tree.newick using model ExpCM_HA_Doud_prefs_gammaomega. The command is: phydms _WSN_high_0_3_simulatedalignment.fasta phydms/WSN_high_0_3_RAxML_tree.newick ExpCM_../HA/data/references/HA_Doud_prefs.csv phydms/WSN_high_0_3_ExpCM_HA_Doud_prefs_gammaomega --brlen optimize --gammaomega --ncpus 4

2018-01-15 10:19:46,739 - INFO - Starting analysis to optimize tree in phydms/WSN_high_0_3_RAxML_tree.newick using model averaged_ExpCM_HA_Doud_prefs. The command is: phydms _WSN_high_0_3_simulatedalignment.fasta phydms/WSN_high_0_3_RAxML_tree.newick ExpCM_../HA/data/references/HA_Doud_prefs.csv phydms/WSN_high_0_3_averaged_ExpCM_HA_Doud_prefs --brlen optimize --avgprefs --ncpus 4

2018-01-15 10:19:46,739 - INFO - Starting analysis to optimize tree in phydms/WSN_high_0_3_RAxML_tree.newick using model averaged_ExpCM_HA_Doud_prefs_gammaomega. The command is: phydms _WSN_high_0_3_simulatedalignment.fasta phydms/WSN_high_0_3_RAxML_tree.newick ExpCM_../HA/data/references/HA_Doud_prefs.csv phydms/WSN_high_0_3_averaged_ExpCM_HA_Doud_prefs_gammaomega --brlen optimize --gammaomega --avgprefs --ncpus 4

2018-01-15 10:19:46,739 - INFO - Starting analysis to optimize tree in phydms/WSN_high_0_3_RAxML_tree.newick using model randomized_ExpCM_HA_Doud_prefs. The command is: phydms _WSN_high_0_3_simulatedalignment.fasta phydms/WSN_high_0_3_RAxML_tree.newick ExpCM_../HA/data/references/HA_Doud_prefs.csv phydms/WSN_high_0_3_randomized_ExpCM_HA_Doud_prefs --brlen optimize --randprefs --ncpus 4

2018-01-15 10:19:46,739 - INFO - Starting analysis to optimize tree in phydms/WSN_high_0_3_RAxML_tree.newick using model randomized_ExpCM_HA_Doud_prefs_gammaomega. The command is: phydms _WSN_high_0_3_simulatedalignment.fasta phydms/WSN_high_0_3_RAxML_tree.newick ExpCM_../HA/data/references/HA_Doud_prefs.csv phydms/WSN_high_0_3_randomized_ExpCM_HA_Doud_prefs_gammaomega --brlen optimize --gammaomega --randprefs --ncpus 4

2018-01-15 11:20:09,957 - INFO - Analysis completed for YNGKP_M0
2018-01-15 11:20:09,960 - INFO - Found expected output file phydms/WSN_high_0_3_YNGKP_M0_log.log
2018-01-15 11:20:09,961 - INFO - Found expected output file phydms/WSN_high_0_3_YNGKP_M0_tree.newick
2018-01-15 11:20:09,961 - INFO - Found expected output file phydms/WSN_high_0_3_YNGKP_M0_loglikelihood.txt
2018-01-15 11:20:09,961 - INFO - Found expected output file phydms/WSN_high_0_3_YNGKP_M0_modelparams.txt
2018-01-15 11:20:09,961 - INFO - Analysis successful for YNGKP_M0

2018-01-15 12:16:23,906 - INFO - Analysis completed for averaged_ExpCM_HA_Doud_prefs
2018-01-15 12:16:23,909 - INFO - Found expected output file phydms/WSN_high_0_3_averaged_ExpCM_HA_Doud_prefs_log.log
2018-01-15 12:16:23,909 - INFO - Found expected output file phydms/WSN_high_0_3_averaged_ExpCM_HA_Doud_prefs_tree.newick
2018-01-15 12:16:23,909 - INFO - Found expected output file phydms/WSN_high_0_3_averaged_ExpCM_HA_Doud_prefs_loglikelihood.txt
2018-01-15 12:16:23,909 - INFO - Found expected output file phydms/WSN_high_0_3_averaged_ExpCM_HA_Doud_prefs_modelparams.txt
2018-01-15 12:16:23,910 - INFO - Analysis successful for averaged_ExpCM_HA_Doud_prefs

2018-01-15 12:25:11,535 - INFO - Analysis completed for randomized_ExpCM_HA_Doud_prefs
2018-01-15 12:25:11,539 - INFO - Found expected output file phydms/WSN_high_0_3_randomized_ExpCM_HA_Doud_prefs_log.log
2018-01-15 12:25:11,539 - INFO - Found expected output file phydms/WSN_high_0_3_randomized_ExpCM_HA_Doud_prefs_tree.newick
2018-01-15 12:25:11,539 - INFO - Found expected output file phydms/WSN_high_0_3_randomized_ExpCM_HA_Doud_prefs_loglikelihood.txt
2018-01-15 12:25:11,540 - INFO - Found expected output file phydms/WSN_high_0_3_randomized_ExpCM_HA_Doud_prefs_modelparams.txt
2018-01-15 12:25:11,540 - INFO - Analysis successful for randomized_ExpCM_HA_Doud_prefs

2018-01-15 12:36:29,274 - INFO - Analysis completed for YNGKP_M5
2018-01-15 12:36:29,277 - INFO - Found expected output file phydms/WSN_high_0_3_YNGKP_M5_log.log
2018-01-15 12:36:29,277 - INFO - Found expected output file phydms/WSN_high_0_3_YNGKP_M5_tree.newick
2018-01-15 12:36:29,277 - INFO - Found expected output file phydms/WSN_high_0_3_YNGKP_M5_loglikelihood.txt
2018-01-15 12:36:29,277 - INFO - Found expected output file phydms/WSN_high_0_3_YNGKP_M5_modelparams.txt
2018-01-15 12:36:29,278 - INFO - Analysis successful for YNGKP_M5

2018-01-15 13:03:31,811 - INFO - Analysis completed for ExpCM_HA_Doud_prefs
2018-01-15 13:03:31,813 - INFO - Found expected output file phydms/WSN_high_0_3_ExpCM_HA_Doud_prefs_log.log
2018-01-15 13:03:31,814 - INFO - Found expected output file phydms/WSN_high_0_3_ExpCM_HA_Doud_prefs_tree.newick
2018-01-15 13:03:31,814 - INFO - Found expected output file phydms/WSN_high_0_3_ExpCM_HA_Doud_prefs_loglikelihood.txt
2018-01-15 13:03:31,814 - INFO - Found expected output file phydms/WSN_high_0_3_ExpCM_HA_Doud_prefs_modelparams.txt
2018-01-15 13:03:31,814 - INFO - Analysis successful for ExpCM_HA_Doud_prefs

2018-01-15 15:18:42,329 - INFO - Analysis completed for averaged_ExpCM_HA_Doud_prefs_gammaomega
2018-01-15 15:18:42,332 - INFO - Found expected output file phydms/WSN_high_0_3_averaged_ExpCM_HA_Doud_prefs_gammaomega_log.log
2018-01-15 15:18:42,332 - INFO - Found expected output file phydms/WSN_high_0_3_averaged_ExpCM_HA_Doud_prefs_gammaomega_tree.newick
2018-01-15 15:18:42,332 - INFO - Found expected output file phydms/WSN_high_0_3_averaged_ExpCM_HA_Doud_prefs_gammaomega_loglikelihood.txt
2018-01-15 15:18:42,332 - INFO - Found expected output file phydms/WSN_high_0_3_averaged_ExpCM_HA_Doud_prefs_gammaomega_modelparams.txt
2018-01-15 15:18:42,333 - INFO - Analysis successful for averaged_ExpCM_HA_Doud_prefs_gammaomega

2018-01-15 15:18:50,339 - INFO - Analysis completed for randomized_ExpCM_HA_Doud_prefs_gammaomega
2018-01-15 15:18:50,339 - INFO - Found expected output file phydms/WSN_high_0_3_randomized_ExpCM_HA_Doud_prefs_gammaomega_log.log
2018-01-15 15:18:50,340 - INFO - Found expected output file phydms/WSN_high_0_3_randomized_ExpCM_HA_Doud_prefs_gammaomega_tree.newick
2018-01-15 15:18:50,340 - INFO - Found expected output file phydms/WSN_high_0_3_randomized_ExpCM_HA_Doud_prefs_gammaomega_loglikelihood.txt
2018-01-15 15:18:50,340 - INFO - Found expected output file phydms/WSN_high_0_3_randomized_ExpCM_HA_Doud_prefs_gammaomega_modelparams.txt
2018-01-15 15:18:50,340 - INFO - Analysis successful for randomized_ExpCM_HA_Doud_prefs_gammaomega

2018-01-15 16:58:52,032 - INFO - Analysis completed for ExpCM_HA_Doud_prefs_gammaomega
2018-01-15 16:58:52,034 - INFO - Found expected output file phydms/WSN_high_0_3_ExpCM_HA_Doud_prefs_gammaomega_log.log
2018-01-15 16:58:52,035 - INFO - Found expected output file phydms/WSN_high_0_3_ExpCM_HA_Doud_prefs_gammaomega_tree.newick
2018-01-15 16:58:52,035 - INFO - Found expected output file phydms/WSN_high_0_3_ExpCM_HA_Doud_prefs_gammaomega_loglikelihood.txt
2018-01-15 16:58:52,035 - INFO - Found expected output file phydms/WSN_high_0_3_ExpCM_HA_Doud_prefs_gammaomega_modelparams.txt
2018-01-15 16:58:52,035 - INFO - Analysis successful for ExpCM_HA_Doud_prefs_gammaomega

2018-01-15 16:58:53,073 - INFO - Successful completion of phydms_comprehensive
