2018-01-15 10:19:57,112 - INFO - Beginning execution of phydms in directory /fh/fast/bloom_j/computational_notebooks/skhilton/2017/divergence_timing_manuscript/analysis/simulations

2018-01-15 10:19:57,112 - INFO - Progress is being logged to phydms/WSN_high_0_3_averaged_ExpCM_HA_Doud_prefs_gammaomega_log.log

2018-01-15 10:19:57,112 - INFO - Version information:
	Time and date: Mon Jan 15 10:19:54 2018
	Platform: Linux-3.13.0-68-generic-x86_64-with-debian-jessie-sid
	Python version: 3.6.0 |Continuum Analytics, Inc.| (default, Dec 23 2016, 12:22:00)  [GCC 4.4.7 20120313 (Red Hat 4.4.7-1)]
	phydms version: 2.2.0
	Bio version: 1.69
	cython version: 0.25.2
	numpy version: 1.13.3
	scipy version: 0.19.0
	matplotlib version: 2.1.0
	natsort version: 5.0.2
	sympy version: 1.0
	six version: 1.11.0
	pandas version: 0.21.0
	pyvolve version: 0.8.4
	statsmodels version: 0.8.0
	weblogolib version: 3.5.0
	PyPDF2 version: 1.26.0

2018-01-15 10:19:57,112 - INFO - Parsed the following arguments:
	alignment = _WSN_high_0_3_simulatedalignment.fasta
	tree = phydms/WSN_high_0_3_RAxML_tree.newick
	model = ('ExpCM', '../HA/data/references/HA_Doud_prefs.csv')
	outprefix = phydms/WSN_high_0_3_averaged_ExpCM_HA_Doud_prefs_gammaomega
	brlen = optimize
	gammaomega = True
	gammabeta = False
	omegabysite = False
	omegabysite_fixsyn = False
	diffprefsbysite = False
	diffprefsprior = ('invquadratic', 150.0, 0.5)
	fitphi = False
	randprefs = False
	avgprefs = True
	divpressure = None
	ncpus = 4
	fitprefsmethod = 2
	ncats = 4
	minbrlen = 1e-06
	minpref = 0.002
	seed = 1
	initparams = None
	profile = False
	opt_details = False
	nograd = False

2018-01-15 10:19:57,113 - INFO - Random number seed: 1

2018-01-15 10:19:57,113 - INFO - Reading alignment from _WSN_high_0_3_simulatedalignment.fasta
2018-01-15 10:19:58,733 - INFO - Read 87 aligned sequences from _WSN_high_0_3_simulatedalignment.fasta, each consisting of 564 codons.

2018-01-15 10:19:58,733 - INFO - The model will be an ExpCM informed by site-specific amino-acid preferences in ../HA/data/references/HA_Doud_prefs.csv
2018-01-15 10:19:58,733 - INFO - Preferences will be averaged across sites.
2018-01-15 10:20:04,615 - INFO - Successfully read site-specific amino-acid preferences for all 564 sites.

2018-01-15 10:20:04,631 - INFO - Nucleotide frequency parameters phi will be set so stationary state matches alignment nucleotide frequencies of A = 0.346, C = 0.186, G = 0.226, T = 0.242

2018-01-15 10:20:15,630 - INFO - Omega will be drawn from 4 gamma-distributed categories.

2018-01-15 10:20:59,878 - INFO - Reading tree from phydms/WSN_high_0_3_RAxML_tree.newick
2018-01-15 10:20:59,889 - INFO - Tree has 87 tips.
2018-01-15 10:20:59,927 - INFO - Adjusted 1 branch lengths up to minbrlen 1e-06

2018-01-15 10:20:59,928 - INFO - Initializing TreeLikelihood..
2018-01-15 10:29:04,789 - INFO - TreeLikelihood initialized.
2018-01-15 10:29:04,796 - INFO - Maximizing log likelihood (initially -65445.28).
2018-01-15 10:29:04,796 - INFO - Branch lengths will be optimized individually.
2018-01-15 15:18:39,399 - INFO - Maximization complete:
	Step 1: optimized parameters, loglik went from -65445.28 to -58124.08 (15 iterations, 23 function evals)
	Step 2: optimized branches, loglik went from -58124.08 to -58085.07 (85 iterations, 95 function evals)
	Step 3: optimized parameters, loglik went from -58085.07 to -58026.76 (12 iterations, 15 function evals)
	Step 4: optimized branches, loglik went from -58026.76 to -58026.75 (1 iterations, 5 function evals)
2018-01-15 15:18:39,401 - INFO - Optimized log likelihood is -58026.75.
2018-01-15 15:18:39,401 - INFO - Writing log likelihood to phydms/WSN_high_0_3_averaged_ExpCM_HA_Doud_prefs_gammaomega_loglikelihood.txt
2018-01-15 15:18:39,408 - INFO - Model parameters after optimization:
	alpha_omega = 1.06706
	beta = 1.34216
	beta_omega =     10
	kappa = 3.26325
	phiA = 0.371133
	phiC = 0.178943
	phiG = 0.227401
2018-01-15 15:18:39,408 - INFO - Writing model parameters to phydms/WSN_high_0_3_averaged_ExpCM_HA_Doud_prefs_gammaomega_modelparams.txt
2018-01-15 15:18:39,412 - INFO - Writing the optimized tree to phydms/WSN_high_0_3_averaged_ExpCM_HA_Doud_prefs_gammaomega_tree.newick

2018-01-15 15:18:39,425 - INFO - Successful completion of phydms
