2018-01-15 09:20:55,952 - INFO - Beginning execution of phydms in directory /fh/fast/bloom_j/computational_notebooks/skhilton/2017/divergence_timing_manuscript/analysis/simulations

2018-01-15 09:20:55,952 - INFO - Progress is being logged to phydms/WSN_high_0_0_randomized_ExpCM_HA_Doud_prefs_log.log

2018-01-15 09:20:55,952 - INFO - Version information:
	Time and date: Mon Jan 15 09:20:54 2018
	Platform: Linux-3.13.0-68-generic-x86_64-with-debian-jessie-sid
	Python version: 3.6.0 |Continuum Analytics, Inc.| (default, Dec 23 2016, 12:22:00)  [GCC 4.4.7 20120313 (Red Hat 4.4.7-1)]
	phydms version: 2.2.0
	Bio version: 1.69
	cython version: 0.25.2
	numpy version: 1.13.3
	scipy version: 0.19.0
	matplotlib version: 2.1.0
	natsort version: 5.0.2
	sympy version: 1.0
	six version: 1.11.0
	pandas version: 0.21.0
	pyvolve version: 0.8.4
	statsmodels version: 0.8.0
	weblogolib version: 3.5.0
	PyPDF2 version: 1.26.0

2018-01-15 09:20:55,953 - INFO - Parsed the following arguments:
	alignment = _WSN_high_0_0_simulatedalignment.fasta
	tree = phydms/WSN_high_0_0_RAxML_tree.newick
	model = ('ExpCM', '../HA/data/references/HA_Doud_prefs.csv')
	outprefix = phydms/WSN_high_0_0_randomized_ExpCM_HA_Doud_prefs
	brlen = optimize
	gammaomega = False
	gammabeta = False
	omegabysite = False
	omegabysite_fixsyn = False
	diffprefsbysite = False
	diffprefsprior = ('invquadratic', 150.0, 0.5)
	fitphi = False
	randprefs = True
	avgprefs = False
	divpressure = None
	ncpus = 4
	fitprefsmethod = 2
	ncats = 4
	minbrlen = 1e-06
	minpref = 0.002
	seed = 1
	initparams = None
	profile = False
	opt_details = False
	nograd = False

2018-01-15 09:20:55,953 - INFO - Random number seed: 1

2018-01-15 09:20:55,953 - INFO - Reading alignment from _WSN_high_0_0_simulatedalignment.fasta
2018-01-15 09:20:56,690 - INFO - Read 87 aligned sequences from _WSN_high_0_0_simulatedalignment.fasta, each consisting of 564 codons.

2018-01-15 09:20:56,690 - INFO - The model will be an ExpCM informed by site-specific amino-acid preferences in ../HA/data/references/HA_Doud_prefs.csv
2018-01-15 09:20:56,690 - INFO - Preferences will be randomized across sites.
2018-01-15 09:20:58,843 - INFO - Successfully read site-specific amino-acid preferences for all 564 sites.

2018-01-15 09:20:58,846 - INFO - Nucleotide frequency parameters phi will be set so stationary state matches alignment nucleotide frequencies of A = 0.336, C = 0.182, G = 0.235, T = 0.247

2018-01-15 09:21:01,590 - INFO - Reading tree from phydms/WSN_high_0_0_RAxML_tree.newick
2018-01-15 09:21:01,596 - INFO - Tree has 87 tips.
2018-01-15 09:21:01,662 - INFO - Adjusted 1 branch lengths up to minbrlen 1e-06

2018-01-15 09:21:01,666 - INFO - Initializing TreeLikelihood..
2018-01-15 09:22:00,271 - INFO - TreeLikelihood initialized.
2018-01-15 09:22:00,272 - INFO - Maximizing log likelihood (initially -63915.61).
2018-01-15 09:22:00,272 - INFO - Branch lengths will be optimized individually.
2018-01-15 11:13:20,141 - INFO - Maximization complete:
	Step 1: optimized parameters, loglik went from -63915.61 to -56552.08 (14 iterations, 23 function evals)
	Step 2: optimized branches, loglik went from -56552.08 to -56530.52 (62 iterations, 71 function evals)
	Step 3: optimized parameters, loglik went from -56530.52 to -56526.54 (13 iterations, 19 function evals)
	Step 4: optimized branches, loglik went from -56526.54 to -56525.34 (11 iterations, 15 function evals)
	Step 5: optimized parameters, loglik went from -56525.34 to -56525.10 (3 iterations, 7 function evals)
	Step 6: optimized branches, loglik went from -56525.10 to -56525.10 (1 iterations, 4 function evals)
2018-01-15 11:13:20,144 - INFO - Optimized log likelihood is -56525.10.
2018-01-15 11:13:20,144 - INFO - Writing log likelihood to phydms/WSN_high_0_0_randomized_ExpCM_HA_Doud_prefs_loglikelihood.txt
2018-01-15 11:13:20,150 - INFO - Model parameters after optimization:
	beta = 0.0517651
	kappa = 3.18648
	omega = 0.0989458
	phiA = 0.345505
	phiC = 0.169709
	phiG = 0.232832
2018-01-15 11:13:20,151 - INFO - Writing model parameters to phydms/WSN_high_0_0_randomized_ExpCM_HA_Doud_prefs_modelparams.txt
2018-01-15 11:13:20,154 - INFO - Writing the optimized tree to phydms/WSN_high_0_0_randomized_ExpCM_HA_Doud_prefs_tree.newick

2018-01-15 11:13:20,165 - INFO - Successful completion of phydms
