2018-01-15 09:20:53,130 - INFO - Beginning execution of phydms in directory /fh/fast/bloom_j/computational_notebooks/skhilton/2017/divergence_timing_manuscript/analysis/simulations

2018-01-15 09:20:53,130 - INFO - Progress is being logged to phydms/WSN_high_0_1_averaged_ExpCM_HA_Doud_prefs_log.log

2018-01-15 09:20:53,130 - INFO - Version information:
	Time and date: Mon Jan 15 09:20:51 2018
	Platform: Linux-3.13.0-68-generic-x86_64-with-debian-jessie-sid
	Python version: 3.6.0 |Continuum Analytics, Inc.| (default, Dec 23 2016, 12:22:00)  [GCC 4.4.7 20120313 (Red Hat 4.4.7-1)]
	phydms version: 2.2.0
	Bio version: 1.69
	cython version: 0.25.2
	numpy version: 1.13.3
	scipy version: 0.19.0
	matplotlib version: 2.1.0
	natsort version: 5.0.2
	sympy version: 1.0
	six version: 1.11.0
	pandas version: 0.21.0
	pyvolve version: 0.8.4
	statsmodels version: 0.8.0
	weblogolib version: 3.5.0
	PyPDF2 version: 1.26.0

2018-01-15 09:20:53,131 - INFO - Parsed the following arguments:
	alignment = _WSN_high_0_1_simulatedalignment.fasta
	tree = phydms/WSN_high_0_1_RAxML_tree.newick
	model = ('ExpCM', '../HA/data/references/HA_Doud_prefs.csv')
	outprefix = phydms/WSN_high_0_1_averaged_ExpCM_HA_Doud_prefs
	brlen = optimize
	gammaomega = False
	gammabeta = False
	omegabysite = False
	omegabysite_fixsyn = False
	diffprefsbysite = False
	diffprefsprior = ('invquadratic', 150.0, 0.5)
	fitphi = False
	randprefs = False
	avgprefs = True
	divpressure = None
	ncpus = 4
	fitprefsmethod = 2
	ncats = 4
	minbrlen = 1e-06
	minpref = 0.002
	seed = 1
	initparams = None
	profile = False
	opt_details = False
	nograd = False

2018-01-15 09:20:53,131 - INFO - Random number seed: 1

2018-01-15 09:20:53,131 - INFO - Reading alignment from _WSN_high_0_1_simulatedalignment.fasta
2018-01-15 09:20:53,888 - INFO - Read 87 aligned sequences from _WSN_high_0_1_simulatedalignment.fasta, each consisting of 564 codons.

2018-01-15 09:20:53,888 - INFO - The model will be an ExpCM informed by site-specific amino-acid preferences in ../HA/data/references/HA_Doud_prefs.csv
2018-01-15 09:20:53,888 - INFO - Preferences will be averaged across sites.
2018-01-15 09:20:55,132 - INFO - Successfully read site-specific amino-acid preferences for all 564 sites.

2018-01-15 09:20:55,134 - INFO - Nucleotide frequency parameters phi will be set so stationary state matches alignment nucleotide frequencies of A = 0.349, C = 0.179, G = 0.236, T = 0.237

2018-01-15 09:20:56,580 - INFO - Reading tree from phydms/WSN_high_0_1_RAxML_tree.newick
2018-01-15 09:20:56,585 - INFO - Tree has 87 tips.
2018-01-15 09:20:56,621 - INFO - Adjusted 1 branch lengths up to minbrlen 1e-06

2018-01-15 09:20:56,621 - INFO - Initializing TreeLikelihood..
2018-01-15 09:21:38,569 - INFO - TreeLikelihood initialized.
2018-01-15 09:21:38,570 - INFO - Maximizing log likelihood (initially -65554.13).
2018-01-15 09:21:38,570 - INFO - Branch lengths will be optimized individually.
2018-01-15 10:19:32,583 - INFO - Maximization complete:
	Step 1: optimized parameters, loglik went from -65554.13 to -58118.58 (26 iterations, 34 function evals)
	Step 2: optimized branches, loglik went from -58118.58 to -58103.21 (57 iterations, 69 function evals)
	Step 3: optimized parameters, loglik went from -58103.21 to -58100.51 (4 iterations, 8 function evals)
	Step 4: optimized branches, loglik went from -58100.51 to -58099.89 (19 iterations, 24 function evals)
	Step 5: optimized parameters, loglik went from -58099.89 to -58099.67 (2 iterations, 5 function evals)
	Step 6: optimized branches, loglik went from -58099.67 to -58099.67 (1 iterations, 5 function evals)
2018-01-15 10:19:32,625 - INFO - Optimized log likelihood is -58099.67.
2018-01-15 10:19:32,626 - INFO - Writing log likelihood to phydms/WSN_high_0_1_averaged_ExpCM_HA_Doud_prefs_loglikelihood.txt
2018-01-15 10:19:32,634 - INFO - Model parameters after optimization:
	beta = 1.29332
	kappa = 3.08218
	omega = 0.105215
	phiA = 0.373502
	phiC = 0.170943
	phiG = 0.236362
2018-01-15 10:19:32,635 - INFO - Writing model parameters to phydms/WSN_high_0_1_averaged_ExpCM_HA_Doud_prefs_modelparams.txt
2018-01-15 10:19:32,640 - INFO - Writing the optimized tree to phydms/WSN_high_0_1_averaged_ExpCM_HA_Doud_prefs_tree.newick

2018-01-15 10:19:32,653 - INFO - Successful completion of phydms
