2018-01-14 19:20:46,824 - INFO - Beginning execution of phydms in directory /fh/fast/bloom_j/computational_notebooks/skhilton/2017/divergence_timing_manuscript/analysis/simulations

2018-01-14 19:20:46,825 - INFO - Progress is being logged to phydms/WSN_high_0_5_ExpCM_HA_Doud_prefs_gammaomega_log.log

2018-01-14 19:20:46,825 - INFO - Version information:
	Time and date: Sun Jan 14 19:20:45 2018
	Platform: Linux-3.13.0-68-generic-x86_64-with-debian-jessie-sid
	Python version: 3.6.0 |Continuum Analytics, Inc.| (default, Dec 23 2016, 12:22:00)  [GCC 4.4.7 20120313 (Red Hat 4.4.7-1)]
	phydms version: 2.2.0
	Bio version: 1.69
	cython version: 0.25.2
	numpy version: 1.13.3
	scipy version: 0.19.0
	matplotlib version: 2.1.0
	natsort version: 5.0.2
	sympy version: 1.0
	six version: 1.11.0
	pandas version: 0.21.0
	pyvolve version: 0.8.4
	statsmodels version: 0.8.0
	weblogolib version: 3.5.0
	PyPDF2 version: 1.26.0

2018-01-14 19:20:46,825 - INFO - Parsed the following arguments:
	alignment = _WSN_high_0_5_simulatedalignment.fasta
	tree = phydms/WSN_high_0_5_RAxML_tree.newick
	model = ('ExpCM', '../HA/data/references/HA_Doud_prefs.csv')
	outprefix = phydms/WSN_high_0_5_ExpCM_HA_Doud_prefs_gammaomega
	brlen = optimize
	gammaomega = True
	gammabeta = False
	omegabysite = False
	omegabysite_fixsyn = False
	diffprefsbysite = False
	diffprefsprior = ('invquadratic', 150.0, 0.5)
	fitphi = False
	randprefs = False
	avgprefs = False
	divpressure = None
	ncpus = 4
	fitprefsmethod = 2
	ncats = 4
	minbrlen = 1e-06
	minpref = 0.002
	seed = 1
	initparams = None
	profile = False
	opt_details = False
	nograd = False

2018-01-14 19:20:46,825 - INFO - Random number seed: 1

2018-01-14 19:20:46,825 - INFO - Reading alignment from _WSN_high_0_5_simulatedalignment.fasta
2018-01-14 19:20:47,490 - INFO - Read 87 aligned sequences from _WSN_high_0_5_simulatedalignment.fasta, each consisting of 564 codons.

2018-01-14 19:20:47,490 - INFO - The model will be an ExpCM informed by site-specific amino-acid preferences in ../HA/data/references/HA_Doud_prefs.csv
2018-01-14 19:20:48,856 - INFO - Successfully read site-specific amino-acid preferences for all 564 sites.

2018-01-14 19:20:48,859 - INFO - Nucleotide frequency parameters phi will be set so stationary state matches alignment nucleotide frequencies of A = 0.351, C = 0.182, G = 0.230, T = 0.237

2018-01-14 19:20:52,229 - INFO - Omega will be drawn from 4 gamma-distributed categories.

2018-01-14 19:21:19,441 - INFO - Reading tree from phydms/WSN_high_0_5_RAxML_tree.newick
2018-01-14 19:21:19,473 - INFO - Tree has 87 tips.
2018-01-14 19:21:19,557 - INFO - Adjusted 1 branch lengths up to minbrlen 1e-06

2018-01-14 19:21:19,558 - INFO - Initializing TreeLikelihood..
2018-01-14 19:26:31,113 - INFO - TreeLikelihood initialized.
2018-01-14 19:26:31,115 - INFO - Maximizing log likelihood (initially -61527.09).
2018-01-14 19:26:31,116 - INFO - Branch lengths will be optimized individually.
2018-01-15 02:33:33,879 - INFO - Maximization complete:
	Step 1: optimized parameters, loglik went from -61527.09 to -54687.27 (23 iterations, 29 function evals)
	Step 2: optimized branches, loglik went from -54687.27 to -54522.77 (163 iterations, 178 function evals)
	Step 3: optimized parameters, loglik went from -54522.77 to -54507.98 (9 iterations, 12 function evals)
	Step 4: optimized branches, loglik went from -54507.98 to -54506.52 (58 iterations, 66 function evals)
	Step 5: optimized parameters, loglik went from -54506.52 to -54506.37 (4 iterations, 7 function evals)
	Step 6: optimized branches, loglik went from -54506.37 to -54506.36 (1 iterations, 5 function evals)
2018-01-15 02:33:33,931 - INFO - Optimized log likelihood is -54506.36.
2018-01-15 02:33:33,931 - INFO - Writing log likelihood to phydms/WSN_high_0_5_ExpCM_HA_Doud_prefs_gammaomega_loglikelihood.txt
2018-01-15 02:33:33,940 - INFO - Model parameters after optimization:
	alpha_omega = 2.64285
	beta = 1.53878
	beta_omega =     10
	kappa = 3.52406
	phiA = 0.396523
	phiC = 0.170829
	phiG = 0.226218
2018-01-15 02:33:33,940 - INFO - Writing model parameters to phydms/WSN_high_0_5_ExpCM_HA_Doud_prefs_gammaomega_modelparams.txt
2018-01-15 02:33:33,946 - INFO - Writing the optimized tree to phydms/WSN_high_0_5_ExpCM_HA_Doud_prefs_gammaomega_tree.newick

2018-01-15 02:33:33,964 - INFO - Successful completion of phydms
