2018-01-15 09:20:57,559 - INFO - Beginning execution of phydms in directory /fh/fast/bloom_j/computational_notebooks/skhilton/2017/divergence_timing_manuscript/analysis/simulations

2018-01-15 09:20:57,560 - INFO - Progress is being logged to phydms/WSN_high_0_0_randomized_ExpCM_HA_Doud_prefs_gammaomega_log.log

2018-01-15 09:20:57,560 - INFO - Version information:
	Time and date: Mon Jan 15 09:20:56 2018
	Platform: Linux-3.13.0-68-generic-x86_64-with-debian-jessie-sid
	Python version: 3.6.0 |Continuum Analytics, Inc.| (default, Dec 23 2016, 12:22:00)  [GCC 4.4.7 20120313 (Red Hat 4.4.7-1)]
	phydms version: 2.2.0
	Bio version: 1.69
	cython version: 0.25.2
	numpy version: 1.13.3
	scipy version: 0.19.0
	matplotlib version: 2.1.0
	natsort version: 5.0.2
	sympy version: 1.0
	six version: 1.11.0
	pandas version: 0.21.0
	pyvolve version: 0.8.4
	statsmodels version: 0.8.0
	weblogolib version: 3.5.0
	PyPDF2 version: 1.26.0

2018-01-15 09:20:57,560 - INFO - Parsed the following arguments:
	alignment = _WSN_high_0_0_simulatedalignment.fasta
	tree = phydms/WSN_high_0_0_RAxML_tree.newick
	model = ('ExpCM', '../HA/data/references/HA_Doud_prefs.csv')
	outprefix = phydms/WSN_high_0_0_randomized_ExpCM_HA_Doud_prefs_gammaomega
	brlen = optimize
	gammaomega = True
	gammabeta = False
	omegabysite = False
	omegabysite_fixsyn = False
	diffprefsbysite = False
	diffprefsprior = ('invquadratic', 150.0, 0.5)
	fitphi = False
	randprefs = True
	avgprefs = False
	divpressure = None
	ncpus = 4
	fitprefsmethod = 2
	ncats = 4
	minbrlen = 1e-06
	minpref = 0.002
	seed = 1
	initparams = None
	profile = False
	opt_details = False
	nograd = False

2018-01-15 09:20:57,560 - INFO - Random number seed: 1

2018-01-15 09:20:57,560 - INFO - Reading alignment from _WSN_high_0_0_simulatedalignment.fasta
2018-01-15 09:20:58,929 - INFO - Read 87 aligned sequences from _WSN_high_0_0_simulatedalignment.fasta, each consisting of 564 codons.

2018-01-15 09:20:58,930 - INFO - The model will be an ExpCM informed by site-specific amino-acid preferences in ../HA/data/references/HA_Doud_prefs.csv
2018-01-15 09:20:58,930 - INFO - Preferences will be randomized across sites.
2018-01-15 09:21:00,947 - INFO - Successfully read site-specific amino-acid preferences for all 564 sites.

2018-01-15 09:21:00,951 - INFO - Nucleotide frequency parameters phi will be set so stationary state matches alignment nucleotide frequencies of A = 0.336, C = 0.182, G = 0.235, T = 0.247

2018-01-15 09:21:04,086 - INFO - Omega will be drawn from 4 gamma-distributed categories.

2018-01-15 09:21:18,218 - INFO - Reading tree from phydms/WSN_high_0_0_RAxML_tree.newick
2018-01-15 09:21:18,225 - INFO - Tree has 87 tips.
2018-01-15 09:21:18,261 - INFO - Adjusted 1 branch lengths up to minbrlen 1e-06

2018-01-15 09:21:18,262 - INFO - Initializing TreeLikelihood..
2018-01-15 09:26:00,589 - INFO - TreeLikelihood initialized.
2018-01-15 09:26:00,590 - INFO - Maximizing log likelihood (initially -63067.12).
2018-01-15 09:26:00,590 - INFO - Branch lengths will be optimized individually.
2018-01-15 14:56:05,661 - INFO - Maximization complete:
	Step 1: optimized parameters, loglik went from -63067.12 to -55914.69 (21 iterations, 29 function evals)
	Step 2: optimized branches, loglik went from -55914.69 to -55875.63 (96 iterations, 105 function evals)
	Step 3: optimized parameters, loglik went from -55875.63 to -55873.26 (7 iterations, 10 function evals)
	Step 4: optimized branches, loglik went from -55873.26 to -55873.15 (5 iterations, 9 function evals)
	Step 5: optimized parameters, loglik went from -55873.15 to -55873.14 (2 iterations, 4 function evals)
2018-01-15 14:56:05,662 - INFO - Optimized log likelihood is -55873.14.
2018-01-15 14:56:05,662 - INFO - Writing log likelihood to phydms/WSN_high_0_0_randomized_ExpCM_HA_Doud_prefs_gammaomega_loglikelihood.txt
2018-01-15 14:56:05,668 - INFO - Model parameters after optimization:
	alpha_omega = 1.04446
	beta = 0.112872
	beta_omega =     10
	kappa = 3.30179
	phiA = 0.345576
	phiC = 0.170161
	phiG = 0.233491
2018-01-15 14:56:05,668 - INFO - Writing model parameters to phydms/WSN_high_0_0_randomized_ExpCM_HA_Doud_prefs_gammaomega_modelparams.txt
2018-01-15 14:56:05,672 - INFO - Writing the optimized tree to phydms/WSN_high_0_0_randomized_ExpCM_HA_Doud_prefs_gammaomega_tree.newick

2018-01-15 14:56:05,684 - INFO - Successful completion of phydms
