2018-01-14 19:20:44,247 - INFO - Beginning execution of phydms in directory /fh/fast/bloom_j/computational_notebooks/skhilton/2017/divergence_timing_manuscript/analysis/simulations

2018-01-14 19:20:44,248 - INFO - Progress is being logged to phydms/WSN_high_0_7_randomized_ExpCM_HA_Doud_prefs_log.log

2018-01-14 19:20:44,248 - INFO - Version information:
	Time and date: Sun Jan 14 19:20:42 2018
	Platform: Linux-3.13.0-68-generic-x86_64-with-debian-jessie-sid
	Python version: 3.6.0 |Continuum Analytics, Inc.| (default, Dec 23 2016, 12:22:00)  [GCC 4.4.7 20120313 (Red Hat 4.4.7-1)]
	phydms version: 2.2.0
	Bio version: 1.69
	cython version: 0.25.2
	numpy version: 1.13.3
	scipy version: 0.19.0
	matplotlib version: 2.1.0
	natsort version: 5.0.2
	sympy version: 1.0
	six version: 1.11.0
	pandas version: 0.21.0
	pyvolve version: 0.8.4
	statsmodels version: 0.8.0
	weblogolib version: 3.5.0
	PyPDF2 version: 1.26.0

2018-01-14 19:20:44,248 - INFO - Parsed the following arguments:
	alignment = _WSN_high_0_7_simulatedalignment.fasta
	tree = phydms/WSN_high_0_7_RAxML_tree.newick
	model = ('ExpCM', '../HA/data/references/HA_Doud_prefs.csv')
	outprefix = phydms/WSN_high_0_7_randomized_ExpCM_HA_Doud_prefs
	brlen = optimize
	gammaomega = False
	gammabeta = False
	omegabysite = False
	omegabysite_fixsyn = False
	diffprefsbysite = False
	diffprefsprior = ('invquadratic', 150.0, 0.5)
	fitphi = False
	randprefs = True
	avgprefs = False
	divpressure = None
	ncpus = 4
	fitprefsmethod = 2
	ncats = 4
	minbrlen = 1e-06
	minpref = 0.002
	seed = 1
	initparams = None
	profile = False
	opt_details = False
	nograd = False

2018-01-14 19:20:44,248 - INFO - Random number seed: 1

2018-01-14 19:20:44,248 - INFO - Reading alignment from _WSN_high_0_7_simulatedalignment.fasta
2018-01-14 19:20:45,299 - INFO - Read 87 aligned sequences from _WSN_high_0_7_simulatedalignment.fasta, each consisting of 564 codons.

2018-01-14 19:20:45,451 - INFO - The model will be an ExpCM informed by site-specific amino-acid preferences in ../HA/data/references/HA_Doud_prefs.csv
2018-01-14 19:20:45,452 - INFO - Preferences will be randomized across sites.
2018-01-14 19:20:46,968 - INFO - Successfully read site-specific amino-acid preferences for all 564 sites.

2018-01-14 19:20:46,971 - INFO - Nucleotide frequency parameters phi will be set so stationary state matches alignment nucleotide frequencies of A = 0.345, C = 0.187, G = 0.225, T = 0.243

2018-01-14 19:20:49,782 - INFO - Reading tree from phydms/WSN_high_0_7_RAxML_tree.newick
2018-01-14 19:20:49,789 - INFO - Tree has 87 tips.
2018-01-14 19:20:49,899 - INFO - Adjusted 1 branch lengths up to minbrlen 1e-06

2018-01-14 19:20:49,907 - INFO - Initializing TreeLikelihood..
2018-01-14 19:22:15,309 - INFO - TreeLikelihood initialized.
2018-01-14 19:22:15,310 - INFO - Maximizing log likelihood (initially -65173.18).
2018-01-14 19:22:15,310 - INFO - Branch lengths will be optimized individually.
2018-01-14 21:09:13,668 - INFO - Maximization complete:
	Step 1: optimized parameters, loglik went from -65173.18 to -58012.26 (27 iterations, 39 function evals)
	Step 2: optimized branches, loglik went from -58012.26 to -57994.41 (62 iterations, 70 function evals)
	Step 3: optimized parameters, loglik went from -57994.41 to -57991.31 (4 iterations, 8 function evals)
	Step 4: optimized branches, loglik went from -57991.31 to -57990.57 (31 iterations, 39 function evals)
	Step 5: optimized parameters, loglik went from -57990.57 to -57990.00 (9 iterations, 13 function evals)
	Step 6: optimized branches, loglik went from -57990.00 to -57990.00 (1 iterations, 5 function evals)
2018-01-14 21:09:13,670 - INFO - Optimized log likelihood is -57990.00.
2018-01-14 21:09:13,670 - INFO - Writing log likelihood to phydms/WSN_high_0_7_randomized_ExpCM_HA_Doud_prefs_loglikelihood.txt
2018-01-14 21:09:13,682 - INFO - Model parameters after optimization:
	beta = 0.0195471
	kappa = 3.03391
	omega = 0.103971
	phiA = 0.355015
	phiC = 0.17348
	phiG = 0.222499
2018-01-14 21:09:13,682 - INFO - Writing model parameters to phydms/WSN_high_0_7_randomized_ExpCM_HA_Doud_prefs_modelparams.txt
2018-01-14 21:09:13,701 - INFO - Writing the optimized tree to phydms/WSN_high_0_7_randomized_ExpCM_HA_Doud_prefs_tree.newick

2018-01-14 21:09:13,717 - INFO - Successful completion of phydms
