2018-01-14 19:19:18,775 - INFO - Beginning execution of phydms_comprehensive in directory /fh/fast/bloom_j/computational_notebooks/skhilton/2017/divergence_timing_manuscript/analysis/simulations

2018-01-14 19:19:18,775 - INFO - Progress is being logged to phydms/WSN_high_0_7.log

2018-01-14 19:19:18,775 - INFO - Version information:
	Time and date: Sun Jan 14 19:19:16 2018
	Platform: Linux-3.13.0-68-generic-x86_64-with-debian-jessie-sid
	Python version: 3.6.0 |Continuum Analytics, Inc.| (default, Dec 23 2016, 12:22:00)  [GCC 4.4.7 20120313 (Red Hat 4.4.7-1)]
	phydms version: 2.2.0
	Bio version: 1.69
	cython version: 0.25.2
	numpy version: 1.13.3
	scipy version: 0.19.0
	matplotlib version: 2.1.0
	natsort version: 5.0.2
	sympy version: 1.0
	six version: 1.11.0
	pandas version: 0.21.0
	pyvolve version: 0.8.4
	statsmodels version: 0.8.0
	weblogolib version: 3.5.0
	PyPDF2 version: 1.26.0

2018-01-14 19:19:18,775 - INFO - Parsed the following command-line arguments:
	outprefix = phydms/WSN_high_0_7_
	alignment = _WSN_high_0_7_simulatedalignment.fasta
	prefsfiles = ['../HA/data/references/HA_Doud_prefs.csv']
	raxml = raxml
	tree = None
	ncpus = -1
	brlen = optimize
	omegabysite = False
	diffprefsbysite = False
	gammaomega = True
	gammabeta = False
	noavgprefs = False
	randprefs = True

2018-01-14 19:19:18,775 - INFO - Checking that the alignment _WSN_high_0_7_simulatedalignment.fasta is valid...
2018-01-14 19:19:19,428 - INFO - Valid alignment specifying 87 sequences of length 1692.

2018-01-14 19:19:19,428 - INFO - Tree not specified.
2018-01-14 19:19:19,440 - INFO - Inferring tree with RAxML using command raxml
2018-01-14 19:20:34,725 - INFO - RAxML inferred tree is now named phydms/WSN_high_0_7_RAxML_tree.newick
2018-01-14 19:20:34,748 - INFO - Starting analysis to optimize tree in phydms/WSN_high_0_7_RAxML_tree.newick using model YNGKP_M0. The command is: phydms _WSN_high_0_7_simulatedalignment.fasta phydms/WSN_high_0_7_RAxML_tree.newick YNGKP_M0 phydms/WSN_high_0_7_YNGKP_M0 --brlen optimize --ncpus 1

2018-01-14 19:20:34,749 - INFO - Starting analysis to optimize tree in phydms/WSN_high_0_7_RAxML_tree.newick using model YNGKP_M5. The command is: phydms _WSN_high_0_7_simulatedalignment.fasta phydms/WSN_high_0_7_RAxML_tree.newick YNGKP_M5 phydms/WSN_high_0_7_YNGKP_M5 --brlen optimize --ncpus 1

2018-01-14 19:20:34,749 - INFO - Starting analysis to optimize tree in phydms/WSN_high_0_7_RAxML_tree.newick using model ExpCM_HA_Doud_prefs. The command is: phydms _WSN_high_0_7_simulatedalignment.fasta phydms/WSN_high_0_7_RAxML_tree.newick ExpCM_../HA/data/references/HA_Doud_prefs.csv phydms/WSN_high_0_7_ExpCM_HA_Doud_prefs --brlen optimize --ncpus 4

2018-01-14 19:20:34,749 - INFO - Starting analysis to optimize tree in phydms/WSN_high_0_7_RAxML_tree.newick using model ExpCM_HA_Doud_prefs_gammaomega. The command is: phydms _WSN_high_0_7_simulatedalignment.fasta phydms/WSN_high_0_7_RAxML_tree.newick ExpCM_../HA/data/references/HA_Doud_prefs.csv phydms/WSN_high_0_7_ExpCM_HA_Doud_prefs_gammaomega --brlen optimize --gammaomega --ncpus 4

2018-01-14 19:20:34,750 - INFO - Starting analysis to optimize tree in phydms/WSN_high_0_7_RAxML_tree.newick using model averaged_ExpCM_HA_Doud_prefs. The command is: phydms _WSN_high_0_7_simulatedalignment.fasta phydms/WSN_high_0_7_RAxML_tree.newick ExpCM_../HA/data/references/HA_Doud_prefs.csv phydms/WSN_high_0_7_averaged_ExpCM_HA_Doud_prefs --brlen optimize --avgprefs --ncpus 4

2018-01-14 19:20:34,750 - INFO - Starting analysis to optimize tree in phydms/WSN_high_0_7_RAxML_tree.newick using model averaged_ExpCM_HA_Doud_prefs_gammaomega. The command is: phydms _WSN_high_0_7_simulatedalignment.fasta phydms/WSN_high_0_7_RAxML_tree.newick ExpCM_../HA/data/references/HA_Doud_prefs.csv phydms/WSN_high_0_7_averaged_ExpCM_HA_Doud_prefs_gammaomega --brlen optimize --gammaomega --avgprefs --ncpus 4

2018-01-14 19:20:34,750 - INFO - Starting analysis to optimize tree in phydms/WSN_high_0_7_RAxML_tree.newick using model randomized_ExpCM_HA_Doud_prefs. The command is: phydms _WSN_high_0_7_simulatedalignment.fasta phydms/WSN_high_0_7_RAxML_tree.newick ExpCM_../HA/data/references/HA_Doud_prefs.csv phydms/WSN_high_0_7_randomized_ExpCM_HA_Doud_prefs --brlen optimize --randprefs --ncpus 4

2018-01-14 19:20:34,750 - INFO - Starting analysis to optimize tree in phydms/WSN_high_0_7_RAxML_tree.newick using model randomized_ExpCM_HA_Doud_prefs_gammaomega. The command is: phydms _WSN_high_0_7_simulatedalignment.fasta phydms/WSN_high_0_7_RAxML_tree.newick ExpCM_../HA/data/references/HA_Doud_prefs.csv phydms/WSN_high_0_7_randomized_ExpCM_HA_Doud_prefs_gammaomega --brlen optimize --gammaomega --randprefs --ncpus 4

2018-01-14 19:51:03,893 - INFO - Analysis completed for YNGKP_M0
2018-01-14 19:51:03,916 - INFO - Found expected output file phydms/WSN_high_0_7_YNGKP_M0_log.log
2018-01-14 19:51:03,917 - INFO - Found expected output file phydms/WSN_high_0_7_YNGKP_M0_tree.newick
2018-01-14 19:51:03,917 - INFO - Found expected output file phydms/WSN_high_0_7_YNGKP_M0_loglikelihood.txt
2018-01-14 19:51:03,917 - INFO - Found expected output file phydms/WSN_high_0_7_YNGKP_M0_modelparams.txt
2018-01-14 19:51:03,917 - INFO - Analysis successful for YNGKP_M0

2018-01-14 20:29:13,333 - INFO - Analysis completed for averaged_ExpCM_HA_Doud_prefs
2018-01-14 20:29:13,337 - INFO - Found expected output file phydms/WSN_high_0_7_averaged_ExpCM_HA_Doud_prefs_log.log
2018-01-14 20:29:13,338 - INFO - Found expected output file phydms/WSN_high_0_7_averaged_ExpCM_HA_Doud_prefs_tree.newick
2018-01-14 20:29:13,338 - INFO - Found expected output file phydms/WSN_high_0_7_averaged_ExpCM_HA_Doud_prefs_loglikelihood.txt
2018-01-14 20:29:13,338 - INFO - Found expected output file phydms/WSN_high_0_7_averaged_ExpCM_HA_Doud_prefs_modelparams.txt
2018-01-14 20:29:13,338 - INFO - Analysis successful for averaged_ExpCM_HA_Doud_prefs

2018-01-14 21:09:14,743 - INFO - Analysis completed for randomized_ExpCM_HA_Doud_prefs
2018-01-14 21:09:14,748 - INFO - Found expected output file phydms/WSN_high_0_7_randomized_ExpCM_HA_Doud_prefs_log.log
2018-01-14 21:09:14,748 - INFO - Found expected output file phydms/WSN_high_0_7_randomized_ExpCM_HA_Doud_prefs_tree.newick
2018-01-14 21:09:14,749 - INFO - Found expected output file phydms/WSN_high_0_7_randomized_ExpCM_HA_Doud_prefs_loglikelihood.txt
2018-01-14 21:09:14,749 - INFO - Found expected output file phydms/WSN_high_0_7_randomized_ExpCM_HA_Doud_prefs_modelparams.txt
2018-01-14 21:09:14,749 - INFO - Analysis successful for randomized_ExpCM_HA_Doud_prefs

2018-01-14 21:16:29,160 - INFO - Analysis completed for YNGKP_M5
2018-01-14 21:16:29,162 - INFO - Found expected output file phydms/WSN_high_0_7_YNGKP_M5_log.log
2018-01-14 21:16:29,162 - INFO - Found expected output file phydms/WSN_high_0_7_YNGKP_M5_tree.newick
2018-01-14 21:16:29,163 - INFO - Found expected output file phydms/WSN_high_0_7_YNGKP_M5_loglikelihood.txt
2018-01-14 21:16:29,163 - INFO - Found expected output file phydms/WSN_high_0_7_YNGKP_M5_modelparams.txt
2018-01-14 21:16:29,163 - INFO - Analysis successful for YNGKP_M5

2018-01-14 22:03:51,916 - INFO - Analysis completed for ExpCM_HA_Doud_prefs
2018-01-14 22:03:51,919 - INFO - Found expected output file phydms/WSN_high_0_7_ExpCM_HA_Doud_prefs_log.log
2018-01-14 22:03:51,919 - INFO - Found expected output file phydms/WSN_high_0_7_ExpCM_HA_Doud_prefs_tree.newick
2018-01-14 22:03:51,920 - INFO - Found expected output file phydms/WSN_high_0_7_ExpCM_HA_Doud_prefs_loglikelihood.txt
2018-01-14 22:03:51,920 - INFO - Found expected output file phydms/WSN_high_0_7_ExpCM_HA_Doud_prefs_modelparams.txt
2018-01-14 22:03:51,920 - INFO - Analysis successful for ExpCM_HA_Doud_prefs

2018-01-14 23:46:26,885 - INFO - Analysis completed for randomized_ExpCM_HA_Doud_prefs_gammaomega
2018-01-14 23:46:26,888 - INFO - Found expected output file phydms/WSN_high_0_7_randomized_ExpCM_HA_Doud_prefs_gammaomega_log.log
2018-01-14 23:46:26,889 - INFO - Found expected output file phydms/WSN_high_0_7_randomized_ExpCM_HA_Doud_prefs_gammaomega_tree.newick
2018-01-14 23:46:26,889 - INFO - Found expected output file phydms/WSN_high_0_7_randomized_ExpCM_HA_Doud_prefs_gammaomega_loglikelihood.txt
2018-01-14 23:46:26,889 - INFO - Found expected output file phydms/WSN_high_0_7_randomized_ExpCM_HA_Doud_prefs_gammaomega_modelparams.txt
2018-01-14 23:46:26,889 - INFO - Analysis successful for randomized_ExpCM_HA_Doud_prefs_gammaomega

2018-01-15 00:13:20,423 - INFO - Analysis completed for averaged_ExpCM_HA_Doud_prefs_gammaomega
2018-01-15 00:13:20,426 - INFO - Found expected output file phydms/WSN_high_0_7_averaged_ExpCM_HA_Doud_prefs_gammaomega_log.log
2018-01-15 00:13:20,426 - INFO - Found expected output file phydms/WSN_high_0_7_averaged_ExpCM_HA_Doud_prefs_gammaomega_tree.newick
2018-01-15 00:13:20,426 - INFO - Found expected output file phydms/WSN_high_0_7_averaged_ExpCM_HA_Doud_prefs_gammaomega_loglikelihood.txt
2018-01-15 00:13:20,426 - INFO - Found expected output file phydms/WSN_high_0_7_averaged_ExpCM_HA_Doud_prefs_gammaomega_modelparams.txt
2018-01-15 00:13:20,426 - INFO - Analysis successful for averaged_ExpCM_HA_Doud_prefs_gammaomega

2018-01-15 02:00:46,878 - INFO - Analysis completed for ExpCM_HA_Doud_prefs_gammaomega
2018-01-15 02:00:46,881 - INFO - Found expected output file phydms/WSN_high_0_7_ExpCM_HA_Doud_prefs_gammaomega_log.log
2018-01-15 02:00:46,881 - INFO - Found expected output file phydms/WSN_high_0_7_ExpCM_HA_Doud_prefs_gammaomega_tree.newick
2018-01-15 02:00:46,882 - INFO - Found expected output file phydms/WSN_high_0_7_ExpCM_HA_Doud_prefs_gammaomega_loglikelihood.txt
2018-01-15 02:00:46,882 - INFO - Found expected output file phydms/WSN_high_0_7_ExpCM_HA_Doud_prefs_gammaomega_modelparams.txt
2018-01-15 02:00:46,882 - INFO - Analysis successful for ExpCM_HA_Doud_prefs_gammaomega

2018-01-15 02:00:47,921 - INFO - Successful completion of phydms_comprehensive
