2018-01-15 09:21:06,791 - INFO - Beginning execution of phydms in directory /fh/fast/bloom_j/computational_notebooks/skhilton/2017/divergence_timing_manuscript/analysis/simulations

2018-01-15 09:21:06,791 - INFO - Progress is being logged to phydms/WSN_high_0_8_ExpCM_HA_Doud_prefs_log.log

2018-01-15 09:21:06,791 - INFO - Version information:
	Time and date: Mon Jan 15 09:21:05 2018
	Platform: Linux-3.13.0-68-generic-x86_64-with-debian-jessie-sid
	Python version: 3.6.0 |Continuum Analytics, Inc.| (default, Dec 23 2016, 12:22:00)  [GCC 4.4.7 20120313 (Red Hat 4.4.7-1)]
	phydms version: 2.2.0
	Bio version: 1.69
	cython version: 0.25.2
	numpy version: 1.13.3
	scipy version: 0.19.0
	matplotlib version: 2.1.0
	natsort version: 5.0.2
	sympy version: 1.0
	six version: 1.11.0
	pandas version: 0.21.0
	pyvolve version: 0.8.4
	statsmodels version: 0.8.0
	weblogolib version: 3.5.0
	PyPDF2 version: 1.26.0

2018-01-15 09:21:06,792 - INFO - Parsed the following arguments:
	alignment = _WSN_high_0_8_simulatedalignment.fasta
	tree = phydms/WSN_high_0_8_RAxML_tree.newick
	model = ('ExpCM', '../HA/data/references/HA_Doud_prefs.csv')
	outprefix = phydms/WSN_high_0_8_ExpCM_HA_Doud_prefs
	brlen = optimize
	gammaomega = False
	gammabeta = False
	omegabysite = False
	omegabysite_fixsyn = False
	diffprefsbysite = False
	diffprefsprior = ('invquadratic', 150.0, 0.5)
	fitphi = False
	randprefs = False
	avgprefs = False
	divpressure = None
	ncpus = 4
	fitprefsmethod = 2
	ncats = 4
	minbrlen = 1e-06
	minpref = 0.002
	seed = 1
	initparams = None
	profile = False
	opt_details = False
	nograd = False

2018-01-15 09:21:06,792 - INFO - Random number seed: 1

2018-01-15 09:21:06,792 - INFO - Reading alignment from _WSN_high_0_8_simulatedalignment.fasta
2018-01-15 09:21:07,458 - INFO - Read 87 aligned sequences from _WSN_high_0_8_simulatedalignment.fasta, each consisting of 564 codons.

2018-01-15 09:21:07,459 - INFO - The model will be an ExpCM informed by site-specific amino-acid preferences in ../HA/data/references/HA_Doud_prefs.csv
2018-01-15 09:21:08,844 - INFO - Successfully read site-specific amino-acid preferences for all 564 sites.

2018-01-15 09:21:08,847 - INFO - Nucleotide frequency parameters phi will be set so stationary state matches alignment nucleotide frequencies of A = 0.335, C = 0.185, G = 0.234, T = 0.245

2018-01-15 09:21:16,593 - INFO - Reading tree from phydms/WSN_high_0_8_RAxML_tree.newick
2018-01-15 09:21:16,600 - INFO - Tree has 87 tips.
2018-01-15 09:21:16,638 - INFO - Adjusted 1 branch lengths up to minbrlen 1e-06

2018-01-15 09:21:16,638 - INFO - Initializing TreeLikelihood..
2018-01-15 09:22:28,658 - INFO - TreeLikelihood initialized.
2018-01-15 09:22:28,660 - INFO - Maximizing log likelihood (initially -63823.68).
2018-01-15 09:22:28,660 - INFO - Branch lengths will be optimized individually.
2018-01-15 12:01:21,157 - INFO - Maximization complete:
	Step 1: optimized parameters, loglik went from -63823.68 to -56125.79 (17 iterations, 24 function evals)
	Step 2: optimized branches, loglik went from -56125.79 to -55982.22 (114 iterations, 121 function evals)
	Step 3: optimized parameters, loglik went from -55982.22 to -55958.70 (16 iterations, 21 function evals)
	Step 4: optimized branches, loglik went from -55958.70 to -55953.06 (46 iterations, 53 function evals)
	Step 5: optimized parameters, loglik went from -55953.06 to -55951.89 (7 iterations, 11 function evals)
	Step 6: optimized branches, loglik went from -55951.89 to -55951.89 (1 iterations, 4 function evals)
2018-01-15 12:01:21,158 - INFO - Optimized log likelihood is -55951.89.
2018-01-15 12:01:21,158 - INFO - Writing log likelihood to phydms/WSN_high_0_8_ExpCM_HA_Doud_prefs_loglikelihood.txt
2018-01-15 12:01:21,172 - INFO - Model parameters after optimization:
	beta = 1.5131
	kappa = 3.39002
	omega = 0.220371
	phiA = 0.374777
	phiC = 0.176095
	phiG = 0.231815
2018-01-15 12:01:21,173 - INFO - Writing model parameters to phydms/WSN_high_0_8_ExpCM_HA_Doud_prefs_modelparams.txt
2018-01-15 12:01:21,176 - INFO - Writing the optimized tree to phydms/WSN_high_0_8_ExpCM_HA_Doud_prefs_tree.newick

2018-01-15 12:01:21,186 - INFO - Successful completion of phydms
