2018-01-14 19:20:45,456 - INFO - Beginning execution of phydms in directory /fh/fast/bloom_j/computational_notebooks/skhilton/2017/divergence_timing_manuscript/analysis/simulations

2018-01-14 19:20:45,456 - INFO - Progress is being logged to phydms/WSN_high_0_5_YNGKP_M5_log.log

2018-01-14 19:20:45,456 - INFO - Version information:
	Time and date: Sun Jan 14 19:20:44 2018
	Platform: Linux-3.13.0-68-generic-x86_64-with-debian-jessie-sid
	Python version: 3.6.0 |Continuum Analytics, Inc.| (default, Dec 23 2016, 12:22:00)  [GCC 4.4.7 20120313 (Red Hat 4.4.7-1)]
	phydms version: 2.2.0
	Bio version: 1.69
	cython version: 0.25.2
	numpy version: 1.13.3
	scipy version: 0.19.0
	matplotlib version: 2.1.0
	natsort version: 5.0.2
	sympy version: 1.0
	six version: 1.11.0
	pandas version: 0.21.0
	pyvolve version: 0.8.4
	statsmodels version: 0.8.0
	weblogolib version: 3.5.0
	PyPDF2 version: 1.26.0

2018-01-14 19:20:45,456 - INFO - Parsed the following arguments:
	alignment = _WSN_high_0_5_simulatedalignment.fasta
	tree = phydms/WSN_high_0_5_RAxML_tree.newick
	model = YNGKP_M5
	outprefix = phydms/WSN_high_0_5_YNGKP_M5
	brlen = optimize
	gammaomega = False
	gammabeta = False
	omegabysite = False
	omegabysite_fixsyn = False
	diffprefsbysite = False
	diffprefsprior = ('invquadratic', 150.0, 0.5)
	fitphi = False
	randprefs = False
	avgprefs = False
	divpressure = None
	ncpus = 1
	fitprefsmethod = 2
	ncats = 4
	minbrlen = 1e-06
	minpref = 0.002
	seed = 1
	initparams = None
	profile = False
	opt_details = False
	nograd = False

2018-01-14 19:20:45,456 - INFO - Random number seed: 1

2018-01-14 19:20:45,456 - INFO - Reading alignment from _WSN_high_0_5_simulatedalignment.fasta
2018-01-14 19:20:46,164 - INFO - Read 87 aligned sequences from _WSN_high_0_5_simulatedalignment.fasta, each consisting of 564 codons.

2018-01-14 19:20:46,164 - INFO - Codon substitution model with be M5 version of YNGKP (Yang, Nielsen, Goldman, & Pederson. Genetics. 155:431-449).
2018-01-14 19:20:46,222 - INFO - For this YNGKP_M5 model, omega will be drawn from 4 gamma-distributed categories.
2018-01-14 19:20:46,239 - INFO - Reading tree from phydms/WSN_high_0_5_RAxML_tree.newick
2018-01-14 19:20:46,243 - INFO - Tree has 87 tips.
2018-01-14 19:20:46,279 - INFO - Adjusted 1 branch lengths up to minbrlen 1e-06

2018-01-14 19:20:46,279 - INFO - Initializing TreeLikelihood..
2018-01-14 19:21:39,530 - INFO - TreeLikelihood initialized.
2018-01-14 19:21:39,531 - INFO - Maximizing log likelihood (initially -65433.90).
2018-01-14 19:21:39,531 - INFO - Branch lengths will be optimized individually.
2018-01-14 21:09:53,227 - INFO - Maximization complete:
	Step 1: optimized parameters, loglik went from -65433.90 to -58089.49 (20 iterations, 26 function evals)
	Step 2: optimized branches, loglik went from -58089.49 to -58039.34 (120 iterations, 129 function evals)
	Step 3: optimized parameters, loglik went from -58039.34 to -58037.61 (6 iterations, 9 function evals)
	Step 4: optimized branches, loglik went from -58037.61 to -58037.61 (1 iterations, 4 function evals)
2018-01-14 21:09:53,237 - INFO - Optimized log likelihood is -58037.61.
2018-01-14 21:09:53,238 - INFO - Writing log likelihood to phydms/WSN_high_0_5_YNGKP_M5_loglikelihood.txt
2018-01-14 21:09:53,252 - INFO - Model parameters after optimization:
	alpha_omega = 0.955671
	beta_omega =     10
	kappa = 2.8507
	phi0A = 0.329696
	phi0C = 0.162523
	phi0G = 0.263685
	phi1A = 0.385068
	phi1C = 0.155323
	phi1G = 0.203672
	phi2A = 0.3681
	phi2C = 0.188055
	phi2G = 0.210756
2018-01-14 21:09:53,252 - INFO - Writing model parameters to phydms/WSN_high_0_5_YNGKP_M5_modelparams.txt
2018-01-14 21:09:53,257 - INFO - Writing the optimized tree to phydms/WSN_high_0_5_YNGKP_M5_tree.newick

2018-01-14 21:09:53,278 - INFO - Successful completion of phydms
