2018-01-14 19:20:42,933 - INFO - Beginning execution of phydms in directory /fh/fast/bloom_j/computational_notebooks/skhilton/2017/divergence_timing_manuscript/analysis/simulations

2018-01-14 19:20:42,934 - INFO - Progress is being logged to phydms/WSN_high_0_7_averaged_ExpCM_HA_Doud_prefs_gammaomega_log.log

2018-01-14 19:20:42,934 - INFO - Version information:
	Time and date: Sun Jan 14 19:20:41 2018
	Platform: Linux-3.13.0-68-generic-x86_64-with-debian-jessie-sid
	Python version: 3.6.0 |Continuum Analytics, Inc.| (default, Dec 23 2016, 12:22:00)  [GCC 4.4.7 20120313 (Red Hat 4.4.7-1)]
	phydms version: 2.2.0
	Bio version: 1.69
	cython version: 0.25.2
	numpy version: 1.13.3
	scipy version: 0.19.0
	matplotlib version: 2.1.0
	natsort version: 5.0.2
	sympy version: 1.0
	six version: 1.11.0
	pandas version: 0.21.0
	pyvolve version: 0.8.4
	statsmodels version: 0.8.0
	weblogolib version: 3.5.0
	PyPDF2 version: 1.26.0

2018-01-14 19:20:42,934 - INFO - Parsed the following arguments:
	alignment = _WSN_high_0_7_simulatedalignment.fasta
	tree = phydms/WSN_high_0_7_RAxML_tree.newick
	model = ('ExpCM', '../HA/data/references/HA_Doud_prefs.csv')
	outprefix = phydms/WSN_high_0_7_averaged_ExpCM_HA_Doud_prefs_gammaomega
	brlen = optimize
	gammaomega = True
	gammabeta = False
	omegabysite = False
	omegabysite_fixsyn = False
	diffprefsbysite = False
	diffprefsprior = ('invquadratic', 150.0, 0.5)
	fitphi = False
	randprefs = False
	avgprefs = True
	divpressure = None
	ncpus = 4
	fitprefsmethod = 2
	ncats = 4
	minbrlen = 1e-06
	minpref = 0.002
	seed = 1
	initparams = None
	profile = False
	opt_details = False
	nograd = False

2018-01-14 19:20:42,934 - INFO - Random number seed: 1

2018-01-14 19:20:42,934 - INFO - Reading alignment from _WSN_high_0_7_simulatedalignment.fasta
2018-01-14 19:20:43,633 - INFO - Read 87 aligned sequences from _WSN_high_0_7_simulatedalignment.fasta, each consisting of 564 codons.

2018-01-14 19:20:43,633 - INFO - The model will be an ExpCM informed by site-specific amino-acid preferences in ../HA/data/references/HA_Doud_prefs.csv
2018-01-14 19:20:43,633 - INFO - Preferences will be averaged across sites.
2018-01-14 19:20:45,685 - INFO - Successfully read site-specific amino-acid preferences for all 564 sites.

2018-01-14 19:20:45,687 - INFO - Nucleotide frequency parameters phi will be set so stationary state matches alignment nucleotide frequencies of A = 0.345, C = 0.187, G = 0.225, T = 0.243

2018-01-14 19:20:47,630 - INFO - Omega will be drawn from 4 gamma-distributed categories.

2018-01-14 19:21:16,008 - INFO - Reading tree from phydms/WSN_high_0_7_RAxML_tree.newick
2018-01-14 19:21:16,015 - INFO - Tree has 87 tips.
2018-01-14 19:21:16,059 - INFO - Adjusted 1 branch lengths up to minbrlen 1e-06

2018-01-14 19:21:16,059 - INFO - Initializing TreeLikelihood..
2018-01-14 19:26:07,314 - INFO - TreeLikelihood initialized.
2018-01-14 19:26:07,318 - INFO - Maximizing log likelihood (initially -64483.33).
2018-01-14 19:26:07,318 - INFO - Branch lengths will be optimized individually.
2018-01-15 00:13:18,348 - INFO - Maximization complete:
	Step 1: optimized parameters, loglik went from -64483.33 to -57270.96 (23 iterations, 31 function evals)
	Step 2: optimized branches, loglik went from -57270.96 to -57230.61 (105 iterations, 116 function evals)
	Step 3: optimized parameters, loglik went from -57230.61 to -57228.39 (6 iterations, 9 function evals)
	Step 4: optimized branches, loglik went from -57228.39 to -57228.30 (7 iterations, 10 function evals)
	Step 5: optimized parameters, loglik went from -57228.30 to -57228.30 (1 iterations, 3 function evals)
2018-01-15 00:13:18,386 - INFO - Optimized log likelihood is -57228.30.
2018-01-15 00:13:18,387 - INFO - Writing log likelihood to phydms/WSN_high_0_7_averaged_ExpCM_HA_Doud_prefs_gammaomega_loglikelihood.txt
2018-01-15 00:13:18,396 - INFO - Model parameters after optimization:
	alpha_omega = 1.02665
	beta = 1.51383
	beta_omega =     10
	kappa = 3.14805
	phiA = 0.372739
	phiC = 0.1794
	phiG = 0.227373
2018-01-15 00:13:18,396 - INFO - Writing model parameters to phydms/WSN_high_0_7_averaged_ExpCM_HA_Doud_prefs_gammaomega_modelparams.txt
2018-01-15 00:13:18,402 - INFO - Writing the optimized tree to phydms/WSN_high_0_7_averaged_ExpCM_HA_Doud_prefs_gammaomega_tree.newick

2018-01-15 00:13:18,417 - INFO - Successful completion of phydms
