2018-01-15 10:19:52,876 - INFO - Beginning execution of phydms in directory /fh/fast/bloom_j/computational_notebooks/skhilton/2017/divergence_timing_manuscript/analysis/simulations

2018-01-15 10:19:52,877 - INFO - Progress is being logged to phydms/WSN_high_0_3_ExpCM_HA_Doud_prefs_log.log

2018-01-15 10:19:52,878 - INFO - Version information:
	Time and date: Mon Jan 15 10:19:51 2018
	Platform: Linux-3.13.0-68-generic-x86_64-with-debian-jessie-sid
	Python version: 3.6.0 |Continuum Analytics, Inc.| (default, Dec 23 2016, 12:22:00)  [GCC 4.4.7 20120313 (Red Hat 4.4.7-1)]
	phydms version: 2.2.0
	Bio version: 1.69
	cython version: 0.25.2
	numpy version: 1.13.3
	scipy version: 0.19.0
	matplotlib version: 2.1.0
	natsort version: 5.0.2
	sympy version: 1.0
	six version: 1.11.0
	pandas version: 0.21.0
	pyvolve version: 0.8.4
	statsmodels version: 0.8.0
	weblogolib version: 3.5.0
	PyPDF2 version: 1.26.0

2018-01-15 10:19:52,878 - INFO - Parsed the following arguments:
	alignment = _WSN_high_0_3_simulatedalignment.fasta
	tree = phydms/WSN_high_0_3_RAxML_tree.newick
	model = ('ExpCM', '../HA/data/references/HA_Doud_prefs.csv')
	outprefix = phydms/WSN_high_0_3_ExpCM_HA_Doud_prefs
	brlen = optimize
	gammaomega = False
	gammabeta = False
	omegabysite = False
	omegabysite_fixsyn = False
	diffprefsbysite = False
	diffprefsprior = ('invquadratic', 150.0, 0.5)
	fitphi = False
	randprefs = False
	avgprefs = False
	divpressure = None
	ncpus = 4
	fitprefsmethod = 2
	ncats = 4
	minbrlen = 1e-06
	minpref = 0.002
	seed = 1
	initparams = None
	profile = False
	opt_details = False
	nograd = False

2018-01-15 10:19:52,879 - INFO - Random number seed: 1

2018-01-15 10:19:52,880 - INFO - Reading alignment from _WSN_high_0_3_simulatedalignment.fasta
2018-01-15 10:19:53,649 - INFO - Read 87 aligned sequences from _WSN_high_0_3_simulatedalignment.fasta, each consisting of 564 codons.

2018-01-15 10:19:53,650 - INFO - The model will be an ExpCM informed by site-specific amino-acid preferences in ../HA/data/references/HA_Doud_prefs.csv
2018-01-15 10:19:55,156 - INFO - Successfully read site-specific amino-acid preferences for all 564 sites.

2018-01-15 10:19:55,158 - INFO - Nucleotide frequency parameters phi will be set so stationary state matches alignment nucleotide frequencies of A = 0.346, C = 0.186, G = 0.226, T = 0.242

2018-01-15 10:20:06,243 - INFO - Reading tree from phydms/WSN_high_0_3_RAxML_tree.newick
2018-01-15 10:20:06,265 - INFO - Tree has 87 tips.
2018-01-15 10:20:06,463 - INFO - Adjusted 1 branch lengths up to minbrlen 1e-06

2018-01-15 10:20:06,463 - INFO - Initializing TreeLikelihood..
2018-01-15 10:22:10,051 - INFO - TreeLikelihood initialized.
2018-01-15 10:22:10,056 - INFO - Maximizing log likelihood (initially -62619.41).
2018-01-15 10:22:10,056 - INFO - Branch lengths will be optimized individually.
2018-01-15 13:03:29,987 - INFO - Maximization complete:
	Step 1: optimized parameters, loglik went from -62619.41 to -54941.47 (18 iterations, 24 function evals)
	Step 2: optimized branches, loglik went from -54941.47 to -54798.09 (129 iterations, 140 function evals)
	Step 3: optimized parameters, loglik went from -54798.09 to -54772.03 (12 iterations, 18 function evals)
	Step 4: optimized branches, loglik went from -54772.03 to -54765.80 (73 iterations, 82 function evals)
	Step 5: optimized parameters, loglik went from -54765.80 to -54764.17 (6 iterations, 11 function evals)
	Step 6: optimized branches, loglik went from -54764.17 to -54764.17 (1 iterations, 4 function evals)
2018-01-15 13:03:29,988 - INFO - Optimized log likelihood is -54764.17.
2018-01-15 13:03:29,988 - INFO - Writing log likelihood to phydms/WSN_high_0_3_ExpCM_HA_Doud_prefs_loglikelihood.txt
2018-01-15 13:03:30,005 - INFO - Model parameters after optimization:
	beta = 1.54898
	kappa = 3.4937
	omega = 0.216586
	phiA = 0.390553
	phiC = 0.176801
	phiG = 0.220746
2018-01-15 13:03:30,005 - INFO - Writing model parameters to phydms/WSN_high_0_3_ExpCM_HA_Doud_prefs_modelparams.txt
2018-01-15 13:03:30,009 - INFO - Writing the optimized tree to phydms/WSN_high_0_3_ExpCM_HA_Doud_prefs_tree.newick

2018-01-15 13:03:30,020 - INFO - Successful completion of phydms
