2017-12-31 09:56:15,161 - INFO - Beginning execution of phydms in directory /fh/fast/bloom_j/computational_notebooks/skhilton/2017/divergence_timing_manuscript/analysis/HA/branch_lengths

2017-12-31 09:56:15,161 - INFO - Progress is being logged to phydms/hybrid_high_0_randomized_ExpCM_HA_average_prefs_gammaomega_log.log

2017-12-31 09:56:15,161 - INFO - Version information:
	Time and date: Sun Dec 31 09:56:13 2017
	Platform: Linux-3.13.0-68-generic-x86_64-with-debian-jessie-sid
	Python version: 3.6.0 |Continuum Analytics, Inc.| (default, Dec 23 2016, 12:22:00)  [GCC 4.4.7 20120313 (Red Hat 4.4.7-1)]
	phydms version: 2.2.0
	Bio version: 1.69
	cython version: 0.25.2
	numpy version: 1.13.3
	scipy version: 0.19.0
	matplotlib version: 2.1.0
	natsort version: 5.0.2
	sympy version: 1.0
	six version: 1.11.0
	pandas version: 0.21.0
	pyvolve version: 0.8.4
	statsmodels version: 0.8.0
	weblogolib version: 3.5.0
	PyPDF2 version: 1.26.0

2017-12-31 09:56:15,161 - INFO - Parsed the following arguments:
	alignment = ../data/subsample/HA_hybrid_high_0.fasta
	tree = phydms/hybrid_high_0_RAxML_tree.newick
	model = ('ExpCM', '../data/references/HA_average_prefs.csv')
	outprefix = phydms/hybrid_high_0_randomized_ExpCM_HA_average_prefs_gammaomega
	brlen = optimize
	gammaomega = True
	gammabeta = False
	omegabysite = False
	omegabysite_fixsyn = False
	diffprefsbysite = False
	diffprefsprior = ('invquadratic', 150.0, 0.5)
	fitphi = False
	randprefs = True
	avgprefs = False
	divpressure = None
	ncpus = 4
	fitprefsmethod = 2
	ncats = 4
	minbrlen = 1e-06
	minpref = 0.002
	seed = 1
	initparams = None
	profile = False
	opt_details = False
	nograd = False

2017-12-31 09:56:15,161 - INFO - Random number seed: 1

2017-12-31 09:56:15,161 - INFO - Reading alignment from ../data/subsample/HA_hybrid_high_0.fasta
2017-12-31 09:56:15,886 - INFO - Read 87 aligned sequences from ../data/subsample/HA_hybrid_high_0.fasta, each consisting of 552 codons.

2017-12-31 09:56:15,886 - INFO - The model will be an ExpCM informed by site-specific amino-acid preferences in ../data/references/HA_average_prefs.csv
2017-12-31 09:56:15,886 - INFO - Preferences will be randomized across sites.
2017-12-31 09:56:17,175 - INFO - Successfully read site-specific amino-acid preferences for all 552 sites.

2017-12-31 09:56:17,178 - INFO - Nucleotide frequency parameters phi will be set so stationary state matches alignment nucleotide frequencies of A = 0.338, C = 0.188, G = 0.235, T = 0.239

2017-12-31 09:56:20,333 - INFO - Omega will be drawn from 4 gamma-distributed categories.

2017-12-31 09:56:26,528 - INFO - Reading tree from phydms/hybrid_high_0_RAxML_tree.newick
2017-12-31 09:56:26,534 - INFO - Tree has 87 tips.
2017-12-31 09:56:26,574 - INFO - Adjusted 1 branch lengths up to minbrlen 1e-06

2017-12-31 09:56:26,574 - INFO - Initializing TreeLikelihood..
2017-12-31 09:59:29,323 - INFO - TreeLikelihood initialized.
2017-12-31 09:59:29,324 - INFO - Maximizing log likelihood (initially -59300.19).
2017-12-31 09:59:29,324 - INFO - Branch lengths will be optimized individually.
2017-12-31 16:16:23,786 - INFO - Maximization complete:
	Step 1: optimized parameters, loglik went from -59300.19 to -52268.13 (18 iterations, 25 function evals)
	Step 2: optimized branches, loglik went from -52268.13 to -52178.68 (152 iterations, 161 function evals)
	Step 3: optimized parameters, loglik went from -52178.68 to -52167.32 (8 iterations, 12 function evals)
	Step 4: optimized branches, loglik went from -52167.32 to -52165.62 (73 iterations, 80 function evals)
	Step 5: optimized parameters, loglik went from -52165.62 to -52165.43 (4 iterations, 7 function evals)
	Step 6: optimized branches, loglik went from -52165.43 to -52165.08 (28 iterations, 34 function evals)
	Step 7: optimized parameters, loglik went from -52165.08 to -52165.05 (2 iterations, 5 function evals)
	Step 8: optimized branches, loglik went from -52165.05 to -52165.02 (3 iterations, 7 function evals)
	Step 9: optimized parameters, loglik went from -52165.02 to -52165.02 (1 iterations, 3 function evals)
2017-12-31 16:16:23,830 - INFO - Optimized log likelihood is -52165.02.
2017-12-31 16:16:23,831 - INFO - Writing log likelihood to phydms/hybrid_high_0_randomized_ExpCM_HA_average_prefs_gammaomega_loglikelihood.txt
2017-12-31 16:16:23,854 - INFO - Model parameters after optimization:
	alpha_omega = 0.620305
	beta = 0.132712
	beta_omega = 6.76585
	kappa = 3.69012
	phiA = 0.347232
	phiC = 0.175799
	phiG = 0.233353
2017-12-31 16:16:23,854 - INFO - Writing model parameters to phydms/hybrid_high_0_randomized_ExpCM_HA_average_prefs_gammaomega_modelparams.txt
2017-12-31 16:16:23,858 - INFO - Writing the optimized tree to phydms/hybrid_high_0_randomized_ExpCM_HA_average_prefs_gammaomega_tree.newick

2017-12-31 16:16:23,871 - INFO - Successful completion of phydms
