2018-03-20 19:32:15,696 - INFO - Beginning execution of phydms_comprehensive in directory /fh/fast/bloom_j/computational_notebooks/skhilton/2017/divergence_timing_manuscript/analysis/HA/branch_lengths

2018-03-20 19:32:15,697 - INFO - Progress is being logged to phydms/hybrid_high_0.log

2018-03-20 19:32:15,697 - INFO - Version information:
	Time and date: Tue Mar 20 19:32:12 2018
	Platform: Linux-3.13.0-68-generic-x86_64-with-debian-jessie-sid
	Python version: 3.6.0 |Continuum Analytics, Inc.| (default, Dec 23 2016, 12:22:00)  [GCC 4.4.7 20120313 (Red Hat 4.4.7-1)]
	phydms version: 2.2.0
	Bio version: 1.69
	cython version: 0.25.2
	numpy version: 1.14.0
	scipy version: 1.0.0
	matplotlib version: 2.2.2
	natsort version: 5.2.0
	sympy version: 1.0
	six version: 1.11.0
	pandas version: 0.21.0
	pyvolve version: 0.8.4
	statsmodels version: 0.8.0
	weblogolib version: 3.5.0
	PyPDF2 version: 1.26.0

2018-03-20 19:32:15,697 - INFO - Parsed the following command-line arguments:
	outprefix = phydms/hybrid_high_0_
	alignment = ../data/subsample/HA_hybrid_high_0.fasta
	prefsfiles = ['../data/references/HA_average_prefs.csv', '../data/references/HA_hybridDoud_prefs.csv', '../data/references/HA_hybridLee_prefs.csv']
	raxml = raxml
	tree = None
	ncpus = -1
	brlen = optimize
	omegabysite = False
	diffprefsbysite = False
	gammaomega = True
	gammabeta = False
	noavgprefs = False
	randprefs = True

2018-03-20 19:32:15,697 - INFO - Checking that the alignment ../data/subsample/HA_hybrid_high_0.fasta is valid...
2018-03-20 19:32:16,510 - INFO - Valid alignment specifying 92 sequences of length 1656.

2018-03-20 19:32:16,511 - INFO - Tree not specified.
2018-03-20 19:32:16,894 - INFO - Inferring tree with RAxML using command raxml
2018-03-20 19:34:02,699 - INFO - RAxML inferred tree is now named phydms/hybrid_high_0_RAxML_tree.newick
2018-03-20 19:34:04,085 - INFO - Starting analysis to optimize tree in phydms/hybrid_high_0_RAxML_tree.newick using model YNGKP_M0. The command is: phydms ../data/subsample/HA_hybrid_high_0.fasta phydms/hybrid_high_0_RAxML_tree.newick YNGKP_M0 phydms/hybrid_high_0_YNGKP_M0 --brlen optimize --ncpus 1

2018-03-20 19:34:04,085 - INFO - Starting analysis to optimize tree in phydms/hybrid_high_0_RAxML_tree.newick using model YNGKP_M5. The command is: phydms ../data/subsample/HA_hybrid_high_0.fasta phydms/hybrid_high_0_RAxML_tree.newick YNGKP_M5 phydms/hybrid_high_0_YNGKP_M5 --brlen optimize --ncpus 1

2018-03-20 19:34:04,085 - INFO - Starting analysis to optimize tree in phydms/hybrid_high_0_RAxML_tree.newick using model ExpCM_HA_average_prefs. The command is: phydms ../data/subsample/HA_hybrid_high_0.fasta phydms/hybrid_high_0_RAxML_tree.newick ExpCM_../data/references/HA_average_prefs.csv phydms/hybrid_high_0_ExpCM_HA_average_prefs --brlen optimize --ncpus 1

2018-03-20 19:34:04,086 - INFO - Starting analysis to optimize tree in phydms/hybrid_high_0_RAxML_tree.newick using model ExpCM_HA_average_prefs_gammaomega. The command is: phydms ../data/subsample/HA_hybrid_high_0.fasta phydms/hybrid_high_0_RAxML_tree.newick ExpCM_../data/references/HA_average_prefs.csv phydms/hybrid_high_0_ExpCM_HA_average_prefs_gammaomega --brlen optimize --gammaomega --ncpus 1

2018-03-20 19:34:04,086 - INFO - Starting analysis to optimize tree in phydms/hybrid_high_0_RAxML_tree.newick using model averaged_ExpCM_HA_average_prefs. The command is: phydms ../data/subsample/HA_hybrid_high_0.fasta phydms/hybrid_high_0_RAxML_tree.newick ExpCM_../data/references/HA_average_prefs.csv phydms/hybrid_high_0_averaged_ExpCM_HA_average_prefs --brlen optimize --avgprefs --ncpus 1

2018-03-20 19:34:04,086 - INFO - Starting analysis to optimize tree in phydms/hybrid_high_0_RAxML_tree.newick using model averaged_ExpCM_HA_average_prefs_gammaomega. The command is: phydms ../data/subsample/HA_hybrid_high_0.fasta phydms/hybrid_high_0_RAxML_tree.newick ExpCM_../data/references/HA_average_prefs.csv phydms/hybrid_high_0_averaged_ExpCM_HA_average_prefs_gammaomega --brlen optimize --gammaomega --avgprefs --ncpus 1

2018-03-20 19:34:04,086 - INFO - Starting analysis to optimize tree in phydms/hybrid_high_0_RAxML_tree.newick using model randomized_ExpCM_HA_average_prefs. The command is: phydms ../data/subsample/HA_hybrid_high_0.fasta phydms/hybrid_high_0_RAxML_tree.newick ExpCM_../data/references/HA_average_prefs.csv phydms/hybrid_high_0_randomized_ExpCM_HA_average_prefs --brlen optimize --randprefs --ncpus 1

2018-03-20 19:34:04,086 - INFO - Starting analysis to optimize tree in phydms/hybrid_high_0_RAxML_tree.newick using model randomized_ExpCM_HA_average_prefs_gammaomega. The command is: phydms ../data/subsample/HA_hybrid_high_0.fasta phydms/hybrid_high_0_RAxML_tree.newick ExpCM_../data/references/HA_average_prefs.csv phydms/hybrid_high_0_randomized_ExpCM_HA_average_prefs_gammaomega --brlen optimize --gammaomega --randprefs --ncpus 1

2018-03-20 19:34:04,086 - INFO - Starting analysis to optimize tree in phydms/hybrid_high_0_RAxML_tree.newick using model ExpCM_HA_hybridDoud_prefs. The command is: phydms ../data/subsample/HA_hybrid_high_0.fasta phydms/hybrid_high_0_RAxML_tree.newick ExpCM_../data/references/HA_hybridDoud_prefs.csv phydms/hybrid_high_0_ExpCM_HA_hybridDoud_prefs --brlen optimize --ncpus 1

2018-03-20 19:34:04,086 - INFO - Starting analysis to optimize tree in phydms/hybrid_high_0_RAxML_tree.newick using model ExpCM_HA_hybridDoud_prefs_gammaomega. The command is: phydms ../data/subsample/HA_hybrid_high_0.fasta phydms/hybrid_high_0_RAxML_tree.newick ExpCM_../data/references/HA_hybridDoud_prefs.csv phydms/hybrid_high_0_ExpCM_HA_hybridDoud_prefs_gammaomega --brlen optimize --gammaomega --ncpus 1

2018-03-20 19:34:04,086 - INFO - Starting analysis to optimize tree in phydms/hybrid_high_0_RAxML_tree.newick using model averaged_ExpCM_HA_hybridDoud_prefs. The command is: phydms ../data/subsample/HA_hybrid_high_0.fasta phydms/hybrid_high_0_RAxML_tree.newick ExpCM_../data/references/HA_hybridDoud_prefs.csv phydms/hybrid_high_0_averaged_ExpCM_HA_hybridDoud_prefs --brlen optimize --avgprefs --ncpus 1

2018-03-20 19:34:04,086 - INFO - Starting analysis to optimize tree in phydms/hybrid_high_0_RAxML_tree.newick using model averaged_ExpCM_HA_hybridDoud_prefs_gammaomega. The command is: phydms ../data/subsample/HA_hybrid_high_0.fasta phydms/hybrid_high_0_RAxML_tree.newick ExpCM_../data/references/HA_hybridDoud_prefs.csv phydms/hybrid_high_0_averaged_ExpCM_HA_hybridDoud_prefs_gammaomega --brlen optimize --gammaomega --avgprefs --ncpus 1

2018-03-20 19:34:04,086 - INFO - Starting analysis to optimize tree in phydms/hybrid_high_0_RAxML_tree.newick using model randomized_ExpCM_HA_hybridDoud_prefs. The command is: phydms ../data/subsample/HA_hybrid_high_0.fasta phydms/hybrid_high_0_RAxML_tree.newick ExpCM_../data/references/HA_hybridDoud_prefs.csv phydms/hybrid_high_0_randomized_ExpCM_HA_hybridDoud_prefs --brlen optimize --randprefs --ncpus 1

2018-03-20 19:34:04,086 - INFO - Starting analysis to optimize tree in phydms/hybrid_high_0_RAxML_tree.newick using model randomized_ExpCM_HA_hybridDoud_prefs_gammaomega. The command is: phydms ../data/subsample/HA_hybrid_high_0.fasta phydms/hybrid_high_0_RAxML_tree.newick ExpCM_../data/references/HA_hybridDoud_prefs.csv phydms/hybrid_high_0_randomized_ExpCM_HA_hybridDoud_prefs_gammaomega --brlen optimize --gammaomega --randprefs --ncpus 1

2018-03-20 19:34:04,087 - INFO - Starting analysis to optimize tree in phydms/hybrid_high_0_RAxML_tree.newick using model ExpCM_HA_hybridLee_prefs. The command is: phydms ../data/subsample/HA_hybrid_high_0.fasta phydms/hybrid_high_0_RAxML_tree.newick ExpCM_../data/references/HA_hybridLee_prefs.csv phydms/hybrid_high_0_ExpCM_HA_hybridLee_prefs --brlen optimize --ncpus 1

2018-03-20 19:34:04,087 - INFO - Starting analysis to optimize tree in phydms/hybrid_high_0_RAxML_tree.newick using model ExpCM_HA_hybridLee_prefs_gammaomega. The command is: phydms ../data/subsample/HA_hybrid_high_0.fasta phydms/hybrid_high_0_RAxML_tree.newick ExpCM_../data/references/HA_hybridLee_prefs.csv phydms/hybrid_high_0_ExpCM_HA_hybridLee_prefs_gammaomega --brlen optimize --gammaomega --ncpus 1

2018-03-20 19:34:04,087 - INFO - Starting analysis to optimize tree in phydms/hybrid_high_0_RAxML_tree.newick using model averaged_ExpCM_HA_hybridLee_prefs. The command is: phydms ../data/subsample/HA_hybrid_high_0.fasta phydms/hybrid_high_0_RAxML_tree.newick ExpCM_../data/references/HA_hybridLee_prefs.csv phydms/hybrid_high_0_averaged_ExpCM_HA_hybridLee_prefs --brlen optimize --avgprefs --ncpus 1

2018-03-20 19:34:04,087 - INFO - Starting analysis to optimize tree in phydms/hybrid_high_0_RAxML_tree.newick using model averaged_ExpCM_HA_hybridLee_prefs_gammaomega. The command is: phydms ../data/subsample/HA_hybrid_high_0.fasta phydms/hybrid_high_0_RAxML_tree.newick ExpCM_../data/references/HA_hybridLee_prefs.csv phydms/hybrid_high_0_averaged_ExpCM_HA_hybridLee_prefs_gammaomega --brlen optimize --gammaomega --avgprefs --ncpus 1

2018-03-20 19:34:04,087 - INFO - Starting analysis to optimize tree in phydms/hybrid_high_0_RAxML_tree.newick using model randomized_ExpCM_HA_hybridLee_prefs. The command is: phydms ../data/subsample/HA_hybrid_high_0.fasta phydms/hybrid_high_0_RAxML_tree.newick ExpCM_../data/references/HA_hybridLee_prefs.csv phydms/hybrid_high_0_randomized_ExpCM_HA_hybridLee_prefs --brlen optimize --randprefs --ncpus 1

2018-03-20 19:34:04,087 - INFO - Starting analysis to optimize tree in phydms/hybrid_high_0_RAxML_tree.newick using model randomized_ExpCM_HA_hybridLee_prefs_gammaomega. The command is: phydms ../data/subsample/HA_hybrid_high_0.fasta phydms/hybrid_high_0_RAxML_tree.newick ExpCM_../data/references/HA_hybridLee_prefs.csv phydms/hybrid_high_0_randomized_ExpCM_HA_hybridLee_prefs_gammaomega --brlen optimize --gammaomega --randprefs --ncpus 1

2018-03-20 21:14:30,610 - INFO - Analysis completed for YNGKP_M0
2018-03-20 21:14:30,627 - INFO - Found expected output file phydms/hybrid_high_0_YNGKP_M0_log.log
2018-03-20 21:14:30,627 - INFO - Found expected output file phydms/hybrid_high_0_YNGKP_M0_tree.newick
2018-03-20 21:14:30,627 - INFO - Found expected output file phydms/hybrid_high_0_YNGKP_M0_loglikelihood.txt
2018-03-20 21:14:30,627 - INFO - Found expected output file phydms/hybrid_high_0_YNGKP_M0_modelparams.txt
2018-03-20 21:14:30,627 - INFO - Analysis successful for YNGKP_M0

2018-03-20 21:56:28,800 - INFO - Analysis completed for averaged_ExpCM_HA_hybridLee_prefs
2018-03-20 21:56:28,804 - INFO - Found expected output file phydms/hybrid_high_0_averaged_ExpCM_HA_hybridLee_prefs_log.log
2018-03-20 21:56:28,804 - INFO - Found expected output file phydms/hybrid_high_0_averaged_ExpCM_HA_hybridLee_prefs_tree.newick
2018-03-20 21:56:28,804 - INFO - Found expected output file phydms/hybrid_high_0_averaged_ExpCM_HA_hybridLee_prefs_loglikelihood.txt
2018-03-20 21:56:28,804 - INFO - Found expected output file phydms/hybrid_high_0_averaged_ExpCM_HA_hybridLee_prefs_modelparams.txt
2018-03-20 21:56:28,804 - INFO - Analysis successful for averaged_ExpCM_HA_hybridLee_prefs

2018-03-20 22:50:21,546 - INFO - Analysis completed for averaged_ExpCM_HA_hybridDoud_prefs
2018-03-20 22:50:21,548 - INFO - Found expected output file phydms/hybrid_high_0_averaged_ExpCM_HA_hybridDoud_prefs_log.log
2018-03-20 22:50:21,549 - INFO - Found expected output file phydms/hybrid_high_0_averaged_ExpCM_HA_hybridDoud_prefs_tree.newick
2018-03-20 22:50:21,549 - INFO - Found expected output file phydms/hybrid_high_0_averaged_ExpCM_HA_hybridDoud_prefs_loglikelihood.txt
2018-03-20 22:50:21,549 - INFO - Found expected output file phydms/hybrid_high_0_averaged_ExpCM_HA_hybridDoud_prefs_modelparams.txt
2018-03-20 22:50:21,549 - INFO - Analysis successful for averaged_ExpCM_HA_hybridDoud_prefs

2018-03-20 22:52:28,731 - INFO - Analysis completed for randomized_ExpCM_HA_average_prefs
2018-03-20 22:52:28,733 - INFO - Found expected output file phydms/hybrid_high_0_randomized_ExpCM_HA_average_prefs_log.log
2018-03-20 22:52:28,734 - INFO - Found expected output file phydms/hybrid_high_0_randomized_ExpCM_HA_average_prefs_tree.newick
2018-03-20 22:52:28,734 - INFO - Found expected output file phydms/hybrid_high_0_randomized_ExpCM_HA_average_prefs_loglikelihood.txt
2018-03-20 22:52:28,734 - INFO - Found expected output file phydms/hybrid_high_0_randomized_ExpCM_HA_average_prefs_modelparams.txt
2018-03-20 22:52:28,734 - INFO - Analysis successful for randomized_ExpCM_HA_average_prefs

2018-03-20 23:05:02,890 - INFO - Analysis completed for randomized_ExpCM_HA_hybridLee_prefs
2018-03-20 23:05:02,891 - INFO - Found expected output file phydms/hybrid_high_0_randomized_ExpCM_HA_hybridLee_prefs_log.log
2018-03-20 23:05:02,891 - INFO - Found expected output file phydms/hybrid_high_0_randomized_ExpCM_HA_hybridLee_prefs_tree.newick
2018-03-20 23:05:02,891 - INFO - Found expected output file phydms/hybrid_high_0_randomized_ExpCM_HA_hybridLee_prefs_loglikelihood.txt
2018-03-20 23:05:02,891 - INFO - Found expected output file phydms/hybrid_high_0_randomized_ExpCM_HA_hybridLee_prefs_modelparams.txt
2018-03-20 23:05:02,891 - INFO - Analysis successful for randomized_ExpCM_HA_hybridLee_prefs

2018-03-20 23:05:10,912 - INFO - Analysis completed for randomized_ExpCM_HA_hybridDoud_prefs
2018-03-20 23:05:10,913 - INFO - Found expected output file phydms/hybrid_high_0_randomized_ExpCM_HA_hybridDoud_prefs_log.log
2018-03-20 23:05:10,914 - INFO - Found expected output file phydms/hybrid_high_0_randomized_ExpCM_HA_hybridDoud_prefs_tree.newick
2018-03-20 23:05:10,914 - INFO - Found expected output file phydms/hybrid_high_0_randomized_ExpCM_HA_hybridDoud_prefs_loglikelihood.txt
2018-03-20 23:05:10,914 - INFO - Found expected output file phydms/hybrid_high_0_randomized_ExpCM_HA_hybridDoud_prefs_modelparams.txt
2018-03-20 23:05:10,914 - INFO - Analysis successful for randomized_ExpCM_HA_hybridDoud_prefs

2018-03-20 23:11:46,521 - INFO - Analysis completed for averaged_ExpCM_HA_average_prefs
2018-03-20 23:11:46,523 - INFO - Found expected output file phydms/hybrid_high_0_averaged_ExpCM_HA_average_prefs_log.log
2018-03-20 23:11:46,523 - INFO - Found expected output file phydms/hybrid_high_0_averaged_ExpCM_HA_average_prefs_tree.newick
2018-03-20 23:11:46,523 - INFO - Found expected output file phydms/hybrid_high_0_averaged_ExpCM_HA_average_prefs_loglikelihood.txt
2018-03-20 23:11:46,523 - INFO - Found expected output file phydms/hybrid_high_0_averaged_ExpCM_HA_average_prefs_modelparams.txt
2018-03-20 23:11:46,523 - INFO - Analysis successful for averaged_ExpCM_HA_average_prefs

2018-03-20 23:26:52,732 - INFO - Analysis completed for ExpCM_HA_hybridDoud_prefs
2018-03-20 23:26:52,735 - INFO - Found expected output file phydms/hybrid_high_0_ExpCM_HA_hybridDoud_prefs_log.log
2018-03-20 23:26:52,735 - INFO - Found expected output file phydms/hybrid_high_0_ExpCM_HA_hybridDoud_prefs_tree.newick
2018-03-20 23:26:52,735 - INFO - Found expected output file phydms/hybrid_high_0_ExpCM_HA_hybridDoud_prefs_loglikelihood.txt
2018-03-20 23:26:52,735 - INFO - Found expected output file phydms/hybrid_high_0_ExpCM_HA_hybridDoud_prefs_modelparams.txt
2018-03-20 23:26:52,735 - INFO - Analysis successful for ExpCM_HA_hybridDoud_prefs

2018-03-20 23:54:48,042 - INFO - Analysis completed for ExpCM_HA_hybridLee_prefs
2018-03-20 23:54:48,046 - INFO - Found expected output file phydms/hybrid_high_0_ExpCM_HA_hybridLee_prefs_log.log
2018-03-20 23:54:48,046 - INFO - Found expected output file phydms/hybrid_high_0_ExpCM_HA_hybridLee_prefs_tree.newick
2018-03-20 23:54:48,046 - INFO - Found expected output file phydms/hybrid_high_0_ExpCM_HA_hybridLee_prefs_loglikelihood.txt
2018-03-20 23:54:48,046 - INFO - Found expected output file phydms/hybrid_high_0_ExpCM_HA_hybridLee_prefs_modelparams.txt
2018-03-20 23:54:48,047 - INFO - Analysis successful for ExpCM_HA_hybridLee_prefs

2018-03-21 00:00:43,565 - INFO - Analysis completed for ExpCM_HA_average_prefs
2018-03-21 00:00:43,568 - INFO - Found expected output file phydms/hybrid_high_0_ExpCM_HA_average_prefs_log.log
2018-03-21 00:00:43,568 - INFO - Found expected output file phydms/hybrid_high_0_ExpCM_HA_average_prefs_tree.newick
2018-03-21 00:00:43,568 - INFO - Found expected output file phydms/hybrid_high_0_ExpCM_HA_average_prefs_loglikelihood.txt
2018-03-21 00:00:43,568 - INFO - Found expected output file phydms/hybrid_high_0_ExpCM_HA_average_prefs_modelparams.txt
2018-03-21 00:00:43,568 - INFO - Analysis successful for ExpCM_HA_average_prefs

2018-03-21 00:51:44,541 - INFO - Analysis completed for YNGKP_M5
2018-03-21 00:51:44,545 - INFO - Found expected output file phydms/hybrid_high_0_YNGKP_M5_log.log
2018-03-21 00:51:44,545 - INFO - Found expected output file phydms/hybrid_high_0_YNGKP_M5_tree.newick
2018-03-21 00:51:44,545 - INFO - Found expected output file phydms/hybrid_high_0_YNGKP_M5_loglikelihood.txt
2018-03-21 00:51:44,545 - INFO - Found expected output file phydms/hybrid_high_0_YNGKP_M5_modelparams.txt
2018-03-21 00:51:44,545 - INFO - Analysis successful for YNGKP_M5

2018-03-21 02:53:06,566 - INFO - Analysis completed for averaged_ExpCM_HA_average_prefs_gammaomega
2018-03-21 02:53:06,570 - INFO - Found expected output file phydms/hybrid_high_0_averaged_ExpCM_HA_average_prefs_gammaomega_log.log
2018-03-21 02:53:06,570 - INFO - Found expected output file phydms/hybrid_high_0_averaged_ExpCM_HA_average_prefs_gammaomega_tree.newick
2018-03-21 02:53:06,570 - INFO - Found expected output file phydms/hybrid_high_0_averaged_ExpCM_HA_average_prefs_gammaomega_loglikelihood.txt
2018-03-21 02:53:06,570 - INFO - Found expected output file phydms/hybrid_high_0_averaged_ExpCM_HA_average_prefs_gammaomega_modelparams.txt
2018-03-21 02:53:06,571 - INFO - Analysis successful for averaged_ExpCM_HA_average_prefs_gammaomega

2018-03-21 03:21:38,650 - INFO - Analysis completed for randomized_ExpCM_HA_hybridLee_prefs_gammaomega
2018-03-21 03:21:38,653 - INFO - Found expected output file phydms/hybrid_high_0_randomized_ExpCM_HA_hybridLee_prefs_gammaomega_log.log
2018-03-21 03:21:38,653 - INFO - Found expected output file phydms/hybrid_high_0_randomized_ExpCM_HA_hybridLee_prefs_gammaomega_tree.newick
2018-03-21 03:21:38,654 - INFO - Found expected output file phydms/hybrid_high_0_randomized_ExpCM_HA_hybridLee_prefs_gammaomega_loglikelihood.txt
2018-03-21 03:21:38,654 - INFO - Found expected output file phydms/hybrid_high_0_randomized_ExpCM_HA_hybridLee_prefs_gammaomega_modelparams.txt
2018-03-21 03:21:38,654 - INFO - Analysis successful for randomized_ExpCM_HA_hybridLee_prefs_gammaomega

2018-03-21 03:27:17,064 - INFO - Analysis completed for averaged_ExpCM_HA_hybridDoud_prefs_gammaomega
2018-03-21 03:27:17,066 - INFO - Found expected output file phydms/hybrid_high_0_averaged_ExpCM_HA_hybridDoud_prefs_gammaomega_log.log
2018-03-21 03:27:17,066 - INFO - Found expected output file phydms/hybrid_high_0_averaged_ExpCM_HA_hybridDoud_prefs_gammaomega_tree.newick
2018-03-21 03:27:17,066 - INFO - Found expected output file phydms/hybrid_high_0_averaged_ExpCM_HA_hybridDoud_prefs_gammaomega_loglikelihood.txt
2018-03-21 03:27:17,066 - INFO - Found expected output file phydms/hybrid_high_0_averaged_ExpCM_HA_hybridDoud_prefs_gammaomega_modelparams.txt
2018-03-21 03:27:17,067 - INFO - Analysis successful for averaged_ExpCM_HA_hybridDoud_prefs_gammaomega

2018-03-21 03:48:29,591 - INFO - Analysis completed for averaged_ExpCM_HA_hybridLee_prefs_gammaomega
2018-03-21 03:48:29,594 - INFO - Found expected output file phydms/hybrid_high_0_averaged_ExpCM_HA_hybridLee_prefs_gammaomega_log.log
2018-03-21 03:48:29,594 - INFO - Found expected output file phydms/hybrid_high_0_averaged_ExpCM_HA_hybridLee_prefs_gammaomega_tree.newick
2018-03-21 03:48:29,595 - INFO - Found expected output file phydms/hybrid_high_0_averaged_ExpCM_HA_hybridLee_prefs_gammaomega_loglikelihood.txt
2018-03-21 03:48:29,595 - INFO - Found expected output file phydms/hybrid_high_0_averaged_ExpCM_HA_hybridLee_prefs_gammaomega_modelparams.txt
2018-03-21 03:48:29,595 - INFO - Analysis successful for averaged_ExpCM_HA_hybridLee_prefs_gammaomega

2018-03-21 04:40:07,285 - INFO - Analysis completed for randomized_ExpCM_HA_average_prefs_gammaomega
2018-03-21 04:40:07,288 - INFO - Found expected output file phydms/hybrid_high_0_randomized_ExpCM_HA_average_prefs_gammaomega_log.log
2018-03-21 04:40:07,288 - INFO - Found expected output file phydms/hybrid_high_0_randomized_ExpCM_HA_average_prefs_gammaomega_tree.newick
2018-03-21 04:40:07,288 - INFO - Found expected output file phydms/hybrid_high_0_randomized_ExpCM_HA_average_prefs_gammaomega_loglikelihood.txt
2018-03-21 04:40:07,288 - INFO - Found expected output file phydms/hybrid_high_0_randomized_ExpCM_HA_average_prefs_gammaomega_modelparams.txt
2018-03-21 04:40:07,289 - INFO - Analysis successful for randomized_ExpCM_HA_average_prefs_gammaomega

2018-03-21 04:56:48,475 - INFO - Analysis completed for ExpCM_HA_hybridLee_prefs_gammaomega
2018-03-21 04:56:48,478 - INFO - Found expected output file phydms/hybrid_high_0_ExpCM_HA_hybridLee_prefs_gammaomega_log.log
2018-03-21 04:56:48,479 - INFO - Found expected output file phydms/hybrid_high_0_ExpCM_HA_hybridLee_prefs_gammaomega_tree.newick
2018-03-21 04:56:48,479 - INFO - Found expected output file phydms/hybrid_high_0_ExpCM_HA_hybridLee_prefs_gammaomega_loglikelihood.txt
2018-03-21 04:56:48,480 - INFO - Found expected output file phydms/hybrid_high_0_ExpCM_HA_hybridLee_prefs_gammaomega_modelparams.txt
2018-03-21 04:56:48,480 - INFO - Analysis successful for ExpCM_HA_hybridLee_prefs_gammaomega

2018-03-21 05:12:03,561 - INFO - Analysis completed for randomized_ExpCM_HA_hybridDoud_prefs_gammaomega
2018-03-21 05:12:03,563 - INFO - Found expected output file phydms/hybrid_high_0_randomized_ExpCM_HA_hybridDoud_prefs_gammaomega_log.log
2018-03-21 05:12:03,563 - INFO - Found expected output file phydms/hybrid_high_0_randomized_ExpCM_HA_hybridDoud_prefs_gammaomega_tree.newick
2018-03-21 05:12:03,564 - INFO - Found expected output file phydms/hybrid_high_0_randomized_ExpCM_HA_hybridDoud_prefs_gammaomega_loglikelihood.txt
2018-03-21 05:12:03,564 - INFO - Found expected output file phydms/hybrid_high_0_randomized_ExpCM_HA_hybridDoud_prefs_gammaomega_modelparams.txt
2018-03-21 05:12:03,564 - INFO - Analysis successful for randomized_ExpCM_HA_hybridDoud_prefs_gammaomega

2018-03-21 06:12:14,789 - INFO - Analysis completed for ExpCM_HA_hybridDoud_prefs_gammaomega
2018-03-21 06:12:14,791 - INFO - Found expected output file phydms/hybrid_high_0_ExpCM_HA_hybridDoud_prefs_gammaomega_log.log
2018-03-21 06:12:14,791 - INFO - Found expected output file phydms/hybrid_high_0_ExpCM_HA_hybridDoud_prefs_gammaomega_tree.newick
2018-03-21 06:12:14,791 - INFO - Found expected output file phydms/hybrid_high_0_ExpCM_HA_hybridDoud_prefs_gammaomega_loglikelihood.txt
2018-03-21 06:12:14,791 - INFO - Found expected output file phydms/hybrid_high_0_ExpCM_HA_hybridDoud_prefs_gammaomega_modelparams.txt
2018-03-21 06:12:14,791 - INFO - Analysis successful for ExpCM_HA_hybridDoud_prefs_gammaomega

2018-03-21 07:38:50,866 - INFO - Analysis completed for ExpCM_HA_average_prefs_gammaomega
2018-03-21 07:38:50,868 - INFO - Found expected output file phydms/hybrid_high_0_ExpCM_HA_average_prefs_gammaomega_log.log
2018-03-21 07:38:50,869 - INFO - Found expected output file phydms/hybrid_high_0_ExpCM_HA_average_prefs_gammaomega_tree.newick
2018-03-21 07:38:50,869 - INFO - Found expected output file phydms/hybrid_high_0_ExpCM_HA_average_prefs_gammaomega_loglikelihood.txt
2018-03-21 07:38:50,870 - INFO - Found expected output file phydms/hybrid_high_0_ExpCM_HA_average_prefs_gammaomega_modelparams.txt
2018-03-21 07:38:50,870 - INFO - Analysis successful for ExpCM_HA_average_prefs_gammaomega

2018-03-21 07:38:51,987 - INFO - Successful completion of phydms_comprehensive
