2017-12-31 09:56:09,065 - INFO - Beginning execution of phydms in directory /fh/fast/bloom_j/computational_notebooks/skhilton/2017/divergence_timing_manuscript/analysis/HA/branch_lengths

2017-12-31 09:56:09,065 - INFO - Progress is being logged to phydms/hybrid_high_0_YNGKP_M5_log.log

2017-12-31 09:56:09,065 - INFO - Version information:
	Time and date: Sun Dec 31 09:56:07 2017
	Platform: Linux-3.13.0-68-generic-x86_64-with-debian-jessie-sid
	Python version: 3.6.0 |Continuum Analytics, Inc.| (default, Dec 23 2016, 12:22:00)  [GCC 4.4.7 20120313 (Red Hat 4.4.7-1)]
	phydms version: 2.2.0
	Bio version: 1.69
	cython version: 0.25.2
	numpy version: 1.13.3
	scipy version: 0.19.0
	matplotlib version: 2.1.0
	natsort version: 5.0.2
	sympy version: 1.0
	six version: 1.11.0
	pandas version: 0.21.0
	pyvolve version: 0.8.4
	statsmodels version: 0.8.0
	weblogolib version: 3.5.0
	PyPDF2 version: 1.26.0

2017-12-31 09:56:09,065 - INFO - Parsed the following arguments:
	alignment = ../data/subsample/HA_hybrid_high_0.fasta
	tree = phydms/hybrid_high_0_RAxML_tree.newick
	model = YNGKP_M5
	outprefix = phydms/hybrid_high_0_YNGKP_M5
	brlen = optimize
	gammaomega = False
	gammabeta = False
	omegabysite = False
	omegabysite_fixsyn = False
	diffprefsbysite = False
	diffprefsprior = ('invquadratic', 150.0, 0.5)
	fitphi = False
	randprefs = False
	avgprefs = False
	divpressure = None
	ncpus = 1
	fitprefsmethod = 2
	ncats = 4
	minbrlen = 1e-06
	minpref = 0.002
	seed = 1
	initparams = None
	profile = False
	opt_details = False
	nograd = False

2017-12-31 09:56:09,066 - INFO - Random number seed: 1

2017-12-31 09:56:09,066 - INFO - Reading alignment from ../data/subsample/HA_hybrid_high_0.fasta
2017-12-31 09:56:09,707 - INFO - Read 87 aligned sequences from ../data/subsample/HA_hybrid_high_0.fasta, each consisting of 552 codons.

2017-12-31 09:56:09,707 - INFO - Codon substitution model with be M5 version of YNGKP (Yang, Nielsen, Goldman, & Pederson. Genetics. 155:431-449).
2017-12-31 09:56:09,786 - INFO - For this YNGKP_M5 model, omega will be drawn from 4 gamma-distributed categories.
2017-12-31 09:56:09,797 - INFO - Reading tree from phydms/hybrid_high_0_RAxML_tree.newick
2017-12-31 09:56:09,810 - INFO - Tree has 87 tips.
2017-12-31 09:56:09,878 - INFO - Adjusted 1 branch lengths up to minbrlen 1e-06

2017-12-31 09:56:09,878 - INFO - Initializing TreeLikelihood..
2017-12-31 09:56:31,266 - INFO - TreeLikelihood initialized.
2017-12-31 09:56:31,267 - INFO - Maximizing log likelihood (initially -59645.21).
2017-12-31 09:56:31,267 - INFO - Branch lengths will be optimized individually.
