2017-12-31 09:56:13,848 - INFO - Beginning execution of phydms in directory /fh/fast/bloom_j/computational_notebooks/skhilton/2017/divergence_timing_manuscript/analysis/HA/branch_lengths

2017-12-31 09:56:13,848 - INFO - Progress is being logged to phydms/hybrid_high_0_randomized_ExpCM_HA_average_prefs_log.log

2017-12-31 09:56:13,848 - INFO - Version information:
	Time and date: Sun Dec 31 09:56:12 2017
	Platform: Linux-3.13.0-68-generic-x86_64-with-debian-jessie-sid
	Python version: 3.6.0 |Continuum Analytics, Inc.| (default, Dec 23 2016, 12:22:00)  [GCC 4.4.7 20120313 (Red Hat 4.4.7-1)]
	phydms version: 2.2.0
	Bio version: 1.69
	cython version: 0.25.2
	numpy version: 1.13.3
	scipy version: 0.19.0
	matplotlib version: 2.1.0
	natsort version: 5.0.2
	sympy version: 1.0
	six version: 1.11.0
	pandas version: 0.21.0
	pyvolve version: 0.8.4
	statsmodels version: 0.8.0
	weblogolib version: 3.5.0
	PyPDF2 version: 1.26.0

2017-12-31 09:56:13,849 - INFO - Parsed the following arguments:
	alignment = ../data/subsample/HA_hybrid_high_0.fasta
	tree = phydms/hybrid_high_0_RAxML_tree.newick
	model = ('ExpCM', '../data/references/HA_average_prefs.csv')
	outprefix = phydms/hybrid_high_0_randomized_ExpCM_HA_average_prefs
	brlen = optimize
	gammaomega = False
	gammabeta = False
	omegabysite = False
	omegabysite_fixsyn = False
	diffprefsbysite = False
	diffprefsprior = ('invquadratic', 150.0, 0.5)
	fitphi = False
	randprefs = True
	avgprefs = False
	divpressure = None
	ncpus = 4
	fitprefsmethod = 2
	ncats = 4
	minbrlen = 1e-06
	minpref = 0.002
	seed = 1
	initparams = None
	profile = False
	opt_details = False
	nograd = False

2017-12-31 09:56:13,849 - INFO - Random number seed: 1

2017-12-31 09:56:13,849 - INFO - Reading alignment from ../data/subsample/HA_hybrid_high_0.fasta
2017-12-31 09:56:14,567 - INFO - Read 87 aligned sequences from ../data/subsample/HA_hybrid_high_0.fasta, each consisting of 552 codons.

2017-12-31 09:56:14,567 - INFO - The model will be an ExpCM informed by site-specific amino-acid preferences in ../data/references/HA_average_prefs.csv
2017-12-31 09:56:14,567 - INFO - Preferences will be randomized across sites.
2017-12-31 09:56:15,850 - INFO - Successfully read site-specific amino-acid preferences for all 552 sites.

2017-12-31 09:56:15,852 - INFO - Nucleotide frequency parameters phi will be set so stationary state matches alignment nucleotide frequencies of A = 0.338, C = 0.188, G = 0.235, T = 0.239

2017-12-31 09:56:17,413 - INFO - Reading tree from phydms/hybrid_high_0_RAxML_tree.newick
2017-12-31 09:56:17,418 - INFO - Tree has 87 tips.
2017-12-31 09:56:17,457 - INFO - Adjusted 1 branch lengths up to minbrlen 1e-06

2017-12-31 09:56:17,457 - INFO - Initializing TreeLikelihood..
2017-12-31 09:57:04,253 - INFO - TreeLikelihood initialized.
2017-12-31 09:57:04,254 - INFO - Maximizing log likelihood (initially -60984.88).
2017-12-31 09:57:04,255 - INFO - Branch lengths will be optimized individually.
2017-12-31 10:54:01,255 - INFO - Maximization complete:
	Step 1: optimized parameters, loglik went from -60984.88 to -53766.57 (13 iterations, 27 function evals)
	Step 2: optimized branches, loglik went from -53766.57 to -53740.72 (97 iterations, 109 function evals)
	Step 3: optimized parameters, loglik went from -53740.72 to -53738.33 (4 iterations, 9 function evals)
	Step 4: optimized branches, loglik went from -53738.33 to -53738.33 (1 iterations, 5 function evals)
2017-12-31 10:54:01,299 - INFO - Optimized log likelihood is -53738.33.
2017-12-31 10:54:01,299 - INFO - Writing log likelihood to phydms/hybrid_high_0_randomized_ExpCM_HA_average_prefs_loglikelihood.txt
2017-12-31 10:54:01,307 - INFO - Model parameters after optimization:
	beta = 0.0681727
	kappa = 3.3578
	omega = 0.0769482
	phiA = 0.34719
	phiC = 0.175446
	phiG = 0.232763
2017-12-31 10:54:01,307 - INFO - Writing model parameters to phydms/hybrid_high_0_randomized_ExpCM_HA_average_prefs_modelparams.txt
2017-12-31 10:54:01,312 - INFO - Writing the optimized tree to phydms/hybrid_high_0_randomized_ExpCM_HA_average_prefs_tree.newick

2017-12-31 10:54:01,323 - INFO - Successful completion of phydms
