2017-12-30 09:00:58,575 - INFO - Beginning execution of phydms in directory /fh/fast/bloom_j/computational_notebooks/skhilton/2017/divergence_timing_manuscript/analysis/HA/branch_lengths

2017-12-30 09:00:58,575 - INFO - Progress is being logged to phydms/Perth_intermediate_0_YNGKP_M5_log.log

2017-12-30 09:00:58,575 - INFO - Version information:
	Time and date: Sat Dec 30 09:00:57 2017
	Platform: Linux-3.13.0-68-generic-x86_64-with-debian-jessie-sid
	Python version: 3.6.0 |Continuum Analytics, Inc.| (default, Dec 23 2016, 12:22:00)  [GCC 4.4.7 20120313 (Red Hat 4.4.7-1)]
	phydms version: 2.2.0
	Bio version: 1.69
	cython version: 0.25.2
	numpy version: 1.13.3
	scipy version: 0.19.0
	matplotlib version: 2.1.0
	natsort version: 5.0.2
	sympy version: 1.0
	six version: 1.11.0
	pandas version: 0.21.0
	pyvolve version: 0.8.4
	statsmodels version: 0.8.0
	weblogolib version: 3.5.0
	PyPDF2 version: 1.26.0

2017-12-30 09:00:58,575 - INFO - Parsed the following arguments:
	alignment = ../data/subsample/HA_Perth_intermediate_0.fasta
	tree = phydms/Perth_intermediate_0_RAxML_tree.newick
	model = YNGKP_M5
	outprefix = phydms/Perth_intermediate_0_YNGKP_M5
	brlen = optimize
	gammaomega = False
	gammabeta = False
	omegabysite = False
	omegabysite_fixsyn = False
	diffprefsbysite = False
	diffprefsprior = ('invquadratic', 150.0, 0.5)
	fitphi = False
	randprefs = False
	avgprefs = False
	divpressure = None
	ncpus = 1
	fitprefsmethod = 2
	ncats = 4
	minbrlen = 1e-06
	minpref = 0.002
	seed = 1
	initparams = None
	profile = False
	opt_details = False
	nograd = False

2017-12-30 09:00:58,575 - INFO - Random number seed: 1

2017-12-30 09:00:58,575 - INFO - Reading alignment from ../data/subsample/HA_Perth_intermediate_0.fasta
2017-12-30 09:00:59,081 - INFO - Read 59 aligned sequences from ../data/subsample/HA_Perth_intermediate_0.fasta, each consisting of 565 codons.

2017-12-30 09:00:59,081 - INFO - Codon substitution model with be M5 version of YNGKP (Yang, Nielsen, Goldman, & Pederson. Genetics. 155:431-449).
2017-12-30 09:00:59,234 - INFO - For this YNGKP_M5 model, omega will be drawn from 4 gamma-distributed categories.
2017-12-30 09:00:59,282 - INFO - Reading tree from phydms/Perth_intermediate_0_RAxML_tree.newick
2017-12-30 09:00:59,290 - INFO - Tree has 59 tips.
2017-12-30 09:00:59,320 - INFO - Adjusted 1 branch lengths up to minbrlen 1e-06

2017-12-30 09:00:59,326 - INFO - Initializing TreeLikelihood..
2017-12-30 09:01:57,395 - INFO - TreeLikelihood initialized.
2017-12-30 09:01:57,401 - INFO - Maximizing log likelihood (initially -42560.15).
2017-12-30 09:01:57,402 - INFO - Branch lengths will be optimized individually.
2017-12-30 11:46:52,225 - INFO - Maximization complete:
	Step 1: optimized parameters, loglik went from -42560.15 to -37548.81 (20 iterations, 27 function evals)
	Step 2: optimized branches, loglik went from -37548.81 to -37461.80 (217 iterations, 231 function evals)
	Step 3: optimized parameters, loglik went from -37461.80 to -37448.63 (8 iterations, 12 function evals)
	Step 4: optimized branches, loglik went from -37448.63 to -37447.87 (2 iterations, 5 function evals)
	Step 5: optimized parameters, loglik went from -37447.87 to -37447.28 (12 iterations, 15 function evals)
	Step 6: optimized branches, loglik went from -37447.28 to -37447.28 (1 iterations, 4 function evals)
2017-12-30 11:46:52,279 - INFO - Optimized log likelihood is -37447.28.
2017-12-30 11:46:52,279 - INFO - Writing log likelihood to phydms/Perth_intermediate_0_YNGKP_M5_loglikelihood.txt
2017-12-30 11:46:52,288 - INFO - Model parameters after optimization:
	alpha_omega = 0.652851
	beta_omega = 9.43463
	kappa = 3.3037
	phi0A = 0.339671
	phi0C = 0.143364
	phi0G = 0.28061
	phi1A = 0.362234
	phi1C = 0.176839
	phi1G = 0.214078
	phi2A = 0.33426
	phi2C = 0.215289
	phi2G = 0.2004
2017-12-30 11:46:52,288 - INFO - Writing model parameters to phydms/Perth_intermediate_0_YNGKP_M5_modelparams.txt
2017-12-30 11:46:52,293 - INFO - Writing the optimized tree to phydms/Perth_intermediate_0_YNGKP_M5_tree.newick

2017-12-30 11:46:52,305 - INFO - Successful completion of phydms
