2017-12-30 08:59:58,005 - INFO - Beginning execution of phydms_comprehensive in directory /fh/fast/bloom_j/computational_notebooks/skhilton/2017/divergence_timing_manuscript/analysis/HA/branch_lengths

2017-12-30 08:59:58,006 - INFO - Progress is being logged to phydms/Perth_high_0.log

2017-12-30 08:59:58,006 - INFO - Version information:
	Time and date: Sat Dec 30 08:59:56 2017
	Platform: Linux-3.13.0-68-generic-x86_64-with-debian-jessie-sid
	Python version: 3.6.0 |Continuum Analytics, Inc.| (default, Dec 23 2016, 12:22:00)  [GCC 4.4.7 20120313 (Red Hat 4.4.7-1)]
	phydms version: 2.2.0
	Bio version: 1.69
	cython version: 0.25.2
	numpy version: 1.13.3
	scipy version: 0.19.0
	matplotlib version: 2.1.0
	natsort version: 5.0.2
	sympy version: 1.0
	six version: 1.11.0
	pandas version: 0.21.0
	pyvolve version: 0.8.4
	statsmodels version: 0.8.0
	weblogolib version: 3.5.0
	PyPDF2 version: 1.26.0

2017-12-30 08:59:58,006 - INFO - Parsed the following command-line arguments:
	outprefix = phydms/Perth_high_0_
	alignment = ../data/subsample/HA_Perth_high_0.fasta
	prefsfiles = ['../data/references/HA_Lee_prefs.csv']
	raxml = raxml
	tree = None
	ncpus = -1
	brlen = optimize
	omegabysite = False
	diffprefsbysite = False
	gammaomega = True
	gammabeta = False
	noavgprefs = False
	randprefs = True

2017-12-30 08:59:58,006 - INFO - Checking that the alignment ../data/subsample/HA_Perth_high_0.fasta is valid...
2017-12-30 08:59:58,777 - INFO - Valid alignment specifying 87 sequences of length 1695.

2017-12-30 08:59:58,778 - INFO - Tree not specified.
2017-12-30 08:59:58,789 - INFO - Inferring tree with RAxML using command raxml
2017-12-30 09:01:43,507 - INFO - RAxML inferred tree is now named phydms/Perth_high_0_RAxML_tree.newick
2017-12-30 09:01:43,523 - INFO - Starting analysis to optimize tree in phydms/Perth_high_0_RAxML_tree.newick using model YNGKP_M0. The command is: phydms ../data/subsample/HA_Perth_high_0.fasta phydms/Perth_high_0_RAxML_tree.newick YNGKP_M0 phydms/Perth_high_0_YNGKP_M0 --brlen optimize --ncpus 1

2017-12-30 09:01:43,526 - INFO - Starting analysis to optimize tree in phydms/Perth_high_0_RAxML_tree.newick using model YNGKP_M5. The command is: phydms ../data/subsample/HA_Perth_high_0.fasta phydms/Perth_high_0_RAxML_tree.newick YNGKP_M5 phydms/Perth_high_0_YNGKP_M5 --brlen optimize --ncpus 1

2017-12-30 09:01:43,527 - INFO - Starting analysis to optimize tree in phydms/Perth_high_0_RAxML_tree.newick using model ExpCM_HA_Lee_prefs. The command is: phydms ../data/subsample/HA_Perth_high_0.fasta phydms/Perth_high_0_RAxML_tree.newick ExpCM_../data/references/HA_Lee_prefs.csv phydms/Perth_high_0_ExpCM_HA_Lee_prefs --brlen optimize --ncpus 4

2017-12-30 09:01:43,527 - INFO - Starting analysis to optimize tree in phydms/Perth_high_0_RAxML_tree.newick using model ExpCM_HA_Lee_prefs_gammaomega. The command is: phydms ../data/subsample/HA_Perth_high_0.fasta phydms/Perth_high_0_RAxML_tree.newick ExpCM_../data/references/HA_Lee_prefs.csv phydms/Perth_high_0_ExpCM_HA_Lee_prefs_gammaomega --brlen optimize --gammaomega --ncpus 4

2017-12-30 09:01:43,527 - INFO - Starting analysis to optimize tree in phydms/Perth_high_0_RAxML_tree.newick using model averaged_ExpCM_HA_Lee_prefs. The command is: phydms ../data/subsample/HA_Perth_high_0.fasta phydms/Perth_high_0_RAxML_tree.newick ExpCM_../data/references/HA_Lee_prefs.csv phydms/Perth_high_0_averaged_ExpCM_HA_Lee_prefs --brlen optimize --avgprefs --ncpus 4

2017-12-30 09:01:43,527 - INFO - Starting analysis to optimize tree in phydms/Perth_high_0_RAxML_tree.newick using model averaged_ExpCM_HA_Lee_prefs_gammaomega. The command is: phydms ../data/subsample/HA_Perth_high_0.fasta phydms/Perth_high_0_RAxML_tree.newick ExpCM_../data/references/HA_Lee_prefs.csv phydms/Perth_high_0_averaged_ExpCM_HA_Lee_prefs_gammaomega --brlen optimize --gammaomega --avgprefs --ncpus 4

2017-12-30 09:01:43,527 - INFO - Starting analysis to optimize tree in phydms/Perth_high_0_RAxML_tree.newick using model randomized_ExpCM_HA_Lee_prefs. The command is: phydms ../data/subsample/HA_Perth_high_0.fasta phydms/Perth_high_0_RAxML_tree.newick ExpCM_../data/references/HA_Lee_prefs.csv phydms/Perth_high_0_randomized_ExpCM_HA_Lee_prefs --brlen optimize --randprefs --ncpus 4

2017-12-30 09:01:43,528 - INFO - Starting analysis to optimize tree in phydms/Perth_high_0_RAxML_tree.newick using model randomized_ExpCM_HA_Lee_prefs_gammaomega. The command is: phydms ../data/subsample/HA_Perth_high_0.fasta phydms/Perth_high_0_RAxML_tree.newick ExpCM_../data/references/HA_Lee_prefs.csv phydms/Perth_high_0_randomized_ExpCM_HA_Lee_prefs_gammaomega --brlen optimize --gammaomega --randprefs --ncpus 4

2017-12-30 10:05:40,126 - INFO - Analysis completed for YNGKP_M0
2017-12-30 10:05:40,128 - INFO - Found expected output file phydms/Perth_high_0_YNGKP_M0_log.log
2017-12-30 10:05:40,128 - INFO - Found expected output file phydms/Perth_high_0_YNGKP_M0_tree.newick
2017-12-30 10:05:40,128 - INFO - Found expected output file phydms/Perth_high_0_YNGKP_M0_loglikelihood.txt
2017-12-30 10:05:40,128 - INFO - Found expected output file phydms/Perth_high_0_YNGKP_M0_modelparams.txt
2017-12-30 10:05:40,128 - INFO - Analysis successful for YNGKP_M0

2017-12-30 10:45:24,392 - INFO - Analysis completed for averaged_ExpCM_HA_Lee_prefs
2017-12-30 10:45:24,395 - INFO - Found expected output file phydms/Perth_high_0_averaged_ExpCM_HA_Lee_prefs_log.log
2017-12-30 10:45:24,395 - INFO - Found expected output file phydms/Perth_high_0_averaged_ExpCM_HA_Lee_prefs_tree.newick
2017-12-30 10:45:24,395 - INFO - Found expected output file phydms/Perth_high_0_averaged_ExpCM_HA_Lee_prefs_loglikelihood.txt
2017-12-30 10:45:24,396 - INFO - Found expected output file phydms/Perth_high_0_averaged_ExpCM_HA_Lee_prefs_modelparams.txt
2017-12-30 10:45:24,396 - INFO - Analysis successful for averaged_ExpCM_HA_Lee_prefs

2017-12-30 11:27:27,512 - INFO - Analysis completed for randomized_ExpCM_HA_Lee_prefs
2017-12-30 11:27:27,514 - INFO - Found expected output file phydms/Perth_high_0_randomized_ExpCM_HA_Lee_prefs_log.log
2017-12-30 11:27:27,514 - INFO - Found expected output file phydms/Perth_high_0_randomized_ExpCM_HA_Lee_prefs_tree.newick
2017-12-30 11:27:27,515 - INFO - Found expected output file phydms/Perth_high_0_randomized_ExpCM_HA_Lee_prefs_loglikelihood.txt
2017-12-30 11:27:27,515 - INFO - Found expected output file phydms/Perth_high_0_randomized_ExpCM_HA_Lee_prefs_modelparams.txt
2017-12-30 11:27:27,515 - INFO - Analysis successful for randomized_ExpCM_HA_Lee_prefs

2017-12-30 12:01:51,242 - INFO - Analysis completed for ExpCM_HA_Lee_prefs
2017-12-30 12:01:51,245 - INFO - Found expected output file phydms/Perth_high_0_ExpCM_HA_Lee_prefs_log.log
2017-12-30 12:01:51,245 - INFO - Found expected output file phydms/Perth_high_0_ExpCM_HA_Lee_prefs_tree.newick
2017-12-30 12:01:51,246 - INFO - Found expected output file phydms/Perth_high_0_ExpCM_HA_Lee_prefs_loglikelihood.txt
2017-12-30 12:01:51,246 - INFO - Found expected output file phydms/Perth_high_0_ExpCM_HA_Lee_prefs_modelparams.txt
2017-12-30 12:01:51,247 - INFO - Analysis successful for ExpCM_HA_Lee_prefs

2017-12-30 14:21:26,670 - INFO - Analysis completed for YNGKP_M5
2017-12-30 14:21:26,672 - INFO - Found expected output file phydms/Perth_high_0_YNGKP_M5_log.log
2017-12-30 14:21:26,672 - INFO - Found expected output file phydms/Perth_high_0_YNGKP_M5_tree.newick
2017-12-30 14:21:26,672 - INFO - Found expected output file phydms/Perth_high_0_YNGKP_M5_loglikelihood.txt
2017-12-30 14:21:26,672 - INFO - Found expected output file phydms/Perth_high_0_YNGKP_M5_modelparams.txt
2017-12-30 14:21:26,673 - INFO - Analysis successful for YNGKP_M5

2017-12-30 16:07:19,210 - INFO - Analysis completed for averaged_ExpCM_HA_Lee_prefs_gammaomega
2017-12-30 16:07:19,220 - INFO - Found expected output file phydms/Perth_high_0_averaged_ExpCM_HA_Lee_prefs_gammaomega_log.log
2017-12-30 16:07:19,221 - INFO - Found expected output file phydms/Perth_high_0_averaged_ExpCM_HA_Lee_prefs_gammaomega_tree.newick
2017-12-30 16:07:19,222 - INFO - Found expected output file phydms/Perth_high_0_averaged_ExpCM_HA_Lee_prefs_gammaomega_loglikelihood.txt
2017-12-30 16:07:19,223 - INFO - Found expected output file phydms/Perth_high_0_averaged_ExpCM_HA_Lee_prefs_gammaomega_modelparams.txt
2017-12-30 16:07:19,223 - INFO - Analysis successful for averaged_ExpCM_HA_Lee_prefs_gammaomega

2017-12-30 18:59:33,189 - INFO - Analysis completed for randomized_ExpCM_HA_Lee_prefs_gammaomega
2017-12-30 18:59:33,192 - INFO - Found expected output file phydms/Perth_high_0_randomized_ExpCM_HA_Lee_prefs_gammaomega_log.log
2017-12-30 18:59:33,192 - INFO - Found expected output file phydms/Perth_high_0_randomized_ExpCM_HA_Lee_prefs_gammaomega_tree.newick
2017-12-30 18:59:33,193 - INFO - Found expected output file phydms/Perth_high_0_randomized_ExpCM_HA_Lee_prefs_gammaomega_loglikelihood.txt
2017-12-30 18:59:33,194 - INFO - Found expected output file phydms/Perth_high_0_randomized_ExpCM_HA_Lee_prefs_gammaomega_modelparams.txt
2017-12-30 18:59:33,194 - INFO - Analysis successful for randomized_ExpCM_HA_Lee_prefs_gammaomega

2017-12-30 20:38:00,021 - INFO - Analysis completed for ExpCM_HA_Lee_prefs_gammaomega
2017-12-30 20:38:00,025 - INFO - Found expected output file phydms/Perth_high_0_ExpCM_HA_Lee_prefs_gammaomega_log.log
2017-12-30 20:38:00,026 - INFO - Found expected output file phydms/Perth_high_0_ExpCM_HA_Lee_prefs_gammaomega_tree.newick
2017-12-30 20:38:00,026 - INFO - Found expected output file phydms/Perth_high_0_ExpCM_HA_Lee_prefs_gammaomega_loglikelihood.txt
2017-12-30 20:38:00,027 - INFO - Found expected output file phydms/Perth_high_0_ExpCM_HA_Lee_prefs_gammaomega_modelparams.txt
2017-12-30 20:38:00,027 - INFO - Analysis successful for ExpCM_HA_Lee_prefs_gammaomega

2017-12-30 20:38:01,078 - INFO - Successful completion of phydms_comprehensive
