2017-12-30 09:01:53,511 - INFO - Beginning execution of phydms in directory /fh/fast/bloom_j/computational_notebooks/skhilton/2017/divergence_timing_manuscript/analysis/HA/branch_lengths

2017-12-30 09:01:53,511 - INFO - Progress is being logged to phydms/Perth_high_0_averaged_ExpCM_HA_Lee_prefs_gammaomega_log.log

2017-12-30 09:01:53,511 - INFO - Version information:
	Time and date: Sat Dec 30 09:01:51 2017
	Platform: Linux-3.13.0-68-generic-x86_64-with-debian-jessie-sid
	Python version: 3.6.0 |Continuum Analytics, Inc.| (default, Dec 23 2016, 12:22:00)  [GCC 4.4.7 20120313 (Red Hat 4.4.7-1)]
	phydms version: 2.2.0
	Bio version: 1.69
	cython version: 0.25.2
	numpy version: 1.13.3
	scipy version: 0.19.0
	matplotlib version: 2.1.0
	natsort version: 5.0.2
	sympy version: 1.0
	six version: 1.11.0
	pandas version: 0.21.0
	pyvolve version: 0.8.4
	statsmodels version: 0.8.0
	weblogolib version: 3.5.0
	PyPDF2 version: 1.26.0

2017-12-30 09:01:53,512 - INFO - Parsed the following arguments:
	alignment = ../data/subsample/HA_Perth_high_0.fasta
	tree = phydms/Perth_high_0_RAxML_tree.newick
	model = ('ExpCM', '../data/references/HA_Lee_prefs.csv')
	outprefix = phydms/Perth_high_0_averaged_ExpCM_HA_Lee_prefs_gammaomega
	brlen = optimize
	gammaomega = True
	gammabeta = False
	omegabysite = False
	omegabysite_fixsyn = False
	diffprefsbysite = False
	diffprefsprior = ('invquadratic', 150.0, 0.5)
	fitphi = False
	randprefs = False
	avgprefs = True
	divpressure = None
	ncpus = 4
	fitprefsmethod = 2
	ncats = 4
	minbrlen = 1e-06
	minpref = 0.002
	seed = 1
	initparams = None
	profile = False
	opt_details = False
	nograd = False

2017-12-30 09:01:53,512 - INFO - Random number seed: 1

2017-12-30 09:01:53,512 - INFO - Reading alignment from ../data/subsample/HA_Perth_high_0.fasta
2017-12-30 09:01:55,203 - INFO - Read 87 aligned sequences from ../data/subsample/HA_Perth_high_0.fasta, each consisting of 565 codons.

2017-12-30 09:01:55,203 - INFO - The model will be an ExpCM informed by site-specific amino-acid preferences in ../data/references/HA_Lee_prefs.csv
2017-12-30 09:01:55,203 - INFO - Preferences will be averaged across sites.
2017-12-30 09:02:02,355 - INFO - Successfully read site-specific amino-acid preferences for all 565 sites.

2017-12-30 09:02:02,374 - INFO - Nucleotide frequency parameters phi will be set so stationary state matches alignment nucleotide frequencies of A = 0.338, C = 0.188, G = 0.235, T = 0.239

2017-12-30 09:02:16,412 - INFO - Omega will be drawn from 4 gamma-distributed categories.

2017-12-30 09:03:18,499 - INFO - Reading tree from phydms/Perth_high_0_RAxML_tree.newick
2017-12-30 09:03:18,534 - INFO - Tree has 87 tips.
2017-12-30 09:03:18,706 - INFO - Adjusted 1 branch lengths up to minbrlen 1e-06

2017-12-30 09:03:18,717 - INFO - Initializing TreeLikelihood..
2017-12-30 09:09:38,699 - INFO - TreeLikelihood initialized.
2017-12-30 09:09:38,705 - INFO - Maximizing log likelihood (initially -60381.42).
2017-12-30 09:09:38,705 - INFO - Branch lengths will be optimized individually.
2017-12-30 16:07:14,593 - INFO - Maximization complete:
	Step 1: optimized parameters, loglik went from -60381.42 to -53150.54 (17 iterations, 24 function evals)
	Step 2: optimized branches, loglik went from -53150.54 to -53050.01 (164 iterations, 178 function evals)
	Step 3: optimized parameters, loglik went from -53050.01 to -53038.53 (8 iterations, 12 function evals)
	Step 4: optimized branches, loglik went from -53038.53 to -53038.52 (1 iterations, 5 function evals)
2017-12-30 16:07:14,642 - INFO - Optimized log likelihood is -53038.52.
2017-12-30 16:07:14,642 - INFO - Writing log likelihood to phydms/Perth_high_0_averaged_ExpCM_HA_Lee_prefs_gammaomega_loglikelihood.txt
2017-12-30 16:07:14,660 - INFO - Model parameters after optimization:
	alpha_omega = 0.629438
	beta = 1.87901
	beta_omega = 6.71955
	kappa = 3.59033
	phiA = 0.354602
	phiC = 0.180423
	phiG = 0.239243
2017-12-30 16:07:14,661 - INFO - Writing model parameters to phydms/Perth_high_0_averaged_ExpCM_HA_Lee_prefs_gammaomega_modelparams.txt
2017-12-30 16:07:14,664 - INFO - Writing the optimized tree to phydms/Perth_high_0_averaged_ExpCM_HA_Lee_prefs_gammaomega_tree.newick

2017-12-30 16:07:14,676 - INFO - Successful completion of phydms
