2017-12-30 09:01:04,422 - INFO - Beginning execution of phydms in directory /fh/fast/bloom_j/computational_notebooks/skhilton/2017/divergence_timing_manuscript/analysis/HA/branch_lengths

2017-12-30 09:01:04,422 - INFO - Progress is being logged to phydms/Perth_intermediate_0_randomized_ExpCM_HA_Lee_prefs_log.log

2017-12-30 09:01:04,422 - INFO - Version information:
	Time and date: Sat Dec 30 09:01:02 2017
	Platform: Linux-3.13.0-68-generic-x86_64-with-debian-jessie-sid
	Python version: 3.6.0 |Continuum Analytics, Inc.| (default, Dec 23 2016, 12:22:00)  [GCC 4.4.7 20120313 (Red Hat 4.4.7-1)]
	phydms version: 2.2.0
	Bio version: 1.69
	cython version: 0.25.2
	numpy version: 1.13.3
	scipy version: 0.19.0
	matplotlib version: 2.1.0
	natsort version: 5.0.2
	sympy version: 1.0
	six version: 1.11.0
	pandas version: 0.21.0
	pyvolve version: 0.8.4
	statsmodels version: 0.8.0
	weblogolib version: 3.5.0
	PyPDF2 version: 1.26.0

2017-12-30 09:01:04,422 - INFO - Parsed the following arguments:
	alignment = ../data/subsample/HA_Perth_intermediate_0.fasta
	tree = phydms/Perth_intermediate_0_RAxML_tree.newick
	model = ('ExpCM', '../data/references/HA_Lee_prefs.csv')
	outprefix = phydms/Perth_intermediate_0_randomized_ExpCM_HA_Lee_prefs
	brlen = optimize
	gammaomega = False
	gammabeta = False
	omegabysite = False
	omegabysite_fixsyn = False
	diffprefsbysite = False
	diffprefsprior = ('invquadratic', 150.0, 0.5)
	fitphi = False
	randprefs = True
	avgprefs = False
	divpressure = None
	ncpus = 4
	fitprefsmethod = 2
	ncats = 4
	minbrlen = 1e-06
	minpref = 0.002
	seed = 1
	initparams = None
	profile = False
	opt_details = False
	nograd = False

2017-12-30 09:01:04,422 - INFO - Random number seed: 1

2017-12-30 09:01:04,422 - INFO - Reading alignment from ../data/subsample/HA_Perth_intermediate_0.fasta
2017-12-30 09:01:05,370 - INFO - Read 59 aligned sequences from ../data/subsample/HA_Perth_intermediate_0.fasta, each consisting of 565 codons.

2017-12-30 09:01:05,379 - INFO - The model will be an ExpCM informed by site-specific amino-acid preferences in ../data/references/HA_Lee_prefs.csv
2017-12-30 09:01:05,379 - INFO - Preferences will be randomized across sites.
2017-12-30 09:01:08,389 - INFO - Successfully read site-specific amino-acid preferences for all 565 sites.

2017-12-30 09:01:08,395 - INFO - Nucleotide frequency parameters phi will be set so stationary state matches alignment nucleotide frequencies of A = 0.336, C = 0.190, G = 0.235, T = 0.238

2017-12-30 09:01:14,753 - INFO - Reading tree from phydms/Perth_intermediate_0_RAxML_tree.newick
2017-12-30 09:01:14,763 - INFO - Tree has 59 tips.
2017-12-30 09:01:14,797 - INFO - Adjusted 1 branch lengths up to minbrlen 1e-06

2017-12-30 09:01:14,801 - INFO - Initializing TreeLikelihood..
2017-12-30 09:02:35,158 - INFO - TreeLikelihood initialized.
2017-12-30 09:02:35,162 - INFO - Maximizing log likelihood (initially -43607.79).
2017-12-30 09:02:35,162 - INFO - Branch lengths will be optimized individually.
2017-12-30 11:07:36,287 - INFO - Maximization complete:
	Step 1: optimized parameters, loglik went from -43607.79 to -38196.05 (28 iterations, 39 function evals)
	Step 2: optimized branches, loglik went from -38196.05 to -38173.95 (135 iterations, 146 function evals)
	Step 3: optimized parameters, loglik went from -38173.95 to -38171.36 (6 iterations, 12 function evals)
	Step 4: optimized branches, loglik went from -38171.36 to -38170.44 (6 iterations, 11 function evals)
	Step 5: optimized parameters, loglik went from -38170.44 to -38170.19 (3 iterations, 7 function evals)
	Step 6: optimized branches, loglik went from -38170.19 to -38169.84 (26 iterations, 32 function evals)
	Step 7: optimized parameters, loglik went from -38169.84 to -38169.75 (3 iterations, 7 function evals)
	Step 8: optimized branches, loglik went from -38169.75 to -38169.75 (1 iterations, 4 function evals)
2017-12-30 11:07:36,340 - INFO - Optimized log likelihood is -38169.75.
2017-12-30 11:07:36,340 - INFO - Writing log likelihood to phydms/Perth_intermediate_0_randomized_ExpCM_HA_Lee_prefs_loglikelihood.txt
2017-12-30 11:07:36,356 - INFO - Model parameters after optimization:
	beta = 1.1e-05
	kappa = 3.37725
	omega = 0.0629247
	phiA = 0.345586
	phiC = 0.177381
	phiG = 0.232059
2017-12-30 11:07:36,357 - INFO - Writing model parameters to phydms/Perth_intermediate_0_randomized_ExpCM_HA_Lee_prefs_modelparams.txt
2017-12-30 11:07:36,361 - INFO - Writing the optimized tree to phydms/Perth_intermediate_0_randomized_ExpCM_HA_Lee_prefs_tree.newick

2017-12-30 11:07:36,371 - INFO - Successful completion of phydms
