2017-12-30 09:01:03,069 - INFO - Beginning execution of phydms in directory /fh/fast/bloom_j/computational_notebooks/skhilton/2017/divergence_timing_manuscript/analysis/HA/branch_lengths

2017-12-30 09:01:03,069 - INFO - Progress is being logged to phydms/Perth_intermediate_0_averaged_ExpCM_HA_Lee_prefs_gammaomega_log.log

2017-12-30 09:01:03,070 - INFO - Version information:
	Time and date: Sat Dec 30 09:01:01 2017
	Platform: Linux-3.13.0-68-generic-x86_64-with-debian-jessie-sid
	Python version: 3.6.0 |Continuum Analytics, Inc.| (default, Dec 23 2016, 12:22:00)  [GCC 4.4.7 20120313 (Red Hat 4.4.7-1)]
	phydms version: 2.2.0
	Bio version: 1.69
	cython version: 0.25.2
	numpy version: 1.13.3
	scipy version: 0.19.0
	matplotlib version: 2.1.0
	natsort version: 5.0.2
	sympy version: 1.0
	six version: 1.11.0
	pandas version: 0.21.0
	pyvolve version: 0.8.4
	statsmodels version: 0.8.0
	weblogolib version: 3.5.0
	PyPDF2 version: 1.26.0

2017-12-30 09:01:03,070 - INFO - Parsed the following arguments:
	alignment = ../data/subsample/HA_Perth_intermediate_0.fasta
	tree = phydms/Perth_intermediate_0_RAxML_tree.newick
	model = ('ExpCM', '../data/references/HA_Lee_prefs.csv')
	outprefix = phydms/Perth_intermediate_0_averaged_ExpCM_HA_Lee_prefs_gammaomega
	brlen = optimize
	gammaomega = True
	gammabeta = False
	omegabysite = False
	omegabysite_fixsyn = False
	diffprefsbysite = False
	diffprefsprior = ('invquadratic', 150.0, 0.5)
	fitphi = False
	randprefs = False
	avgprefs = True
	divpressure = None
	ncpus = 4
	fitprefsmethod = 2
	ncats = 4
	minbrlen = 1e-06
	minpref = 0.002
	seed = 1
	initparams = None
	profile = False
	opt_details = False
	nograd = False

2017-12-30 09:01:03,070 - INFO - Random number seed: 1

2017-12-30 09:01:03,070 - INFO - Reading alignment from ../data/subsample/HA_Perth_intermediate_0.fasta
2017-12-30 09:01:05,292 - INFO - Read 59 aligned sequences from ../data/subsample/HA_Perth_intermediate_0.fasta, each consisting of 565 codons.

2017-12-30 09:01:05,293 - INFO - The model will be an ExpCM informed by site-specific amino-acid preferences in ../data/references/HA_Lee_prefs.csv
2017-12-30 09:01:05,293 - INFO - Preferences will be averaged across sites.
2017-12-30 09:01:09,572 - INFO - Successfully read site-specific amino-acid preferences for all 565 sites.

2017-12-30 09:01:09,577 - INFO - Nucleotide frequency parameters phi will be set so stationary state matches alignment nucleotide frequencies of A = 0.336, C = 0.190, G = 0.235, T = 0.238

2017-12-30 09:01:18,220 - INFO - Omega will be drawn from 4 gamma-distributed categories.

2017-12-30 09:01:42,495 - INFO - Reading tree from phydms/Perth_intermediate_0_RAxML_tree.newick
2017-12-30 09:01:42,510 - INFO - Tree has 59 tips.
2017-12-30 09:01:42,547 - INFO - Adjusted 1 branch lengths up to minbrlen 1e-06

2017-12-30 09:01:42,550 - INFO - Initializing TreeLikelihood..
2017-12-30 09:05:30,505 - INFO - TreeLikelihood initialized.
2017-12-30 09:05:30,506 - INFO - Maximizing log likelihood (initially -42356.52).
2017-12-30 09:05:30,506 - INFO - Branch lengths will be optimized individually.
2017-12-30 17:31:31,492 - INFO - Maximization complete:
	Step 1: optimized parameters, loglik went from -42356.52 to -37225.84 (20 iterations, 27 function evals)
	Step 2: optimized branches, loglik went from -37225.84 to -37145.76 (225 iterations, 246 function evals)
	Step 3: optimized parameters, loglik went from -37145.76 to -37134.16 (8 iterations, 12 function evals)
	Step 4: optimized branches, loglik went from -37134.16 to -37131.02 (162 iterations, 178 function evals)
	Step 5: optimized parameters, loglik went from -37131.02 to -37130.34 (9 iterations, 12 function evals)
	Step 6: optimized branches, loglik went from -37130.34 to -37130.34 (1 iterations, 5 function evals)
2017-12-30 17:31:31,541 - INFO - Optimized log likelihood is -37130.34.
2017-12-30 17:31:31,542 - INFO - Writing log likelihood to phydms/Perth_intermediate_0_averaged_ExpCM_HA_Lee_prefs_gammaomega_loglikelihood.txt
2017-12-30 17:31:31,584 - INFO - Model parameters after optimization:
	alpha_omega = 0.59701
	beta = 1.89971
	beta_omega = 7.49796
	kappa = 3.77776
	phiA = 0.352314
	phiC = 0.183159
	phiG = 0.23965
2017-12-30 17:31:31,584 - INFO - Writing model parameters to phydms/Perth_intermediate_0_averaged_ExpCM_HA_Lee_prefs_gammaomega_modelparams.txt
2017-12-30 17:31:31,590 - INFO - Writing the optimized tree to phydms/Perth_intermediate_0_averaged_ExpCM_HA_Lee_prefs_gammaomega_tree.newick

2017-12-30 17:31:31,639 - INFO - Successful completion of phydms
