2017-12-30 09:01:01,507 - INFO - Beginning execution of phydms in directory /fh/fast/bloom_j/computational_notebooks/skhilton/2017/divergence_timing_manuscript/analysis/HA/branch_lengths

2017-12-30 09:01:01,507 - INFO - Progress is being logged to phydms/Perth_intermediate_0_averaged_ExpCM_HA_Lee_prefs_log.log

2017-12-30 09:01:01,507 - INFO - Version information:
	Time and date: Sat Dec 30 09:01:00 2017
	Platform: Linux-3.13.0-68-generic-x86_64-with-debian-jessie-sid
	Python version: 3.6.0 |Continuum Analytics, Inc.| (default, Dec 23 2016, 12:22:00)  [GCC 4.4.7 20120313 (Red Hat 4.4.7-1)]
	phydms version: 2.2.0
	Bio version: 1.69
	cython version: 0.25.2
	numpy version: 1.13.3
	scipy version: 0.19.0
	matplotlib version: 2.1.0
	natsort version: 5.0.2
	sympy version: 1.0
	six version: 1.11.0
	pandas version: 0.21.0
	pyvolve version: 0.8.4
	statsmodels version: 0.8.0
	weblogolib version: 3.5.0
	PyPDF2 version: 1.26.0

2017-12-30 09:01:01,507 - INFO - Parsed the following arguments:
	alignment = ../data/subsample/HA_Perth_intermediate_0.fasta
	tree = phydms/Perth_intermediate_0_RAxML_tree.newick
	model = ('ExpCM', '../data/references/HA_Lee_prefs.csv')
	outprefix = phydms/Perth_intermediate_0_averaged_ExpCM_HA_Lee_prefs
	brlen = optimize
	gammaomega = False
	gammabeta = False
	omegabysite = False
	omegabysite_fixsyn = False
	diffprefsbysite = False
	diffprefsprior = ('invquadratic', 150.0, 0.5)
	fitphi = False
	randprefs = False
	avgprefs = True
	divpressure = None
	ncpus = 4
	fitprefsmethod = 2
	ncats = 4
	minbrlen = 1e-06
	minpref = 0.002
	seed = 1
	initparams = None
	profile = False
	opt_details = False
	nograd = False

2017-12-30 09:01:01,507 - INFO - Random number seed: 1

2017-12-30 09:01:01,508 - INFO - Reading alignment from ../data/subsample/HA_Perth_intermediate_0.fasta
2017-12-30 09:01:02,023 - INFO - Read 59 aligned sequences from ../data/subsample/HA_Perth_intermediate_0.fasta, each consisting of 565 codons.

2017-12-30 09:01:02,024 - INFO - The model will be an ExpCM informed by site-specific amino-acid preferences in ../data/references/HA_Lee_prefs.csv
2017-12-30 09:01:02,024 - INFO - Preferences will be averaged across sites.
2017-12-30 09:01:03,543 - INFO - Successfully read site-specific amino-acid preferences for all 565 sites.

2017-12-30 09:01:03,545 - INFO - Nucleotide frequency parameters phi will be set so stationary state matches alignment nucleotide frequencies of A = 0.336, C = 0.190, G = 0.235, T = 0.238

2017-12-30 09:01:14,765 - INFO - Reading tree from phydms/Perth_intermediate_0_RAxML_tree.newick
2017-12-30 09:01:14,775 - INFO - Tree has 59 tips.
2017-12-30 09:01:14,892 - INFO - Adjusted 1 branch lengths up to minbrlen 1e-06

2017-12-30 09:01:14,892 - INFO - Initializing TreeLikelihood..
2017-12-30 09:02:47,930 - INFO - TreeLikelihood initialized.
2017-12-30 09:02:47,936 - INFO - Maximizing log likelihood (initially -43329.64).
2017-12-30 09:02:47,936 - INFO - Branch lengths will be optimized individually.
2017-12-30 10:52:49,408 - INFO - Maximization complete:
	Step 1: optimized parameters, loglik went from -43329.64 to -38163.64 (14 iterations, 28 function evals)
	Step 2: optimized branches, loglik went from -38163.64 to -38141.19 (133 iterations, 144 function evals)
	Step 3: optimized parameters, loglik went from -38141.19 to -38138.36 (7 iterations, 13 function evals)
	Step 4: optimized branches, loglik went from -38138.36 to -38137.31 (16 iterations, 20 function evals)
	Step 5: optimized parameters, loglik went from -38137.31 to -38136.99 (3 iterations, 8 function evals)
	Step 6: optimized branches, loglik went from -38136.99 to -38136.93 (7 iterations, 11 function evals)
	Step 7: optimized parameters, loglik went from -38136.93 to -38136.93 (1 iterations, 5 function evals)
2017-12-30 10:52:49,410 - INFO - Optimized log likelihood is -38136.93.
2017-12-30 10:52:49,410 - INFO - Writing log likelihood to phydms/Perth_intermediate_0_averaged_ExpCM_HA_Lee_prefs_loglikelihood.txt
2017-12-30 10:52:49,419 - INFO - Model parameters after optimization:
	beta = 1.15405
	kappa = 3.35972
	omega = 0.0632299
	phiA = 0.34954
	phiC = 0.181414
	phiG = 0.236857
2017-12-30 10:52:49,419 - INFO - Writing model parameters to phydms/Perth_intermediate_0_averaged_ExpCM_HA_Lee_prefs_modelparams.txt
2017-12-30 10:52:49,424 - INFO - Writing the optimized tree to phydms/Perth_intermediate_0_averaged_ExpCM_HA_Lee_prefs_tree.newick

2017-12-30 10:52:49,435 - INFO - Successful completion of phydms
