2017-12-31 01:46:04,167 - INFO - Beginning execution of phydms in directory /fh/fast/bloom_j/computational_notebooks/skhilton/2017/divergence_timing_manuscript/analysis/HA/branch_lengths

2017-12-31 01:46:04,167 - INFO - Progress is being logged to phydms/Perth_low_0_ExpCM_HA_Lee_prefs_log.log

2017-12-31 01:46:04,167 - INFO - Version information:
	Time and date: Sun Dec 31 01:46:03 2017
	Platform: Linux-3.13.0-68-generic-x86_64-with-debian-jessie-sid
	Python version: 3.6.0 |Continuum Analytics, Inc.| (default, Dec 23 2016, 12:22:00)  [GCC 4.4.7 20120313 (Red Hat 4.4.7-1)]
	phydms version: 2.2.0
	Bio version: 1.69
	cython version: 0.25.2
	numpy version: 1.13.3
	scipy version: 0.19.0
	matplotlib version: 2.1.0
	natsort version: 5.0.2
	sympy version: 1.0
	six version: 1.11.0
	pandas version: 0.21.0
	pyvolve version: 0.8.4
	statsmodels version: 0.8.0
	weblogolib version: 3.5.0
	PyPDF2 version: 1.26.0

2017-12-31 01:46:04,167 - INFO - Parsed the following arguments:
	alignment = ../data/subsample/HA_Perth_low_0.fasta
	tree = phydms/Perth_low_0_RAxML_tree.newick
	model = ('ExpCM', '../data/references/HA_Lee_prefs.csv')
	outprefix = phydms/Perth_low_0_ExpCM_HA_Lee_prefs
	brlen = optimize
	gammaomega = False
	gammabeta = False
	omegabysite = False
	omegabysite_fixsyn = False
	diffprefsbysite = False
	diffprefsprior = ('invquadratic', 150.0, 0.5)
	fitphi = False
	randprefs = False
	avgprefs = False
	divpressure = None
	ncpus = 4
	fitprefsmethod = 2
	ncats = 4
	minbrlen = 1e-06
	minpref = 0.002
	seed = 1
	initparams = None
	profile = False
	opt_details = False
	nograd = False

2017-12-31 01:46:04,168 - INFO - Random number seed: 1

2017-12-31 01:46:04,168 - INFO - Reading alignment from ../data/subsample/HA_Perth_low_0.fasta
2017-12-31 01:46:04,469 - INFO - Read 34 aligned sequences from ../data/subsample/HA_Perth_low_0.fasta, each consisting of 565 codons.

2017-12-31 01:46:04,470 - INFO - The model will be an ExpCM informed by site-specific amino-acid preferences in ../data/references/HA_Lee_prefs.csv
2017-12-31 01:46:05,835 - INFO - Successfully read site-specific amino-acid preferences for all 565 sites.

2017-12-31 01:46:05,836 - INFO - Nucleotide frequency parameters phi will be set so stationary state matches alignment nucleotide frequencies of A = 0.334, C = 0.196, G = 0.234, T = 0.235

2017-12-31 01:46:07,534 - INFO - Reading tree from phydms/Perth_low_0_RAxML_tree.newick
2017-12-31 01:46:07,540 - INFO - Tree has 34 tips.
2017-12-31 01:46:07,547 - INFO - Adjusted 1 branch lengths up to minbrlen 1e-06

2017-12-31 01:46:07,548 - INFO - Initializing TreeLikelihood..
2017-12-31 01:46:32,706 - INFO - TreeLikelihood initialized.
2017-12-31 01:46:32,709 - INFO - Maximizing log likelihood (initially -22835.78).
2017-12-31 01:46:32,709 - INFO - Branch lengths will be optimized individually.
2017-12-31 02:28:32,000 - INFO - Maximization complete:
	Step 1: optimized parameters, loglik went from -22835.78 to -19914.85 (21 iterations, 31 function evals)
	Step 2: optimized branches, loglik went from -19914.85 to -19878.11 (78 iterations, 84 function evals)
	Step 3: optimized parameters, loglik went from -19878.11 to -19875.75 (6 iterations, 11 function evals)
	Step 4: optimized branches, loglik went from -19875.75 to -19872.16 (120 iterations, 128 function evals)
	Step 5: optimized parameters, loglik went from -19872.16 to -19871.81 (8 iterations, 12 function evals)
	Step 6: optimized branches, loglik went from -19871.81 to -19871.60 (20 iterations, 26 function evals)
	Step 7: optimized parameters, loglik went from -19871.60 to -19871.56 (2 iterations, 6 function evals)
	Step 8: optimized branches, loglik went from -19871.56 to -19871.56 (1 iterations, 5 function evals)
2017-12-31 02:28:32,051 - INFO - Optimized log likelihood is -19871.56.
2017-12-31 02:28:32,051 - INFO - Writing log likelihood to phydms/Perth_low_0_ExpCM_HA_Lee_prefs_loglikelihood.txt
2017-12-31 02:28:32,061 - INFO - Model parameters after optimization:
	beta = 1.76363
	kappa = 3.69788
	omega = 0.12334
	phiA = 0.358957
	phiC = 0.188801
	phiG = 0.233291
2017-12-31 02:28:32,061 - INFO - Writing model parameters to phydms/Perth_low_0_ExpCM_HA_Lee_prefs_modelparams.txt
2017-12-31 02:28:32,066 - INFO - Writing the optimized tree to phydms/Perth_low_0_ExpCM_HA_Lee_prefs_tree.newick

2017-12-31 02:28:32,076 - INFO - Successful completion of phydms
