2017-12-30 09:01:00,534 - INFO - Beginning execution of phydms in directory /fh/fast/bloom_j/computational_notebooks/skhilton/2017/divergence_timing_manuscript/analysis/HA/branch_lengths

2017-12-30 09:01:00,535 - INFO - Progress is being logged to phydms/Perth_intermediate_0_ExpCM_HA_Lee_prefs_gammaomega_log.log

2017-12-30 09:01:00,535 - INFO - Version information:
	Time and date: Sat Dec 30 09:00:59 2017
	Platform: Linux-3.13.0-68-generic-x86_64-with-debian-jessie-sid
	Python version: 3.6.0 |Continuum Analytics, Inc.| (default, Dec 23 2016, 12:22:00)  [GCC 4.4.7 20120313 (Red Hat 4.4.7-1)]
	phydms version: 2.2.0
	Bio version: 1.69
	cython version: 0.25.2
	numpy version: 1.13.3
	scipy version: 0.19.0
	matplotlib version: 2.1.0
	natsort version: 5.0.2
	sympy version: 1.0
	six version: 1.11.0
	pandas version: 0.21.0
	pyvolve version: 0.8.4
	statsmodels version: 0.8.0
	weblogolib version: 3.5.0
	PyPDF2 version: 1.26.0

2017-12-30 09:01:00,535 - INFO - Parsed the following arguments:
	alignment = ../data/subsample/HA_Perth_intermediate_0.fasta
	tree = phydms/Perth_intermediate_0_RAxML_tree.newick
	model = ('ExpCM', '../data/references/HA_Lee_prefs.csv')
	outprefix = phydms/Perth_intermediate_0_ExpCM_HA_Lee_prefs_gammaomega
	brlen = optimize
	gammaomega = True
	gammabeta = False
	omegabysite = False
	omegabysite_fixsyn = False
	diffprefsbysite = False
	diffprefsprior = ('invquadratic', 150.0, 0.5)
	fitphi = False
	randprefs = False
	avgprefs = False
	divpressure = None
	ncpus = 4
	fitprefsmethod = 2
	ncats = 4
	minbrlen = 1e-06
	minpref = 0.002
	seed = 1
	initparams = None
	profile = False
	opt_details = False
	nograd = False

2017-12-30 09:01:00,535 - INFO - Random number seed: 1

2017-12-30 09:01:00,536 - INFO - Reading alignment from ../data/subsample/HA_Perth_intermediate_0.fasta
2017-12-30 09:01:01,032 - INFO - Read 59 aligned sequences from ../data/subsample/HA_Perth_intermediate_0.fasta, each consisting of 565 codons.

2017-12-30 09:01:01,033 - INFO - The model will be an ExpCM informed by site-specific amino-acid preferences in ../data/references/HA_Lee_prefs.csv
2017-12-30 09:01:02,439 - INFO - Successfully read site-specific amino-acid preferences for all 565 sites.

2017-12-30 09:01:02,441 - INFO - Nucleotide frequency parameters phi will be set so stationary state matches alignment nucleotide frequencies of A = 0.336, C = 0.190, G = 0.235, T = 0.238

2017-12-30 09:01:12,470 - INFO - Omega will be drawn from 4 gamma-distributed categories.

2017-12-30 09:02:06,636 - INFO - Reading tree from phydms/Perth_intermediate_0_RAxML_tree.newick
2017-12-30 09:02:06,647 - INFO - Tree has 59 tips.
2017-12-30 09:02:06,694 - INFO - Adjusted 1 branch lengths up to minbrlen 1e-06

2017-12-30 09:02:06,698 - INFO - Initializing TreeLikelihood..
2017-12-30 09:06:04,097 - INFO - TreeLikelihood initialized.
2017-12-30 09:06:04,098 - INFO - Maximizing log likelihood (initially -40863.26).
2017-12-30 09:06:04,098 - INFO - Branch lengths will be optimized individually.
2017-12-30 18:29:11,421 - INFO - Maximization complete:
	Step 1: optimized parameters, loglik went from -40863.26 to -36149.38 (21 iterations, 27 function evals)
	Step 2: optimized branches, loglik went from -36149.38 to -35995.85 (302 iterations, 336 function evals)
	Step 3: optimized parameters, loglik went from -35995.85 to -35975.65 (8 iterations, 11 function evals)
	Step 4: optimized branches, loglik went from -35975.65 to -35971.05 (104 iterations, 116 function evals)
	Step 5: optimized parameters, loglik went from -35971.05 to -35970.32 (8 iterations, 10 function evals)
	Step 6: optimized branches, loglik went from -35970.32 to -35969.85 (28 iterations, 36 function evals)
	Step 7: optimized parameters, loglik went from -35969.85 to -35969.69 (4 iterations, 6 function evals)
	Step 8: optimized branches, loglik went from -35969.69 to -35969.69 (1 iterations, 4 function evals)
2017-12-30 18:29:11,473 - INFO - Optimized log likelihood is -35969.69.
2017-12-30 18:29:11,473 - INFO - Writing log likelihood to phydms/Perth_intermediate_0_ExpCM_HA_Lee_prefs_gammaomega_loglikelihood.txt
2017-12-30 18:29:11,591 - INFO - Model parameters after optimization:
	alpha_omega = 1.07637
	beta = 1.40123
	beta_omega =     10
	kappa = 3.96658
	phiA = 0.356124
	phiC = 0.181632
	phiG = 0.235516
2017-12-30 18:29:11,591 - INFO - Writing model parameters to phydms/Perth_intermediate_0_ExpCM_HA_Lee_prefs_gammaomega_modelparams.txt
2017-12-30 18:29:11,597 - INFO - Writing the optimized tree to phydms/Perth_intermediate_0_ExpCM_HA_Lee_prefs_gammaomega_tree.newick

2017-12-30 18:29:11,613 - INFO - Successful completion of phydms
