2017-12-31 01:46:07,315 - INFO - Beginning execution of phydms in directory /fh/fast/bloom_j/computational_notebooks/skhilton/2017/divergence_timing_manuscript/analysis/HA/branch_lengths

2017-12-31 01:46:07,315 - INFO - Progress is being logged to phydms/Perth_low_0_averaged_ExpCM_HA_Lee_prefs_gammaomega_log.log

2017-12-31 01:46:07,315 - INFO - Version information:
	Time and date: Sun Dec 31 01:46:06 2017
	Platform: Linux-3.13.0-68-generic-x86_64-with-debian-jessie-sid
	Python version: 3.6.0 |Continuum Analytics, Inc.| (default, Dec 23 2016, 12:22:00)  [GCC 4.4.7 20120313 (Red Hat 4.4.7-1)]
	phydms version: 2.2.0
	Bio version: 1.69
	cython version: 0.25.2
	numpy version: 1.13.3
	scipy version: 0.19.0
	matplotlib version: 2.1.0
	natsort version: 5.0.2
	sympy version: 1.0
	six version: 1.11.0
	pandas version: 0.21.0
	pyvolve version: 0.8.4
	statsmodels version: 0.8.0
	weblogolib version: 3.5.0
	PyPDF2 version: 1.26.0

2017-12-31 01:46:07,315 - INFO - Parsed the following arguments:
	alignment = ../data/subsample/HA_Perth_low_0.fasta
	tree = phydms/Perth_low_0_RAxML_tree.newick
	model = ('ExpCM', '../data/references/HA_Lee_prefs.csv')
	outprefix = phydms/Perth_low_0_averaged_ExpCM_HA_Lee_prefs_gammaomega
	brlen = optimize
	gammaomega = True
	gammabeta = False
	omegabysite = False
	omegabysite_fixsyn = False
	diffprefsbysite = False
	diffprefsprior = ('invquadratic', 150.0, 0.5)
	fitphi = False
	randprefs = False
	avgprefs = True
	divpressure = None
	ncpus = 4
	fitprefsmethod = 2
	ncats = 4
	minbrlen = 1e-06
	minpref = 0.002
	seed = 1
	initparams = None
	profile = False
	opt_details = False
	nograd = False

2017-12-31 01:46:07,315 - INFO - Random number seed: 1

2017-12-31 01:46:07,315 - INFO - Reading alignment from ../data/subsample/HA_Perth_low_0.fasta
2017-12-31 01:46:07,661 - INFO - Read 34 aligned sequences from ../data/subsample/HA_Perth_low_0.fasta, each consisting of 565 codons.

2017-12-31 01:46:07,661 - INFO - The model will be an ExpCM informed by site-specific amino-acid preferences in ../data/references/HA_Lee_prefs.csv
2017-12-31 01:46:07,661 - INFO - Preferences will be averaged across sites.
2017-12-31 01:46:09,631 - INFO - Successfully read site-specific amino-acid preferences for all 565 sites.

2017-12-31 01:46:09,640 - INFO - Nucleotide frequency parameters phi will be set so stationary state matches alignment nucleotide frequencies of A = 0.334, C = 0.196, G = 0.234, T = 0.235

2017-12-31 01:46:14,866 - INFO - Omega will be drawn from 4 gamma-distributed categories.

2017-12-31 01:46:39,938 - INFO - Reading tree from phydms/Perth_low_0_RAxML_tree.newick
2017-12-31 01:46:39,942 - INFO - Tree has 34 tips.
2017-12-31 01:46:39,951 - INFO - Adjusted 1 branch lengths up to minbrlen 1e-06

2017-12-31 01:46:39,952 - INFO - Initializing TreeLikelihood..
2017-12-31 01:48:27,018 - INFO - TreeLikelihood initialized.
2017-12-31 01:48:27,020 - INFO - Maximizing log likelihood (initially -23746.33).
2017-12-31 01:48:27,020 - INFO - Branch lengths will be optimized individually.
2017-12-31 05:01:01,943 - INFO - Maximization complete:
	Step 1: optimized parameters, loglik went from -23746.33 to -20798.93 (20 iterations, 27 function evals)
	Step 2: optimized branches, loglik went from -20798.93 to -20756.87 (142 iterations, 156 function evals)
	Step 3: optimized parameters, loglik went from -20756.87 to -20749.57 (9 iterations, 13 function evals)
	Step 4: optimized branches, loglik went from -20749.57 to -20748.18 (66 iterations, 75 function evals)
	Step 5: optimized parameters, loglik went from -20748.18 to -20747.94 (9 iterations, 13 function evals)
	Step 6: optimized branches, loglik went from -20747.94 to -20745.98 (159 iterations, 175 function evals)
	Step 7: optimized parameters, loglik went from -20745.98 to -20745.84 (3 iterations, 6 function evals)
	Step 8: optimized branches, loglik went from -20745.84 to -20745.84 (1 iterations, 4 function evals)
2017-12-31 05:01:01,991 - INFO - Optimized log likelihood is -20745.84.
2017-12-31 05:01:01,992 - INFO - Writing log likelihood to phydms/Perth_low_0_averaged_ExpCM_HA_Lee_prefs_gammaomega_loglikelihood.txt
2017-12-31 05:01:02,016 - INFO - Model parameters after optimization:
	alpha_omega = 0.434485
	beta = 1.79828
	beta_omega = 5.87043
	kappa = 3.89205
	phiA = 0.349227
	phiC = 0.189218
	phiG = 0.238657
2017-12-31 05:01:02,017 - INFO - Writing model parameters to phydms/Perth_low_0_averaged_ExpCM_HA_Lee_prefs_gammaomega_modelparams.txt
2017-12-31 05:01:02,021 - INFO - Writing the optimized tree to phydms/Perth_low_0_averaged_ExpCM_HA_Lee_prefs_gammaomega_tree.newick

2017-12-31 05:01:02,031 - INFO - Successful completion of phydms
