2017-12-30 09:01:46,861 - INFO - Beginning execution of phydms in directory /fh/fast/bloom_j/computational_notebooks/skhilton/2017/divergence_timing_manuscript/analysis/HA/branch_lengths

2017-12-30 09:01:46,862 - INFO - Progress is being logged to phydms/Perth_high_0_YNGKP_M0_log.log

2017-12-30 09:01:46,862 - INFO - Version information:
	Time and date: Sat Dec 30 09:01:45 2017
	Platform: Linux-3.13.0-68-generic-x86_64-with-debian-jessie-sid
	Python version: 3.6.0 |Continuum Analytics, Inc.| (default, Dec 23 2016, 12:22:00)  [GCC 4.4.7 20120313 (Red Hat 4.4.7-1)]
	phydms version: 2.2.0
	Bio version: 1.69
	cython version: 0.25.2
	numpy version: 1.13.3
	scipy version: 0.19.0
	matplotlib version: 2.1.0
	natsort version: 5.0.2
	sympy version: 1.0
	six version: 1.11.0
	pandas version: 0.21.0
	pyvolve version: 0.8.4
	statsmodels version: 0.8.0
	weblogolib version: 3.5.0
	PyPDF2 version: 1.26.0

2017-12-30 09:01:46,863 - INFO - Parsed the following arguments:
	alignment = ../data/subsample/HA_Perth_high_0.fasta
	tree = phydms/Perth_high_0_RAxML_tree.newick
	model = YNGKP_M0
	outprefix = phydms/Perth_high_0_YNGKP_M0
	brlen = optimize
	gammaomega = False
	gammabeta = False
	omegabysite = False
	omegabysite_fixsyn = False
	diffprefsbysite = False
	diffprefsprior = ('invquadratic', 150.0, 0.5)
	fitphi = False
	randprefs = False
	avgprefs = False
	divpressure = None
	ncpus = 1
	fitprefsmethod = 2
	ncats = 4
	minbrlen = 1e-06
	minpref = 0.002
	seed = 1
	initparams = None
	profile = False
	opt_details = False
	nograd = False

2017-12-30 09:01:46,863 - INFO - Random number seed: 1

2017-12-30 09:01:46,863 - INFO - Reading alignment from ../data/subsample/HA_Perth_high_0.fasta
2017-12-30 09:01:47,645 - INFO - Read 87 aligned sequences from ../data/subsample/HA_Perth_high_0.fasta, each consisting of 565 codons.

2017-12-30 09:01:47,646 - INFO - Codon substitution model with be M0 version of YNGKP (Yang, Nielsen, Goldman, & Pederson. Genetics. 155:431-449).
2017-12-30 09:01:47,706 - INFO - Reading tree from phydms/Perth_high_0_RAxML_tree.newick
2017-12-30 09:01:47,712 - INFO - Tree has 87 tips.
2017-12-30 09:01:47,760 - INFO - Adjusted 1 branch lengths up to minbrlen 1e-06

2017-12-30 09:01:47,760 - INFO - Initializing TreeLikelihood..
2017-12-30 09:02:02,150 - INFO - TreeLikelihood initialized.
2017-12-30 09:02:02,165 - INFO - Maximizing log likelihood (initially -62080.26).
2017-12-30 09:02:02,166 - INFO - Branch lengths will be optimized individually.
2017-12-30 10:05:38,859 - INFO - Maximization complete:
	Step 1: optimized parameters, loglik went from -62080.26 to -54985.59 (18 iterations, 31 function evals)
	Step 2: optimized branches, loglik went from -54985.59 to -54950.61 (112 iterations, 125 function evals)
	Step 3: optimized parameters, loglik went from -54950.61 to -54946.08 (4 iterations, 9 function evals)
	Step 4: optimized branches, loglik went from -54946.08 to -54944.54 (41 iterations, 46 function evals)
	Step 5: optimized parameters, loglik went from -54944.54 to -54943.78 (6 iterations, 9 function evals)
	Step 6: optimized branches, loglik went from -54943.78 to -54943.77 (2 iterations, 6 function evals)
	Step 7: optimized parameters, loglik went from -54943.77 to -54943.55 (4 iterations, 8 function evals)
	Step 8: optimized branches, loglik went from -54943.55 to -54943.38 (2 iterations, 5 function evals)
	Step 9: optimized parameters, loglik went from -54943.38 to -54943.26 (6 iterations, 15 function evals)
	Step 10: optimized branches, loglik went from -54943.26 to -54943.26 (1 iterations, 4 function evals)
2017-12-30 10:05:38,905 - INFO - Optimized log likelihood is -54943.26.
2017-12-30 10:05:38,905 - INFO - Writing log likelihood to phydms/Perth_high_0_YNGKP_M0_loglikelihood.txt
2017-12-30 10:05:38,918 - INFO - Model parameters after optimization:
	kappa = 2.8741
	omega = 0.0659187
	phi0A = 0.334802
	phi0C = 0.141064
	phi0G = 0.280636
	phi1A = 0.368929
	phi1C = 0.178428
	phi1G = 0.207762
	phi2A = 0.340031
	phi2C = 0.207246
	phi2G = 0.204897
2017-12-30 10:05:38,918 - INFO - Writing model parameters to phydms/Perth_high_0_YNGKP_M0_modelparams.txt
2017-12-30 10:05:38,922 - INFO - Writing the optimized tree to phydms/Perth_high_0_YNGKP_M0_tree.newick

2017-12-30 10:05:38,930 - INFO - Successful completion of phydms
