2017-12-31 01:46:06,260 - INFO - Beginning execution of phydms in directory /fh/fast/bloom_j/computational_notebooks/skhilton/2017/divergence_timing_manuscript/analysis/HA/branch_lengths

2017-12-31 01:46:06,260 - INFO - Progress is being logged to phydms/Perth_low_0_averaged_ExpCM_HA_Lee_prefs_log.log

2017-12-31 01:46:06,260 - INFO - Version information:
	Time and date: Sun Dec 31 01:46:05 2017
	Platform: Linux-3.13.0-68-generic-x86_64-with-debian-jessie-sid
	Python version: 3.6.0 |Continuum Analytics, Inc.| (default, Dec 23 2016, 12:22:00)  [GCC 4.4.7 20120313 (Red Hat 4.4.7-1)]
	phydms version: 2.2.0
	Bio version: 1.69
	cython version: 0.25.2
	numpy version: 1.13.3
	scipy version: 0.19.0
	matplotlib version: 2.1.0
	natsort version: 5.0.2
	sympy version: 1.0
	six version: 1.11.0
	pandas version: 0.21.0
	pyvolve version: 0.8.4
	statsmodels version: 0.8.0
	weblogolib version: 3.5.0
	PyPDF2 version: 1.26.0

2017-12-31 01:46:06,260 - INFO - Parsed the following arguments:
	alignment = ../data/subsample/HA_Perth_low_0.fasta
	tree = phydms/Perth_low_0_RAxML_tree.newick
	model = ('ExpCM', '../data/references/HA_Lee_prefs.csv')
	outprefix = phydms/Perth_low_0_averaged_ExpCM_HA_Lee_prefs
	brlen = optimize
	gammaomega = False
	gammabeta = False
	omegabysite = False
	omegabysite_fixsyn = False
	diffprefsbysite = False
	diffprefsprior = ('invquadratic', 150.0, 0.5)
	fitphi = False
	randprefs = False
	avgprefs = True
	divpressure = None
	ncpus = 4
	fitprefsmethod = 2
	ncats = 4
	minbrlen = 1e-06
	minpref = 0.002
	seed = 1
	initparams = None
	profile = False
	opt_details = False
	nograd = False

2017-12-31 01:46:06,260 - INFO - Random number seed: 1

2017-12-31 01:46:06,260 - INFO - Reading alignment from ../data/subsample/HA_Perth_low_0.fasta
2017-12-31 01:46:06,632 - INFO - Read 34 aligned sequences from ../data/subsample/HA_Perth_low_0.fasta, each consisting of 565 codons.

2017-12-31 01:46:06,632 - INFO - The model will be an ExpCM informed by site-specific amino-acid preferences in ../data/references/HA_Lee_prefs.csv
2017-12-31 01:46:06,632 - INFO - Preferences will be averaged across sites.
2017-12-31 01:46:08,042 - INFO - Successfully read site-specific amino-acid preferences for all 565 sites.

2017-12-31 01:46:08,043 - INFO - Nucleotide frequency parameters phi will be set so stationary state matches alignment nucleotide frequencies of A = 0.334, C = 0.196, G = 0.234, T = 0.235

2017-12-31 01:46:12,912 - INFO - Reading tree from phydms/Perth_low_0_RAxML_tree.newick
2017-12-31 01:46:12,917 - INFO - Tree has 34 tips.
2017-12-31 01:46:12,927 - INFO - Adjusted 1 branch lengths up to minbrlen 1e-06

2017-12-31 01:46:12,927 - INFO - Initializing TreeLikelihood..
2017-12-31 01:46:47,104 - INFO - TreeLikelihood initialized.
2017-12-31 01:46:47,105 - INFO - Maximizing log likelihood (initially -24317.54).
2017-12-31 01:46:47,105 - INFO - Branch lengths will be optimized individually.
2017-12-31 02:10:45,045 - INFO - Maximization complete:
	Step 1: optimized parameters, loglik went from -24317.54 to -21364.78 (15 iterations, 25 function evals)
	Step 2: optimized branches, loglik went from -21364.78 to -21347.89 (109 iterations, 121 function evals)
	Step 3: optimized parameters, loglik went from -21347.89 to -21347.68 (4 iterations, 8 function evals)
	Step 4: optimized branches, loglik went from -21347.68 to -21347.68 (1 iterations, 5 function evals)
2017-12-31 02:10:45,102 - INFO - Optimized log likelihood is -21347.68.
2017-12-31 02:10:45,102 - INFO - Writing log likelihood to phydms/Perth_low_0_averaged_ExpCM_HA_Lee_prefs_loglikelihood.txt
2017-12-31 02:10:45,146 - INFO - Model parameters after optimization:
	beta = 1.09461
	kappa = 3.38609
	omega = 0.0625353
	phiA = 0.34683
	phiC = 0.18729
	phiG = 0.236041
2017-12-31 02:10:45,146 - INFO - Writing model parameters to phydms/Perth_low_0_averaged_ExpCM_HA_Lee_prefs_modelparams.txt
2017-12-31 02:10:45,151 - INFO - Writing the optimized tree to phydms/Perth_low_0_averaged_ExpCM_HA_Lee_prefs_tree.newick

2017-12-31 02:10:45,161 - INFO - Successful completion of phydms
