2017-12-30 09:01:49,751 - INFO - Beginning execution of phydms in directory /fh/fast/bloom_j/computational_notebooks/skhilton/2017/divergence_timing_manuscript/analysis/HA/branch_lengths

2017-12-30 09:01:49,752 - INFO - Progress is being logged to phydms/Perth_high_0_ExpCM_HA_Lee_prefs_log.log

2017-12-30 09:01:49,752 - INFO - Version information:
	Time and date: Sat Dec 30 09:01:48 2017
	Platform: Linux-3.13.0-68-generic-x86_64-with-debian-jessie-sid
	Python version: 3.6.0 |Continuum Analytics, Inc.| (default, Dec 23 2016, 12:22:00)  [GCC 4.4.7 20120313 (Red Hat 4.4.7-1)]
	phydms version: 2.2.0
	Bio version: 1.69
	cython version: 0.25.2
	numpy version: 1.13.3
	scipy version: 0.19.0
	matplotlib version: 2.1.0
	natsort version: 5.0.2
	sympy version: 1.0
	six version: 1.11.0
	pandas version: 0.21.0
	pyvolve version: 0.8.4
	statsmodels version: 0.8.0
	weblogolib version: 3.5.0
	PyPDF2 version: 1.26.0

2017-12-30 09:01:49,752 - INFO - Parsed the following arguments:
	alignment = ../data/subsample/HA_Perth_high_0.fasta
	tree = phydms/Perth_high_0_RAxML_tree.newick
	model = ('ExpCM', '../data/references/HA_Lee_prefs.csv')
	outprefix = phydms/Perth_high_0_ExpCM_HA_Lee_prefs
	brlen = optimize
	gammaomega = False
	gammabeta = False
	omegabysite = False
	omegabysite_fixsyn = False
	diffprefsbysite = False
	diffprefsprior = ('invquadratic', 150.0, 0.5)
	fitphi = False
	randprefs = False
	avgprefs = False
	divpressure = None
	ncpus = 4
	fitprefsmethod = 2
	ncats = 4
	minbrlen = 1e-06
	minpref = 0.002
	seed = 1
	initparams = None
	profile = False
	opt_details = False
	nograd = False

2017-12-30 09:01:49,752 - INFO - Random number seed: 1

2017-12-30 09:01:49,752 - INFO - Reading alignment from ../data/subsample/HA_Perth_high_0.fasta
2017-12-30 09:01:50,774 - INFO - Read 87 aligned sequences from ../data/subsample/HA_Perth_high_0.fasta, each consisting of 565 codons.

2017-12-30 09:01:50,775 - INFO - The model will be an ExpCM informed by site-specific amino-acid preferences in ../data/references/HA_Lee_prefs.csv
2017-12-30 09:01:52,825 - INFO - Successfully read site-specific amino-acid preferences for all 565 sites.

2017-12-30 09:01:52,828 - INFO - Nucleotide frequency parameters phi will be set so stationary state matches alignment nucleotide frequencies of A = 0.338, C = 0.188, G = 0.235, T = 0.239

2017-12-30 09:02:23,555 - INFO - Reading tree from phydms/Perth_high_0_RAxML_tree.newick
2017-12-30 09:02:23,587 - INFO - Tree has 87 tips.
2017-12-30 09:02:23,783 - INFO - Adjusted 1 branch lengths up to minbrlen 1e-06

2017-12-30 09:02:23,796 - INFO - Initializing TreeLikelihood..
2017-12-30 09:04:25,830 - INFO - TreeLikelihood initialized.
2017-12-30 09:04:25,832 - INFO - Maximizing log likelihood (initially -59440.50).
2017-12-30 09:04:25,832 - INFO - Branch lengths will be optimized individually.
2017-12-30 12:01:48,172 - INFO - Maximization complete:
	Step 1: optimized parameters, loglik went from -59440.50 to -52621.75 (24 iterations, 31 function evals)
	Step 2: optimized branches, loglik went from -52621.75 to -52515.83 (226 iterations, 246 function evals)
	Step 3: optimized parameters, loglik went from -52515.83 to -52508.89 (4 iterations, 8 function evals)
	Step 4: optimized branches, loglik went from -52508.89 to -52507.28 (18 iterations, 23 function evals)
	Step 5: optimized parameters, loglik went from -52507.28 to -52506.93 (3 iterations, 7 function evals)
	Step 6: optimized branches, loglik went from -52506.93 to -52506.93 (1 iterations, 4 function evals)
2017-12-30 12:01:48,223 - INFO - Optimized log likelihood is -52506.93.
2017-12-30 12:01:48,223 - INFO - Writing log likelihood to phydms/Perth_high_0_ExpCM_HA_Lee_prefs_loglikelihood.txt
2017-12-30 12:01:48,238 - INFO - Model parameters after optimization:
	beta = 1.46297
	kappa = 3.43286
	omega = 0.118326
	phiA = 0.359663
	phiC = 0.178862
	phiG = 0.234836
2017-12-30 12:01:48,238 - INFO - Writing model parameters to phydms/Perth_high_0_ExpCM_HA_Lee_prefs_modelparams.txt
2017-12-30 12:01:48,243 - INFO - Writing the optimized tree to phydms/Perth_high_0_ExpCM_HA_Lee_prefs_tree.newick

2017-12-30 12:01:48,254 - INFO - Successful completion of phydms
