2017-12-30 09:01:50,696 - INFO - Beginning execution of phydms in directory /fh/fast/bloom_j/computational_notebooks/skhilton/2017/divergence_timing_manuscript/analysis/HA/branch_lengths

2017-12-30 09:01:50,696 - INFO - Progress is being logged to phydms/Perth_high_0_ExpCM_HA_Lee_prefs_gammaomega_log.log

2017-12-30 09:01:50,696 - INFO - Version information:
	Time and date: Sat Dec 30 09:01:48 2017
	Platform: Linux-3.13.0-68-generic-x86_64-with-debian-jessie-sid
	Python version: 3.6.0 |Continuum Analytics, Inc.| (default, Dec 23 2016, 12:22:00)  [GCC 4.4.7 20120313 (Red Hat 4.4.7-1)]
	phydms version: 2.2.0
	Bio version: 1.69
	cython version: 0.25.2
	numpy version: 1.13.3
	scipy version: 0.19.0
	matplotlib version: 2.1.0
	natsort version: 5.0.2
	sympy version: 1.0
	six version: 1.11.0
	pandas version: 0.21.0
	pyvolve version: 0.8.4
	statsmodels version: 0.8.0
	weblogolib version: 3.5.0
	PyPDF2 version: 1.26.0

2017-12-30 09:01:50,696 - INFO - Parsed the following arguments:
	alignment = ../data/subsample/HA_Perth_high_0.fasta
	tree = phydms/Perth_high_0_RAxML_tree.newick
	model = ('ExpCM', '../data/references/HA_Lee_prefs.csv')
	outprefix = phydms/Perth_high_0_ExpCM_HA_Lee_prefs_gammaomega
	brlen = optimize
	gammaomega = True
	gammabeta = False
	omegabysite = False
	omegabysite_fixsyn = False
	diffprefsbysite = False
	diffprefsprior = ('invquadratic', 150.0, 0.5)
	fitphi = False
	randprefs = False
	avgprefs = False
	divpressure = None
	ncpus = 4
	fitprefsmethod = 2
	ncats = 4
	minbrlen = 1e-06
	minpref = 0.002
	seed = 1
	initparams = None
	profile = False
	opt_details = False
	nograd = False

2017-12-30 09:01:50,697 - INFO - Random number seed: 1

2017-12-30 09:01:50,697 - INFO - Reading alignment from ../data/subsample/HA_Perth_high_0.fasta
2017-12-30 09:01:51,605 - INFO - Read 87 aligned sequences from ../data/subsample/HA_Perth_high_0.fasta, each consisting of 565 codons.

2017-12-30 09:01:51,608 - INFO - The model will be an ExpCM informed by site-specific amino-acid preferences in ../data/references/HA_Lee_prefs.csv
2017-12-30 09:01:53,239 - INFO - Successfully read site-specific amino-acid preferences for all 565 sites.

2017-12-30 09:01:53,243 - INFO - Nucleotide frequency parameters phi will be set so stationary state matches alignment nucleotide frequencies of A = 0.338, C = 0.188, G = 0.235, T = 0.239

2017-12-30 09:02:12,617 - INFO - Omega will be drawn from 4 gamma-distributed categories.

2017-12-30 09:03:38,287 - INFO - Reading tree from phydms/Perth_high_0_RAxML_tree.newick
2017-12-30 09:03:38,300 - INFO - Tree has 87 tips.
2017-12-30 09:03:38,361 - INFO - Adjusted 1 branch lengths up to minbrlen 1e-06

2017-12-30 09:03:38,362 - INFO - Initializing TreeLikelihood..
2017-12-30 09:09:31,352 - INFO - TreeLikelihood initialized.
2017-12-30 09:09:31,353 - INFO - Maximizing log likelihood (initially -58541.47).
2017-12-30 09:09:31,353 - INFO - Branch lengths will be optimized individually.
2017-12-30 20:37:53,903 - INFO - Maximization complete:
	Step 1: optimized parameters, loglik went from -58541.47 to -51961.25 (22 iterations, 29 function evals)
	Step 2: optimized branches, loglik went from -51961.25 to -51787.83 (292 iterations, 314 function evals)
	Step 3: optimized parameters, loglik went from -51787.83 to -51766.68 (16 iterations, 20 function evals)
	Step 4: optimized branches, loglik went from -51766.68 to -51765.63 (18 iterations, 22 function evals)
	Step 5: optimized parameters, loglik went from -51765.63 to -51764.89 (4 iterations, 7 function evals)
	Step 6: optimized branches, loglik went from -51764.89 to -51763.07 (5 iterations, 10 function evals)
	Step 7: optimized parameters, loglik went from -51763.07 to -51762.89 (4 iterations, 6 function evals)
	Step 8: optimized branches, loglik went from -51762.89 to -51762.89 (1 iterations, 4 function evals)
2017-12-30 20:37:53,906 - INFO - Optimized log likelihood is -51762.89.
2017-12-30 20:37:53,906 - INFO - Writing log likelihood to phydms/Perth_high_0_ExpCM_HA_Lee_prefs_gammaomega_loglikelihood.txt
2017-12-30 20:37:53,911 - INFO - Model parameters after optimization:
	alpha_omega = 1.02884
	beta = 1.30797
	beta_omega = 8.62733
	kappa = 3.76749
	phiA = 0.357112
	phiC = 0.178756
	phiG = 0.235458
2017-12-30 20:37:53,911 - INFO - Writing model parameters to phydms/Perth_high_0_ExpCM_HA_Lee_prefs_gammaomega_modelparams.txt
2017-12-30 20:37:53,918 - INFO - Writing the optimized tree to phydms/Perth_high_0_ExpCM_HA_Lee_prefs_gammaomega_tree.newick

2017-12-30 20:37:53,937 - INFO - Successful completion of phydms
