2017-12-31 01:46:10,070 - INFO - Beginning execution of phydms in directory /fh/fast/bloom_j/computational_notebooks/skhilton/2017/divergence_timing_manuscript/analysis/HA/branch_lengths

2017-12-31 01:46:10,070 - INFO - Progress is being logged to phydms/Perth_low_0_randomized_ExpCM_HA_Lee_prefs_gammaomega_log.log

2017-12-31 01:46:10,070 - INFO - Version information:
	Time and date: Sun Dec 31 01:46:08 2017
	Platform: Linux-3.13.0-68-generic-x86_64-with-debian-jessie-sid
	Python version: 3.6.0 |Continuum Analytics, Inc.| (default, Dec 23 2016, 12:22:00)  [GCC 4.4.7 20120313 (Red Hat 4.4.7-1)]
	phydms version: 2.2.0
	Bio version: 1.69
	cython version: 0.25.2
	numpy version: 1.13.3
	scipy version: 0.19.0
	matplotlib version: 2.1.0
	natsort version: 5.0.2
	sympy version: 1.0
	six version: 1.11.0
	pandas version: 0.21.0
	pyvolve version: 0.8.4
	statsmodels version: 0.8.0
	weblogolib version: 3.5.0
	PyPDF2 version: 1.26.0

2017-12-31 01:46:10,070 - INFO - Parsed the following arguments:
	alignment = ../data/subsample/HA_Perth_low_0.fasta
	tree = phydms/Perth_low_0_RAxML_tree.newick
	model = ('ExpCM', '../data/references/HA_Lee_prefs.csv')
	outprefix = phydms/Perth_low_0_randomized_ExpCM_HA_Lee_prefs_gammaomega
	brlen = optimize
	gammaomega = True
	gammabeta = False
	omegabysite = False
	omegabysite_fixsyn = False
	diffprefsbysite = False
	diffprefsprior = ('invquadratic', 150.0, 0.5)
	fitphi = False
	randprefs = True
	avgprefs = False
	divpressure = None
	ncpus = 4
	fitprefsmethod = 2
	ncats = 4
	minbrlen = 1e-06
	minpref = 0.002
	seed = 1
	initparams = None
	profile = False
	opt_details = False
	nograd = False

2017-12-31 01:46:10,070 - INFO - Random number seed: 1

2017-12-31 01:46:10,070 - INFO - Reading alignment from ../data/subsample/HA_Perth_low_0.fasta
2017-12-31 01:46:11,235 - INFO - Read 34 aligned sequences from ../data/subsample/HA_Perth_low_0.fasta, each consisting of 565 codons.

2017-12-31 01:46:11,265 - INFO - The model will be an ExpCM informed by site-specific amino-acid preferences in ../data/references/HA_Lee_prefs.csv
2017-12-31 01:46:11,265 - INFO - Preferences will be randomized across sites.
2017-12-31 01:46:14,569 - INFO - Successfully read site-specific amino-acid preferences for all 565 sites.

2017-12-31 01:46:14,571 - INFO - Nucleotide frequency parameters phi will be set so stationary state matches alignment nucleotide frequencies of A = 0.334, C = 0.196, G = 0.234, T = 0.235

2017-12-31 01:46:17,868 - INFO - Omega will be drawn from 4 gamma-distributed categories.

2017-12-31 01:46:40,112 - INFO - Reading tree from phydms/Perth_low_0_RAxML_tree.newick
2017-12-31 01:46:40,115 - INFO - Tree has 34 tips.
2017-12-31 01:46:40,123 - INFO - Adjusted 1 branch lengths up to minbrlen 1e-06

2017-12-31 01:46:40,123 - INFO - Initializing TreeLikelihood..
2017-12-31 01:48:08,010 - INFO - TreeLikelihood initialized.
2017-12-31 01:48:08,011 - INFO - Maximizing log likelihood (initially -23848.66).
2017-12-31 01:48:08,011 - INFO - Branch lengths will be optimized individually.
2017-12-31 03:41:03,684 - INFO - Maximization complete:
	Step 1: optimized parameters, loglik went from -23848.66 to -20844.44 (18 iterations, 24 function evals)
	Step 2: optimized branches, loglik went from -20844.44 to -20805.01 (159 iterations, 175 function evals)
	Step 3: optimized parameters, loglik went from -20805.01 to -20798.44 (16 iterations, 21 function evals)
	Step 4: optimized branches, loglik went from -20798.44 to -20798.44 (1 iterations, 5 function evals)
2017-12-31 03:41:03,731 - INFO - Optimized log likelihood is -20798.44.
2017-12-31 03:41:03,731 - INFO - Writing log likelihood to phydms/Perth_low_0_randomized_ExpCM_HA_Lee_prefs_gammaomega_loglikelihood.txt
2017-12-31 03:41:03,740 - INFO - Model parameters after optimization:
	alpha_omega = 0.465547
	beta = 0.0302754
	beta_omega = 6.07709
	kappa = 3.8303
	phiA = 0.343354
	phiC = 0.183191
	phiG = 0.231813
2017-12-31 03:41:03,741 - INFO - Writing model parameters to phydms/Perth_low_0_randomized_ExpCM_HA_Lee_prefs_gammaomega_modelparams.txt
2017-12-31 03:41:03,745 - INFO - Writing the optimized tree to phydms/Perth_low_0_randomized_ExpCM_HA_Lee_prefs_gammaomega_tree.newick

2017-12-31 03:41:03,755 - INFO - Successful completion of phydms
