2017-12-30 09:01:53,660 - INFO - Beginning execution of phydms in directory /fh/fast/bloom_j/computational_notebooks/skhilton/2017/divergence_timing_manuscript/analysis/HA/branch_lengths

2017-12-30 09:01:53,660 - INFO - Progress is being logged to phydms/Perth_high_0_randomized_ExpCM_HA_Lee_prefs_log.log

2017-12-30 09:01:53,660 - INFO - Version information:
	Time and date: Sat Dec 30 09:01:51 2017
	Platform: Linux-3.13.0-68-generic-x86_64-with-debian-jessie-sid
	Python version: 3.6.0 |Continuum Analytics, Inc.| (default, Dec 23 2016, 12:22:00)  [GCC 4.4.7 20120313 (Red Hat 4.4.7-1)]
	phydms version: 2.2.0
	Bio version: 1.69
	cython version: 0.25.2
	numpy version: 1.13.3
	scipy version: 0.19.0
	matplotlib version: 2.1.0
	natsort version: 5.0.2
	sympy version: 1.0
	six version: 1.11.0
	pandas version: 0.21.0
	pyvolve version: 0.8.4
	statsmodels version: 0.8.0
	weblogolib version: 3.5.0
	PyPDF2 version: 1.26.0

2017-12-30 09:01:53,660 - INFO - Parsed the following arguments:
	alignment = ../data/subsample/HA_Perth_high_0.fasta
	tree = phydms/Perth_high_0_RAxML_tree.newick
	model = ('ExpCM', '../data/references/HA_Lee_prefs.csv')
	outprefix = phydms/Perth_high_0_randomized_ExpCM_HA_Lee_prefs
	brlen = optimize
	gammaomega = False
	gammabeta = False
	omegabysite = False
	omegabysite_fixsyn = False
	diffprefsbysite = False
	diffprefsprior = ('invquadratic', 150.0, 0.5)
	fitphi = False
	randprefs = True
	avgprefs = False
	divpressure = None
	ncpus = 4
	fitprefsmethod = 2
	ncats = 4
	minbrlen = 1e-06
	minpref = 0.002
	seed = 1
	initparams = None
	profile = False
	opt_details = False
	nograd = False

2017-12-30 09:01:53,660 - INFO - Random number seed: 1

2017-12-30 09:01:53,661 - INFO - Reading alignment from ../data/subsample/HA_Perth_high_0.fasta
2017-12-30 09:01:55,255 - INFO - Read 87 aligned sequences from ../data/subsample/HA_Perth_high_0.fasta, each consisting of 565 codons.

2017-12-30 09:01:55,268 - INFO - The model will be an ExpCM informed by site-specific amino-acid preferences in ../data/references/HA_Lee_prefs.csv
2017-12-30 09:01:55,268 - INFO - Preferences will be randomized across sites.
2017-12-30 09:02:02,392 - INFO - Successfully read site-specific amino-acid preferences for all 565 sites.

2017-12-30 09:02:02,449 - INFO - Nucleotide frequency parameters phi will be set so stationary state matches alignment nucleotide frequencies of A = 0.338, C = 0.188, G = 0.235, T = 0.239

2017-12-30 09:02:22,336 - INFO - Reading tree from phydms/Perth_high_0_RAxML_tree.newick
2017-12-30 09:02:22,348 - INFO - Tree has 87 tips.
2017-12-30 09:02:22,514 - INFO - Adjusted 1 branch lengths up to minbrlen 1e-06

2017-12-30 09:02:22,536 - INFO - Initializing TreeLikelihood..
2017-12-30 09:04:18,914 - INFO - TreeLikelihood initialized.
2017-12-30 09:04:18,924 - INFO - Maximizing log likelihood (initially -62082.44).
2017-12-30 09:04:18,924 - INFO - Branch lengths will be optimized individually.
2017-12-30 11:27:25,867 - INFO - Maximization complete:
	Step 1: optimized parameters, loglik went from -62082.44 to -54748.72 (24 iterations, 35 function evals)
	Step 2: optimized branches, loglik went from -54748.72 to -54722.05 (125 iterations, 136 function evals)
	Step 3: optimized parameters, loglik went from -54722.05 to -54719.65 (4 iterations, 8 function evals)
	Step 4: optimized branches, loglik went from -54719.65 to -54718.63 (28 iterations, 36 function evals)
	Step 5: optimized parameters, loglik went from -54718.63 to -54718.33 (2 iterations, 5 function evals)
	Step 6: optimized branches, loglik went from -54718.33 to -54718.31 (2 iterations, 6 function evals)
	Step 7: optimized parameters, loglik went from -54718.31 to -54718.13 (3 iterations, 7 function evals)
	Step 8: optimized branches, loglik went from -54718.13 to -54718.12 (1 iterations, 5 function evals)
2017-12-30 11:27:25,868 - INFO - Optimized log likelihood is -54718.12.
2017-12-30 11:27:25,868 - INFO - Writing log likelihood to phydms/Perth_high_0_randomized_ExpCM_HA_Lee_prefs_loglikelihood.txt
2017-12-30 11:27:25,874 - INFO - Model parameters after optimization:
	beta = 1.1e-05
	kappa = 3.2942
	omega = 0.075577
	phiA = 0.347621
	phiC = 0.174994
	phiG = 0.23169
2017-12-30 11:27:25,874 - INFO - Writing model parameters to phydms/Perth_high_0_randomized_ExpCM_HA_Lee_prefs_modelparams.txt
2017-12-30 11:27:25,880 - INFO - Writing the optimized tree to phydms/Perth_high_0_randomized_ExpCM_HA_Lee_prefs_tree.newick

2017-12-30 11:27:25,888 - INFO - Successful completion of phydms
