2017-12-31 01:46:02,089 - INFO - Beginning execution of phydms in directory /fh/fast/bloom_j/computational_notebooks/skhilton/2017/divergence_timing_manuscript/analysis/HA/branch_lengths

2017-12-31 01:46:02,089 - INFO - Progress is being logged to phydms/Perth_low_0_YNGKP_M0_log.log

2017-12-31 01:46:02,089 - INFO - Version information:
	Time and date: Sun Dec 31 01:46:00 2017
	Platform: Linux-3.13.0-68-generic-x86_64-with-debian-jessie-sid
	Python version: 3.6.0 |Continuum Analytics, Inc.| (default, Dec 23 2016, 12:22:00)  [GCC 4.4.7 20120313 (Red Hat 4.4.7-1)]
	phydms version: 2.2.0
	Bio version: 1.69
	cython version: 0.25.2
	numpy version: 1.13.3
	scipy version: 0.19.0
	matplotlib version: 2.1.0
	natsort version: 5.0.2
	sympy version: 1.0
	six version: 1.11.0
	pandas version: 0.21.0
	pyvolve version: 0.8.4
	statsmodels version: 0.8.0
	weblogolib version: 3.5.0
	PyPDF2 version: 1.26.0

2017-12-31 01:46:02,089 - INFO - Parsed the following arguments:
	alignment = ../data/subsample/HA_Perth_low_0.fasta
	tree = phydms/Perth_low_0_RAxML_tree.newick
	model = YNGKP_M0
	outprefix = phydms/Perth_low_0_YNGKP_M0
	brlen = optimize
	gammaomega = False
	gammabeta = False
	omegabysite = False
	omegabysite_fixsyn = False
	diffprefsbysite = False
	diffprefsprior = ('invquadratic', 150.0, 0.5)
	fitphi = False
	randprefs = False
	avgprefs = False
	divpressure = None
	ncpus = 1
	fitprefsmethod = 2
	ncats = 4
	minbrlen = 1e-06
	minpref = 0.002
	seed = 1
	initparams = None
	profile = False
	opt_details = False
	nograd = False

2017-12-31 01:46:02,090 - INFO - Random number seed: 1

2017-12-31 01:46:02,090 - INFO - Reading alignment from ../data/subsample/HA_Perth_low_0.fasta
2017-12-31 01:46:02,395 - INFO - Read 34 aligned sequences from ../data/subsample/HA_Perth_low_0.fasta, each consisting of 565 codons.

2017-12-31 01:46:02,395 - INFO - Codon substitution model with be M0 version of YNGKP (Yang, Nielsen, Goldman, & Pederson. Genetics. 155:431-449).
2017-12-31 01:46:02,442 - INFO - Reading tree from phydms/Perth_low_0_RAxML_tree.newick
2017-12-31 01:46:02,445 - INFO - Tree has 34 tips.
2017-12-31 01:46:02,453 - INFO - Adjusted 1 branch lengths up to minbrlen 1e-06

2017-12-31 01:46:02,453 - INFO - Initializing TreeLikelihood..
2017-12-31 01:46:04,383 - INFO - TreeLikelihood initialized.
2017-12-31 01:46:04,383 - INFO - Maximizing log likelihood (initially -24435.62).
2017-12-31 01:46:04,384 - INFO - Branch lengths will be optimized individually.
2017-12-31 01:54:54,399 - INFO - Maximization complete:
	Step 1: optimized parameters, loglik went from -24435.62 to -21498.72 (14 iterations, 26 function evals)
	Step 2: optimized branches, loglik went from -21498.72 to -21479.70 (109 iterations, 119 function evals)
	Step 3: optimized parameters, loglik went from -21479.70 to -21479.07 (6 iterations, 10 function evals)
	Step 4: optimized branches, loglik went from -21479.07 to -21478.97 (2 iterations, 5 function evals)
	Step 5: optimized parameters, loglik went from -21478.97 to -21478.91 (4 iterations, 12 function evals)
	Step 6: optimized branches, loglik went from -21478.91 to -21478.91 (1 iterations, 4 function evals)
2017-12-31 01:54:54,400 - INFO - Optimized log likelihood is -21478.91.
2017-12-31 01:54:54,400 - INFO - Writing log likelihood to phydms/Perth_low_0_YNGKP_M0_loglikelihood.txt
2017-12-31 01:54:54,409 - INFO - Model parameters after optimization:
	kappa = 3.02193
	omega = 0.0553055
	phi0A = 0.339484
	phi0C = 0.1522
	phi0G = 0.2764
	phi1A = 0.356551
	phi1C = 0.179707
	phi1G = 0.214653
	phi2A = 0.333297
	phi2C = 0.220795
	phi2G = 0.202772
2017-12-31 01:54:54,409 - INFO - Writing model parameters to phydms/Perth_low_0_YNGKP_M0_modelparams.txt
2017-12-31 01:54:54,416 - INFO - Writing the optimized tree to phydms/Perth_low_0_YNGKP_M0_tree.newick

2017-12-31 01:54:54,423 - INFO - Successful completion of phydms
