2017-12-30 09:00:58,576 - INFO - Beginning execution of phydms in directory /fh/fast/bloom_j/computational_notebooks/skhilton/2017/divergence_timing_manuscript/analysis/HA/branch_lengths

2017-12-30 09:00:58,576 - INFO - Progress is being logged to phydms/Perth_intermediate_0_YNGKP_M0_log.log

2017-12-30 09:00:58,577 - INFO - Version information:
	Time and date: Sat Dec 30 09:00:56 2017
	Platform: Linux-3.13.0-68-generic-x86_64-with-debian-jessie-sid
	Python version: 3.6.0 |Continuum Analytics, Inc.| (default, Dec 23 2016, 12:22:00)  [GCC 4.4.7 20120313 (Red Hat 4.4.7-1)]
	phydms version: 2.2.0
	Bio version: 1.69
	cython version: 0.25.2
	numpy version: 1.13.3
	scipy version: 0.19.0
	matplotlib version: 2.1.0
	natsort version: 5.0.2
	sympy version: 1.0
	six version: 1.11.0
	pandas version: 0.21.0
	pyvolve version: 0.8.4
	statsmodels version: 0.8.0
	weblogolib version: 3.5.0
	PyPDF2 version: 1.26.0

2017-12-30 09:00:58,577 - INFO - Parsed the following arguments:
	alignment = ../data/subsample/HA_Perth_intermediate_0.fasta
	tree = phydms/Perth_intermediate_0_RAxML_tree.newick
	model = YNGKP_M0
	outprefix = phydms/Perth_intermediate_0_YNGKP_M0
	brlen = optimize
	gammaomega = False
	gammabeta = False
	omegabysite = False
	omegabysite_fixsyn = False
	diffprefsbysite = False
	diffprefsprior = ('invquadratic', 150.0, 0.5)
	fitphi = False
	randprefs = False
	avgprefs = False
	divpressure = None
	ncpus = 1
	fitprefsmethod = 2
	ncats = 4
	minbrlen = 1e-06
	minpref = 0.002
	seed = 1
	initparams = None
	profile = False
	opt_details = False
	nograd = False

2017-12-30 09:00:58,577 - INFO - Random number seed: 1

2017-12-30 09:00:58,577 - INFO - Reading alignment from ../data/subsample/HA_Perth_intermediate_0.fasta
2017-12-30 09:00:59,012 - INFO - Read 59 aligned sequences from ../data/subsample/HA_Perth_intermediate_0.fasta, each consisting of 565 codons.

2017-12-30 09:00:59,013 - INFO - Codon substitution model with be M0 version of YNGKP (Yang, Nielsen, Goldman, & Pederson. Genetics. 155:431-449).
2017-12-30 09:00:59,117 - INFO - Reading tree from phydms/Perth_intermediate_0_RAxML_tree.newick
2017-12-30 09:00:59,122 - INFO - Tree has 59 tips.
2017-12-30 09:00:59,140 - INFO - Adjusted 1 branch lengths up to minbrlen 1e-06

2017-12-30 09:00:59,140 - INFO - Initializing TreeLikelihood..
2017-12-30 09:01:03,390 - INFO - TreeLikelihood initialized.
2017-12-30 09:01:03,391 - INFO - Maximizing log likelihood (initially -43512.62).
2017-12-30 09:01:03,391 - INFO - Branch lengths will be optimized individually.
2017-12-30 09:49:55,491 - INFO - Maximization complete:
	Step 1: optimized parameters, loglik went from -43512.62 to -38382.64 (13 iterations, 27 function evals)
	Step 2: optimized branches, loglik went from -38382.64 to -38352.83 (114 iterations, 125 function evals)
	Step 3: optimized parameters, loglik went from -38352.83 to -38348.33 (4 iterations, 9 function evals)
	Step 4: optimized branches, loglik went from -38348.33 to -38346.83 (52 iterations, 62 function evals)
	Step 5: optimized parameters, loglik went from -38346.83 to -38346.26 (4 iterations, 7 function evals)
	Step 6: optimized branches, loglik went from -38346.26 to -38346.24 (2 iterations, 6 function evals)
	Step 7: optimized parameters, loglik went from -38346.24 to -38346.06 (3 iterations, 7 function evals)
	Step 8: optimized branches, loglik went from -38346.06 to -38346.05 (1 iterations, 4 function evals)
2017-12-30 09:49:55,536 - INFO - Optimized log likelihood is -38346.05.
2017-12-30 09:49:55,536 - INFO - Writing log likelihood to phydms/Perth_intermediate_0_YNGKP_M0_loglikelihood.txt
2017-12-30 09:49:55,544 - INFO - Model parameters after optimization:
	kappa = 3.02374
	omega = 0.0556618
	phi0A = 0.339671
	phi0C = 0.143364
	phi0G = 0.28061
	phi1A = 0.362234
	phi1C = 0.176839
	phi1G = 0.214078
	phi2A = 0.33426
	phi2C = 0.215289
	phi2G = 0.2004
2017-12-30 09:49:55,544 - INFO - Writing model parameters to phydms/Perth_intermediate_0_YNGKP_M0_modelparams.txt
2017-12-30 09:49:55,548 - INFO - Writing the optimized tree to phydms/Perth_intermediate_0_YNGKP_M0_tree.newick

2017-12-30 09:49:55,556 - INFO - Successful completion of phydms
