2017-12-30 09:01:48,850 - INFO - Beginning execution of phydms in directory /fh/fast/bloom_j/computational_notebooks/skhilton/2017/divergence_timing_manuscript/analysis/HA/branch_lengths

2017-12-30 09:01:48,850 - INFO - Progress is being logged to phydms/Perth_high_0_YNGKP_M5_log.log

2017-12-30 09:01:48,850 - INFO - Version information:
	Time and date: Sat Dec 30 09:01:47 2017
	Platform: Linux-3.13.0-68-generic-x86_64-with-debian-jessie-sid
	Python version: 3.6.0 |Continuum Analytics, Inc.| (default, Dec 23 2016, 12:22:00)  [GCC 4.4.7 20120313 (Red Hat 4.4.7-1)]
	phydms version: 2.2.0
	Bio version: 1.69
	cython version: 0.25.2
	numpy version: 1.13.3
	scipy version: 0.19.0
	matplotlib version: 2.1.0
	natsort version: 5.0.2
	sympy version: 1.0
	six version: 1.11.0
	pandas version: 0.21.0
	pyvolve version: 0.8.4
	statsmodels version: 0.8.0
	weblogolib version: 3.5.0
	PyPDF2 version: 1.26.0

2017-12-30 09:01:48,851 - INFO - Parsed the following arguments:
	alignment = ../data/subsample/HA_Perth_high_0.fasta
	tree = phydms/Perth_high_0_RAxML_tree.newick
	model = YNGKP_M5
	outprefix = phydms/Perth_high_0_YNGKP_M5
	brlen = optimize
	gammaomega = False
	gammabeta = False
	omegabysite = False
	omegabysite_fixsyn = False
	diffprefsbysite = False
	diffprefsprior = ('invquadratic', 150.0, 0.5)
	fitphi = False
	randprefs = False
	avgprefs = False
	divpressure = None
	ncpus = 1
	fitprefsmethod = 2
	ncats = 4
	minbrlen = 1e-06
	minpref = 0.002
	seed = 1
	initparams = None
	profile = False
	opt_details = False
	nograd = False

2017-12-30 09:01:48,851 - INFO - Random number seed: 1

2017-12-30 09:01:48,851 - INFO - Reading alignment from ../data/subsample/HA_Perth_high_0.fasta
2017-12-30 09:01:49,612 - INFO - Read 87 aligned sequences from ../data/subsample/HA_Perth_high_0.fasta, each consisting of 565 codons.

2017-12-30 09:01:49,613 - INFO - Codon substitution model with be M5 version of YNGKP (Yang, Nielsen, Goldman, & Pederson. Genetics. 155:431-449).
2017-12-30 09:01:49,687 - INFO - For this YNGKP_M5 model, omega will be drawn from 4 gamma-distributed categories.
2017-12-30 09:01:49,786 - INFO - Reading tree from phydms/Perth_high_0_RAxML_tree.newick
2017-12-30 09:01:49,798 - INFO - Tree has 87 tips.
2017-12-30 09:01:49,902 - INFO - Adjusted 1 branch lengths up to minbrlen 1e-06

2017-12-30 09:01:49,903 - INFO - Initializing TreeLikelihood..
2017-12-30 09:03:28,954 - INFO - TreeLikelihood initialized.
2017-12-30 09:03:28,964 - INFO - Maximizing log likelihood (initially -60592.73).
2017-12-30 09:03:28,964 - INFO - Branch lengths will be optimized individually.
2017-12-30 14:21:25,480 - INFO - Maximization complete:
	Step 1: optimized parameters, loglik went from -60592.73 to -53576.44 (20 iterations, 25 function evals)
	Step 2: optimized branches, loglik went from -53576.44 to -53463.96 (230 iterations, 242 function evals)
	Step 3: optimized parameters, loglik went from -53463.96 to -53451.48 (8 iterations, 12 function evals)
	Step 4: optimized branches, loglik went from -53451.48 to -53449.08 (96 iterations, 107 function evals)
	Step 5: optimized parameters, loglik went from -53449.08 to -53448.38 (10 iterations, 15 function evals)
	Step 6: optimized branches, loglik went from -53448.38 to -53448.38 (1 iterations, 4 function evals)
2017-12-30 14:21:25,518 - INFO - Optimized log likelihood is -53448.38.
2017-12-30 14:21:25,519 - INFO - Writing log likelihood to phydms/Perth_high_0_YNGKP_M5_loglikelihood.txt
2017-12-30 14:21:25,536 - INFO - Model parameters after optimization:
	alpha_omega = 0.646744
	beta_omega = 7.72023
	kappa = 3.1908
	phi0A = 0.334802
	phi0C = 0.141064
	phi0G = 0.280636
	phi1A = 0.368929
	phi1C = 0.178428
	phi1G = 0.207762
	phi2A = 0.340031
	phi2C = 0.207246
	phi2G = 0.204897
2017-12-30 14:21:25,536 - INFO - Writing model parameters to phydms/Perth_high_0_YNGKP_M5_modelparams.txt
2017-12-30 14:21:25,540 - INFO - Writing the optimized tree to phydms/Perth_high_0_YNGKP_M5_tree.newick

2017-12-30 14:21:25,549 - INFO - Successful completion of phydms
