2017-12-31 01:46:03,072 - INFO - Beginning execution of phydms in directory /fh/fast/bloom_j/computational_notebooks/skhilton/2017/divergence_timing_manuscript/analysis/HA/branch_lengths

2017-12-31 01:46:03,072 - INFO - Progress is being logged to phydms/Perth_low_0_YNGKP_M5_log.log

2017-12-31 01:46:03,072 - INFO - Version information:
	Time and date: Sun Dec 31 01:46:02 2017
	Platform: Linux-3.13.0-68-generic-x86_64-with-debian-jessie-sid
	Python version: 3.6.0 |Continuum Analytics, Inc.| (default, Dec 23 2016, 12:22:00)  [GCC 4.4.7 20120313 (Red Hat 4.4.7-1)]
	phydms version: 2.2.0
	Bio version: 1.69
	cython version: 0.25.2
	numpy version: 1.13.3
	scipy version: 0.19.0
	matplotlib version: 2.1.0
	natsort version: 5.0.2
	sympy version: 1.0
	six version: 1.11.0
	pandas version: 0.21.0
	pyvolve version: 0.8.4
	statsmodels version: 0.8.0
	weblogolib version: 3.5.0
	PyPDF2 version: 1.26.0

2017-12-31 01:46:03,072 - INFO - Parsed the following arguments:
	alignment = ../data/subsample/HA_Perth_low_0.fasta
	tree = phydms/Perth_low_0_RAxML_tree.newick
	model = YNGKP_M5
	outprefix = phydms/Perth_low_0_YNGKP_M5
	brlen = optimize
	gammaomega = False
	gammabeta = False
	omegabysite = False
	omegabysite_fixsyn = False
	diffprefsbysite = False
	diffprefsprior = ('invquadratic', 150.0, 0.5)
	fitphi = False
	randprefs = False
	avgprefs = False
	divpressure = None
	ncpus = 1
	fitprefsmethod = 2
	ncats = 4
	minbrlen = 1e-06
	minpref = 0.002
	seed = 1
	initparams = None
	profile = False
	opt_details = False
	nograd = False

2017-12-31 01:46:03,072 - INFO - Random number seed: 1

2017-12-31 01:46:03,073 - INFO - Reading alignment from ../data/subsample/HA_Perth_low_0.fasta
2017-12-31 01:46:03,350 - INFO - Read 34 aligned sequences from ../data/subsample/HA_Perth_low_0.fasta, each consisting of 565 codons.

2017-12-31 01:46:03,350 - INFO - Codon substitution model with be M5 version of YNGKP (Yang, Nielsen, Goldman, & Pederson. Genetics. 155:431-449).
2017-12-31 01:46:03,374 - INFO - For this YNGKP_M5 model, omega will be drawn from 4 gamma-distributed categories.
2017-12-31 01:46:03,384 - INFO - Reading tree from phydms/Perth_low_0_RAxML_tree.newick
2017-12-31 01:46:03,388 - INFO - Tree has 34 tips.
2017-12-31 01:46:03,394 - INFO - Adjusted 1 branch lengths up to minbrlen 1e-06

2017-12-31 01:46:03,394 - INFO - Initializing TreeLikelihood..
2017-12-31 01:46:15,119 - INFO - TreeLikelihood initialized.
2017-12-31 01:46:15,121 - INFO - Maximizing log likelihood (initially -23854.35).
2017-12-31 01:46:15,121 - INFO - Branch lengths will be optimized individually.
2017-12-31 03:17:01,447 - INFO - Maximization complete:
	Step 1: optimized parameters, loglik went from -23854.35 to -20978.87 (17 iterations, 22 function evals)
	Step 2: optimized branches, loglik went from -20978.87 to -20934.24 (232 iterations, 261 function evals)
	Step 3: optimized parameters, loglik went from -20934.24 to -20926.94 (8 iterations, 13 function evals)
	Step 4: optimized branches, loglik went from -20926.94 to -20925.54 (83 iterations, 92 function evals)
	Step 5: optimized parameters, loglik went from -20925.54 to -20925.29 (8 iterations, 12 function evals)
	Step 6: optimized branches, loglik went from -20925.29 to -20925.17 (3 iterations, 7 function evals)
	Step 7: optimized parameters, loglik went from -20925.17 to -20925.11 (4 iterations, 6 function evals)
	Step 8: optimized branches, loglik went from -20925.11 to -20925.05 (3 iterations, 6 function evals)
	Step 9: optimized parameters, loglik went from -20925.05 to -20925.01 (6 iterations, 9 function evals)
	Step 10: optimized branches, loglik went from -20925.01 to -20924.71 (43 iterations, 50 function evals)
	Step 11: optimized parameters, loglik went from -20924.71 to -20924.68 (5 iterations, 7 function evals)
	Step 12: optimized branches, loglik went from -20924.68 to -20924.65 (4 iterations, 6 function evals)
	Step 13: optimized parameters, loglik went from -20924.65 to -20924.62 (6 iterations, 9 function evals)
	Step 14: optimized branches, loglik went from -20924.62 to -20924.59 (4 iterations, 7 function evals)
	Step 15: optimized parameters, loglik went from -20924.59 to -20924.56 (4 iterations, 6 function evals)
	Step 16: optimized branches, loglik went from -20924.56 to -20924.54 (4 iterations, 7 function evals)
	Step 17: optimized parameters, loglik went from -20924.54 to -20924.53 (4 iterations, 6 function evals)
	Step 18: optimized branches, loglik went from -20924.53 to -20924.51 (4 iterations, 6 function evals)
	Step 19: optimized parameters, loglik went from -20924.51 to -20924.50 (4 iterations, 6 function evals)
	Step 20: optimized branches, loglik went from -20924.50 to -20924.50 (1 iterations, 4 function evals)
2017-12-31 03:17:01,502 - INFO - Optimized log likelihood is -20924.50.
2017-12-31 03:17:01,503 - INFO - Writing log likelihood to phydms/Perth_low_0_YNGKP_M5_loglikelihood.txt
2017-12-31 03:17:01,526 - INFO - Model parameters after optimization:
	alpha_omega = 0.465801
	beta_omega = 7.05819
	kappa = 3.49238
	phi0A = 0.339484
	phi0C = 0.1522
	phi0G = 0.2764
	phi1A = 0.356551
	phi1C = 0.179707
	phi1G = 0.214653
	phi2A = 0.333297
	phi2C = 0.220795
	phi2G = 0.202772
2017-12-31 03:17:01,527 - INFO - Writing model parameters to phydms/Perth_low_0_YNGKP_M5_modelparams.txt
2017-12-31 03:17:01,533 - INFO - Writing the optimized tree to phydms/Perth_low_0_YNGKP_M5_tree.newick

2017-12-31 03:17:01,541 - INFO - Successful completion of phydms
