2017-12-30 09:01:06,476 - INFO - Beginning execution of phydms in directory /fh/fast/bloom_j/computational_notebooks/skhilton/2017/divergence_timing_manuscript/analysis/HA/branch_lengths

2017-12-30 09:01:06,476 - INFO - Progress is being logged to phydms/Perth_intermediate_0_randomized_ExpCM_HA_Lee_prefs_gammaomega_log.log

2017-12-30 09:01:06,476 - INFO - Version information:
	Time and date: Sat Dec 30 09:01:04 2017
	Platform: Linux-3.13.0-68-generic-x86_64-with-debian-jessie-sid
	Python version: 3.6.0 |Continuum Analytics, Inc.| (default, Dec 23 2016, 12:22:00)  [GCC 4.4.7 20120313 (Red Hat 4.4.7-1)]
	phydms version: 2.2.0
	Bio version: 1.69
	cython version: 0.25.2
	numpy version: 1.13.3
	scipy version: 0.19.0
	matplotlib version: 2.1.0
	natsort version: 5.0.2
	sympy version: 1.0
	six version: 1.11.0
	pandas version: 0.21.0
	pyvolve version: 0.8.4
	statsmodels version: 0.8.0
	weblogolib version: 3.5.0
	PyPDF2 version: 1.26.0

2017-12-30 09:01:06,476 - INFO - Parsed the following arguments:
	alignment = ../data/subsample/HA_Perth_intermediate_0.fasta
	tree = phydms/Perth_intermediate_0_RAxML_tree.newick
	model = ('ExpCM', '../data/references/HA_Lee_prefs.csv')
	outprefix = phydms/Perth_intermediate_0_randomized_ExpCM_HA_Lee_prefs_gammaomega
	brlen = optimize
	gammaomega = True
	gammabeta = False
	omegabysite = False
	omegabysite_fixsyn = False
	diffprefsbysite = False
	diffprefsprior = ('invquadratic', 150.0, 0.5)
	fitphi = False
	randprefs = True
	avgprefs = False
	divpressure = None
	ncpus = 4
	fitprefsmethod = 2
	ncats = 4
	minbrlen = 1e-06
	minpref = 0.002
	seed = 1
	initparams = None
	profile = False
	opt_details = False
	nograd = False

2017-12-30 09:01:06,477 - INFO - Random number seed: 1

2017-12-30 09:01:06,477 - INFO - Reading alignment from ../data/subsample/HA_Perth_intermediate_0.fasta
2017-12-30 09:01:07,579 - INFO - Read 59 aligned sequences from ../data/subsample/HA_Perth_intermediate_0.fasta, each consisting of 565 codons.

2017-12-30 09:01:07,581 - INFO - The model will be an ExpCM informed by site-specific amino-acid preferences in ../data/references/HA_Lee_prefs.csv
2017-12-30 09:01:07,582 - INFO - Preferences will be randomized across sites.
2017-12-30 09:01:13,776 - INFO - Successfully read site-specific amino-acid preferences for all 565 sites.

2017-12-30 09:01:13,788 - INFO - Nucleotide frequency parameters phi will be set so stationary state matches alignment nucleotide frequencies of A = 0.336, C = 0.190, G = 0.235, T = 0.238

2017-12-30 09:01:32,492 - INFO - Omega will be drawn from 4 gamma-distributed categories.

2017-12-30 09:02:24,689 - INFO - Reading tree from phydms/Perth_intermediate_0_RAxML_tree.newick
2017-12-30 09:02:24,694 - INFO - Tree has 59 tips.
2017-12-30 09:02:24,717 - INFO - Adjusted 1 branch lengths up to minbrlen 1e-06

2017-12-30 09:02:24,717 - INFO - Initializing TreeLikelihood..
2017-12-30 09:06:41,115 - INFO - TreeLikelihood initialized.
2017-12-30 09:06:41,120 - INFO - Maximizing log likelihood (initially -42426.75).
2017-12-30 09:06:41,120 - INFO - Branch lengths will be optimized individually.
2017-12-30 16:55:24,513 - INFO - Maximization complete:
	Step 1: optimized parameters, loglik went from -42426.75 to -37305.42 (20 iterations, 27 function evals)
	Step 2: optimized branches, loglik went from -37305.42 to -37231.90 (176 iterations, 190 function evals)
	Step 3: optimized parameters, loglik went from -37231.90 to -37220.99 (7 iterations, 11 function evals)
	Step 4: optimized branches, loglik went from -37220.99 to -37217.50 (172 iterations, 188 function evals)
	Step 5: optimized parameters, loglik went from -37217.50 to -37216.76 (15 iterations, 19 function evals)
	Step 6: optimized branches, loglik went from -37216.76 to -37216.76 (1 iterations, 4 function evals)
2017-12-30 16:55:24,567 - INFO - Optimized log likelihood is -37216.76.
2017-12-30 16:55:24,567 - INFO - Writing log likelihood to phydms/Perth_intermediate_0_randomized_ExpCM_HA_Lee_prefs_gammaomega_loglikelihood.txt
2017-12-30 16:55:24,601 - INFO - Model parameters after optimization:
	alpha_omega = 0.617721
	beta = 0.0301649
	beta_omega = 7.86898
	kappa = 3.78887
	phiA = 0.345517
	phiC = 0.177522
	phiG = 0.232321
2017-12-30 16:55:24,601 - INFO - Writing model parameters to phydms/Perth_intermediate_0_randomized_ExpCM_HA_Lee_prefs_gammaomega_modelparams.txt
2017-12-30 16:55:24,605 - INFO - Writing the optimized tree to phydms/Perth_intermediate_0_randomized_ExpCM_HA_Lee_prefs_gammaomega_tree.newick

2017-12-30 16:55:24,619 - INFO - Successful completion of phydms
