2017-12-30 18:30:06,690 - INFO - Beginning execution of phydms in directory /fh/fast/bloom_j/computational_notebooks/skhilton/2017/divergence_timing_manuscript/analysis/HA/branch_lengths

2017-12-30 18:30:06,691 - INFO - Progress is being logged to phydms/WSN_low_0_YNGKP_M0_log.log

2017-12-30 18:30:06,691 - INFO - Version information:
	Time and date: Sat Dec 30 18:30:04 2017
	Platform: Linux-3.13.0-68-generic-x86_64-with-debian-jessie-sid
	Python version: 3.6.0 |Continuum Analytics, Inc.| (default, Dec 23 2016, 12:22:00)  [GCC 4.4.7 20120313 (Red Hat 4.4.7-1)]
	phydms version: 2.2.0
	Bio version: 1.69
	cython version: 0.25.2
	numpy version: 1.13.3
	scipy version: 0.19.0
	matplotlib version: 2.1.0
	natsort version: 5.0.2
	sympy version: 1.0
	six version: 1.11.0
	pandas version: 0.21.0
	pyvolve version: 0.8.4
	statsmodels version: 0.8.0
	weblogolib version: 3.5.0
	PyPDF2 version: 1.26.0

2017-12-30 18:30:06,692 - INFO - Parsed the following arguments:
	alignment = ../data/subsample/HA_WSN_low_0.fasta
	tree = phydms/WSN_low_0_RAxML_tree.newick
	model = YNGKP_M0
	outprefix = phydms/WSN_low_0_YNGKP_M0
	brlen = optimize
	gammaomega = False
	gammabeta = False
	omegabysite = False
	omegabysite_fixsyn = False
	diffprefsbysite = False
	diffprefsprior = ('invquadratic', 150.0, 0.5)
	fitphi = False
	randprefs = False
	avgprefs = False
	divpressure = None
	ncpus = 1
	fitprefsmethod = 2
	ncats = 4
	minbrlen = 1e-06
	minpref = 0.002
	seed = 1
	initparams = None
	profile = False
	opt_details = False
	nograd = False

2017-12-30 18:30:06,692 - INFO - Random number seed: 1

2017-12-30 18:30:06,692 - INFO - Reading alignment from ../data/subsample/HA_WSN_low_0.fasta
2017-12-30 18:30:06,939 - INFO - Read 28 aligned sequences from ../data/subsample/HA_WSN_low_0.fasta, each consisting of 564 codons.

2017-12-30 18:30:06,940 - INFO - Codon substitution model with be M0 version of YNGKP (Yang, Nielsen, Goldman, & Pederson. Genetics. 155:431-449).
2017-12-30 18:30:06,988 - INFO - Reading tree from phydms/WSN_low_0_RAxML_tree.newick
2017-12-30 18:30:06,992 - INFO - Tree has 28 tips.
2017-12-30 18:30:06,998 - INFO - Adjusted 1 branch lengths up to minbrlen 1e-06

2017-12-30 18:30:06,998 - INFO - Initializing TreeLikelihood..
2017-12-30 18:30:09,190 - INFO - TreeLikelihood initialized.
2017-12-30 18:30:09,191 - INFO - Maximizing log likelihood (initially -19739.36).
2017-12-30 18:30:09,191 - INFO - Branch lengths will be optimized individually.
2017-12-30 18:35:09,837 - INFO - Maximization complete:
	Step 1: optimized parameters, loglik went from -19739.36 to -17631.50 (17 iterations, 25 function evals)
	Step 2: optimized branches, loglik went from -17631.50 to -17626.91 (43 iterations, 49 function evals)
	Step 3: optimized parameters, loglik went from -17626.91 to -17626.91 (2 iterations, 5 function evals)
2017-12-30 18:35:09,838 - INFO - Optimized log likelihood is -17626.91.
2017-12-30 18:35:09,838 - INFO - Writing log likelihood to phydms/WSN_low_0_YNGKP_M0_loglikelihood.txt
2017-12-30 18:35:09,846 - INFO - Model parameters after optimization:
	kappa = 2.9984
	omega = 0.09076
	phi0A = 0.326007
	phi0C = 0.136307
	phi0G = 0.278377
	phi1A = 0.382017
	phi1C = 0.179763
	phi1G = 0.194067
	phi2A = 0.354364
	phi2C = 0.190112
	phi2G = 0.214605
2017-12-30 18:35:09,847 - INFO - Writing model parameters to phydms/WSN_low_0_YNGKP_M0_modelparams.txt
2017-12-30 18:35:09,853 - INFO - Writing the optimized tree to phydms/WSN_low_0_YNGKP_M0_tree.newick

2017-12-30 18:35:09,861 - INFO - Successful completion of phydms
