2017-12-30 20:27:00,098 - INFO - Beginning execution of phydms in directory /fh/fast/bloom_j/computational_notebooks/skhilton/2017/divergence_timing_manuscript/analysis/HA/branch_lengths

2017-12-30 20:27:00,098 - INFO - Progress is being logged to phydms/WSN_intermediate_0_YNGKP_M0_log.log

2017-12-30 20:27:00,098 - INFO - Version information:
	Time and date: Sat Dec 30 20:26:58 2017
	Platform: Linux-3.13.0-68-generic-x86_64-with-debian-jessie-sid
	Python version: 3.6.0 |Continuum Analytics, Inc.| (default, Dec 23 2016, 12:22:00)  [GCC 4.4.7 20120313 (Red Hat 4.4.7-1)]
	phydms version: 2.2.0
	Bio version: 1.69
	cython version: 0.25.2
	numpy version: 1.13.3
	scipy version: 0.19.0
	matplotlib version: 2.1.0
	natsort version: 5.0.2
	sympy version: 1.0
	six version: 1.11.0
	pandas version: 0.21.0
	pyvolve version: 0.8.4
	statsmodels version: 0.8.0
	weblogolib version: 3.5.0
	PyPDF2 version: 1.26.0

2017-12-30 20:27:00,099 - INFO - Parsed the following arguments:
	alignment = ../data/subsample/HA_WSN_intermediate_0.fasta
	tree = phydms/WSN_intermediate_0_RAxML_tree.newick
	model = YNGKP_M0
	outprefix = phydms/WSN_intermediate_0_YNGKP_M0
	brlen = optimize
	gammaomega = False
	gammabeta = False
	omegabysite = False
	omegabysite_fixsyn = False
	diffprefsbysite = False
	diffprefsprior = ('invquadratic', 150.0, 0.5)
	fitphi = False
	randprefs = False
	avgprefs = False
	divpressure = None
	ncpus = 1
	fitprefsmethod = 2
	ncats = 4
	minbrlen = 1e-06
	minpref = 0.002
	seed = 1
	initparams = None
	profile = False
	opt_details = False
	nograd = False

2017-12-30 20:27:00,099 - INFO - Random number seed: 1

2017-12-30 20:27:00,099 - INFO - Reading alignment from ../data/subsample/HA_WSN_intermediate_0.fasta
2017-12-30 20:27:00,577 - INFO - Read 53 aligned sequences from ../data/subsample/HA_WSN_intermediate_0.fasta, each consisting of 564 codons.

2017-12-30 20:27:00,578 - INFO - Codon substitution model with be M0 version of YNGKP (Yang, Nielsen, Goldman, & Pederson. Genetics. 155:431-449).
2017-12-30 20:27:00,675 - INFO - Reading tree from phydms/WSN_intermediate_0_RAxML_tree.newick
2017-12-30 20:27:00,681 - INFO - Tree has 53 tips.
2017-12-30 20:27:00,698 - INFO - Adjusted 1 branch lengths up to minbrlen 1e-06

2017-12-30 20:27:00,698 - INFO - Initializing TreeLikelihood..
2017-12-30 20:27:13,653 - INFO - TreeLikelihood initialized.
2017-12-30 20:27:13,655 - INFO - Maximizing log likelihood (initially -38867.58).
2017-12-30 20:27:13,655 - INFO - Branch lengths will be optimized individually.
2017-12-30 20:37:51,752 - INFO - Maximization complete:
	Step 1: optimized parameters, loglik went from -38867.58 to -34421.12 (15 iterations, 24 function evals)
	Step 2: optimized branches, loglik went from -34421.12 to -34410.51 (67 iterations, 72 function evals)
	Step 3: optimized parameters, loglik went from -34410.51 to -34409.50 (4 iterations, 9 function evals)
	Step 4: optimized branches, loglik went from -34409.50 to -34409.40 (3 iterations, 6 function evals)
	Step 5: optimized parameters, loglik went from -34409.40 to -34409.40 (1 iterations, 4 function evals)
2017-12-30 20:37:51,753 - INFO - Optimized log likelihood is -34409.40.
2017-12-30 20:37:51,753 - INFO - Writing log likelihood to phydms/WSN_intermediate_0_YNGKP_M0_loglikelihood.txt
2017-12-30 20:37:51,791 - INFO - Model parameters after optimization:
	kappa = 3.01874
	omega = 0.0744749
	phi0A = 0.333187
	phi0C = 0.134588
	phi0G = 0.28231
	phi1A = 0.373491
	phi1C = 0.176866
	phi1G = 0.203357
	phi2A = 0.344662
	phi2C = 0.198474
	phi2G = 0.206732
2017-12-30 20:37:51,792 - INFO - Writing model parameters to phydms/WSN_intermediate_0_YNGKP_M0_modelparams.txt
2017-12-30 20:37:51,819 - INFO - Writing the optimized tree to phydms/WSN_intermediate_0_YNGKP_M0_tree.newick

2017-12-30 20:37:51,834 - INFO - Successful completion of phydms
