2017-12-30 20:38:22,013 - INFO - Beginning execution of phydms_comprehensive in directory /fh/fast/bloom_j/computational_notebooks/skhilton/2017/divergence_timing_manuscript/analysis/HA/branch_lengths

2017-12-30 20:38:22,014 - INFO - Progress is being logged to phydms/WSN_high_0.log

2017-12-30 20:38:22,014 - INFO - Version information:
	Time and date: Sat Dec 30 20:38:20 2017
	Platform: Linux-3.13.0-68-generic-x86_64-with-debian-jessie-sid
	Python version: 3.6.0 |Continuum Analytics, Inc.| (default, Dec 23 2016, 12:22:00)  [GCC 4.4.7 20120313 (Red Hat 4.4.7-1)]
	phydms version: 2.2.0
	Bio version: 1.69
	cython version: 0.25.2
	numpy version: 1.13.3
	scipy version: 0.19.0
	matplotlib version: 2.1.0
	natsort version: 5.0.2
	sympy version: 1.0
	six version: 1.11.0
	pandas version: 0.21.0
	pyvolve version: 0.8.4
	statsmodels version: 0.8.0
	weblogolib version: 3.5.0
	PyPDF2 version: 1.26.0

2017-12-30 20:38:22,014 - INFO - Parsed the following command-line arguments:
	outprefix = phydms/WSN_high_0_
	alignment = ../data/subsample/HA_WSN_high_0.fasta
	prefsfiles = ['../data/references/HA_Doud_prefs.csv']
	raxml = raxml
	tree = None
	ncpus = -1
	brlen = optimize
	omegabysite = False
	diffprefsbysite = False
	gammaomega = True
	gammabeta = False
	noavgprefs = False
	randprefs = True

2017-12-30 20:38:22,015 - INFO - Checking that the alignment ../data/subsample/HA_WSN_high_0.fasta is valid...
2017-12-30 20:38:22,785 - INFO - Valid alignment specifying 87 sequences of length 1692.

2017-12-30 20:38:22,785 - INFO - Tree not specified.
2017-12-30 20:38:22,807 - INFO - Inferring tree with RAxML using command raxml
2017-12-30 20:40:02,576 - INFO - RAxML inferred tree is now named phydms/WSN_high_0_RAxML_tree.newick
2017-12-30 20:40:02,593 - INFO - Starting analysis to optimize tree in phydms/WSN_high_0_RAxML_tree.newick using model YNGKP_M0. The command is: phydms ../data/subsample/HA_WSN_high_0.fasta phydms/WSN_high_0_RAxML_tree.newick YNGKP_M0 phydms/WSN_high_0_YNGKP_M0 --brlen optimize --ncpus 1

2017-12-30 20:40:02,594 - INFO - Starting analysis to optimize tree in phydms/WSN_high_0_RAxML_tree.newick using model YNGKP_M5. The command is: phydms ../data/subsample/HA_WSN_high_0.fasta phydms/WSN_high_0_RAxML_tree.newick YNGKP_M5 phydms/WSN_high_0_YNGKP_M5 --brlen optimize --ncpus 1

2017-12-30 20:40:02,594 - INFO - Starting analysis to optimize tree in phydms/WSN_high_0_RAxML_tree.newick using model ExpCM_HA_Doud_prefs. The command is: phydms ../data/subsample/HA_WSN_high_0.fasta phydms/WSN_high_0_RAxML_tree.newick ExpCM_../data/references/HA_Doud_prefs.csv phydms/WSN_high_0_ExpCM_HA_Doud_prefs --brlen optimize --ncpus 4

2017-12-30 20:40:02,594 - INFO - Starting analysis to optimize tree in phydms/WSN_high_0_RAxML_tree.newick using model ExpCM_HA_Doud_prefs_gammaomega. The command is: phydms ../data/subsample/HA_WSN_high_0.fasta phydms/WSN_high_0_RAxML_tree.newick ExpCM_../data/references/HA_Doud_prefs.csv phydms/WSN_high_0_ExpCM_HA_Doud_prefs_gammaomega --brlen optimize --gammaomega --ncpus 4

2017-12-30 20:40:02,595 - INFO - Starting analysis to optimize tree in phydms/WSN_high_0_RAxML_tree.newick using model averaged_ExpCM_HA_Doud_prefs. The command is: phydms ../data/subsample/HA_WSN_high_0.fasta phydms/WSN_high_0_RAxML_tree.newick ExpCM_../data/references/HA_Doud_prefs.csv phydms/WSN_high_0_averaged_ExpCM_HA_Doud_prefs --brlen optimize --avgprefs --ncpus 4

2017-12-30 20:40:02,595 - INFO - Starting analysis to optimize tree in phydms/WSN_high_0_RAxML_tree.newick using model averaged_ExpCM_HA_Doud_prefs_gammaomega. The command is: phydms ../data/subsample/HA_WSN_high_0.fasta phydms/WSN_high_0_RAxML_tree.newick ExpCM_../data/references/HA_Doud_prefs.csv phydms/WSN_high_0_averaged_ExpCM_HA_Doud_prefs_gammaomega --brlen optimize --gammaomega --avgprefs --ncpus 4

2017-12-30 20:40:02,595 - INFO - Starting analysis to optimize tree in phydms/WSN_high_0_RAxML_tree.newick using model randomized_ExpCM_HA_Doud_prefs. The command is: phydms ../data/subsample/HA_WSN_high_0.fasta phydms/WSN_high_0_RAxML_tree.newick ExpCM_../data/references/HA_Doud_prefs.csv phydms/WSN_high_0_randomized_ExpCM_HA_Doud_prefs --brlen optimize --randprefs --ncpus 4

2017-12-30 20:40:02,595 - INFO - Starting analysis to optimize tree in phydms/WSN_high_0_RAxML_tree.newick using model randomized_ExpCM_HA_Doud_prefs_gammaomega. The command is: phydms ../data/subsample/HA_WSN_high_0.fasta phydms/WSN_high_0_RAxML_tree.newick ExpCM_../data/references/HA_Doud_prefs.csv phydms/WSN_high_0_randomized_ExpCM_HA_Doud_prefs_gammaomega --brlen optimize --gammaomega --randprefs --ncpus 4

2017-12-30 21:31:22,219 - INFO - Analysis completed for YNGKP_M0
2017-12-30 21:31:22,224 - INFO - Found expected output file phydms/WSN_high_0_YNGKP_M0_log.log
2017-12-30 21:31:22,224 - INFO - Found expected output file phydms/WSN_high_0_YNGKP_M0_tree.newick
2017-12-30 21:31:22,224 - INFO - Found expected output file phydms/WSN_high_0_YNGKP_M0_loglikelihood.txt
2017-12-30 21:31:22,224 - INFO - Found expected output file phydms/WSN_high_0_YNGKP_M0_modelparams.txt
2017-12-30 21:31:22,225 - INFO - Analysis successful for YNGKP_M0

2017-12-30 22:36:29,030 - INFO - Analysis completed for averaged_ExpCM_HA_Doud_prefs
2017-12-30 22:36:29,034 - INFO - Found expected output file phydms/WSN_high_0_averaged_ExpCM_HA_Doud_prefs_log.log
2017-12-30 22:36:29,035 - INFO - Found expected output file phydms/WSN_high_0_averaged_ExpCM_HA_Doud_prefs_tree.newick
2017-12-30 22:36:29,035 - INFO - Found expected output file phydms/WSN_high_0_averaged_ExpCM_HA_Doud_prefs_loglikelihood.txt
2017-12-30 22:36:29,035 - INFO - Found expected output file phydms/WSN_high_0_averaged_ExpCM_HA_Doud_prefs_modelparams.txt
2017-12-30 22:36:29,035 - INFO - Analysis successful for averaged_ExpCM_HA_Doud_prefs

2017-12-30 22:38:11,157 - INFO - Analysis completed for randomized_ExpCM_HA_Doud_prefs
2017-12-30 22:38:11,159 - INFO - Found expected output file phydms/WSN_high_0_randomized_ExpCM_HA_Doud_prefs_log.log
2017-12-30 22:38:11,159 - INFO - Found expected output file phydms/WSN_high_0_randomized_ExpCM_HA_Doud_prefs_tree.newick
2017-12-30 22:38:11,159 - INFO - Found expected output file phydms/WSN_high_0_randomized_ExpCM_HA_Doud_prefs_loglikelihood.txt
2017-12-30 22:38:11,161 - INFO - Found expected output file phydms/WSN_high_0_randomized_ExpCM_HA_Doud_prefs_modelparams.txt
2017-12-30 22:38:11,162 - INFO - Analysis successful for randomized_ExpCM_HA_Doud_prefs

2017-12-30 23:19:43,208 - INFO - Analysis completed for ExpCM_HA_Doud_prefs
2017-12-30 23:19:43,211 - INFO - Found expected output file phydms/WSN_high_0_ExpCM_HA_Doud_prefs_log.log
2017-12-30 23:19:43,212 - INFO - Found expected output file phydms/WSN_high_0_ExpCM_HA_Doud_prefs_tree.newick
2017-12-30 23:19:43,212 - INFO - Found expected output file phydms/WSN_high_0_ExpCM_HA_Doud_prefs_loglikelihood.txt
2017-12-30 23:19:43,212 - INFO - Found expected output file phydms/WSN_high_0_ExpCM_HA_Doud_prefs_modelparams.txt
2017-12-30 23:19:43,212 - INFO - Analysis successful for ExpCM_HA_Doud_prefs

2017-12-31 00:55:29,031 - INFO - Analysis completed for YNGKP_M5
2017-12-31 00:55:29,034 - INFO - Found expected output file phydms/WSN_high_0_YNGKP_M5_log.log
2017-12-31 00:55:29,035 - INFO - Found expected output file phydms/WSN_high_0_YNGKP_M5_tree.newick
2017-12-31 00:55:29,035 - INFO - Found expected output file phydms/WSN_high_0_YNGKP_M5_loglikelihood.txt
2017-12-31 00:55:29,035 - INFO - Found expected output file phydms/WSN_high_0_YNGKP_M5_modelparams.txt
2017-12-31 00:55:29,035 - INFO - Analysis successful for YNGKP_M5

2017-12-31 02:31:40,957 - INFO - Analysis completed for randomized_ExpCM_HA_Doud_prefs_gammaomega
2017-12-31 02:31:40,961 - INFO - Found expected output file phydms/WSN_high_0_randomized_ExpCM_HA_Doud_prefs_gammaomega_log.log
2017-12-31 02:31:40,962 - INFO - Found expected output file phydms/WSN_high_0_randomized_ExpCM_HA_Doud_prefs_gammaomega_tree.newick
2017-12-31 02:31:40,962 - INFO - Found expected output file phydms/WSN_high_0_randomized_ExpCM_HA_Doud_prefs_gammaomega_loglikelihood.txt
2017-12-31 02:31:40,963 - INFO - Found expected output file phydms/WSN_high_0_randomized_ExpCM_HA_Doud_prefs_gammaomega_modelparams.txt
2017-12-31 02:31:40,963 - INFO - Analysis successful for randomized_ExpCM_HA_Doud_prefs_gammaomega

2017-12-31 04:19:06,396 - INFO - Analysis completed for ExpCM_HA_Doud_prefs_gammaomega
2017-12-31 04:19:06,400 - INFO - Found expected output file phydms/WSN_high_0_ExpCM_HA_Doud_prefs_gammaomega_log.log
2017-12-31 04:19:06,401 - INFO - Found expected output file phydms/WSN_high_0_ExpCM_HA_Doud_prefs_gammaomega_tree.newick
2017-12-31 04:19:06,401 - INFO - Found expected output file phydms/WSN_high_0_ExpCM_HA_Doud_prefs_gammaomega_loglikelihood.txt
2017-12-31 04:19:06,402 - INFO - Found expected output file phydms/WSN_high_0_ExpCM_HA_Doud_prefs_gammaomega_modelparams.txt
2017-12-31 04:19:06,402 - INFO - Analysis successful for ExpCM_HA_Doud_prefs_gammaomega

2017-12-31 04:32:35,324 - INFO - Analysis completed for averaged_ExpCM_HA_Doud_prefs_gammaomega
2017-12-31 04:32:35,327 - INFO - Found expected output file phydms/WSN_high_0_averaged_ExpCM_HA_Doud_prefs_gammaomega_log.log
2017-12-31 04:32:35,327 - INFO - Found expected output file phydms/WSN_high_0_averaged_ExpCM_HA_Doud_prefs_gammaomega_tree.newick
2017-12-31 04:32:35,327 - INFO - Found expected output file phydms/WSN_high_0_averaged_ExpCM_HA_Doud_prefs_gammaomega_loglikelihood.txt
2017-12-31 04:32:35,329 - INFO - Found expected output file phydms/WSN_high_0_averaged_ExpCM_HA_Doud_prefs_gammaomega_modelparams.txt
2017-12-31 04:32:35,330 - INFO - Analysis successful for averaged_ExpCM_HA_Doud_prefs_gammaomega

2017-12-31 04:32:36,376 - INFO - Successful completion of phydms_comprehensive
