2017-12-30 18:30:09,858 - INFO - Beginning execution of phydms in directory /fh/fast/bloom_j/computational_notebooks/skhilton/2017/divergence_timing_manuscript/analysis/HA/branch_lengths

2017-12-30 18:30:09,858 - INFO - Progress is being logged to phydms/WSN_low_0_ExpCM_HA_Doud_prefs_gammaomega_log.log

2017-12-30 18:30:09,858 - INFO - Version information:
	Time and date: Sat Dec 30 18:30:08 2017
	Platform: Linux-3.13.0-68-generic-x86_64-with-debian-jessie-sid
	Python version: 3.6.0 |Continuum Analytics, Inc.| (default, Dec 23 2016, 12:22:00)  [GCC 4.4.7 20120313 (Red Hat 4.4.7-1)]
	phydms version: 2.2.0
	Bio version: 1.69
	cython version: 0.25.2
	numpy version: 1.13.3
	scipy version: 0.19.0
	matplotlib version: 2.1.0
	natsort version: 5.0.2
	sympy version: 1.0
	six version: 1.11.0
	pandas version: 0.21.0
	pyvolve version: 0.8.4
	statsmodels version: 0.8.0
	weblogolib version: 3.5.0
	PyPDF2 version: 1.26.0

2017-12-30 18:30:09,859 - INFO - Parsed the following arguments:
	alignment = ../data/subsample/HA_WSN_low_0.fasta
	tree = phydms/WSN_low_0_RAxML_tree.newick
	model = ('ExpCM', '../data/references/HA_Doud_prefs.csv')
	outprefix = phydms/WSN_low_0_ExpCM_HA_Doud_prefs_gammaomega
	brlen = optimize
	gammaomega = True
	gammabeta = False
	omegabysite = False
	omegabysite_fixsyn = False
	diffprefsbysite = False
	diffprefsprior = ('invquadratic', 150.0, 0.5)
	fitphi = False
	randprefs = False
	avgprefs = False
	divpressure = None
	ncpus = 4
	fitprefsmethod = 2
	ncats = 4
	minbrlen = 1e-06
	minpref = 0.002
	seed = 1
	initparams = None
	profile = False
	opt_details = False
	nograd = False

2017-12-30 18:30:09,859 - INFO - Random number seed: 1

2017-12-30 18:30:09,859 - INFO - Reading alignment from ../data/subsample/HA_WSN_low_0.fasta
2017-12-30 18:30:10,132 - INFO - Read 28 aligned sequences from ../data/subsample/HA_WSN_low_0.fasta, each consisting of 564 codons.

2017-12-30 18:30:10,132 - INFO - The model will be an ExpCM informed by site-specific amino-acid preferences in ../data/references/HA_Doud_prefs.csv
2017-12-30 18:30:12,821 - INFO - Successfully read site-specific amino-acid preferences for all 564 sites.

2017-12-30 18:30:12,829 - INFO - Nucleotide frequency parameters phi will be set so stationary state matches alignment nucleotide frequencies of A = 0.343, C = 0.182, G = 0.233, T = 0.241

2017-12-30 18:30:27,417 - INFO - Omega will be drawn from 4 gamma-distributed categories.

2017-12-30 18:31:17,287 - INFO - Reading tree from phydms/WSN_low_0_RAxML_tree.newick
2017-12-30 18:31:17,294 - INFO - Tree has 28 tips.
2017-12-30 18:31:17,300 - INFO - Adjusted 1 branch lengths up to minbrlen 1e-06

2017-12-30 18:31:17,300 - INFO - Initializing TreeLikelihood..
2017-12-30 18:34:05,278 - INFO - TreeLikelihood initialized.
2017-12-30 18:34:05,279 - INFO - Maximizing log likelihood (initially -17956.85).
2017-12-30 18:34:05,279 - INFO - Branch lengths will be optimized individually.
2017-12-30 20:25:55,918 - INFO - Maximization complete:
	Step 1: optimized parameters, loglik went from -17956.85 to -15864.62 (20 iterations, 26 function evals)
	Step 2: optimized branches, loglik went from -15864.62 to -15831.02 (102 iterations, 112 function evals)
	Step 3: optimized parameters, loglik went from -15831.02 to -15826.82 (12 iterations, 16 function evals)
	Step 4: optimized branches, loglik went from -15826.82 to -15825.88 (44 iterations, 51 function evals)
	Step 5: optimized parameters, loglik went from -15825.88 to -15825.76 (8 iterations, 10 function evals)
	Step 6: optimized branches, loglik went from -15825.76 to -15825.76 (1 iterations, 4 function evals)
2017-12-30 20:25:55,968 - INFO - Optimized log likelihood is -15825.76.
2017-12-30 20:25:55,969 - INFO - Writing log likelihood to phydms/WSN_low_0_ExpCM_HA_Doud_prefs_gammaomega_loglikelihood.txt
2017-12-30 20:25:56,051 - INFO - Model parameters after optimization:
	alpha_omega = 1.11049
	beta = 1.54804
	beta_omega = 4.74329
	kappa = 3.89274
	phiA = 0.386723
	phiC = 0.171853
	phiG = 0.230272
2017-12-30 20:25:56,051 - INFO - Writing model parameters to phydms/WSN_low_0_ExpCM_HA_Doud_prefs_gammaomega_modelparams.txt
2017-12-30 20:25:56,068 - INFO - Writing the optimized tree to phydms/WSN_low_0_ExpCM_HA_Doud_prefs_gammaomega_tree.newick

2017-12-30 20:25:56,097 - INFO - Successful completion of phydms
