2017-12-30 20:40:06,483 - INFO - Beginning execution of phydms in directory /fh/fast/bloom_j/computational_notebooks/skhilton/2017/divergence_timing_manuscript/analysis/HA/branch_lengths

2017-12-30 20:40:06,484 - INFO - Progress is being logged to phydms/WSN_high_0_YNGKP_M5_log.log

2017-12-30 20:40:06,484 - INFO - Version information:
	Time and date: Sat Dec 30 20:40:05 2017
	Platform: Linux-3.13.0-68-generic-x86_64-with-debian-jessie-sid
	Python version: 3.6.0 |Continuum Analytics, Inc.| (default, Dec 23 2016, 12:22:00)  [GCC 4.4.7 20120313 (Red Hat 4.4.7-1)]
	phydms version: 2.2.0
	Bio version: 1.69
	cython version: 0.25.2
	numpy version: 1.13.3
	scipy version: 0.19.0
	matplotlib version: 2.1.0
	natsort version: 5.0.2
	sympy version: 1.0
	six version: 1.11.0
	pandas version: 0.21.0
	pyvolve version: 0.8.4
	statsmodels version: 0.8.0
	weblogolib version: 3.5.0
	PyPDF2 version: 1.26.0

2017-12-30 20:40:06,484 - INFO - Parsed the following arguments:
	alignment = ../data/subsample/HA_WSN_high_0.fasta
	tree = phydms/WSN_high_0_RAxML_tree.newick
	model = YNGKP_M5
	outprefix = phydms/WSN_high_0_YNGKP_M5
	brlen = optimize
	gammaomega = False
	gammabeta = False
	omegabysite = False
	omegabysite_fixsyn = False
	diffprefsbysite = False
	diffprefsprior = ('invquadratic', 150.0, 0.5)
	fitphi = False
	randprefs = False
	avgprefs = False
	divpressure = None
	ncpus = 1
	fitprefsmethod = 2
	ncats = 4
	minbrlen = 1e-06
	minpref = 0.002
	seed = 1
	initparams = None
	profile = False
	opt_details = False
	nograd = False

2017-12-30 20:40:06,484 - INFO - Random number seed: 1

2017-12-30 20:40:06,484 - INFO - Reading alignment from ../data/subsample/HA_WSN_high_0.fasta
2017-12-30 20:40:07,196 - INFO - Read 87 aligned sequences from ../data/subsample/HA_WSN_high_0.fasta, each consisting of 564 codons.

2017-12-30 20:40:07,197 - INFO - Codon substitution model with be M5 version of YNGKP (Yang, Nielsen, Goldman, & Pederson. Genetics. 155:431-449).
2017-12-30 20:40:07,250 - INFO - For this YNGKP_M5 model, omega will be drawn from 4 gamma-distributed categories.
2017-12-30 20:40:07,266 - INFO - Reading tree from phydms/WSN_high_0_RAxML_tree.newick
2017-12-30 20:40:07,273 - INFO - Tree has 87 tips.
2017-12-30 20:40:07,373 - INFO - Adjusted 1 branch lengths up to minbrlen 1e-06

2017-12-30 20:40:07,389 - INFO - Initializing TreeLikelihood..
2017-12-30 20:40:43,410 - INFO - TreeLikelihood initialized.
2017-12-30 20:40:43,412 - INFO - Maximizing log likelihood (initially -60891.81).
2017-12-30 20:40:43,412 - INFO - Branch lengths will be optimized individually.
2017-12-31 00:55:28,419 - INFO - Maximization complete:
	Step 1: optimized parameters, loglik went from -60891.81 to -53646.75 (18 iterations, 24 function evals)
	Step 2: optimized branches, loglik went from -53646.75 to -53535.40 (187 iterations, 199 function evals)
	Step 3: optimized parameters, loglik went from -53535.40 to -53522.65 (8 iterations, 12 function evals)
	Step 4: optimized branches, loglik went from -53522.65 to -53520.71 (92 iterations, 102 function evals)
	Step 5: optimized parameters, loglik went from -53520.71 to -53520.52 (4 iterations, 7 function evals)
	Step 6: optimized branches, loglik went from -53520.52 to -53520.52 (1 iterations, 4 function evals)
2017-12-31 00:55:28,461 - INFO - Optimized log likelihood is -53520.52.
2017-12-31 00:55:28,461 - INFO - Writing log likelihood to phydms/WSN_high_0_YNGKP_M5_loglikelihood.txt
2017-12-31 00:55:28,467 - INFO - Model parameters after optimization:
	alpha_omega = 0.651879
	beta_omega = 8.12492
	kappa = 3.23801
	phi0A = 0.335407
	phi0C = 0.141298
	phi0G = 0.279961
	phi1A = 0.366849
	phi1C = 0.177666
	phi1G = 0.207988
	phi2A = 0.341119
	phi2C = 0.206014
	phi2G = 0.206082
2017-12-31 00:55:28,467 - INFO - Writing model parameters to phydms/WSN_high_0_YNGKP_M5_modelparams.txt
2017-12-31 00:55:28,473 - INFO - Writing the optimized tree to phydms/WSN_high_0_YNGKP_M5_tree.newick

2017-12-31 00:55:28,483 - INFO - Successful completion of phydms
