2017-12-30 20:40:08,607 - INFO - Beginning execution of phydms in directory /fh/fast/bloom_j/computational_notebooks/skhilton/2017/divergence_timing_manuscript/analysis/HA/branch_lengths

2017-12-30 20:40:08,607 - INFO - Progress is being logged to phydms/WSN_high_0_ExpCM_HA_Doud_prefs_gammaomega_log.log

2017-12-30 20:40:08,607 - INFO - Version information:
	Time and date: Sat Dec 30 20:40:07 2017
	Platform: Linux-3.13.0-68-generic-x86_64-with-debian-jessie-sid
	Python version: 3.6.0 |Continuum Analytics, Inc.| (default, Dec 23 2016, 12:22:00)  [GCC 4.4.7 20120313 (Red Hat 4.4.7-1)]
	phydms version: 2.2.0
	Bio version: 1.69
	cython version: 0.25.2
	numpy version: 1.13.3
	scipy version: 0.19.0
	matplotlib version: 2.1.0
	natsort version: 5.0.2
	sympy version: 1.0
	six version: 1.11.0
	pandas version: 0.21.0
	pyvolve version: 0.8.4
	statsmodels version: 0.8.0
	weblogolib version: 3.5.0
	PyPDF2 version: 1.26.0

2017-12-30 20:40:08,608 - INFO - Parsed the following arguments:
	alignment = ../data/subsample/HA_WSN_high_0.fasta
	tree = phydms/WSN_high_0_RAxML_tree.newick
	model = ('ExpCM', '../data/references/HA_Doud_prefs.csv')
	outprefix = phydms/WSN_high_0_ExpCM_HA_Doud_prefs_gammaomega
	brlen = optimize
	gammaomega = True
	gammabeta = False
	omegabysite = False
	omegabysite_fixsyn = False
	diffprefsbysite = False
	diffprefsprior = ('invquadratic', 150.0, 0.5)
	fitphi = False
	randprefs = False
	avgprefs = False
	divpressure = None
	ncpus = 4
	fitprefsmethod = 2
	ncats = 4
	minbrlen = 1e-06
	minpref = 0.002
	seed = 1
	initparams = None
	profile = False
	opt_details = False
	nograd = False

2017-12-30 20:40:08,608 - INFO - Random number seed: 1

2017-12-30 20:40:08,608 - INFO - Reading alignment from ../data/subsample/HA_WSN_high_0.fasta
2017-12-30 20:40:09,325 - INFO - Read 87 aligned sequences from ../data/subsample/HA_WSN_high_0.fasta, each consisting of 564 codons.

2017-12-30 20:40:09,326 - INFO - The model will be an ExpCM informed by site-specific amino-acid preferences in ../data/references/HA_Doud_prefs.csv
2017-12-30 20:40:10,889 - INFO - Successfully read site-specific amino-acid preferences for all 564 sites.

2017-12-30 20:40:10,892 - INFO - Nucleotide frequency parameters phi will be set so stationary state matches alignment nucleotide frequencies of A = 0.338, C = 0.187, G = 0.235, T = 0.240

2017-12-30 20:40:12,965 - INFO - Omega will be drawn from 4 gamma-distributed categories.

2017-12-30 20:40:31,544 - INFO - Reading tree from phydms/WSN_high_0_RAxML_tree.newick
2017-12-30 20:40:31,553 - INFO - Tree has 87 tips.
2017-12-30 20:40:31,592 - INFO - Adjusted 1 branch lengths up to minbrlen 1e-06

2017-12-30 20:40:31,592 - INFO - Initializing TreeLikelihood..
2017-12-30 20:44:10,436 - INFO - TreeLikelihood initialized.
2017-12-30 20:44:10,436 - INFO - Maximizing log likelihood (initially -58337.76).
2017-12-30 20:44:10,437 - INFO - Branch lengths will be optimized individually.
2017-12-31 04:19:02,634 - INFO - Maximization complete:
	Step 1: optimized parameters, loglik went from -58337.76 to -51971.63 (21 iterations, 29 function evals)
	Step 2: optimized branches, loglik went from -51971.63 to -51807.07 (257 iterations, 275 function evals)
	Step 3: optimized parameters, loglik went from -51807.07 to -51785.61 (11 iterations, 15 function evals)
	Step 4: optimized branches, loglik went from -51785.61 to -51785.61 (1 iterations, 5 function evals)
2017-12-31 04:19:02,687 - INFO - Optimized log likelihood is -51785.61.
2017-12-31 04:19:02,687 - INFO - Writing log likelihood to phydms/WSN_high_0_ExpCM_HA_Doud_prefs_gammaomega_loglikelihood.txt
2017-12-31 04:19:02,707 - INFO - Model parameters after optimization:
	alpha_omega = 1.13242
	beta = 1.0998
	beta_omega = 9.03699
	kappa = 3.69874
	phiA = 0.365326
	phiC = 0.178937
	phiG = 0.235398
2017-12-31 04:19:02,707 - INFO - Writing model parameters to phydms/WSN_high_0_ExpCM_HA_Doud_prefs_gammaomega_modelparams.txt
2017-12-31 04:19:02,711 - INFO - Writing the optimized tree to phydms/WSN_high_0_ExpCM_HA_Doud_prefs_gammaomega_tree.newick

2017-12-31 04:19:02,724 - INFO - Successful completion of phydms
