2017-12-30 18:29:54,136 - INFO - Beginning execution of phydms_comprehensive in directory /fh/fast/bloom_j/computational_notebooks/skhilton/2017/divergence_timing_manuscript/analysis/HA/branch_lengths

2017-12-30 18:29:54,137 - INFO - Progress is being logged to phydms/WSN_low_0.log

2017-12-30 18:29:54,137 - INFO - Version information:
	Time and date: Sat Dec 30 18:29:51 2017
	Platform: Linux-3.13.0-68-generic-x86_64-with-debian-jessie-sid
	Python version: 3.6.0 |Continuum Analytics, Inc.| (default, Dec 23 2016, 12:22:00)  [GCC 4.4.7 20120313 (Red Hat 4.4.7-1)]
	phydms version: 2.2.0
	Bio version: 1.69
	cython version: 0.25.2
	numpy version: 1.13.3
	scipy version: 0.19.0
	matplotlib version: 2.1.0
	natsort version: 5.0.2
	sympy version: 1.0
	six version: 1.11.0
	pandas version: 0.21.0
	pyvolve version: 0.8.4
	statsmodels version: 0.8.0
	weblogolib version: 3.5.0
	PyPDF2 version: 1.26.0

2017-12-30 18:29:54,137 - INFO - Parsed the following command-line arguments:
	outprefix = phydms/WSN_low_0_
	alignment = ../data/subsample/HA_WSN_low_0.fasta
	prefsfiles = ['../data/references/HA_Doud_prefs.csv']
	raxml = raxml
	tree = None
	ncpus = -1
	brlen = optimize
	omegabysite = False
	diffprefsbysite = False
	gammaomega = True
	gammabeta = False
	noavgprefs = False
	randprefs = True

2017-12-30 18:29:54,138 - INFO - Checking that the alignment ../data/subsample/HA_WSN_low_0.fasta is valid...
2017-12-30 18:29:54,367 - INFO - Valid alignment specifying 28 sequences of length 1692.

2017-12-30 18:29:54,368 - INFO - Tree not specified.
2017-12-30 18:29:54,388 - INFO - Inferring tree with RAxML using command raxml
2017-12-30 18:30:02,663 - INFO - RAxML inferred tree is now named phydms/WSN_low_0_RAxML_tree.newick
2017-12-30 18:30:02,690 - INFO - Starting analysis to optimize tree in phydms/WSN_low_0_RAxML_tree.newick using model YNGKP_M0. The command is: phydms ../data/subsample/HA_WSN_low_0.fasta phydms/WSN_low_0_RAxML_tree.newick YNGKP_M0 phydms/WSN_low_0_YNGKP_M0 --brlen optimize --ncpus 1

2017-12-30 18:30:02,691 - INFO - Starting analysis to optimize tree in phydms/WSN_low_0_RAxML_tree.newick using model YNGKP_M5. The command is: phydms ../data/subsample/HA_WSN_low_0.fasta phydms/WSN_low_0_RAxML_tree.newick YNGKP_M5 phydms/WSN_low_0_YNGKP_M5 --brlen optimize --ncpus 1

2017-12-30 18:30:02,691 - INFO - Starting analysis to optimize tree in phydms/WSN_low_0_RAxML_tree.newick using model ExpCM_HA_Doud_prefs. The command is: phydms ../data/subsample/HA_WSN_low_0.fasta phydms/WSN_low_0_RAxML_tree.newick ExpCM_../data/references/HA_Doud_prefs.csv phydms/WSN_low_0_ExpCM_HA_Doud_prefs --brlen optimize --ncpus 4

2017-12-30 18:30:02,692 - INFO - Starting analysis to optimize tree in phydms/WSN_low_0_RAxML_tree.newick using model ExpCM_HA_Doud_prefs_gammaomega. The command is: phydms ../data/subsample/HA_WSN_low_0.fasta phydms/WSN_low_0_RAxML_tree.newick ExpCM_../data/references/HA_Doud_prefs.csv phydms/WSN_low_0_ExpCM_HA_Doud_prefs_gammaomega --brlen optimize --gammaomega --ncpus 4

2017-12-30 18:30:02,692 - INFO - Starting analysis to optimize tree in phydms/WSN_low_0_RAxML_tree.newick using model averaged_ExpCM_HA_Doud_prefs. The command is: phydms ../data/subsample/HA_WSN_low_0.fasta phydms/WSN_low_0_RAxML_tree.newick ExpCM_../data/references/HA_Doud_prefs.csv phydms/WSN_low_0_averaged_ExpCM_HA_Doud_prefs --brlen optimize --avgprefs --ncpus 4

2017-12-30 18:30:02,692 - INFO - Starting analysis to optimize tree in phydms/WSN_low_0_RAxML_tree.newick using model averaged_ExpCM_HA_Doud_prefs_gammaomega. The command is: phydms ../data/subsample/HA_WSN_low_0.fasta phydms/WSN_low_0_RAxML_tree.newick ExpCM_../data/references/HA_Doud_prefs.csv phydms/WSN_low_0_averaged_ExpCM_HA_Doud_prefs_gammaomega --brlen optimize --gammaomega --avgprefs --ncpus 4

2017-12-30 18:30:02,692 - INFO - Starting analysis to optimize tree in phydms/WSN_low_0_RAxML_tree.newick using model randomized_ExpCM_HA_Doud_prefs. The command is: phydms ../data/subsample/HA_WSN_low_0.fasta phydms/WSN_low_0_RAxML_tree.newick ExpCM_../data/references/HA_Doud_prefs.csv phydms/WSN_low_0_randomized_ExpCM_HA_Doud_prefs --brlen optimize --randprefs --ncpus 4

2017-12-30 18:30:02,692 - INFO - Starting analysis to optimize tree in phydms/WSN_low_0_RAxML_tree.newick using model randomized_ExpCM_HA_Doud_prefs_gammaomega. The command is: phydms ../data/subsample/HA_WSN_low_0.fasta phydms/WSN_low_0_RAxML_tree.newick ExpCM_../data/references/HA_Doud_prefs.csv phydms/WSN_low_0_randomized_ExpCM_HA_Doud_prefs_gammaomega --brlen optimize --gammaomega --randprefs --ncpus 4

2017-12-30 18:35:10,410 - INFO - Analysis completed for YNGKP_M0
2017-12-30 18:35:10,413 - INFO - Found expected output file phydms/WSN_low_0_YNGKP_M0_log.log
2017-12-30 18:35:10,413 - INFO - Found expected output file phydms/WSN_low_0_YNGKP_M0_tree.newick
2017-12-30 18:35:10,413 - INFO - Found expected output file phydms/WSN_low_0_YNGKP_M0_loglikelihood.txt
2017-12-30 18:35:10,413 - INFO - Found expected output file phydms/WSN_low_0_YNGKP_M0_modelparams.txt
2017-12-30 18:35:10,413 - INFO - Analysis successful for YNGKP_M0

2017-12-30 18:52:23,306 - INFO - Analysis completed for randomized_ExpCM_HA_Doud_prefs
2017-12-30 18:52:23,308 - INFO - Found expected output file phydms/WSN_low_0_randomized_ExpCM_HA_Doud_prefs_log.log
2017-12-30 18:52:23,310 - INFO - Found expected output file phydms/WSN_low_0_randomized_ExpCM_HA_Doud_prefs_tree.newick
2017-12-30 18:52:23,310 - INFO - Found expected output file phydms/WSN_low_0_randomized_ExpCM_HA_Doud_prefs_loglikelihood.txt
2017-12-30 18:52:23,310 - INFO - Found expected output file phydms/WSN_low_0_randomized_ExpCM_HA_Doud_prefs_modelparams.txt
2017-12-30 18:52:23,311 - INFO - Analysis successful for randomized_ExpCM_HA_Doud_prefs

2017-12-30 19:02:27,006 - INFO - Analysis completed for YNGKP_M5
2017-12-30 19:02:27,008 - INFO - Found expected output file phydms/WSN_low_0_YNGKP_M5_log.log
2017-12-30 19:02:27,008 - INFO - Found expected output file phydms/WSN_low_0_YNGKP_M5_tree.newick
2017-12-30 19:02:27,008 - INFO - Found expected output file phydms/WSN_low_0_YNGKP_M5_loglikelihood.txt
2017-12-30 19:02:27,009 - INFO - Found expected output file phydms/WSN_low_0_YNGKP_M5_modelparams.txt
2017-12-30 19:02:27,009 - INFO - Analysis successful for YNGKP_M5

2017-12-30 19:03:56,099 - INFO - Analysis completed for ExpCM_HA_Doud_prefs
2017-12-30 19:03:56,104 - INFO - Found expected output file phydms/WSN_low_0_ExpCM_HA_Doud_prefs_log.log
2017-12-30 19:03:56,105 - INFO - Found expected output file phydms/WSN_low_0_ExpCM_HA_Doud_prefs_tree.newick
2017-12-30 19:03:56,105 - INFO - Found expected output file phydms/WSN_low_0_ExpCM_HA_Doud_prefs_loglikelihood.txt
2017-12-30 19:03:56,105 - INFO - Found expected output file phydms/WSN_low_0_ExpCM_HA_Doud_prefs_modelparams.txt
2017-12-30 19:03:56,105 - INFO - Analysis successful for ExpCM_HA_Doud_prefs

2017-12-30 19:07:48,327 - INFO - Analysis completed for averaged_ExpCM_HA_Doud_prefs
2017-12-30 19:07:48,329 - INFO - Found expected output file phydms/WSN_low_0_averaged_ExpCM_HA_Doud_prefs_log.log
2017-12-30 19:07:48,329 - INFO - Found expected output file phydms/WSN_low_0_averaged_ExpCM_HA_Doud_prefs_tree.newick
2017-12-30 19:07:48,329 - INFO - Found expected output file phydms/WSN_low_0_averaged_ExpCM_HA_Doud_prefs_loglikelihood.txt
2017-12-30 19:07:48,329 - INFO - Found expected output file phydms/WSN_low_0_averaged_ExpCM_HA_Doud_prefs_modelparams.txt
2017-12-30 19:07:48,329 - INFO - Analysis successful for averaged_ExpCM_HA_Doud_prefs

2017-12-30 19:50:32,470 - INFO - Analysis completed for randomized_ExpCM_HA_Doud_prefs_gammaomega
2017-12-30 19:50:32,473 - INFO - Found expected output file phydms/WSN_low_0_randomized_ExpCM_HA_Doud_prefs_gammaomega_log.log
2017-12-30 19:50:32,473 - INFO - Found expected output file phydms/WSN_low_0_randomized_ExpCM_HA_Doud_prefs_gammaomega_tree.newick
2017-12-30 19:50:32,473 - INFO - Found expected output file phydms/WSN_low_0_randomized_ExpCM_HA_Doud_prefs_gammaomega_loglikelihood.txt
2017-12-30 19:50:32,473 - INFO - Found expected output file phydms/WSN_low_0_randomized_ExpCM_HA_Doud_prefs_gammaomega_modelparams.txt
2017-12-30 19:50:32,473 - INFO - Analysis successful for randomized_ExpCM_HA_Doud_prefs_gammaomega

2017-12-30 19:58:40,007 - INFO - Analysis completed for averaged_ExpCM_HA_Doud_prefs_gammaomega
2017-12-30 19:58:40,008 - INFO - Found expected output file phydms/WSN_low_0_averaged_ExpCM_HA_Doud_prefs_gammaomega_log.log
2017-12-30 19:58:40,009 - INFO - Found expected output file phydms/WSN_low_0_averaged_ExpCM_HA_Doud_prefs_gammaomega_tree.newick
2017-12-30 19:58:40,009 - INFO - Found expected output file phydms/WSN_low_0_averaged_ExpCM_HA_Doud_prefs_gammaomega_loglikelihood.txt
2017-12-30 19:58:40,009 - INFO - Found expected output file phydms/WSN_low_0_averaged_ExpCM_HA_Doud_prefs_gammaomega_modelparams.txt
2017-12-30 19:58:40,009 - INFO - Analysis successful for averaged_ExpCM_HA_Doud_prefs_gammaomega

2017-12-30 20:25:57,869 - INFO - Analysis completed for ExpCM_HA_Doud_prefs_gammaomega
2017-12-30 20:25:57,877 - INFO - Found expected output file phydms/WSN_low_0_ExpCM_HA_Doud_prefs_gammaomega_log.log
2017-12-30 20:25:57,877 - INFO - Found expected output file phydms/WSN_low_0_ExpCM_HA_Doud_prefs_gammaomega_tree.newick
2017-12-30 20:25:57,877 - INFO - Found expected output file phydms/WSN_low_0_ExpCM_HA_Doud_prefs_gammaomega_loglikelihood.txt
2017-12-30 20:25:57,878 - INFO - Found expected output file phydms/WSN_low_0_ExpCM_HA_Doud_prefs_gammaomega_modelparams.txt
2017-12-30 20:25:57,878 - INFO - Analysis successful for ExpCM_HA_Doud_prefs_gammaomega

2017-12-30 20:25:58,960 - INFO - Successful completion of phydms_comprehensive
