2017-12-30 18:30:16,763 - INFO - Beginning execution of phydms in directory /fh/fast/bloom_j/computational_notebooks/skhilton/2017/divergence_timing_manuscript/analysis/HA/branch_lengths

2017-12-30 18:30:16,769 - INFO - Progress is being logged to phydms/WSN_low_0_randomized_ExpCM_HA_Doud_prefs_gammaomega_log.log

2017-12-30 18:30:16,769 - INFO - Version information:
	Time and date: Sat Dec 30 18:30:12 2017
	Platform: Linux-3.13.0-68-generic-x86_64-with-debian-jessie-sid
	Python version: 3.6.0 |Continuum Analytics, Inc.| (default, Dec 23 2016, 12:22:00)  [GCC 4.4.7 20120313 (Red Hat 4.4.7-1)]
	phydms version: 2.2.0
	Bio version: 1.69
	cython version: 0.25.2
	numpy version: 1.13.3
	scipy version: 0.19.0
	matplotlib version: 2.1.0
	natsort version: 5.0.2
	sympy version: 1.0
	six version: 1.11.0
	pandas version: 0.21.0
	pyvolve version: 0.8.4
	statsmodels version: 0.8.0
	weblogolib version: 3.5.0
	PyPDF2 version: 1.26.0

2017-12-30 18:30:16,770 - INFO - Parsed the following arguments:
	alignment = ../data/subsample/HA_WSN_low_0.fasta
	tree = phydms/WSN_low_0_RAxML_tree.newick
	model = ('ExpCM', '../data/references/HA_Doud_prefs.csv')
	outprefix = phydms/WSN_low_0_randomized_ExpCM_HA_Doud_prefs_gammaomega
	brlen = optimize
	gammaomega = True
	gammabeta = False
	omegabysite = False
	omegabysite_fixsyn = False
	diffprefsbysite = False
	diffprefsprior = ('invquadratic', 150.0, 0.5)
	fitphi = False
	randprefs = True
	avgprefs = False
	divpressure = None
	ncpus = 4
	fitprefsmethod = 2
	ncats = 4
	minbrlen = 1e-06
	minpref = 0.002
	seed = 1
	initparams = None
	profile = False
	opt_details = False
	nograd = False

2017-12-30 18:30:16,772 - INFO - Random number seed: 1

2017-12-30 18:30:16,776 - INFO - Reading alignment from ../data/subsample/HA_WSN_low_0.fasta
2017-12-30 18:30:18,048 - INFO - Read 28 aligned sequences from ../data/subsample/HA_WSN_low_0.fasta, each consisting of 564 codons.

2017-12-30 18:30:18,055 - INFO - The model will be an ExpCM informed by site-specific amino-acid preferences in ../data/references/HA_Doud_prefs.csv
2017-12-30 18:30:18,056 - INFO - Preferences will be randomized across sites.
2017-12-30 18:30:20,578 - INFO - Successfully read site-specific amino-acid preferences for all 564 sites.

2017-12-30 18:30:20,581 - INFO - Nucleotide frequency parameters phi will be set so stationary state matches alignment nucleotide frequencies of A = 0.343, C = 0.182, G = 0.233, T = 0.241

2017-12-30 18:30:29,449 - INFO - Omega will be drawn from 4 gamma-distributed categories.

2017-12-30 18:31:04,499 - INFO - Reading tree from phydms/WSN_low_0_RAxML_tree.newick
2017-12-30 18:31:04,505 - INFO - Tree has 28 tips.
2017-12-30 18:31:04,510 - INFO - Adjusted 1 branch lengths up to minbrlen 1e-06

2017-12-30 18:31:04,510 - INFO - Initializing TreeLikelihood..
2017-12-30 18:32:42,647 - INFO - TreeLikelihood initialized.
2017-12-30 18:32:42,648 - INFO - Maximizing log likelihood (initially -19442.44).
2017-12-30 18:32:42,648 - INFO - Branch lengths will be optimized individually.
2017-12-30 19:50:31,775 - INFO - Maximization complete:
	Step 1: optimized parameters, loglik went from -19442.44 to -17075.91 (19 iterations, 25 function evals)
	Step 2: optimized branches, loglik went from -17075.91 to -17064.75 (75 iterations, 85 function evals)
	Step 3: optimized parameters, loglik went from -17064.75 to -17063.66 (11 iterations, 15 function evals)
	Step 4: optimized branches, loglik went from -17063.66 to -17063.66 (1 iterations, 4 function evals)
2017-12-30 19:50:31,825 - INFO - Optimized log likelihood is -17063.66.
2017-12-30 19:50:31,825 - INFO - Writing log likelihood to phydms/WSN_low_0_randomized_ExpCM_HA_Doud_prefs_gammaomega_loglikelihood.txt
2017-12-30 19:50:31,836 - INFO - Model parameters after optimization:
	alpha_omega = 0.469167
	beta = 0.00518673
	beta_omega = 3.64741
	kappa = 3.83601
	phiA = 0.352733
	phiC = 0.169338
	phiG = 0.230185
2017-12-30 19:50:31,836 - INFO - Writing model parameters to phydms/WSN_low_0_randomized_ExpCM_HA_Doud_prefs_gammaomega_modelparams.txt
2017-12-30 19:50:31,840 - INFO - Writing the optimized tree to phydms/WSN_low_0_randomized_ExpCM_HA_Doud_prefs_gammaomega_tree.newick

2017-12-30 19:50:31,850 - INFO - Successful completion of phydms
