2017-12-30 20:27:08,874 - INFO - Beginning execution of phydms in directory /fh/fast/bloom_j/computational_notebooks/skhilton/2017/divergence_timing_manuscript/analysis/HA/branch_lengths

2017-12-30 20:27:08,875 - INFO - Progress is being logged to phydms/WSN_intermediate_0_randomized_ExpCM_HA_Doud_prefs_gammaomega_log.log

2017-12-30 20:27:08,875 - INFO - Version information:
	Time and date: Sat Dec 30 20:27:06 2017
	Platform: Linux-3.13.0-68-generic-x86_64-with-debian-jessie-sid
	Python version: 3.6.0 |Continuum Analytics, Inc.| (default, Dec 23 2016, 12:22:00)  [GCC 4.4.7 20120313 (Red Hat 4.4.7-1)]
	phydms version: 2.2.0
	Bio version: 1.69
	cython version: 0.25.2
	numpy version: 1.13.3
	scipy version: 0.19.0
	matplotlib version: 2.1.0
	natsort version: 5.0.2
	sympy version: 1.0
	six version: 1.11.0
	pandas version: 0.21.0
	pyvolve version: 0.8.4
	statsmodels version: 0.8.0
	weblogolib version: 3.5.0
	PyPDF2 version: 1.26.0

2017-12-30 20:27:08,875 - INFO - Parsed the following arguments:
	alignment = ../data/subsample/HA_WSN_intermediate_0.fasta
	tree = phydms/WSN_intermediate_0_RAxML_tree.newick
	model = ('ExpCM', '../data/references/HA_Doud_prefs.csv')
	outprefix = phydms/WSN_intermediate_0_randomized_ExpCM_HA_Doud_prefs_gammaomega
	brlen = optimize
	gammaomega = True
	gammabeta = False
	omegabysite = False
	omegabysite_fixsyn = False
	diffprefsbysite = False
	diffprefsprior = ('invquadratic', 150.0, 0.5)
	fitphi = False
	randprefs = True
	avgprefs = False
	divpressure = None
	ncpus = 4
	fitprefsmethod = 2
	ncats = 4
	minbrlen = 1e-06
	minpref = 0.002
	seed = 1
	initparams = None
	profile = False
	opt_details = False
	nograd = False

2017-12-30 20:27:08,875 - INFO - Random number seed: 1

2017-12-30 20:27:08,875 - INFO - Reading alignment from ../data/subsample/HA_WSN_intermediate_0.fasta
2017-12-30 20:27:10,713 - INFO - Read 53 aligned sequences from ../data/subsample/HA_WSN_intermediate_0.fasta, each consisting of 564 codons.

2017-12-30 20:27:10,713 - INFO - The model will be an ExpCM informed by site-specific amino-acid preferences in ../data/references/HA_Doud_prefs.csv
2017-12-30 20:27:10,714 - INFO - Preferences will be randomized across sites.
2017-12-30 20:27:17,662 - INFO - Successfully read site-specific amino-acid preferences for all 564 sites.

2017-12-30 20:27:17,664 - INFO - Nucleotide frequency parameters phi will be set so stationary state matches alignment nucleotide frequencies of A = 0.340, C = 0.183, G = 0.235, T = 0.243

2017-12-30 20:27:30,522 - INFO - Omega will be drawn from 4 gamma-distributed categories.

2017-12-30 20:28:08,534 - INFO - Reading tree from phydms/WSN_intermediate_0_RAxML_tree.newick
2017-12-30 20:28:08,541 - INFO - Tree has 53 tips.
2017-12-30 20:28:08,569 - INFO - Adjusted 1 branch lengths up to minbrlen 1e-06

2017-12-30 20:28:08,569 - INFO - Initializing TreeLikelihood..
2017-12-30 20:32:52,613 - INFO - TreeLikelihood initialized.
2017-12-30 20:32:52,614 - INFO - Maximizing log likelihood (initially -37938.32).
2017-12-30 20:32:52,615 - INFO - Branch lengths will be optimized individually.
2017-12-31 00:24:17,338 - INFO - Maximization complete:
	Step 1: optimized parameters, loglik went from -37938.32 to -33362.13 (20 iterations, 26 function evals)
	Step 2: optimized branches, loglik went from -33362.13 to -33322.68 (104 iterations, 118 function evals)
	Step 3: optimized parameters, loglik went from -33322.68 to -33318.29 (7 iterations, 11 function evals)
	Step 4: optimized branches, loglik went from -33318.29 to -33317.49 (54 iterations, 61 function evals)
	Step 5: optimized parameters, loglik went from -33317.49 to -33317.41 (3 iterations, 6 function evals)
	Step 6: optimized branches, loglik went from -33317.41 to -33317.41 (1 iterations, 4 function evals)
2017-12-31 00:24:17,387 - INFO - Optimized log likelihood is -33317.41.
2017-12-31 00:24:17,388 - INFO - Writing log likelihood to phydms/WSN_intermediate_0_randomized_ExpCM_HA_Doud_prefs_gammaomega_loglikelihood.txt
2017-12-31 00:24:17,395 - INFO - Model parameters after optimization:
	alpha_omega = 0.584705
	beta = 0.0112009
	beta_omega = 5.76376
	kappa = 3.82321
	phiA = 0.349856
	phiC = 0.169734
	phiG = 0.231673
2017-12-31 00:24:17,396 - INFO - Writing model parameters to phydms/WSN_intermediate_0_randomized_ExpCM_HA_Doud_prefs_gammaomega_modelparams.txt
2017-12-31 00:24:17,400 - INFO - Writing the optimized tree to phydms/WSN_intermediate_0_randomized_ExpCM_HA_Doud_prefs_gammaomega_tree.newick

2017-12-31 00:24:17,414 - INFO - Successful completion of phydms
