2017-12-30 20:27:03,013 - INFO - Beginning execution of phydms in directory /fh/fast/bloom_j/computational_notebooks/skhilton/2017/divergence_timing_manuscript/analysis/HA/branch_lengths

2017-12-30 20:27:03,013 - INFO - Progress is being logged to phydms/WSN_intermediate_0_ExpCM_HA_Doud_prefs_gammaomega_log.log

2017-12-30 20:27:03,013 - INFO - Version information:
	Time and date: Sat Dec 30 20:27:01 2017
	Platform: Linux-3.13.0-68-generic-x86_64-with-debian-jessie-sid
	Python version: 3.6.0 |Continuum Analytics, Inc.| (default, Dec 23 2016, 12:22:00)  [GCC 4.4.7 20120313 (Red Hat 4.4.7-1)]
	phydms version: 2.2.0
	Bio version: 1.69
	cython version: 0.25.2
	numpy version: 1.13.3
	scipy version: 0.19.0
	matplotlib version: 2.1.0
	natsort version: 5.0.2
	sympy version: 1.0
	six version: 1.11.0
	pandas version: 0.21.0
	pyvolve version: 0.8.4
	statsmodels version: 0.8.0
	weblogolib version: 3.5.0
	PyPDF2 version: 1.26.0

2017-12-30 20:27:03,013 - INFO - Parsed the following arguments:
	alignment = ../data/subsample/HA_WSN_intermediate_0.fasta
	tree = phydms/WSN_intermediate_0_RAxML_tree.newick
	model = ('ExpCM', '../data/references/HA_Doud_prefs.csv')
	outprefix = phydms/WSN_intermediate_0_ExpCM_HA_Doud_prefs_gammaomega
	brlen = optimize
	gammaomega = True
	gammabeta = False
	omegabysite = False
	omegabysite_fixsyn = False
	diffprefsbysite = False
	diffprefsprior = ('invquadratic', 150.0, 0.5)
	fitphi = False
	randprefs = False
	avgprefs = False
	divpressure = None
	ncpus = 4
	fitprefsmethod = 2
	ncats = 4
	minbrlen = 1e-06
	minpref = 0.002
	seed = 1
	initparams = None
	profile = False
	opt_details = False
	nograd = False

2017-12-30 20:27:03,014 - INFO - Random number seed: 1

2017-12-30 20:27:03,014 - INFO - Reading alignment from ../data/subsample/HA_WSN_intermediate_0.fasta
2017-12-30 20:27:03,503 - INFO - Read 53 aligned sequences from ../data/subsample/HA_WSN_intermediate_0.fasta, each consisting of 564 codons.

2017-12-30 20:27:03,504 - INFO - The model will be an ExpCM informed by site-specific amino-acid preferences in ../data/references/HA_Doud_prefs.csv
2017-12-30 20:27:05,113 - INFO - Successfully read site-specific amino-acid preferences for all 564 sites.

2017-12-30 20:27:05,116 - INFO - Nucleotide frequency parameters phi will be set so stationary state matches alignment nucleotide frequencies of A = 0.340, C = 0.183, G = 0.235, T = 0.243

2017-12-30 20:27:11,965 - INFO - Omega will be drawn from 4 gamma-distributed categories.

2017-12-30 20:27:36,342 - INFO - Reading tree from phydms/WSN_intermediate_0_RAxML_tree.newick
2017-12-30 20:27:36,348 - INFO - Tree has 53 tips.
2017-12-30 20:27:36,376 - INFO - Adjusted 1 branch lengths up to minbrlen 1e-06

2017-12-30 20:27:36,378 - INFO - Initializing TreeLikelihood..
2017-12-30 20:30:22,537 - INFO - TreeLikelihood initialized.
2017-12-30 20:30:22,606 - INFO - Maximizing log likelihood (initially -36043.77).
2017-12-30 20:30:22,607 - INFO - Branch lengths will be optimized individually.
2017-12-31 01:40:16,399 - INFO - Maximization complete:
	Step 1: optimized parameters, loglik went from -36043.77 to -32056.29 (21 iterations, 27 function evals)
	Step 2: optimized branches, loglik went from -32056.29 to -31974.64 (147 iterations, 162 function evals)
	Step 3: optimized parameters, loglik went from -31974.64 to -31964.08 (15 iterations, 21 function evals)
	Step 4: optimized branches, loglik went from -31964.08 to -31961.81 (85 iterations, 93 function evals)
	Step 5: optimized parameters, loglik went from -31961.81 to -31961.37 (7 iterations, 10 function evals)
	Step 6: optimized branches, loglik went from -31961.37 to -31961.30 (6 iterations, 10 function evals)
	Step 7: optimized parameters, loglik went from -31961.30 to -31961.29 (2 iterations, 5 function evals)
2017-12-31 01:40:16,447 - INFO - Optimized log likelihood is -31961.29.
2017-12-31 01:40:16,447 - INFO - Writing log likelihood to phydms/WSN_intermediate_0_ExpCM_HA_Doud_prefs_gammaomega_loglikelihood.txt
2017-12-31 01:40:16,468 - INFO - Model parameters after optimization:
	alpha_omega = 1.3683
	beta = 1.29669
	beta_omega = 8.92448
	kappa = 3.86588
	phiA = 0.374669
	phiC = 0.173073
	phiG = 0.233842
2017-12-31 01:40:16,468 - INFO - Writing model parameters to phydms/WSN_intermediate_0_ExpCM_HA_Doud_prefs_gammaomega_modelparams.txt
2017-12-31 01:40:16,473 - INFO - Writing the optimized tree to phydms/WSN_intermediate_0_ExpCM_HA_Doud_prefs_gammaomega_tree.newick

2017-12-31 01:40:16,485 - INFO - Successful completion of phydms
