2017-12-30 20:40:11,566 - INFO - Beginning execution of phydms in directory /fh/fast/bloom_j/computational_notebooks/skhilton/2017/divergence_timing_manuscript/analysis/HA/branch_lengths

2017-12-30 20:40:11,566 - INFO - Progress is being logged to phydms/WSN_high_0_randomized_ExpCM_HA_Doud_prefs_log.log

2017-12-30 20:40:11,566 - INFO - Version information:
	Time and date: Sat Dec 30 20:40:10 2017
	Platform: Linux-3.13.0-68-generic-x86_64-with-debian-jessie-sid
	Python version: 3.6.0 |Continuum Analytics, Inc.| (default, Dec 23 2016, 12:22:00)  [GCC 4.4.7 20120313 (Red Hat 4.4.7-1)]
	phydms version: 2.2.0
	Bio version: 1.69
	cython version: 0.25.2
	numpy version: 1.13.3
	scipy version: 0.19.0
	matplotlib version: 2.1.0
	natsort version: 5.0.2
	sympy version: 1.0
	six version: 1.11.0
	pandas version: 0.21.0
	pyvolve version: 0.8.4
	statsmodels version: 0.8.0
	weblogolib version: 3.5.0
	PyPDF2 version: 1.26.0

2017-12-30 20:40:11,566 - INFO - Parsed the following arguments:
	alignment = ../data/subsample/HA_WSN_high_0.fasta
	tree = phydms/WSN_high_0_RAxML_tree.newick
	model = ('ExpCM', '../data/references/HA_Doud_prefs.csv')
	outprefix = phydms/WSN_high_0_randomized_ExpCM_HA_Doud_prefs
	brlen = optimize
	gammaomega = False
	gammabeta = False
	omegabysite = False
	omegabysite_fixsyn = False
	diffprefsbysite = False
	diffprefsprior = ('invquadratic', 150.0, 0.5)
	fitphi = False
	randprefs = True
	avgprefs = False
	divpressure = None
	ncpus = 4
	fitprefsmethod = 2
	ncats = 4
	minbrlen = 1e-06
	minpref = 0.002
	seed = 1
	initparams = None
	profile = False
	opt_details = False
	nograd = False

2017-12-30 20:40:11,567 - INFO - Random number seed: 1

2017-12-30 20:40:11,567 - INFO - Reading alignment from ../data/subsample/HA_WSN_high_0.fasta
2017-12-30 20:40:12,259 - INFO - Read 87 aligned sequences from ../data/subsample/HA_WSN_high_0.fasta, each consisting of 564 codons.

2017-12-30 20:40:12,259 - INFO - The model will be an ExpCM informed by site-specific amino-acid preferences in ../data/references/HA_Doud_prefs.csv
2017-12-30 20:40:12,259 - INFO - Preferences will be randomized across sites.
2017-12-30 20:40:13,701 - INFO - Successfully read site-specific amino-acid preferences for all 564 sites.

2017-12-30 20:40:13,704 - INFO - Nucleotide frequency parameters phi will be set so stationary state matches alignment nucleotide frequencies of A = 0.338, C = 0.187, G = 0.235, T = 0.240

2017-12-30 20:40:17,289 - INFO - Reading tree from phydms/WSN_high_0_RAxML_tree.newick
2017-12-30 20:40:17,294 - INFO - Tree has 87 tips.
2017-12-30 20:40:17,331 - INFO - Adjusted 1 branch lengths up to minbrlen 1e-06

2017-12-30 20:40:17,331 - INFO - Initializing TreeLikelihood..
2017-12-30 20:41:12,971 - INFO - TreeLikelihood initialized.
2017-12-30 20:41:12,972 - INFO - Maximizing log likelihood (initially -62574.15).
2017-12-30 20:41:12,973 - INFO - Branch lengths will be optimized individually.
2017-12-30 22:38:09,742 - INFO - Maximization complete:
	Step 1: optimized parameters, loglik went from -62574.15 to -54833.01 (20 iterations, 28 function evals)
	Step 2: optimized branches, loglik went from -54833.01 to -54801.79 (100 iterations, 108 function evals)
	Step 3: optimized parameters, loglik went from -54801.79 to -54799.01 (9 iterations, 15 function evals)
	Step 4: optimized branches, loglik went from -54799.01 to -54798.05 (19 iterations, 24 function evals)
	Step 5: optimized parameters, loglik went from -54798.05 to -54797.75 (3 iterations, 7 function evals)
	Step 6: optimized branches, loglik went from -54797.75 to -54797.74 (1 iterations, 4 function evals)
2017-12-30 22:38:09,744 - INFO - Optimized log likelihood is -54797.74.
2017-12-30 22:38:09,744 - INFO - Writing log likelihood to phydms/WSN_high_0_randomized_ExpCM_HA_Doud_prefs_loglikelihood.txt
2017-12-30 22:38:09,750 - INFO - Model parameters after optimization:
	beta = 1.1e-05
	kappa = 3.35153
	omega = 0.0750336
	phiA = 0.347538
	phiC = 0.174373
	phiG = 0.231908
2017-12-30 22:38:09,750 - INFO - Writing model parameters to phydms/WSN_high_0_randomized_ExpCM_HA_Doud_prefs_modelparams.txt
2017-12-30 22:38:09,754 - INFO - Writing the optimized tree to phydms/WSN_high_0_randomized_ExpCM_HA_Doud_prefs_tree.newick

2017-12-30 22:38:09,765 - INFO - Successful completion of phydms
