2017-12-30 20:26:19,801 - INFO - Beginning execution of phydms_comprehensive in directory /fh/fast/bloom_j/computational_notebooks/skhilton/2017/divergence_timing_manuscript/analysis/HA/branch_lengths

2017-12-30 20:26:19,802 - INFO - Progress is being logged to phydms/WSN_intermediate_0.log

2017-12-30 20:26:19,802 - INFO - Version information:
	Time and date: Sat Dec 30 20:26:16 2017
	Platform: Linux-3.13.0-68-generic-x86_64-with-debian-jessie-sid
	Python version: 3.6.0 |Continuum Analytics, Inc.| (default, Dec 23 2016, 12:22:00)  [GCC 4.4.7 20120313 (Red Hat 4.4.7-1)]
	phydms version: 2.2.0
	Bio version: 1.69
	cython version: 0.25.2
	numpy version: 1.13.3
	scipy version: 0.19.0
	matplotlib version: 2.1.0
	natsort version: 5.0.2
	sympy version: 1.0
	six version: 1.11.0
	pandas version: 0.21.0
	pyvolve version: 0.8.4
	statsmodels version: 0.8.0
	weblogolib version: 3.5.0
	PyPDF2 version: 1.26.0

2017-12-30 20:26:19,802 - INFO - Parsed the following command-line arguments:
	outprefix = phydms/WSN_intermediate_0_
	alignment = ../data/subsample/HA_WSN_intermediate_0.fasta
	prefsfiles = ['../data/references/HA_Doud_prefs.csv']
	raxml = raxml
	tree = None
	ncpus = -1
	brlen = optimize
	omegabysite = False
	diffprefsbysite = False
	gammaomega = True
	gammabeta = False
	noavgprefs = False
	randprefs = True

2017-12-30 20:26:19,803 - INFO - Checking that the alignment ../data/subsample/HA_WSN_intermediate_0.fasta is valid...
2017-12-30 20:26:20,250 - INFO - Valid alignment specifying 53 sequences of length 1692.

2017-12-30 20:26:20,251 - INFO - Tree not specified.
2017-12-30 20:26:20,279 - INFO - Inferring tree with RAxML using command raxml
2017-12-30 20:26:56,150 - INFO - RAxML inferred tree is now named phydms/WSN_intermediate_0_RAxML_tree.newick
2017-12-30 20:26:56,167 - INFO - Starting analysis to optimize tree in phydms/WSN_intermediate_0_RAxML_tree.newick using model YNGKP_M0. The command is: phydms ../data/subsample/HA_WSN_intermediate_0.fasta phydms/WSN_intermediate_0_RAxML_tree.newick YNGKP_M0 phydms/WSN_intermediate_0_YNGKP_M0 --brlen optimize --ncpus 1

2017-12-30 20:26:56,167 - INFO - Starting analysis to optimize tree in phydms/WSN_intermediate_0_RAxML_tree.newick using model YNGKP_M5. The command is: phydms ../data/subsample/HA_WSN_intermediate_0.fasta phydms/WSN_intermediate_0_RAxML_tree.newick YNGKP_M5 phydms/WSN_intermediate_0_YNGKP_M5 --brlen optimize --ncpus 1

2017-12-30 20:26:56,167 - INFO - Starting analysis to optimize tree in phydms/WSN_intermediate_0_RAxML_tree.newick using model ExpCM_HA_Doud_prefs. The command is: phydms ../data/subsample/HA_WSN_intermediate_0.fasta phydms/WSN_intermediate_0_RAxML_tree.newick ExpCM_../data/references/HA_Doud_prefs.csv phydms/WSN_intermediate_0_ExpCM_HA_Doud_prefs --brlen optimize --ncpus 4

2017-12-30 20:26:56,167 - INFO - Starting analysis to optimize tree in phydms/WSN_intermediate_0_RAxML_tree.newick using model ExpCM_HA_Doud_prefs_gammaomega. The command is: phydms ../data/subsample/HA_WSN_intermediate_0.fasta phydms/WSN_intermediate_0_RAxML_tree.newick ExpCM_../data/references/HA_Doud_prefs.csv phydms/WSN_intermediate_0_ExpCM_HA_Doud_prefs_gammaomega --brlen optimize --gammaomega --ncpus 4

2017-12-30 20:26:56,167 - INFO - Starting analysis to optimize tree in phydms/WSN_intermediate_0_RAxML_tree.newick using model averaged_ExpCM_HA_Doud_prefs. The command is: phydms ../data/subsample/HA_WSN_intermediate_0.fasta phydms/WSN_intermediate_0_RAxML_tree.newick ExpCM_../data/references/HA_Doud_prefs.csv phydms/WSN_intermediate_0_averaged_ExpCM_HA_Doud_prefs --brlen optimize --avgprefs --ncpus 4

2017-12-30 20:26:56,167 - INFO - Starting analysis to optimize tree in phydms/WSN_intermediate_0_RAxML_tree.newick using model averaged_ExpCM_HA_Doud_prefs_gammaomega. The command is: phydms ../data/subsample/HA_WSN_intermediate_0.fasta phydms/WSN_intermediate_0_RAxML_tree.newick ExpCM_../data/references/HA_Doud_prefs.csv phydms/WSN_intermediate_0_averaged_ExpCM_HA_Doud_prefs_gammaomega --brlen optimize --gammaomega --avgprefs --ncpus 4

2017-12-30 20:26:56,167 - INFO - Starting analysis to optimize tree in phydms/WSN_intermediate_0_RAxML_tree.newick using model randomized_ExpCM_HA_Doud_prefs. The command is: phydms ../data/subsample/HA_WSN_intermediate_0.fasta phydms/WSN_intermediate_0_RAxML_tree.newick ExpCM_../data/references/HA_Doud_prefs.csv phydms/WSN_intermediate_0_randomized_ExpCM_HA_Doud_prefs --brlen optimize --randprefs --ncpus 4

2017-12-30 20:26:56,167 - INFO - Starting analysis to optimize tree in phydms/WSN_intermediate_0_RAxML_tree.newick using model randomized_ExpCM_HA_Doud_prefs_gammaomega. The command is: phydms ../data/subsample/HA_WSN_intermediate_0.fasta phydms/WSN_intermediate_0_RAxML_tree.newick ExpCM_../data/references/HA_Doud_prefs.csv phydms/WSN_intermediate_0_randomized_ExpCM_HA_Doud_prefs_gammaomega --brlen optimize --gammaomega --randprefs --ncpus 4

2017-12-30 20:37:52,203 - INFO - Analysis completed for YNGKP_M0
2017-12-30 20:37:52,206 - INFO - Found expected output file phydms/WSN_intermediate_0_YNGKP_M0_log.log
2017-12-30 20:37:52,206 - INFO - Found expected output file phydms/WSN_intermediate_0_YNGKP_M0_tree.newick
2017-12-30 20:37:52,206 - INFO - Found expected output file phydms/WSN_intermediate_0_YNGKP_M0_loglikelihood.txt
2017-12-30 20:37:52,207 - INFO - Found expected output file phydms/WSN_intermediate_0_YNGKP_M0_modelparams.txt
2017-12-30 20:37:52,207 - INFO - Analysis successful for YNGKP_M0

2017-12-30 21:25:23,815 - INFO - Analysis completed for randomized_ExpCM_HA_Doud_prefs
2017-12-30 21:25:23,825 - INFO - Found expected output file phydms/WSN_intermediate_0_randomized_ExpCM_HA_Doud_prefs_log.log
2017-12-30 21:25:23,826 - INFO - Found expected output file phydms/WSN_intermediate_0_randomized_ExpCM_HA_Doud_prefs_tree.newick
2017-12-30 21:25:23,826 - INFO - Found expected output file phydms/WSN_intermediate_0_randomized_ExpCM_HA_Doud_prefs_loglikelihood.txt
2017-12-30 21:25:23,826 - INFO - Found expected output file phydms/WSN_intermediate_0_randomized_ExpCM_HA_Doud_prefs_modelparams.txt
2017-12-30 21:25:23,826 - INFO - Analysis successful for randomized_ExpCM_HA_Doud_prefs

2017-12-30 21:28:18,190 - INFO - Analysis completed for averaged_ExpCM_HA_Doud_prefs
2017-12-30 21:28:18,192 - INFO - Found expected output file phydms/WSN_intermediate_0_averaged_ExpCM_HA_Doud_prefs_log.log
2017-12-30 21:28:18,192 - INFO - Found expected output file phydms/WSN_intermediate_0_averaged_ExpCM_HA_Doud_prefs_tree.newick
2017-12-30 21:28:18,192 - INFO - Found expected output file phydms/WSN_intermediate_0_averaged_ExpCM_HA_Doud_prefs_loglikelihood.txt
2017-12-30 21:28:18,193 - INFO - Found expected output file phydms/WSN_intermediate_0_averaged_ExpCM_HA_Doud_prefs_modelparams.txt
2017-12-30 21:28:18,193 - INFO - Analysis successful for averaged_ExpCM_HA_Doud_prefs

2017-12-30 21:37:13,749 - INFO - Analysis completed for ExpCM_HA_Doud_prefs
2017-12-30 21:37:13,751 - INFO - Found expected output file phydms/WSN_intermediate_0_ExpCM_HA_Doud_prefs_log.log
2017-12-30 21:37:13,751 - INFO - Found expected output file phydms/WSN_intermediate_0_ExpCM_HA_Doud_prefs_tree.newick
2017-12-30 21:37:13,751 - INFO - Found expected output file phydms/WSN_intermediate_0_ExpCM_HA_Doud_prefs_loglikelihood.txt
2017-12-30 21:37:13,751 - INFO - Found expected output file phydms/WSN_intermediate_0_ExpCM_HA_Doud_prefs_modelparams.txt
2017-12-30 21:37:13,752 - INFO - Analysis successful for ExpCM_HA_Doud_prefs

2017-12-30 22:34:31,045 - INFO - Analysis completed for YNGKP_M5
2017-12-30 22:34:31,049 - INFO - Found expected output file phydms/WSN_intermediate_0_YNGKP_M5_log.log
2017-12-30 22:34:31,049 - INFO - Found expected output file phydms/WSN_intermediate_0_YNGKP_M5_tree.newick
2017-12-30 22:34:31,050 - INFO - Found expected output file phydms/WSN_intermediate_0_YNGKP_M5_loglikelihood.txt
2017-12-30 22:34:31,050 - INFO - Found expected output file phydms/WSN_intermediate_0_YNGKP_M5_modelparams.txt
2017-12-30 22:34:31,050 - INFO - Analysis successful for YNGKP_M5

2017-12-31 00:12:21,129 - INFO - Analysis completed for averaged_ExpCM_HA_Doud_prefs_gammaomega
2017-12-31 00:12:21,140 - INFO - Found expected output file phydms/WSN_intermediate_0_averaged_ExpCM_HA_Doud_prefs_gammaomega_log.log
2017-12-31 00:12:21,140 - INFO - Found expected output file phydms/WSN_intermediate_0_averaged_ExpCM_HA_Doud_prefs_gammaomega_tree.newick
2017-12-31 00:12:21,140 - INFO - Found expected output file phydms/WSN_intermediate_0_averaged_ExpCM_HA_Doud_prefs_gammaomega_loglikelihood.txt
2017-12-31 00:12:21,140 - INFO - Found expected output file phydms/WSN_intermediate_0_averaged_ExpCM_HA_Doud_prefs_gammaomega_modelparams.txt
2017-12-31 00:12:21,141 - INFO - Analysis successful for averaged_ExpCM_HA_Doud_prefs_gammaomega

2017-12-31 00:24:18,993 - INFO - Analysis completed for randomized_ExpCM_HA_Doud_prefs_gammaomega
2017-12-31 00:24:18,996 - INFO - Found expected output file phydms/WSN_intermediate_0_randomized_ExpCM_HA_Doud_prefs_gammaomega_log.log
2017-12-31 00:24:18,997 - INFO - Found expected output file phydms/WSN_intermediate_0_randomized_ExpCM_HA_Doud_prefs_gammaomega_tree.newick
2017-12-31 00:24:18,997 - INFO - Found expected output file phydms/WSN_intermediate_0_randomized_ExpCM_HA_Doud_prefs_gammaomega_loglikelihood.txt
2017-12-31 00:24:18,997 - INFO - Found expected output file phydms/WSN_intermediate_0_randomized_ExpCM_HA_Doud_prefs_gammaomega_modelparams.txt
2017-12-31 00:24:18,997 - INFO - Analysis successful for randomized_ExpCM_HA_Doud_prefs_gammaomega

2017-12-31 01:40:17,180 - INFO - Analysis completed for ExpCM_HA_Doud_prefs_gammaomega
2017-12-31 01:40:17,182 - INFO - Found expected output file phydms/WSN_intermediate_0_ExpCM_HA_Doud_prefs_gammaomega_log.log
2017-12-31 01:40:17,183 - INFO - Found expected output file phydms/WSN_intermediate_0_ExpCM_HA_Doud_prefs_gammaomega_tree.newick
2017-12-31 01:40:17,183 - INFO - Found expected output file phydms/WSN_intermediate_0_ExpCM_HA_Doud_prefs_gammaomega_loglikelihood.txt
2017-12-31 01:40:17,183 - INFO - Found expected output file phydms/WSN_intermediate_0_ExpCM_HA_Doud_prefs_gammaomega_modelparams.txt
2017-12-31 01:40:17,183 - INFO - Analysis successful for ExpCM_HA_Doud_prefs_gammaomega

2017-12-31 01:40:18,223 - INFO - Successful completion of phydms_comprehensive
