2017-12-30 20:27:01,622 - INFO - Beginning execution of phydms in directory /fh/fast/bloom_j/computational_notebooks/skhilton/2017/divergence_timing_manuscript/analysis/HA/branch_lengths

2017-12-30 20:27:01,622 - INFO - Progress is being logged to phydms/WSN_intermediate_0_ExpCM_HA_Doud_prefs_log.log

2017-12-30 20:27:01,623 - INFO - Version information:
	Time and date: Sat Dec 30 20:27:00 2017
	Platform: Linux-3.13.0-68-generic-x86_64-with-debian-jessie-sid
	Python version: 3.6.0 |Continuum Analytics, Inc.| (default, Dec 23 2016, 12:22:00)  [GCC 4.4.7 20120313 (Red Hat 4.4.7-1)]
	phydms version: 2.2.0
	Bio version: 1.69
	cython version: 0.25.2
	numpy version: 1.13.3
	scipy version: 0.19.0
	matplotlib version: 2.1.0
	natsort version: 5.0.2
	sympy version: 1.0
	six version: 1.11.0
	pandas version: 0.21.0
	pyvolve version: 0.8.4
	statsmodels version: 0.8.0
	weblogolib version: 3.5.0
	PyPDF2 version: 1.26.0

2017-12-30 20:27:01,623 - INFO - Parsed the following arguments:
	alignment = ../data/subsample/HA_WSN_intermediate_0.fasta
	tree = phydms/WSN_intermediate_0_RAxML_tree.newick
	model = ('ExpCM', '../data/references/HA_Doud_prefs.csv')
	outprefix = phydms/WSN_intermediate_0_ExpCM_HA_Doud_prefs
	brlen = optimize
	gammaomega = False
	gammabeta = False
	omegabysite = False
	omegabysite_fixsyn = False
	diffprefsbysite = False
	diffprefsprior = ('invquadratic', 150.0, 0.5)
	fitphi = False
	randprefs = False
	avgprefs = False
	divpressure = None
	ncpus = 4
	fitprefsmethod = 2
	ncats = 4
	minbrlen = 1e-06
	minpref = 0.002
	seed = 1
	initparams = None
	profile = False
	opt_details = False
	nograd = False

2017-12-30 20:27:01,623 - INFO - Random number seed: 1

2017-12-30 20:27:01,623 - INFO - Reading alignment from ../data/subsample/HA_WSN_intermediate_0.fasta
2017-12-30 20:27:02,088 - INFO - Read 53 aligned sequences from ../data/subsample/HA_WSN_intermediate_0.fasta, each consisting of 564 codons.

2017-12-30 20:27:02,089 - INFO - The model will be an ExpCM informed by site-specific amino-acid preferences in ../data/references/HA_Doud_prefs.csv
2017-12-30 20:27:03,800 - INFO - Successfully read site-specific amino-acid preferences for all 564 sites.

2017-12-30 20:27:03,802 - INFO - Nucleotide frequency parameters phi will be set so stationary state matches alignment nucleotide frequencies of A = 0.340, C = 0.183, G = 0.235, T = 0.243

2017-12-30 20:27:11,600 - INFO - Reading tree from phydms/WSN_intermediate_0_RAxML_tree.newick
2017-12-30 20:27:11,613 - INFO - Tree has 53 tips.
2017-12-30 20:27:11,637 - INFO - Adjusted 1 branch lengths up to minbrlen 1e-06

2017-12-30 20:27:11,643 - INFO - Initializing TreeLikelihood..
2017-12-30 20:28:06,665 - INFO - TreeLikelihood initialized.
2017-12-30 20:28:06,668 - INFO - Maximizing log likelihood (initially -36533.76).
2017-12-30 20:28:06,668 - INFO - Branch lengths will be optimized individually.
2017-12-30 21:37:13,015 - INFO - Maximization complete:
	Step 1: optimized parameters, loglik went from -36533.76 to -32328.92 (18 iterations, 25 function evals)
	Step 2: optimized branches, loglik went from -32328.92 to -32284.84 (109 iterations, 124 function evals)
	Step 3: optimized parameters, loglik went from -32284.84 to -32282.20 (8 iterations, 13 function evals)
	Step 4: optimized branches, loglik went from -32282.20 to -32281.45 (18 iterations, 23 function evals)
	Step 5: optimized parameters, loglik went from -32281.45 to -32281.25 (3 iterations, 8 function evals)
	Step 6: optimized branches, loglik went from -32281.25 to -32281.25 (1 iterations, 4 function evals)
2017-12-30 21:37:13,017 - INFO - Optimized log likelihood is -32281.25.
2017-12-30 21:37:13,017 - INFO - Writing log likelihood to phydms/WSN_intermediate_0_ExpCM_HA_Doud_prefs_loglikelihood.txt
2017-12-30 21:37:13,032 - INFO - Model parameters after optimization:
	beta = 1.3261
	kappa = 3.47463
	omega = 0.150143
	phiA = 0.375639
	phiC = 0.173004
	phiG = 0.233647
2017-12-30 21:37:13,032 - INFO - Writing model parameters to phydms/WSN_intermediate_0_ExpCM_HA_Doud_prefs_modelparams.txt
2017-12-30 21:37:13,038 - INFO - Writing the optimized tree to phydms/WSN_intermediate_0_ExpCM_HA_Doud_prefs_tree.newick

2017-12-30 21:37:13,051 - INFO - Successful completion of phydms
