2017-12-30 20:27:00,874 - INFO - Beginning execution of phydms in directory /fh/fast/bloom_j/computational_notebooks/skhilton/2017/divergence_timing_manuscript/analysis/HA/branch_lengths

2017-12-30 20:27:00,874 - INFO - Progress is being logged to phydms/WSN_intermediate_0_YNGKP_M5_log.log

2017-12-30 20:27:00,874 - INFO - Version information:
	Time and date: Sat Dec 30 20:26:59 2017
	Platform: Linux-3.13.0-68-generic-x86_64-with-debian-jessie-sid
	Python version: 3.6.0 |Continuum Analytics, Inc.| (default, Dec 23 2016, 12:22:00)  [GCC 4.4.7 20120313 (Red Hat 4.4.7-1)]
	phydms version: 2.2.0
	Bio version: 1.69
	cython version: 0.25.2
	numpy version: 1.13.3
	scipy version: 0.19.0
	matplotlib version: 2.1.0
	natsort version: 5.0.2
	sympy version: 1.0
	six version: 1.11.0
	pandas version: 0.21.0
	pyvolve version: 0.8.4
	statsmodels version: 0.8.0
	weblogolib version: 3.5.0
	PyPDF2 version: 1.26.0

2017-12-30 20:27:00,874 - INFO - Parsed the following arguments:
	alignment = ../data/subsample/HA_WSN_intermediate_0.fasta
	tree = phydms/WSN_intermediate_0_RAxML_tree.newick
	model = YNGKP_M5
	outprefix = phydms/WSN_intermediate_0_YNGKP_M5
	brlen = optimize
	gammaomega = False
	gammabeta = False
	omegabysite = False
	omegabysite_fixsyn = False
	diffprefsbysite = False
	diffprefsprior = ('invquadratic', 150.0, 0.5)
	fitphi = False
	randprefs = False
	avgprefs = False
	divpressure = None
	ncpus = 1
	fitprefsmethod = 2
	ncats = 4
	minbrlen = 1e-06
	minpref = 0.002
	seed = 1
	initparams = None
	profile = False
	opt_details = False
	nograd = False

2017-12-30 20:27:00,875 - INFO - Random number seed: 1

2017-12-30 20:27:00,875 - INFO - Reading alignment from ../data/subsample/HA_WSN_intermediate_0.fasta
2017-12-30 20:27:01,307 - INFO - Read 53 aligned sequences from ../data/subsample/HA_WSN_intermediate_0.fasta, each consisting of 564 codons.

2017-12-30 20:27:01,308 - INFO - Codon substitution model with be M5 version of YNGKP (Yang, Nielsen, Goldman, & Pederson. Genetics. 155:431-449).
2017-12-30 20:27:01,363 - INFO - For this YNGKP_M5 model, omega will be drawn from 4 gamma-distributed categories.
2017-12-30 20:27:01,399 - INFO - Reading tree from phydms/WSN_intermediate_0_RAxML_tree.newick
2017-12-30 20:27:01,403 - INFO - Tree has 53 tips.
2017-12-30 20:27:01,417 - INFO - Adjusted 1 branch lengths up to minbrlen 1e-06

2017-12-30 20:27:01,417 - INFO - Initializing TreeLikelihood..
2017-12-30 20:27:29,485 - INFO - TreeLikelihood initialized.
2017-12-30 20:27:29,486 - INFO - Maximizing log likelihood (initially -37994.15).
2017-12-30 20:27:29,486 - INFO - Branch lengths will be optimized individually.
2017-12-30 22:34:29,612 - INFO - Maximization complete:
	Step 1: optimized parameters, loglik went from -37994.15 to -33555.48 (15 iterations, 20 function evals)
	Step 2: optimized branches, loglik went from -33555.48 to -33508.50 (147 iterations, 155 function evals)
	Step 3: optimized parameters, loglik went from -33508.50 to -33502.43 (9 iterations, 13 function evals)
	Step 4: optimized branches, loglik went from -33502.43 to -33502.07 (3 iterations, 7 function evals)
	Step 5: optimized parameters, loglik went from -33502.07 to -33501.84 (3 iterations, 5 function evals)
	Step 6: optimized branches, loglik went from -33501.84 to -33501.68 (2 iterations, 5 function evals)
	Step 7: optimized parameters, loglik went from -33501.68 to -33501.57 (4 iterations, 6 function evals)
	Step 8: optimized branches, loglik went from -33501.57 to -33501.47 (2 iterations, 6 function evals)
	Step 9: optimized parameters, loglik went from -33501.47 to -33501.35 (7 iterations, 9 function evals)
	Step 10: optimized branches, loglik went from -33501.35 to -33501.27 (2 iterations, 5 function evals)
	Step 11: optimized parameters, loglik went from -33501.27 to -33501.22 (4 iterations, 7 function evals)
	Step 12: optimized branches, loglik went from -33501.22 to -33501.16 (2 iterations, 6 function evals)
	Step 13: optimized parameters, loglik went from -33501.16 to -33501.12 (6 iterations, 9 function evals)
	Step 14: optimized branches, loglik went from -33501.12 to -33501.07 (2 iterations, 5 function evals)
	Step 15: optimized parameters, loglik went from -33501.07 to -33501.04 (4 iterations, 7 function evals)
	Step 16: optimized branches, loglik went from -33501.04 to -33501.01 (2 iterations, 6 function evals)
	Step 17: optimized parameters, loglik went from -33501.01 to -33500.99 (4 iterations, 7 function evals)
	Step 18: optimized branches, loglik went from -33500.99 to -33500.97 (3 iterations, 6 function evals)
	Step 19: optimized parameters, loglik went from -33500.97 to -33500.95 (5 iterations, 8 function evals)
	Step 20: optimized branches, loglik went from -33500.95 to -33500.92 (3 iterations, 5 function evals)
	Step 21: optimized parameters, loglik went from -33500.92 to -33500.92 (2 iterations, 4 function evals)
2017-12-30 22:34:29,675 - INFO - Optimized log likelihood is -33500.92.
2017-12-30 22:34:29,676 - INFO - Writing log likelihood to phydms/WSN_intermediate_0_YNGKP_M5_loglikelihood.txt
2017-12-30 22:34:29,852 - INFO - Model parameters after optimization:
	alpha_omega = 0.576362
	beta_omega = 6.36957
	kappa = 3.32503
	phi0A = 0.333187
	phi0C = 0.134588
	phi0G = 0.28231
	phi1A = 0.373491
	phi1C = 0.176866
	phi1G = 0.203357
	phi2A = 0.344662
	phi2C = 0.198474
	phi2G = 0.206732
2017-12-30 22:34:29,852 - INFO - Writing model parameters to phydms/WSN_intermediate_0_YNGKP_M5_modelparams.txt
2017-12-30 22:34:29,874 - INFO - Writing the optimized tree to phydms/WSN_intermediate_0_YNGKP_M5_tree.newick

2017-12-30 22:34:29,912 - INFO - Successful completion of phydms
