2017-12-30 18:30:07,674 - INFO - Beginning execution of phydms in directory /fh/fast/bloom_j/computational_notebooks/skhilton/2017/divergence_timing_manuscript/analysis/HA/branch_lengths

2017-12-30 18:30:07,674 - INFO - Progress is being logged to phydms/WSN_low_0_YNGKP_M5_log.log

2017-12-30 18:30:07,674 - INFO - Version information:
	Time and date: Sat Dec 30 18:30:06 2017
	Platform: Linux-3.13.0-68-generic-x86_64-with-debian-jessie-sid
	Python version: 3.6.0 |Continuum Analytics, Inc.| (default, Dec 23 2016, 12:22:00)  [GCC 4.4.7 20120313 (Red Hat 4.4.7-1)]
	phydms version: 2.2.0
	Bio version: 1.69
	cython version: 0.25.2
	numpy version: 1.13.3
	scipy version: 0.19.0
	matplotlib version: 2.1.0
	natsort version: 5.0.2
	sympy version: 1.0
	six version: 1.11.0
	pandas version: 0.21.0
	pyvolve version: 0.8.4
	statsmodels version: 0.8.0
	weblogolib version: 3.5.0
	PyPDF2 version: 1.26.0

2017-12-30 18:30:07,675 - INFO - Parsed the following arguments:
	alignment = ../data/subsample/HA_WSN_low_0.fasta
	tree = phydms/WSN_low_0_RAxML_tree.newick
	model = YNGKP_M5
	outprefix = phydms/WSN_low_0_YNGKP_M5
	brlen = optimize
	gammaomega = False
	gammabeta = False
	omegabysite = False
	omegabysite_fixsyn = False
	diffprefsbysite = False
	diffprefsprior = ('invquadratic', 150.0, 0.5)
	fitphi = False
	randprefs = False
	avgprefs = False
	divpressure = None
	ncpus = 1
	fitprefsmethod = 2
	ncats = 4
	minbrlen = 1e-06
	minpref = 0.002
	seed = 1
	initparams = None
	profile = False
	opt_details = False
	nograd = False

2017-12-30 18:30:07,675 - INFO - Random number seed: 1

2017-12-30 18:30:07,675 - INFO - Reading alignment from ../data/subsample/HA_WSN_low_0.fasta
2017-12-30 18:30:07,914 - INFO - Read 28 aligned sequences from ../data/subsample/HA_WSN_low_0.fasta, each consisting of 564 codons.

2017-12-30 18:30:07,915 - INFO - Codon substitution model with be M5 version of YNGKP (Yang, Nielsen, Goldman, & Pederson. Genetics. 155:431-449).
2017-12-30 18:30:07,953 - INFO - For this YNGKP_M5 model, omega will be drawn from 4 gamma-distributed categories.
2017-12-30 18:30:07,980 - INFO - Reading tree from phydms/WSN_low_0_RAxML_tree.newick
2017-12-30 18:30:07,984 - INFO - Tree has 28 tips.
2017-12-30 18:30:07,990 - INFO - Adjusted 1 branch lengths up to minbrlen 1e-06

2017-12-30 18:30:07,990 - INFO - Initializing TreeLikelihood..
2017-12-30 18:30:18,054 - INFO - TreeLikelihood initialized.
2017-12-30 18:30:18,056 - INFO - Maximizing log likelihood (initially -19314.66).
2017-12-30 18:30:18,056 - INFO - Branch lengths will be optimized individually.
2017-12-30 19:02:26,213 - INFO - Maximization complete:
	Step 1: optimized parameters, loglik went from -19314.66 to -17179.73 (17 iterations, 23 function evals)
	Step 2: optimized branches, loglik went from -17179.73 to -17167.55 (79 iterations, 89 function evals)
	Step 3: optimized parameters, loglik went from -17167.55 to -17166.48 (8 iterations, 12 function evals)
	Step 4: optimized branches, loglik went from -17166.48 to -17166.44 (2 iterations, 5 function evals)
	Step 5: optimized parameters, loglik went from -17166.44 to -17166.42 (3 iterations, 6 function evals)
	Step 6: optimized branches, loglik went from -17166.42 to -17166.40 (5 iterations, 8 function evals)
	Step 7: optimized parameters, loglik went from -17166.40 to -17166.38 (4 iterations, 6 function evals)
	Step 8: optimized branches, loglik went from -17166.38 to -17166.37 (4 iterations, 7 function evals)
	Step 9: optimized parameters, loglik went from -17166.37 to -17166.35 (4 iterations, 6 function evals)
	Step 10: optimized branches, loglik went from -17166.35 to -17166.35 (1 iterations, 4 function evals)
2017-12-30 19:02:26,263 - INFO - Optimized log likelihood is -17166.35.
2017-12-30 19:02:26,263 - INFO - Writing log likelihood to phydms/WSN_low_0_YNGKP_M5_loglikelihood.txt
2017-12-30 19:02:26,274 - INFO - Model parameters after optimization:
	alpha_omega = 0.492241
	beta_omega = 4.29282
	kappa = 3.28523
	phi0A = 0.326007
	phi0C = 0.136307
	phi0G = 0.278377
	phi1A = 0.382017
	phi1C = 0.179763
	phi1G = 0.194067
	phi2A = 0.354364
	phi2C = 0.190112
	phi2G = 0.214605
2017-12-30 19:02:26,275 - INFO - Writing model parameters to phydms/WSN_low_0_YNGKP_M5_modelparams.txt
2017-12-30 19:02:26,285 - INFO - Writing the optimized tree to phydms/WSN_low_0_YNGKP_M5_tree.newick

2017-12-30 19:02:26,294 - INFO - Successful completion of phydms
