2017-12-30 20:40:12,763 - INFO - Beginning execution of phydms in directory /fh/fast/bloom_j/computational_notebooks/skhilton/2017/divergence_timing_manuscript/analysis/HA/branch_lengths

2017-12-30 20:40:12,763 - INFO - Progress is being logged to phydms/WSN_high_0_randomized_ExpCM_HA_Doud_prefs_gammaomega_log.log

2017-12-30 20:40:12,763 - INFO - Version information:
	Time and date: Sat Dec 30 20:40:11 2017
	Platform: Linux-3.13.0-68-generic-x86_64-with-debian-jessie-sid
	Python version: 3.6.0 |Continuum Analytics, Inc.| (default, Dec 23 2016, 12:22:00)  [GCC 4.4.7 20120313 (Red Hat 4.4.7-1)]
	phydms version: 2.2.0
	Bio version: 1.69
	cython version: 0.25.2
	numpy version: 1.13.3
	scipy version: 0.19.0
	matplotlib version: 2.1.0
	natsort version: 5.0.2
	sympy version: 1.0
	six version: 1.11.0
	pandas version: 0.21.0
	pyvolve version: 0.8.4
	statsmodels version: 0.8.0
	weblogolib version: 3.5.0
	PyPDF2 version: 1.26.0

2017-12-30 20:40:12,763 - INFO - Parsed the following arguments:
	alignment = ../data/subsample/HA_WSN_high_0.fasta
	tree = phydms/WSN_high_0_RAxML_tree.newick
	model = ('ExpCM', '../data/references/HA_Doud_prefs.csv')
	outprefix = phydms/WSN_high_0_randomized_ExpCM_HA_Doud_prefs_gammaomega
	brlen = optimize
	gammaomega = True
	gammabeta = False
	omegabysite = False
	omegabysite_fixsyn = False
	diffprefsbysite = False
	diffprefsprior = ('invquadratic', 150.0, 0.5)
	fitphi = False
	randprefs = True
	avgprefs = False
	divpressure = None
	ncpus = 4
	fitprefsmethod = 2
	ncats = 4
	minbrlen = 1e-06
	minpref = 0.002
	seed = 1
	initparams = None
	profile = False
	opt_details = False
	nograd = False

2017-12-30 20:40:12,763 - INFO - Random number seed: 1

2017-12-30 20:40:12,763 - INFO - Reading alignment from ../data/subsample/HA_WSN_high_0.fasta
2017-12-30 20:40:13,575 - INFO - Read 87 aligned sequences from ../data/subsample/HA_WSN_high_0.fasta, each consisting of 564 codons.

2017-12-30 20:40:13,575 - INFO - The model will be an ExpCM informed by site-specific amino-acid preferences in ../data/references/HA_Doud_prefs.csv
2017-12-30 20:40:13,575 - INFO - Preferences will be randomized across sites.
2017-12-30 20:40:16,863 - INFO - Successfully read site-specific amino-acid preferences for all 564 sites.

2017-12-30 20:40:16,867 - INFO - Nucleotide frequency parameters phi will be set so stationary state matches alignment nucleotide frequencies of A = 0.338, C = 0.187, G = 0.235, T = 0.240

2017-12-30 20:40:21,331 - INFO - Omega will be drawn from 4 gamma-distributed categories.

2017-12-30 20:40:37,768 - INFO - Reading tree from phydms/WSN_high_0_RAxML_tree.newick
2017-12-30 20:40:37,776 - INFO - Tree has 87 tips.
2017-12-30 20:40:37,814 - INFO - Adjusted 1 branch lengths up to minbrlen 1e-06

2017-12-30 20:40:37,815 - INFO - Initializing TreeLikelihood..
2017-12-30 20:44:55,082 - INFO - TreeLikelihood initialized.
2017-12-30 20:44:55,083 - INFO - Maximizing log likelihood (initially -60641.54).
2017-12-30 20:44:55,083 - INFO - Branch lengths will be optimized individually.
2017-12-31 02:31:37,242 - INFO - Maximization complete:
	Step 1: optimized parameters, loglik went from -60641.54 to -53333.10 (19 iterations, 25 function evals)
	Step 2: optimized branches, loglik went from -53333.10 to -53241.04 (175 iterations, 190 function evals)
	Step 3: optimized parameters, loglik went from -53241.04 to -53230.85 (8 iterations, 13 function evals)
	Step 4: optimized branches, loglik went from -53230.85 to -53230.85 (1 iterations, 5 function evals)
2017-12-31 02:31:37,290 - INFO - Optimized log likelihood is -53230.85.
2017-12-31 02:31:37,290 - INFO - Writing log likelihood to phydms/WSN_high_0_randomized_ExpCM_HA_Doud_prefs_gammaomega_loglikelihood.txt
2017-12-31 02:31:37,298 - INFO - Model parameters after optimization:
	alpha_omega = 0.63736
	beta = 0.0314849
	beta_omega = 7.00961
	kappa = 3.66185
	phiA = 0.347501
	phiC = 0.174643
	phiG = 0.232258
2017-12-31 02:31:37,298 - INFO - Writing model parameters to phydms/WSN_high_0_randomized_ExpCM_HA_Doud_prefs_gammaomega_modelparams.txt
2017-12-31 02:31:37,302 - INFO - Writing the optimized tree to phydms/WSN_high_0_randomized_ExpCM_HA_Doud_prefs_gammaomega_tree.newick

2017-12-31 02:31:37,316 - INFO - Successful completion of phydms
