2017-12-30 18:30:10,564 - INFO - Beginning execution of phydms in directory /fh/fast/bloom_j/computational_notebooks/skhilton/2017/divergence_timing_manuscript/analysis/HA/branch_lengths

2017-12-30 18:30:10,564 - INFO - Progress is being logged to phydms/WSN_low_0_averaged_ExpCM_HA_Doud_prefs_log.log

2017-12-30 18:30:10,564 - INFO - Version information:
	Time and date: Sat Dec 30 18:30:08 2017
	Platform: Linux-3.13.0-68-generic-x86_64-with-debian-jessie-sid
	Python version: 3.6.0 |Continuum Analytics, Inc.| (default, Dec 23 2016, 12:22:00)  [GCC 4.4.7 20120313 (Red Hat 4.4.7-1)]
	phydms version: 2.2.0
	Bio version: 1.69
	cython version: 0.25.2
	numpy version: 1.13.3
	scipy version: 0.19.0
	matplotlib version: 2.1.0
	natsort version: 5.0.2
	sympy version: 1.0
	six version: 1.11.0
	pandas version: 0.21.0
	pyvolve version: 0.8.4
	statsmodels version: 0.8.0
	weblogolib version: 3.5.0
	PyPDF2 version: 1.26.0

2017-12-30 18:30:10,565 - INFO - Parsed the following arguments:
	alignment = ../data/subsample/HA_WSN_low_0.fasta
	tree = phydms/WSN_low_0_RAxML_tree.newick
	model = ('ExpCM', '../data/references/HA_Doud_prefs.csv')
	outprefix = phydms/WSN_low_0_averaged_ExpCM_HA_Doud_prefs
	brlen = optimize
	gammaomega = False
	gammabeta = False
	omegabysite = False
	omegabysite_fixsyn = False
	diffprefsbysite = False
	diffprefsprior = ('invquadratic', 150.0, 0.5)
	fitphi = False
	randprefs = False
	avgprefs = True
	divpressure = None
	ncpus = 4
	fitprefsmethod = 2
	ncats = 4
	minbrlen = 1e-06
	minpref = 0.002
	seed = 1
	initparams = None
	profile = False
	opt_details = False
	nograd = False

2017-12-30 18:30:10,565 - INFO - Random number seed: 1

2017-12-30 18:30:10,565 - INFO - Reading alignment from ../data/subsample/HA_WSN_low_0.fasta
2017-12-30 18:30:10,804 - INFO - Read 28 aligned sequences from ../data/subsample/HA_WSN_low_0.fasta, each consisting of 564 codons.

2017-12-30 18:30:10,804 - INFO - The model will be an ExpCM informed by site-specific amino-acid preferences in ../data/references/HA_Doud_prefs.csv
2017-12-30 18:30:10,805 - INFO - Preferences will be averaged across sites.
2017-12-30 18:30:13,258 - INFO - Successfully read site-specific amino-acid preferences for all 564 sites.

2017-12-30 18:30:13,260 - INFO - Nucleotide frequency parameters phi will be set so stationary state matches alignment nucleotide frequencies of A = 0.343, C = 0.182, G = 0.233, T = 0.241

2017-12-30 18:30:29,319 - INFO - Reading tree from phydms/WSN_low_0_RAxML_tree.newick
2017-12-30 18:30:29,338 - INFO - Tree has 28 tips.
2017-12-30 18:30:29,354 - INFO - Adjusted 1 branch lengths up to minbrlen 1e-06

2017-12-30 18:30:29,354 - INFO - Initializing TreeLikelihood..
2017-12-30 18:31:34,428 - INFO - TreeLikelihood initialized.
2017-12-30 18:31:34,429 - INFO - Maximizing log likelihood (initially -19734.62).
2017-12-30 18:31:34,429 - INFO - Branch lengths will be optimized individually.
2017-12-30 19:07:47,581 - INFO - Maximization complete:
	Step 1: optimized parameters, loglik went from -19734.62 to -17534.85 (29 iterations, 37 function evals)
	Step 2: optimized branches, loglik went from -17534.85 to -17530.09 (46 iterations, 54 function evals)
	Step 3: optimized parameters, loglik went from -17530.09 to -17530.01 (2 iterations, 6 function evals)
	Step 4: optimized branches, loglik went from -17530.01 to -17529.97 (5 iterations, 9 function evals)
	Step 5: optimized parameters, loglik went from -17529.97 to -17529.91 (4 iterations, 11 function evals)
	Step 6: optimized branches, loglik went from -17529.91 to -17529.89 (8 iterations, 11 function evals)
	Step 7: optimized parameters, loglik went from -17529.89 to -17529.89 (2 iterations, 5 function evals)
2017-12-30 19:07:47,583 - INFO - Optimized log likelihood is -17529.89.
2017-12-30 19:07:47,583 - INFO - Writing log likelihood to phydms/WSN_low_0_averaged_ExpCM_HA_Doud_prefs_loglikelihood.txt
2017-12-30 19:07:47,593 - INFO - Model parameters after optimization:
	beta = 0.601128
	kappa = 3.4825
	omega = 0.102572
	phiA = 0.358826
	phiC = 0.172634
	phiG = 0.232095
2017-12-30 19:07:47,593 - INFO - Writing model parameters to phydms/WSN_low_0_averaged_ExpCM_HA_Doud_prefs_modelparams.txt
2017-12-30 19:07:47,599 - INFO - Writing the optimized tree to phydms/WSN_low_0_averaged_ExpCM_HA_Doud_prefs_tree.newick

2017-12-30 19:07:47,606 - INFO - Successful completion of phydms
